PBMC
Input Notebook:  0.preprocess_profiles.ipynb
Output Notebook: 0.preprocess_profiles.ipynb
Passed unknown parameter: cell_type

Executing:   0%|          | 0/22 [00:00<?, ?cell/s]Executing notebook with kernel: python3

Executing:   5%|â–         | 1/22 [00:10<03:41, 10.55s/cell]
Executing:   9%|â–‰         | 2/22 [00:17<02:45,  8.26s/cell]
Executing:  14%|â–ˆâ–Ž        | 3/22 [01:31<12:10, 38.47s/cell]
Executing:  18%|â–ˆâ–Š        | 4/22 [02:02<10:38, 35.45s/cell]
Executing:  23%|â–ˆâ–ˆâ–Ž       | 5/22 [02:03<06:29, 22.92s/cell]
Executing:  36%|â–ˆâ–ˆâ–ˆâ–‹      | 8/22 [02:03<02:06,  9.05s/cell]
Executing:  41%|â–ˆâ–ˆâ–ˆâ–ˆ      | 9/22 [02:23<02:30, 11.57s/cell]
Executing:  45%|â–ˆâ–ˆâ–ˆâ–ˆâ–Œ     | 10/22 [03:16<04:19, 21.60s/cell]
Executing:  50%|â–ˆâ–ˆâ–ˆâ–ˆâ–ˆ     | 11/22 [03:16<02:57, 16.13s/cell]
Executing:  55%|â–ˆâ–ˆâ–ˆâ–ˆâ–ˆâ–    | 12/22 [03:17<01:58, 11.83s/cell]
Executing:  59%|â–ˆâ–ˆâ–ˆâ–ˆâ–ˆâ–‰    | 13/22 [03:22<01:29,  9.96s/cell]
Executing:  68%|â–ˆâ–ˆâ–ˆâ–ˆâ–ˆâ–ˆâ–Š   | 15/22 [03:26<00:45,  6.47s/cell]
Executing:  77%|â–ˆâ–ˆâ–ˆâ–ˆâ–ˆâ–ˆâ–ˆâ–‹  | 17/22 [03:36<00:29,  5.95s/cell]
Executing:  82%|â–ˆâ–ˆâ–ˆâ–ˆâ–ˆâ–ˆâ–ˆâ–ˆâ– | 18/22 [03:41<00:23,  5.77s/cell]
Executing:  86%|â–ˆâ–ˆâ–ˆâ–ˆâ–ˆâ–ˆâ–ˆâ–ˆâ–‹ | 19/22 [03:42<00:13,  4.61s/cell]
Executing:  91%|â–ˆâ–ˆâ–ˆâ–ˆâ–ˆâ–ˆâ–ˆâ–ˆâ–ˆ | 20/22 [03:45<00:08,  4.19s/cell]
Executing:  95%|â–ˆâ–ˆâ–ˆâ–ˆâ–ˆâ–ˆâ–ˆâ–ˆâ–ˆâ–Œ| 21/22 [03:45<00:03,  3.12s/cell]
Executing: 100%|â–ˆâ–ˆâ–ˆâ–ˆâ–ˆâ–ˆâ–ˆâ–ˆâ–ˆâ–ˆ| 22/22 [08:41<00:00, 83.55s/cell]
Executing: 100%|â–ˆâ–ˆâ–ˆâ–ˆâ–ˆâ–ˆâ–ˆâ–ˆâ–ˆâ–ˆ| 22/22 [08:44<00:00, 23.85s/cell]
PBMC True True
Input Notebook:  1.data_aggregation.ipynb
Output Notebook: 1.data_aggregation.ipynb
Passed unknown parameter: cell_type
Passed unknown parameter: aggregation
Passed unknown parameter: nomic

Executing:   0%|          | 0/9 [00:00<?, ?cell/s]Executing notebook with kernel: python3

Executing:  11%|â–ˆ         | 1/9 [00:01<00:13,  1.68s/cell]
Executing:  22%|â–ˆâ–ˆâ–       | 2/9 [00:02<00:07,  1.01s/cell]
Executing:  56%|â–ˆâ–ˆâ–ˆâ–ˆâ–ˆâ–Œ    | 5/9 [01:41<01:36, 24.09s/cell]
Executing:  67%|â–ˆâ–ˆâ–ˆâ–ˆâ–ˆâ–ˆâ–‹   | 6/9 [02:23<01:25, 28.51s/cell]
Executing:  89%|â–ˆâ–ˆâ–ˆâ–ˆâ–ˆâ–ˆâ–ˆâ–ˆâ–‰ | 8/9 [05:06<00:50, 50.78s/cell]
Executing: 100%|â–ˆâ–ˆâ–ˆâ–ˆâ–ˆâ–ˆâ–ˆâ–ˆâ–ˆâ–ˆ| 9/9 [05:06<00:00, 39.11s/cell]
Executing: 100%|â–ˆâ–ˆâ–ˆâ–ˆâ–ˆâ–ˆâ–ˆâ–ˆâ–ˆâ–ˆ| 9/9 [05:07<00:00, 34.13s/cell]
PBMC True False
Input Notebook:  1.data_aggregation.ipynb
Output Notebook: 1.data_aggregation.ipynb
Passed unknown parameter: cell_type
Passed unknown parameter: aggregation
Passed unknown parameter: nomic

Executing:   0%|          | 0/9 [00:00<?, ?cell/s]Executing notebook with kernel: python3

Executing:  11%|â–ˆ         | 1/9 [00:01<00:13,  1.65s/cell]
Executing:  22%|â–ˆâ–ˆâ–       | 2/9 [00:02<00:06,  1.01cell/s]
Executing:  56%|â–ˆâ–ˆâ–ˆâ–ˆâ–ˆâ–Œ    | 5/9 [01:21<01:16, 19.15s/cell]
Executing:  67%|â–ˆâ–ˆâ–ˆâ–ˆâ–ˆâ–ˆâ–‹   | 6/9 [02:17<01:25, 28.58s/cell]
Executing:  89%|â–ˆâ–ˆâ–ˆâ–ˆâ–ˆâ–ˆâ–ˆâ–ˆâ–‰ | 8/9 [06:01<01:03, 63.64s/cell]
Executing: 100%|â–ˆâ–ˆâ–ˆâ–ˆâ–ˆâ–ˆâ–ˆâ–ˆâ–ˆâ–ˆ| 9/9 [06:01<00:00, 49.00s/cell]
Executing: 100%|â–ˆâ–ˆâ–ˆâ–ˆâ–ˆâ–ˆâ–ˆâ–ˆâ–ˆâ–ˆ| 9/9 [06:02<00:00, 40.23s/cell]
PBMC False True
Input Notebook:  1.data_aggregation.ipynb
Output Notebook: 1.data_aggregation.ipynb
Passed unknown parameter: cell_type
Passed unknown parameter: aggregation
Passed unknown parameter: nomic

Executing:   0%|          | 0/9 [00:00<?, ?cell/s]Executing notebook with kernel: python3

Executing:  11%|â–ˆ         | 1/9 [00:01<00:12,  1.62s/cell]
Executing:  22%|â–ˆâ–ˆâ–       | 2/9 [00:02<00:06,  1.01cell/s]
Executing:  56%|â–ˆâ–ˆâ–ˆâ–ˆâ–ˆâ–Œ    | 5/9 [01:20<01:16, 19.02s/cell]
Executing:  67%|â–ˆâ–ˆâ–ˆâ–ˆâ–ˆâ–ˆâ–‹   | 6/9 [01:59<01:12, 24.03s/cell]
Executing:  89%|â–ˆâ–ˆâ–ˆâ–ˆâ–ˆâ–ˆâ–ˆâ–ˆâ–‰ | 8/9 [06:46<01:14, 74.35s/cell]
Executing: 100%|â–ˆâ–ˆâ–ˆâ–ˆâ–ˆâ–ˆâ–ˆâ–ˆâ–ˆâ–ˆ| 9/9 [11:08<00:00, 117.71s/cell]
Executing: 100%|â–ˆâ–ˆâ–ˆâ–ˆâ–ˆâ–ˆâ–ˆâ–ˆâ–ˆâ–ˆ| 9/9 [11:09<00:00, 74.37s/cell]
PBMC False False
Input Notebook:  1.data_aggregation.ipynb
Output Notebook: 1.data_aggregation.ipynb
Passed unknown parameter: cell_type
Passed unknown parameter: aggregation
Passed unknown parameter: nomic

Executing:   0%|          | 0/9 [00:00<?, ?cell/s]Executing notebook with kernel: python3

Executing:  11%|â–ˆ         | 1/9 [00:01<00:14,  1.77s/cell]
Executing:  22%|â–ˆâ–ˆâ–       | 2/9 [00:02<00:07,  1.06s/cell]
Executing:  56%|â–ˆâ–ˆâ–ˆâ–ˆâ–ˆâ–Œ    | 5/9 [01:18<01:13, 18.50s/cell]
Executing:  67%|â–ˆâ–ˆâ–ˆâ–ˆâ–ˆâ–ˆâ–‹   | 6/9 [02:07<01:18, 26.25s/cell]
Executing: 100%|â–ˆâ–ˆâ–ˆâ–ˆâ–ˆâ–ˆâ–ˆâ–ˆâ–ˆâ–ˆ| 9/9 [02:08<00:00, 12.67s/cell]
Executing: 100%|â–ˆâ–ˆâ–ˆâ–ˆâ–ˆâ–ˆâ–ˆâ–ˆâ–ˆâ–ˆ| 9/9 [02:09<00:00, 14.34s/cell]
Traceback (most recent call last):
  File "/projects/mlippincott@xsede.org/software/anaconda/envs/Interstellar_python/bin/papermill", line 8, in <module>
    sys.exit(papermill())
  File "/projects/mlippincott@xsede.org/software/anaconda/envs/Interstellar_python/lib/python3.10/site-packages/click/core.py", line 1157, in __call__
    return self.main(*args, **kwargs)
  File "/projects/mlippincott@xsede.org/software/anaconda/envs/Interstellar_python/lib/python3.10/site-packages/click/core.py", line 1078, in main
    rv = self.invoke(ctx)
  File "/projects/mlippincott@xsede.org/software/anaconda/envs/Interstellar_python/lib/python3.10/site-packages/click/core.py", line 1434, in invoke
    return ctx.invoke(self.callback, **ctx.params)
  File "/projects/mlippincott@xsede.org/software/anaconda/envs/Interstellar_python/lib/python3.10/site-packages/click/core.py", line 783, in invoke
    return __callback(*args, **kwargs)
  File "/projects/mlippincott@xsede.org/software/anaconda/envs/Interstellar_python/lib/python3.10/site-packages/click/decorators.py", line 33, in new_func
    return f(get_current_context(), *args, **kwargs)
  File "/projects/mlippincott@xsede.org/software/anaconda/envs/Interstellar_python/lib/python3.10/site-packages/papermill/cli.py", line 254, in papermill
    execute_notebook(
  File "/projects/mlippincott@xsede.org/software/anaconda/envs/Interstellar_python/lib/python3.10/site-packages/papermill/execute.py", line 134, in execute_notebook
    raise_for_execution_errors(nb, output_path)
  File "/projects/mlippincott@xsede.org/software/anaconda/envs/Interstellar_python/lib/python3.10/site-packages/papermill/execute.py", line 241, in raise_for_execution_errors
    raise error
papermill.exceptions.PapermillExecutionError:
---------------------------------------------------------------------------
Exception encountered at "In [8]":
[0;31m---------------------------------------------------------------------------[0m
[0;31mNameError[0m                                 Traceback (most recent call last)
Cell [0;32mIn[8], line 2[0m
[1;32m      1[0m [38;5;66;03m# save the data[39;00m
[0;32m----> 2[0m data_df[38;5;241m.[39mto_parquet([43maggregated_data_path[49m)

[0;31mNameError[0m: name 'aggregated_data_path' is not defined

SHSY5Y
Input Notebook:  0.preprocess_profiles.ipynb
Output Notebook: 0.preprocess_profiles.ipynb
Passed unknown parameter: cell_type

Executing:   0%|          | 0/22 [00:00<?, ?cell/s]Executing notebook with kernel: python3

Executing:   5%|â–         | 1/22 [00:01<00:27,  1.31s/cell]
Executing:   9%|â–‰         | 2/22 [00:01<00:18,  1.06cell/s]
Executing:  14%|â–ˆâ–Ž        | 3/22 [00:12<01:43,  5.45s/cell]
Executing:  18%|â–ˆâ–Š        | 4/22 [00:15<01:20,  4.49s/cell]
Executing:  27%|â–ˆâ–ˆâ–‹       | 6/22 [00:15<00:34,  2.13s/cell]
Executing:  41%|â–ˆâ–ˆâ–ˆâ–ˆ      | 9/22 [00:17<00:16,  1.26s/cell]
Executing:  45%|â–ˆâ–ˆâ–ˆâ–ˆâ–Œ     | 10/22 [00:20<00:18,  1.56s/cell]
Executing:  59%|â–ˆâ–ˆâ–ˆâ–ˆâ–ˆâ–‰    | 13/22 [00:20<00:08,  1.08cell/s]
Executing:  68%|â–ˆâ–ˆâ–ˆâ–ˆâ–ˆâ–ˆâ–Š   | 15/22 [00:21<00:05,  1.39cell/s]
Executing:  77%|â–ˆâ–ˆâ–ˆâ–ˆâ–ˆâ–ˆâ–ˆâ–‹  | 17/22 [00:22<00:03,  1.51cell/s]
Executing:  82%|â–ˆâ–ˆâ–ˆâ–ˆâ–ˆâ–ˆâ–ˆâ–ˆâ– | 18/22 [00:22<00:02,  1.56cell/s]
Executing:  86%|â–ˆâ–ˆâ–ˆâ–ˆâ–ˆâ–ˆâ–ˆâ–ˆâ–‹ | 19/22 [00:22<00:01,  1.88cell/s]
Executing:  91%|â–ˆâ–ˆâ–ˆâ–ˆâ–ˆâ–ˆâ–ˆâ–ˆâ–ˆ | 20/22 [00:23<00:00,  2.03cell/s]
Executing: 100%|â–ˆâ–ˆâ–ˆâ–ˆâ–ˆâ–ˆâ–ˆâ–ˆâ–ˆâ–ˆ| 22/22 [00:59<00:00,  7.37s/cell]
Executing: 100%|â–ˆâ–ˆâ–ˆâ–ˆâ–ˆâ–ˆâ–ˆâ–ˆâ–ˆâ–ˆ| 22/22 [00:59<00:00,  2.72s/cell]
SHSY5Y True True
Input Notebook:  1.data_aggregation.ipynb
Output Notebook: 1.data_aggregation.ipynb
Passed unknown parameter: cell_type
Passed unknown parameter: aggregation
Passed unknown parameter: nomic

Executing:   0%|          | 0/9 [00:00<?, ?cell/s]Executing notebook with kernel: python3

Executing:  11%|â–ˆ         | 1/9 [00:01<00:11,  1.45s/cell]
Executing:  22%|â–ˆâ–ˆâ–       | 2/9 [00:01<00:06,  1.13cell/s]
Executing:  56%|â–ˆâ–ˆâ–ˆâ–ˆâ–ˆâ–Œ    | 5/9 [00:13<00:11,  2.96s/cell]
Executing:  67%|â–ˆâ–ˆâ–ˆâ–ˆâ–ˆâ–ˆâ–‹   | 6/9 [00:16<00:09,  3.04s/cell]
Executing:  89%|â–ˆâ–ˆâ–ˆâ–ˆâ–ˆâ–ˆâ–ˆâ–ˆâ–‰ | 8/9 [00:27<00:03,  3.99s/cell]
Executing: 100%|â–ˆâ–ˆâ–ˆâ–ˆâ–ˆâ–ˆâ–ˆâ–ˆâ–ˆâ–ˆ| 9/9 [00:27<00:00,  3.13s/cell]
Executing: 100%|â–ˆâ–ˆâ–ˆâ–ˆâ–ˆâ–ˆâ–ˆâ–ˆâ–ˆâ–ˆ| 9/9 [00:27<00:00,  3.08s/cell]
SHSY5Y True False
Input Notebook:  1.data_aggregation.ipynb
Output Notebook: 1.data_aggregation.ipynb
Passed unknown parameter: cell_type
Passed unknown parameter: aggregation
Passed unknown parameter: nomic

Executing:   0%|          | 0/9 [00:00<?, ?cell/s]Executing notebook with kernel: python3

Executing:  11%|â–ˆ         | 1/9 [00:01<00:09,  1.21s/cell]
Executing:  22%|â–ˆâ–ˆâ–       | 2/9 [00:01<00:05,  1.37cell/s]
Executing:  56%|â–ˆâ–ˆâ–ˆâ–ˆâ–ˆâ–Œ    | 5/9 [00:11<00:09,  2.45s/cell]
Executing:  67%|â–ˆâ–ˆâ–ˆâ–ˆâ–ˆâ–ˆâ–‹   | 6/9 [00:14<00:07,  2.65s/cell]
Executing:  89%|â–ˆâ–ˆâ–ˆâ–ˆâ–ˆâ–ˆâ–ˆâ–ˆâ–‰ | 8/9 [00:24<00:03,  3.71s/cell]
Executing: 100%|â–ˆâ–ˆâ–ˆâ–ˆâ–ˆâ–ˆâ–ˆâ–ˆâ–ˆâ–ˆ| 9/9 [00:24<00:00,  2.91s/cell]
Executing: 100%|â–ˆâ–ˆâ–ˆâ–ˆâ–ˆâ–ˆâ–ˆâ–ˆâ–ˆâ–ˆ| 9/9 [00:25<00:00,  2.79s/cell]
SHSY5Y False True
Input Notebook:  1.data_aggregation.ipynb
Output Notebook: 1.data_aggregation.ipynb
Passed unknown parameter: cell_type
Passed unknown parameter: aggregation
Passed unknown parameter: nomic

Executing:   0%|          | 0/9 [00:00<?, ?cell/s]Executing notebook with kernel: python3

Executing:  11%|â–ˆ         | 1/9 [00:01<00:09,  1.20s/cell]
Executing:  22%|â–ˆâ–ˆâ–       | 2/9 [00:01<00:05,  1.30cell/s]
Executing:  56%|â–ˆâ–ˆâ–ˆâ–ˆâ–ˆâ–Œ    | 5/9 [00:11<00:10,  2.52s/cell]
Executing:  67%|â–ˆâ–ˆâ–ˆâ–ˆâ–ˆâ–ˆâ–‹   | 6/9 [00:14<00:08,  2.71s/cell]
Executing:  89%|â–ˆâ–ˆâ–ˆâ–ˆâ–ˆâ–ˆâ–ˆâ–ˆâ–‰ | 8/9 [00:19<00:02,  2.61s/cell]
Executing: 100%|â–ˆâ–ˆâ–ˆâ–ˆâ–ˆâ–ˆâ–ˆâ–ˆâ–ˆâ–ˆ| 9/9 [00:59<00:00, 11.18s/cell]
Executing: 100%|â–ˆâ–ˆâ–ˆâ–ˆâ–ˆâ–ˆâ–ˆâ–ˆâ–ˆâ–ˆ| 9/9 [00:59<00:00,  6.62s/cell]
SHSY5Y False False
Input Notebook:  1.data_aggregation.ipynb
Output Notebook: 1.data_aggregation.ipynb
Passed unknown parameter: cell_type
Passed unknown parameter: aggregation
Passed unknown parameter: nomic

Executing:   0%|          | 0/9 [00:00<?, ?cell/s]Executing notebook with kernel: python3

Executing:  11%|â–ˆ         | 1/9 [00:01<00:11,  1.38s/cell]
Executing:  22%|â–ˆâ–ˆâ–       | 2/9 [00:01<00:06,  1.12cell/s]
Executing:  56%|â–ˆâ–ˆâ–ˆâ–ˆâ–ˆâ–Œ    | 5/9 [00:08<00:07,  1.80s/cell]
Executing:  67%|â–ˆâ–ˆâ–ˆâ–ˆâ–ˆâ–ˆâ–‹   | 6/9 [00:11<00:06,  2.16s/cell]
Executing: 100%|â–ˆâ–ˆâ–ˆâ–ˆâ–ˆâ–ˆâ–ˆâ–ˆâ–ˆâ–ˆ| 9/9 [00:11<00:00,  1.07s/cell]
Executing: 100%|â–ˆâ–ˆâ–ˆâ–ˆâ–ˆâ–ˆâ–ˆâ–ˆâ–ˆâ–ˆ| 9/9 [00:12<00:00,  1.35s/cell]
Traceback (most recent call last):
  File "/projects/mlippincott@xsede.org/software/anaconda/envs/Interstellar_python/bin/papermill", line 8, in <module>
    sys.exit(papermill())
  File "/projects/mlippincott@xsede.org/software/anaconda/envs/Interstellar_python/lib/python3.10/site-packages/click/core.py", line 1157, in __call__
    return self.main(*args, **kwargs)
  File "/projects/mlippincott@xsede.org/software/anaconda/envs/Interstellar_python/lib/python3.10/site-packages/click/core.py", line 1078, in main
    rv = self.invoke(ctx)
  File "/projects/mlippincott@xsede.org/software/anaconda/envs/Interstellar_python/lib/python3.10/site-packages/click/core.py", line 1434, in invoke
    return ctx.invoke(self.callback, **ctx.params)
  File "/projects/mlippincott@xsede.org/software/anaconda/envs/Interstellar_python/lib/python3.10/site-packages/click/core.py", line 783, in invoke
    return __callback(*args, **kwargs)
  File "/projects/mlippincott@xsede.org/software/anaconda/envs/Interstellar_python/lib/python3.10/site-packages/click/decorators.py", line 33, in new_func
    return f(get_current_context(), *args, **kwargs)
  File "/projects/mlippincott@xsede.org/software/anaconda/envs/Interstellar_python/lib/python3.10/site-packages/papermill/cli.py", line 254, in papermill
    execute_notebook(
  File "/projects/mlippincott@xsede.org/software/anaconda/envs/Interstellar_python/lib/python3.10/site-packages/papermill/execute.py", line 134, in execute_notebook
    raise_for_execution_errors(nb, output_path)
  File "/projects/mlippincott@xsede.org/software/anaconda/envs/Interstellar_python/lib/python3.10/site-packages/papermill/execute.py", line 241, in raise_for_execution_errors
    raise error
papermill.exceptions.PapermillExecutionError:
---------------------------------------------------------------------------
Exception encountered at "In [8]":
[0;31m---------------------------------------------------------------------------[0m
[0;31mNameError[0m                                 Traceback (most recent call last)
Cell [0;32mIn[8], line 2[0m
[1;32m      1[0m [38;5;66;03m# save the data[39;00m
[0;32m----> 2[0m data_df[38;5;241m.[39mto_parquet([43maggregated_data_path[49m)

[0;31mNameError[0m: name 'aggregated_data_path' is not defined

[NbConvertApp] WARNING | Config option `kernel_spec_manager_class` not recognized by `NbConvertApp`.
[NbConvertApp] Converting notebook 0.preprocess_profiles.ipynb to script
[NbConvertApp] Writing 6466 bytes to ../scripts/0.preprocess_profiles.py
[NbConvertApp] Converting notebook 1.data_aggregation.ipynb to script
[NbConvertApp] Writing 5025 bytes to ../scripts/1.data_aggregation.py
[NbConvertApp] Converting notebook create_processed.ipynb to script
[NbConvertApp] Writing 4974 bytes to ../scripts/create_processed.py
