[NbConvertApp] WARNING | Config option `kernel_spec_manager_class` not recognized by `NbConvertApp`.
[NbConvertApp] Converting notebook ../notebooks/1.train_regression_multi_output.ipynb to script
[NbConvertApp] Writing 5645 bytes to 1.train_regression_multi_output.py
[NbConvertApp] Converting notebook ../notebooks/2.train_regression_multi_output_channel_selection.ipynb to script
[NbConvertApp] Writing 5822 bytes to 2.train_regression_multi_output_channel_selection.py
cell_type: SHSY5Y cytokine: CXCL17 [NSU] shuffle: False data: Gasdermin_ER_Mito_PM.parquet
SHSY5Y False CXCL17 [NSU]
shuffle: False
Not shuffling data
[-0.16505583 -0.00570715 -0.16489634 -0.17528985 -0.06687865 -0.04653865
 -0.09628727 -0.14432334 -0.3229376  -0.21835146 -0.02516048 -0.27258549
 -0.24353235 -0.08557007 -0.19824139 -0.13109433 -0.00870939 -0.04633817
 -0.2466082  -0.01429486 -0.23265985 -0.36042375 -0.25002006 -0.12167429
 -0.34250271 -0.08414773 -0.15385409 -0.01716777 -0.03966988 -0.02533991
 -0.15770688 -0.04848646 -0.40354702 -0.03947529 -0.1591791  -0.07868306
 -0.01765999 -0.03933563 -0.1124665  -0.24098027 -0.16165227 -0.21917397
 -0.29963968 -0.39404432 -0.13939836 -0.11311383 -0.38046486 -0.25484683
 -0.11784448 -0.41949912 -0.11691095 -0.40050719 -0.07871951 -0.11645186
 -0.47366268 -0.16886516 -0.23224003 -0.06740012 -0.02213046 -0.0357372
 -0.01519709 -0.01085534 -0.12887609 -0.20695718 -0.0884474  -0.00292658
 -0.08914669 -0.20710973 -0.31670588 -0.15864157]
Mean MAE: -0.15772210778635679
Std MAE: 0.11972666584163671
R2: 0.0
