[NbConvertApp] WARNING | Config option `kernel_spec_manager_class` not recognized by `NbConvertApp`.
[NbConvertApp] Converting notebook ../notebooks/1.train_regression_multi_output.ipynb to script
[NbConvertApp] Writing 5645 bytes to 1.train_regression_multi_output.py
[NbConvertApp] Converting notebook ../notebooks/2.train_regression_multi_output_channel_selection.ipynb to script
[NbConvertApp] Writing 5822 bytes to 2.train_regression_multi_output_channel_selection.py
cell_type: SHSY5Y cytokine: IL-18 [NSU] shuffle: False data: Gasdermin_ER_Mito_PM.parquet
SHSY5Y False IL-18 [NSU]
shuffle: False
Not shuffling data
[-0.06725516 -0.353216   -0.18609202 -0.03537791 -0.0783371  -0.07324146
 -0.07973737 -0.19843851 -0.00570996 -0.23249748 -0.15050208 -0.10905941
 -0.2068112  -0.14776332 -0.21870164 -0.06317911 -0.04890372 -0.03581201
 -0.12651211 -0.09155498 -0.01490262 -0.25027386 -0.02238552 -0.19442714
 -0.2472011  -0.38671488 -0.13373213 -0.04821476 -0.20680532 -0.50906169
 -0.43342234 -0.15225775 -0.05297817 -0.35561619 -0.22405961 -0.05369609
 -0.40638159 -0.00447224 -0.48725227 -0.23023127 -0.04337239 -0.16332042
 -0.26069104 -0.21233462 -0.02459517 -0.30294173 -0.41697    -0.05255159
 -0.16338454 -0.14344158 -0.14403555 -0.08158752 -0.1837792  -0.16240577
 -0.15499101 -0.10721581 -0.0850763  -0.23135926 -0.08990476 -0.18501369
 -0.08184489 -0.13776693 -0.24538978 -0.1010227  -0.05772853 -0.30300112
 -0.0213434  -0.03295365 -0.01825285 -0.35433494]
Mean MAE: -0.1640771404596343
Std MAE: 0.1228615313593762
R2: 0.060415867354369435
