[NbConvertApp] WARNING | Config option `kernel_spec_manager_class` not recognized by `NbConvertApp`.
[NbConvertApp] Converting notebook ../notebooks/1.train_regression_multi_output.ipynb to script
[NbConvertApp] Writing 5645 bytes to 1.train_regression_multi_output.py
[NbConvertApp] Converting notebook ../notebooks/2.train_regression_multi_output_channel_selection.ipynb to script
[NbConvertApp] Writing 5822 bytes to 2.train_regression_multi_output_channel_selection.py
cell_type: PBMC cytokine: TWEAK [NSU] shuffle: True data: Gasdermin_ER_Mito_PM.parquet
PBMC True TWEAK [NSU]
shuffle: True
Shuffling data
[-0.13978204 -0.12410863 -0.18327835 -0.36234542 -0.08343118 -0.09620712
 -0.0031774  -0.29489561 -0.25696383 -0.12854759 -0.00972553 -0.16720763
 -0.23343341 -0.21369181 -0.20465476 -0.1701239  -0.1939095  -0.26018047
 -0.07426516 -0.04098659 -0.11651025 -0.04482937 -0.03864605 -0.02276025
 -0.02223846 -0.11269338 -0.10009729 -0.04981278 -0.06452708 -0.1279627
 -0.0657329  -0.07043283 -0.13479593 -0.14201878 -0.17722018 -0.14900165
 -0.12180497 -0.06976184 -0.07673864 -0.04088869 -0.3519475  -0.03001628
 -0.05273183 -0.27693474 -0.30155436 -0.09538427 -0.03605913 -0.21184638
 -0.38834294 -0.00587226 -0.15965665 -0.0491765  -0.23610748 -0.2627012
 -0.08449189 -0.15712109 -0.05813065 -0.28030747 -0.27665401 -0.16051901
 -0.04040399 -0.09802493 -0.17104165 -0.19856135 -0.5439683  -0.070264
 -0.23885838 -0.13688742]
Mean MAE: -0.1465140521423808
Std MAE: 0.10546157371242124
R2: 0.9999868951202412
