[NbConvertApp] WARNING | Config option `kernel_spec_manager_class` not recognized by `NbConvertApp`.
[NbConvertApp] Converting notebook ../notebooks/1.train_regression_multi_output.ipynb to script
[NbConvertApp] Writing 5645 bytes to 1.train_regression_multi_output.py
[NbConvertApp] Converting notebook ../notebooks/2.train_regression_multi_output_channel_selection.ipynb to script
[NbConvertApp] Writing 5822 bytes to 2.train_regression_multi_output_channel_selection.py
cell_type: PBMC cytokine: EMMPRIN [NSU] shuffle: False data: Gasdermin_ER_Mito_PM.parquet
PBMC False EMMPRIN [NSU]
shuffle: False
Not shuffling data
[-1.44078617e-01 -1.24473920e-01 -9.83664003e-02 -2.79342899e-01
 -9.60604275e-02 -1.20482224e-01 -6.77846761e-02 -6.69523690e-02
 -1.59899406e-01 -1.33826128e-01 -2.91583832e-02 -4.97448642e-03
 -1.05793343e-01 -7.11159042e-02 -4.90704066e-04 -2.17906623e-02
 -9.05130251e-02 -6.20977720e-02 -1.31132233e-01 -1.53363633e-01
 -1.74545896e-01 -9.41201462e-03 -3.02975388e-02 -1.05910756e-01
 -7.10594828e-02 -1.40931129e-01 -7.27924102e-02 -1.90627509e-01
 -1.67364794e-01 -9.85860698e-02 -2.49088565e-02 -1.22827047e-01
 -1.46942356e-01 -1.87527133e-01 -1.13928578e-01 -1.07544132e-01
 -1.15244295e-01 -1.79827733e-01 -8.92772718e-02 -1.92213991e-01
 -3.28854393e-02 -6.55091719e-02 -1.89786948e-01 -1.09518689e-01
 -2.21452803e-01 -5.43966357e-02 -1.04709821e-01 -8.14939842e-02
 -1.21919769e-01 -7.32593497e-02 -3.04569096e-02 -3.30437170e-02
 -5.70718959e-02 -2.07759536e-02 -1.69125028e-01 -1.02486911e-01
 -1.69040717e-02 -1.60178750e-01 -3.26564585e-04 -7.11560420e-02
 -2.46565069e-04 -4.35980429e-02 -4.85249470e-02 -7.50097126e-02
 -5.82598965e-02 -3.37400607e-02 -3.74304566e-02 -7.40404271e-02]
Mean MAE: -0.09398198188490181
Std MAE: 0.0600078271932632
R2: 0.10010379477913567
