[NbConvertApp] WARNING | Config option `kernel_spec_manager_class` not recognized by `NbConvertApp`.
[NbConvertApp] Converting notebook ../notebooks/1.train_regression_multi_output.ipynb to script
[NbConvertApp] Writing 5645 bytes to 1.train_regression_multi_output.py
[NbConvertApp] Converting notebook ../notebooks/2.train_regression_multi_output_channel_selection.ipynb to script
[NbConvertApp] Writing 5822 bytes to 2.train_regression_multi_output_channel_selection.py
cell_type: PBMC cytokine: IL-21 [NSU] shuffle: True data: Gasdermin_ER_Mito_PM.parquet
PBMC True IL-21 [NSU]
shuffle: True
Shuffling data
[-4.17401718e-01 -2.30635606e-01 -1.44769627e-02 -1.06582281e-01
 -1.24811282e-01 -2.30676069e-01 -1.26134810e-01 -1.59763927e-01
 -3.75823313e-02 -2.12543833e-02 -1.62936342e-01 -3.45399765e-02
 -1.88686996e-01 -2.80591738e-01 -1.17573615e-01 -1.05263762e-01
 -7.63758740e-02 -7.82137887e-02 -1.49421358e-01 -5.33303085e-02
 -2.84686060e-02 -4.80514181e-02 -1.01558028e-01 -9.42103645e-02
 -1.15858561e-01 -2.65533992e-01 -2.76157451e-01 -2.15029079e-01
 -1.16634513e-01 -2.61843600e-01 -2.76867287e-02 -8.68109578e-02
 -5.66622532e-02 -2.23787318e-01 -9.34169138e-02 -4.39493230e-01
 -3.28716616e-02 -1.76400707e-02 -1.66952572e-01 -5.48555392e-02
 -9.13359659e-02 -2.29763742e-01 -3.69702854e-02 -6.71210701e-02
 -1.02209789e-01 -4.70245453e-02 -2.59275783e-01 -6.44673241e-02
 -2.65540763e-01 -1.06962802e-01 -2.23310447e-01 -1.91393607e-02
 -7.91266828e-02 -8.15367206e-03 -1.65254747e-01 -2.97005237e-04
 -1.44808207e-01 -1.28067868e-02 -3.14728586e-02 -7.99744047e-02
 -1.78014056e-03 -8.47627019e-02 -1.18153328e-01 -4.13829372e-03
 -1.52317048e-01 -4.84182866e-01 -2.24241317e-01 -5.72183627e-02]
Mean MAE: -0.12649391596283996
Std MAE: 0.10512787322595595
R2: 0.0
