[NbConvertApp] WARNING | Config option `kernel_spec_manager_class` not recognized by `NbConvertApp`.
[NbConvertApp] Converting notebook ../notebooks/1.train_regression_multi_output.ipynb to script
[NbConvertApp] Writing 5645 bytes to 1.train_regression_multi_output.py
[NbConvertApp] Converting notebook ../notebooks/2.train_regression_multi_output_channel_selection.ipynb to script
[NbConvertApp] Writing 5822 bytes to 2.train_regression_multi_output_channel_selection.py
cell_type: PBMC cytokine: BMP2 [NSU] shuffle: False data: Gasdermin_ER_Mito_PM.parquet
PBMC False BMP2 [NSU]
shuffle: False
Not shuffling data
[-0.08173669 -0.18238374 -0.12536595 -0.03488173 -0.00531155 -0.11856677
 -0.18179761 -0.1508703  -0.46459356 -0.13057975 -0.37323728 -0.23437951
 -0.17614245 -0.25011057 -0.0265696  -0.13917603 -0.01983672 -0.20029464
 -0.05880183 -0.04659531 -0.19333296 -0.09199005 -0.05102055 -0.22568541
 -0.07701113 -0.06093185 -0.11555071 -0.04684728 -0.1560101  -0.05452319
 -0.24401362 -0.14165164 -0.27774563 -0.07172264 -0.15003393 -0.02280996
 -0.18585166 -0.15806444 -0.21899785 -0.12826312 -0.03465047 -0.01452126
 -0.0465693  -0.1224302  -0.10218719 -0.05694442 -0.15992066 -0.14537806
 -0.41665636 -0.20426785 -0.11854156 -0.15633665 -0.50550887 -0.21212321
 -0.03986474 -0.09409651 -0.09585642 -0.18055117 -0.35774085 -0.13259908
 -0.04382391 -0.05358005 -0.3124029  -0.29129605 -0.24744613 -0.16400203
 -0.19664119 -0.03154446]
Mean MAE: -0.15015839470381667
Std MAE: 0.10760501173437244
R2: 0.0
