[NbConvertApp] WARNING | Config option `kernel_spec_manager_class` not recognized by `NbConvertApp`.
[NbConvertApp] Converting notebook ../notebooks/1.train_regression_multi_output.ipynb to script
[NbConvertApp] Writing 5645 bytes to 1.train_regression_multi_output.py
[NbConvertApp] Converting notebook ../notebooks/2.train_regression_multi_output_channel_selection.ipynb to script
[NbConvertApp] Writing 5822 bytes to 2.train_regression_multi_output_channel_selection.py
cell_type: SHSY5Y cytokine: IL-1 RA_RN [NSU] shuffle: True data: Gasdermin_ER_Mito_PM.parquet
SHSY5Y True IL-1 RA_RN [NSU]
shuffle: True
Shuffling data
[-0.16046507 -0.06878425 -0.06417224 -0.19580794 -0.19784361 -0.13896329
 -0.42429699 -0.2140667  -0.35142645 -0.06262345 -0.01887454 -0.07079275
 -0.44656903 -0.28011331 -0.32392377 -0.01571363 -0.1596711  -0.33319278
 -0.0755038  -0.04343868 -0.33775721 -0.03856369 -0.36260508 -0.199981
 -0.02050958 -0.26576236 -0.21922736 -0.10759702 -0.0158228  -0.11019337
 -0.14817757 -0.04439289 -0.40708726 -0.20876506 -0.08581147 -0.02961061
 -0.15092082 -0.09840525 -0.08226649 -0.25742849 -0.3279624  -0.11349052
 -0.46216112 -0.13988507 -0.11491418 -0.36496151 -0.19410344 -0.13948825
 -0.40938159 -0.14027133 -0.21800114 -0.24995368 -0.15726352 -0.0477539
 -0.05395713 -0.31571725 -0.08404356 -0.14473653 -0.3302991  -0.09408834
 -0.18521502 -0.374392   -0.00137269 -0.07237288 -0.57246306 -0.38926905
 -0.05489584 -0.17386085 -0.08501885 -0.03148753]
Mean MAE: -0.1839987159933563
Std MAE: 0.13388631220625233
R2: 0.9309146023743928
