[NbConvertApp] WARNING | Config option `kernel_spec_manager_class` not recognized by `NbConvertApp`.
[NbConvertApp] Converting notebook ../notebooks/1.train_regression_multi_output.ipynb to script
[NbConvertApp] Writing 5645 bytes to 1.train_regression_multi_output.py
[NbConvertApp] Converting notebook ../notebooks/2.train_regression_multi_output_channel_selection.ipynb to script
[NbConvertApp] Writing 5822 bytes to 2.train_regression_multi_output_channel_selection.py
cell_type: SHSY5Y cytokine: Mesothelin [NSU] shuffle: True data: Gasdermin_ER_Mito_PM.parquet
SHSY5Y True Mesothelin [NSU]
shuffle: True
Shuffling data
[-0.31537322 -0.035435   -0.02334093 -0.07787271 -0.20958551 -0.01604173
 -0.09972308 -0.21079029 -0.17231195 -0.11512185 -0.24962715 -0.18713972
 -0.27949764 -0.42426666 -0.1027024  -0.20308237 -0.08776726 -0.12473809
 -0.13923195 -0.14234413 -0.03839009 -0.03454873 -0.01156168 -0.07043255
 -0.08378402 -0.19365331 -0.2858324  -0.00364862 -0.24174553 -0.04145003
 -0.09237826 -0.10462715 -0.33345229 -0.02068315 -0.11424604 -0.06731591
 -0.41552154 -0.03215663 -0.25248946 -0.14656999 -0.01099649 -0.11010711
 -0.2474881  -0.23500422 -0.00305255 -0.07357951 -0.11904822 -0.1336717
 -0.00713959 -0.06034132 -0.20628116 -0.13724163 -0.11440257 -0.25472593
 -0.0021802  -0.11102714 -0.09071172 -0.10352525 -0.13354382 -0.21394653
 -0.00520073 -0.19603579 -0.0276841  -0.3567666  -0.43341868 -0.01348712
 -0.0330247  -0.26302707 -0.0600009  -0.05002257]
Mean MAE: -0.1372451999963154
Std MAE: 0.10936518825759772
R2: 0.35054667152727625
