[NbConvertApp] WARNING | Config option `kernel_spec_manager_class` not recognized by `NbConvertApp`.
[NbConvertApp] Converting notebook ../notebooks/1.train_regression_multi_output.ipynb to script
[NbConvertApp] Writing 5645 bytes to 1.train_regression_multi_output.py
[NbConvertApp] Converting notebook ../notebooks/2.train_regression_multi_output_channel_selection.ipynb to script
[NbConvertApp] Writing 5822 bytes to 2.train_regression_multi_output_channel_selection.py
cell_type: PBMC cytokine: BMP4 [NSU] shuffle: False data: Gasdermin_ER_Mito_PM.parquet
PBMC False BMP4 [NSU]
shuffle: False
Not shuffling data
[-0.05705655 -0.0165263  -0.03756664 -0.18844338 -0.12461095 -0.16383851
 -0.23529483 -0.0421302  -0.40812967 -0.03482715 -0.40456481 -0.22450813
 -0.4381928  -0.13896676 -0.07794204 -0.038974   -0.08911871 -0.02257251
 -0.09216761 -0.26102166 -0.33581053 -0.04684957 -0.05253807 -0.15419523
 -0.14979394 -0.04231862 -0.11595347 -0.15134229 -0.22883847 -0.12707551
 -0.104427   -0.16575471 -0.17791321 -0.46589415 -0.217822   -0.13663673
 -0.25777308 -0.30081742 -0.25022102 -0.07667069 -0.06951293 -0.0544653
 -0.06866929 -0.21796975 -0.25314809 -0.00875131 -0.0557495  -0.21995284
 -0.08644929 -0.21641567 -0.17550273 -0.1755401  -0.22617539 -0.06859452
 -0.23242393 -0.22958435 -0.15604398 -0.07235319 -0.06142782 -0.01350442
 -0.17439555 -0.16344594 -0.24413323 -0.21866314 -0.01831435 -0.00096883
 -0.14189847 -0.28641797]
Mean MAE: -0.15537604131699642
Std MAE: 0.10766134649453549
R2: 0.06897334775537833
