[NbConvertApp] WARNING | Config option `kernel_spec_manager_class` not recognized by `NbConvertApp`.
[NbConvertApp] Converting notebook ../notebooks/1.train_regression_multi_output.ipynb to script
[NbConvertApp] Writing 5645 bytes to 1.train_regression_multi_output.py
[NbConvertApp] Converting notebook ../notebooks/2.train_regression_multi_output_channel_selection.ipynb to script
[NbConvertApp] Writing 5822 bytes to 2.train_regression_multi_output_channel_selection.py
cell_type: SHSY5Y cytokine: CNTF [NSU] shuffle: True data: Gasdermin_ER_Mito_PM.parquet
SHSY5Y True CNTF [NSU]
shuffle: True
Shuffling data
[-0.2034376  -0.02490613 -0.18985983 -0.14321    -0.03017267 -0.1792328
 -0.49741933 -0.03954368 -0.18925095 -0.09220734 -0.40640762 -0.32988082
 -0.29614212 -0.18150146 -0.17548384 -0.32959666 -0.15571566 -0.043966
 -0.36214228 -0.2489205  -0.2281251  -0.01914792 -0.10395842 -0.34269333
 -0.15160545 -0.16650108 -0.21791125 -0.01229504 -0.14075006 -0.0952849
 -0.05428508 -0.01598408 -0.09036921 -0.10736551 -0.27924289 -0.1960585
 -0.05483459 -0.21433915 -0.25256101 -0.02827873 -0.00568004 -0.15386343
 -0.1064448  -0.07691277 -0.23034221 -0.05343956 -0.02425334 -0.04413476
 -0.27971656 -0.30311836 -0.30478185 -0.09143978 -0.00269952 -0.26588033
 -0.0460098  -0.00910919 -0.30971395 -0.07163235 -0.17777807 -0.02662039
 -0.05452047 -0.07331445 -0.32957097 -0.08603084 -0.27748893 -0.3578756
 -0.06831588 -0.22021264 -0.03053702 -0.09235718]
Mean MAE: -0.15806262359756054
Std MAE: 0.1170610659863831
R2: 0.0
