[NbConvertApp] WARNING | Config option `kernel_spec_manager_class` not recognized by `NbConvertApp`.
[NbConvertApp] Converting notebook ../notebooks/1.train_regression_multi_output.ipynb to script
[NbConvertApp] Writing 5645 bytes to 1.train_regression_multi_output.py
[NbConvertApp] Converting notebook ../notebooks/2.train_regression_multi_output_channel_selection.ipynb to script
[NbConvertApp] Writing 5822 bytes to 2.train_regression_multi_output_channel_selection.py
cell_type: SHSY5Y cytokine: LIF [NSU] shuffle: True data: Gasdermin_ER_Mito_PM.parquet
SHSY5Y True LIF [NSU]
shuffle: True
Shuffling data
[-0.09139576 -0.05987788 -0.14254832 -0.22848487 -0.28680186 -0.1019022
 -0.48341367 -0.2824446  -0.01496536 -0.06536068 -0.17427356 -0.27803441
 -0.25771375 -0.35865098 -0.14044339 -0.12381425 -0.08256043 -0.32947802
 -0.30308715 -0.07633359 -0.02322878 -0.0359181  -0.23117963 -0.25232433
 -0.13335218 -0.25194249 -0.07456596 -0.26598687 -0.09699842 -0.1054077
 -0.40087546 -0.01301955 -0.47818351 -0.37588049 -0.11087626 -0.03788374
 -0.4169978  -0.09025706 -0.13687022 -0.07904487 -0.00779863 -0.21144292
 -0.22388444 -0.18447433 -0.36160449 -0.25110288 -0.3046666  -0.48164101
 -0.17145509 -0.22020683 -0.21148467 -0.04591739 -0.3208685  -0.12745798
 -0.19813031 -0.07992481 -0.3423957  -0.36554251 -0.3838864  -0.34072348
 -0.10081467 -0.1979363  -0.07610612 -0.1918801  -0.14628641 -0.12228412
 -0.40028324 -0.0086475  -0.01300605 -0.2162564 ]
Mean MAE: -0.1971498292740662
Std MAE: 0.12876809336830392
R2: 0.0
