[NbConvertApp] WARNING | Config option `kernel_spec_manager_class` not recognized by `NbConvertApp`.
[NbConvertApp] Converting notebook ../notebooks/1.train_regression_multi_output.ipynb to script
[NbConvertApp] Writing 5645 bytes to 1.train_regression_multi_output.py
[NbConvertApp] Converting notebook ../notebooks/2.train_regression_multi_output_channel_selection.ipynb to script
[NbConvertApp] Writing 5822 bytes to 2.train_regression_multi_output_channel_selection.py
cell_type: PBMC cytokine: Cytochrome C [NSU] shuffle: False data: Gasdermin_ER_Mito_PM.parquet
PBMC False Cytochrome C [NSU]
shuffle: False
Not shuffling data
[-0.06525163 -0.10616693 -0.1541517  -0.10161306 -0.48783507 -0.08788146
 -0.02548031 -0.04692006 -0.21844544 -0.01940711 -0.12176951 -0.25228154
 -0.02339696 -0.51358785 -0.38547958 -0.18673357 -0.24876608 -0.17227797
 -0.27391293 -0.17364064 -0.21833867 -0.09368312 -0.13933502 -0.07383803
 -0.18985817 -0.01175121 -0.01607558 -0.08899771 -0.01956655 -0.26577916
 -0.02213402 -0.09082919 -0.25479019 -0.18576271 -0.23802705 -0.00813674
 -0.36247403 -0.25545903 -0.05050866 -0.23841815 -0.0848558  -0.07775817
 -0.04783548 -0.00359416 -0.04537853 -0.0785551  -0.07151382 -0.34355841
 -0.09120844 -0.31198779 -0.11327425 -0.29692325 -0.12623583 -0.28313776
 -0.0786813  -0.05872158 -0.15291077 -0.37770249 -0.11671203 -0.37845522
 -0.267646   -0.09909204 -0.07446978 -0.1913772  -0.04052664 -0.11402177
 -0.34995243 -0.15263403]
Mean MAE: -0.16055121236424724
Std MAE: 0.12128740577947092
R2: 0.0
