[NbConvertApp] WARNING | Config option `kernel_spec_manager_class` not recognized by `NbConvertApp`.
[NbConvertApp] Converting notebook ../notebooks/1.train_regression_multi_output.ipynb to script
[NbConvertApp] Writing 5645 bytes to 1.train_regression_multi_output.py
[NbConvertApp] Converting notebook ../notebooks/2.train_regression_multi_output_channel_selection.ipynb to script
[NbConvertApp] Writing 5822 bytes to 2.train_regression_multi_output_channel_selection.py
cell_type: PBMC cytokine: LOX1 (OLR1) [NSU] shuffle: True data: Gasdermin_ER_Mito_PM.parquet
PBMC True LOX1 (OLR1) [NSU]
shuffle: True
Shuffling data
[-0.07361308 -0.05701076 -0.04736876 -0.41762772 -0.43250708 -0.15755417
 -0.09712843 -0.16021937 -0.15176822 -0.33947394 -0.21222196 -0.15165061
 -0.18386207 -0.2204812  -0.00372375 -0.25241773 -0.04652814 -0.23590293
 -0.06994087 -0.01717178 -0.04330745 -0.09617825 -0.2521927  -0.04029947
 -0.30142673 -0.11239599 -0.1315877  -0.08264265 -0.30989938 -0.22929343
 -0.04542843 -0.18539372 -0.22476731 -0.24052852 -0.01776509 -0.36409257
 -0.05996871 -0.22207494 -0.05551095 -0.12460661 -0.27453397 -0.21846069
 -0.16750302 -0.0977606  -0.08708312 -0.03384963 -0.00744415 -0.09983711
 -0.27447325 -0.24343422 -0.05165193 -0.12434743 -0.18936371 -0.10009651
 -0.07859861 -0.47725782 -0.00771778 -0.03477606 -0.21461322 -0.21400884
 -0.14435219 -0.01450413 -0.48892761 -0.00193556 -0.02409042 -0.2458826
 -0.03511328 -0.18274748]
Mean MAE: -0.1559102665640701
Std MAE: 0.11866631760669039
R2: 0.9255594403242081
