[NbConvertApp] WARNING | Config option `kernel_spec_manager_class` not recognized by `NbConvertApp`.
[NbConvertApp] Converting notebook ../notebooks/1.train_regression_multi_output.ipynb to script
[NbConvertApp] Writing 5645 bytes to 1.train_regression_multi_output.py
[NbConvertApp] Converting notebook ../notebooks/2.train_regression_multi_output_channel_selection.ipynb to script
[NbConvertApp] Writing 5822 bytes to 2.train_regression_multi_output_channel_selection.py
cell_type: PBMC cytokine: Mesothelin [NSU] shuffle: False data: Gasdermin_ER_Mito_PM.parquet
PBMC False Mesothelin [NSU]
shuffle: False
Not shuffling data
[-4.41010353e-02 -2.56264666e-01 -6.75639673e-02 -2.57518500e-02
 -5.30106561e-02 -3.80193268e-02 -7.05349972e-02 -1.01599908e-01
 -1.71086512e-01 -1.38794507e-01 -2.02295833e-01 -1.75123538e-01
 -3.02586669e-01 -2.85583466e-01 -2.89405115e-01 -1.92747289e-01
 -1.79557454e-01 -9.90087662e-02 -9.30507698e-02 -6.70609705e-05
 -1.37291554e-01 -4.31201207e-02 -2.46956385e-02 -1.51893379e-01
 -1.78574943e-01 -2.18553161e-01 -6.35941560e-02 -9.82981394e-02
 -2.67547060e-01 -1.49771014e-01 -9.85272786e-02 -5.97961476e-02
 -5.08443911e-02 -2.88480197e-02 -9.15660992e-02 -1.20430421e-01
 -1.84006797e-01 -1.54448924e-01 -7.69935121e-02 -1.50612267e-01
 -1.20740193e-01 -1.04530085e-01 -1.73875033e-01 -3.43513854e-01
 -3.15540403e-01 -4.64081113e-02 -1.03111494e-01 -1.27595776e-01
 -2.19295672e-01 -2.83615780e-01 -2.47592158e-02 -1.27116428e-01
 -2.65836087e-01 -1.32952967e-01 -3.11768555e-03 -1.22189001e-01
 -1.15255582e-01 -2.26786699e-01 -3.30960280e-01 -6.51454702e-02
 -6.44664014e-02 -1.01313129e-01 -4.95637571e-01 -1.41526200e-01
 -5.06771709e-01 -6.94010337e-02 -1.04179179e-01 -1.26323144e-01]
Mean MAE: -0.1470225087204784
Std MAE: 0.10453450903824946
R2: 0.3757084831153261
