[NbConvertApp] WARNING | Config option `kernel_spec_manager_class` not recognized by `NbConvertApp`.
[NbConvertApp] Converting notebook ../notebooks/1.train_regression_multi_output.ipynb to script
[NbConvertApp] Writing 5645 bytes to 1.train_regression_multi_output.py
[NbConvertApp] Converting notebook ../notebooks/2.train_regression_multi_output_channel_selection.ipynb to script
[NbConvertApp] Writing 5822 bytes to 2.train_regression_multi_output_channel_selection.py
cell_type: SHSY5Y cytokine: IL-12 p40 [NSU] shuffle: True data: Gasdermin_ER_Mito_PM.parquet
SHSY5Y True IL-12 p40 [NSU]
shuffle: True
Shuffling data
[-2.72901101e-03 -4.46234666e-01 -1.29879938e-02 -4.15914889e-01
 -1.13376778e-01 -3.44704540e-01 -1.20755169e-01 -4.47636483e-02
 -9.83781746e-02 -1.00879177e-01 -6.32953044e-02 -1.97585379e-01
 -9.91860583e-02 -3.37008258e-01 -4.71349351e-02 -1.57321454e-01
 -4.30701829e-02 -7.40821643e-02 -3.28146350e-01 -5.84689908e-02
 -3.94212625e-02 -2.16257067e-01 -5.68258087e-01 -1.60673530e-01
 -1.44465877e-01 -8.09710306e-02 -2.07254425e-01 -1.39567844e-01
 -5.44432181e-02 -1.49488594e-01 -9.15775073e-02 -6.03871189e-02
 -2.01871220e-01 -1.72661476e-01 -1.78206766e-01 -1.36803453e-01
 -4.33707750e-01 -2.67619665e-01 -7.11278942e-02 -2.25559256e-01
 -4.38105834e-02 -1.25183971e-01 -4.37820862e-01 -1.04024784e-01
 -6.33318353e-02 -2.94215381e-02 -1.86334300e-01 -6.11724457e-03
 -1.21752574e-01 -3.04557410e-01 -1.56444853e-01 -8.08297257e-04
 -3.28247487e-02 -6.12730278e-02 -3.23943876e-01 -4.30623343e-04
 -6.91945820e-01 -1.67156452e-01 -1.57775414e-01 -4.92469501e-01
 -1.22380612e-01 -2.62477257e-01 -8.42355519e-02 -3.04391496e-02
 -8.61131525e-03 -3.44193283e-01 -2.32112729e-01 -2.63604215e-01
 -6.58754099e-02 -1.08849623e-01]
Mean MAE: -0.16766504322328477
Std MAE: 0.14496878964371748
R2: 0.990836086228061
