[NbConvertApp] WARNING | Config option `kernel_spec_manager_class` not recognized by `NbConvertApp`.
[NbConvertApp] Converting notebook ../notebooks/1.train_regression_multi_output.ipynb to script
[NbConvertApp] Writing 5645 bytes to 1.train_regression_multi_output.py
[NbConvertApp] Converting notebook ../notebooks/2.train_regression_multi_output_channel_selection.ipynb to script
[NbConvertApp] Writing 5822 bytes to 2.train_regression_multi_output_channel_selection.py
cell_type: PBMC cytokine: CXCL1 [NSU] shuffle: True data: Gasdermin_ER_Mito_PM.parquet
PBMC True CXCL1 [NSU]
shuffle: True
Shuffling data
[-0.06843415 -0.00687558 -0.21179395 -0.18145477 -0.10515708 -0.06858602
 -0.0390364  -0.04040649 -0.17026753 -0.0100803  -0.04349488 -0.23844066
 -0.50030848 -0.12298137 -0.10983017 -0.66949736 -0.00076913 -0.11836978
 -0.05950098 -0.20003036 -0.12216684 -0.6205354  -0.18634115 -0.05436071
 -0.3026028  -0.05253335 -0.10843592 -0.17372282 -0.09902056 -0.10295289
 -0.41356709 -0.05860915 -0.12216614 -0.19066967 -0.2045698  -0.22318453
 -0.01460625 -0.15478704 -0.13583114 -0.2080361  -0.10787764 -0.26467963
 -0.14061961 -0.29492705 -0.16400806 -0.02241408 -0.13846511 -0.0099452
 -0.16069604 -0.16305669 -0.15127573 -0.26343744 -0.38359805 -0.13435119
 -0.0609897  -0.09015225 -0.27484417 -0.40417862 -0.3284797  -0.01681045
 -0.23850776 -0.20716853 -0.06814332 -0.03576203 -0.08856828 -0.18068902
 -0.13422422 -0.00883411]
Mean MAE: -0.16251056607245373
Std MAE: 0.13517992977532042
R2: 0.14861094191300472
