[NbConvertApp] WARNING | Config option `kernel_spec_manager_class` not recognized by `NbConvertApp`.
[NbConvertApp] Converting notebook ../notebooks/1.train_regression_multi_output.ipynb to script
[NbConvertApp] Writing 5645 bytes to 1.train_regression_multi_output.py
[NbConvertApp] Converting notebook ../notebooks/2.train_regression_multi_output_channel_selection.ipynb to script
[NbConvertApp] Writing 5822 bytes to 2.train_regression_multi_output_channel_selection.py
cell_type: SHSY5Y cytokine: IL-6 R alpha [NSU] shuffle: True data: Gasdermin_ER_Mito_PM.parquet
SHSY5Y True IL-6 R alpha [NSU]
shuffle: True
Shuffling data
[-0.21768457 -0.05333447 -0.03038079 -0.0332852  -0.27922896 -0.18640528
 -0.04831146 -0.10846783 -0.02151388 -0.0583929  -0.13587348 -0.07807603
 -0.33981418 -0.00520897 -0.06933618 -0.13364384 -0.16206816 -0.35688329
 -0.0926609  -0.04104567 -0.13847725 -0.05828013 -0.08789681 -0.20687969
 -0.01231351 -0.08636983 -0.0541897  -0.0433277  -0.07699307 -0.0569172
 -0.01333194 -0.11567238 -0.06639085 -0.03140175 -0.13287875 -0.12299571
 -0.09998889 -0.02619749 -0.00678338 -0.08179955 -0.00226331 -0.05609863
 -0.07335791 -0.20248418 -0.26467572 -0.07483761 -0.21718687 -0.1456643
 -0.11733579 -0.21711939 -0.18852095 -0.25584591 -0.30406348 -0.33818977
 -0.04513493 -0.08654311 -0.17415294 -0.07943519 -0.07965738 -0.09411807
 -0.1504739  -0.17120003 -0.03959287 -0.02085243 -0.11061482 -0.19627564
 -0.1575795  -0.12037384 -0.03511481 -0.16385716]
Mean MAE: -0.11647602941631889
Std MAE: 0.08615229025202863
R2: 0.0
