[NbConvertApp] WARNING | Config option `kernel_spec_manager_class` not recognized by `NbConvertApp`.
[NbConvertApp] Converting notebook ../notebooks/1.train_regression_multi_output.ipynb to script
[NbConvertApp] Writing 5645 bytes to 1.train_regression_multi_output.py
[NbConvertApp] Converting notebook ../notebooks/2.train_regression_multi_output_channel_selection.ipynb to script
[NbConvertApp] Writing 5822 bytes to 2.train_regression_multi_output_channel_selection.py
cell_type: SHSY5Y cytokine: CCL18 [NSU] shuffle: True data: Gasdermin_ER_Mito_PM.parquet
SHSY5Y True CCL18 [NSU]
shuffle: True
Shuffling data
[-0.05048885 -0.10070602 -0.05258149 -0.05041271 -0.22768471 -0.22379307
 -0.10943784 -0.22340887 -0.04948229 -0.08848406 -0.1414171  -0.11386379
 -0.07035817 -0.26851636 -0.16357571 -0.1114598  -0.01082874 -0.05992113
 -0.17742933 -0.34537736 -0.06988134 -0.03152572 -0.05054331 -0.1831238
 -0.03963237 -0.05961253 -0.03863872 -0.08174603 -0.02844492 -0.18382735
 -0.11799701 -0.20483291 -0.07950277 -0.17033196 -0.07932    -0.21806058
 -0.141872   -0.08551437 -0.04380777 -0.06399487 -0.05244577 -0.06478124
 -0.0230258  -0.18838711 -0.18573643 -0.11339485 -0.02915985 -0.03940179
 -0.10058199 -0.24971262 -0.01963478 -0.09976721 -0.05363659 -0.17033789
 -0.11900365 -0.08757368 -0.10430406 -0.09337083 -0.00379171 -0.11082925
 -0.03054698 -0.0454772  -0.39109982 -0.03882953 -0.16818409 -0.02348824
 -0.05165949 -0.35975364 -0.08145928 -0.14302675]
Mean MAE: -0.11219771219796597
Std MAE: 0.08363162392714053
R2: 0.0
