[NbConvertApp] WARNING | Config option `kernel_spec_manager_class` not recognized by `NbConvertApp`.
[NbConvertApp] Converting notebook ../notebooks/1.train_regression_multi_output.ipynb to script
[NbConvertApp] Writing 5645 bytes to 1.train_regression_multi_output.py
[NbConvertApp] Converting notebook ../notebooks/2.train_regression_multi_output_channel_selection.ipynb to script
[NbConvertApp] Writing 5822 bytes to 2.train_regression_multi_output_channel_selection.py
cell_type: PBMC cytokine: CXCL7 [NSU] shuffle: True data: Gasdermin_ER_Mito_PM.parquet
PBMC True CXCL7 [NSU]
shuffle: True
Shuffling data
[-0.20837719 -0.0720885  -0.1291444  -0.34682698 -0.06914755 -0.10668042
 -0.03252087 -0.16550927 -0.10969482 -0.03390044 -0.04805613 -0.22880322
 -0.07543434 -0.22421552 -0.36298414 -0.17287738 -0.07906622 -0.36211328
 -0.16380834 -0.13500731 -0.20817961 -0.04922724 -0.18945466 -0.09240166
 -0.14020731 -0.07076191 -0.1800768  -0.06549606 -0.11258458 -0.0300856
 -0.06077123 -0.22441029 -0.17043408 -0.30991543 -0.13701516 -0.24635022
 -0.05097184 -0.01565595 -0.12687276 -0.04212156 -0.14274724 -0.27103834
 -0.04396252 -0.06417246 -0.03157996 -0.24112236 -0.13352106 -0.16844133
 -0.0988039  -0.12554546 -0.06737255 -0.0687078  -0.12904628 -0.0770935
 -0.03322887 -0.22625445 -0.05597073 -0.02407626 -0.08687263 -0.17451096
 -0.02936215 -0.16433709 -0.11262838 -0.12719602 -0.09584759 -0.20842051
 -0.19541563 -0.02411007]
Mean MAE: -0.13045053512295204
Std MAE: 0.0848986722821506
R2: 0.0
