[NbConvertApp] WARNING | Config option `kernel_spec_manager_class` not recognized by `NbConvertApp`.
[NbConvertApp] Converting notebook ../notebooks/1.train_regression_multi_output.ipynb to script
[NbConvertApp] Writing 5645 bytes to 1.train_regression_multi_output.py
[NbConvertApp] Converting notebook ../notebooks/2.train_regression_multi_output_channel_selection.ipynb to script
[NbConvertApp] Writing 5822 bytes to 2.train_regression_multi_output_channel_selection.py
cell_type: PBMC cytokine: HGF [NSU] shuffle: False data: Gasdermin_ER_Mito_PM.parquet
PBMC False HGF [NSU]
shuffle: False
Not shuffling data
[-0.19598321 -0.05015162 -0.14171477 -0.22904365 -0.41123625 -0.15737097
 -0.20072925 -0.08246995 -0.01597934 -0.1895687  -0.15146656 -0.1353221
 -0.29739782 -0.18461256 -0.31531993 -0.25271291 -0.13530716 -0.1144089
 -0.21894269 -0.04398476 -0.04009734 -0.41073795 -0.02638234 -0.43155364
 -0.00405784 -0.04418422 -0.1048143  -0.07080857 -0.26718802 -0.06759413
 -0.10444434 -0.06652876 -0.02118551 -0.06465525 -0.04672638 -0.07843662
 -0.0783193  -0.30348745 -0.26921004 -0.06923449 -0.0442474  -0.06091395
 -0.08543334 -0.02392921 -0.06580443 -0.01200893 -0.00066964 -0.14415061
 -0.09062116 -0.48223505 -0.09177711 -0.18647741 -0.22145107 -0.13329431
 -0.08799751 -0.22030889 -0.27668147 -0.06786687 -0.24031953 -0.01607556
 -0.01558808 -0.1244179  -0.3001311  -0.19946385 -0.31389342 -0.09812059
 -0.14588138 -0.06508266]
Mean MAE: -0.14570899974056709
Std MAE: 0.11340404004188258
R2: 0.13341458807078221
