[NbConvertApp] WARNING | Config option `kernel_spec_manager_class` not recognized by `NbConvertApp`.
[NbConvertApp] Converting notebook ../notebooks/1.train_regression_multi_output.ipynb to script
[NbConvertApp] Writing 5645 bytes to 1.train_regression_multi_output.py
[NbConvertApp] Converting notebook ../notebooks/2.train_regression_multi_output_channel_selection.ipynb to script
[NbConvertApp] Writing 5822 bytes to 2.train_regression_multi_output_channel_selection.py
cell_type: SHSY5Y cytokine: IL-22 BP [NSU] shuffle: True data: Gasdermin_ER_Mito_PM.parquet
SHSY5Y True IL-22 BP [NSU]
shuffle: True
Shuffling data
[-0.25375025 -0.12033288 -0.26906984 -0.30581215 -0.26939873 -0.16545058
 -0.05100299 -0.22758856 -0.06662649 -0.27775845 -0.01741787 -0.01530809
 -0.1138892  -0.23688843 -0.29176066 -0.36215709 -0.20976125 -0.11324352
 -0.28209326 -0.12377753 -0.24009732 -0.13214002 -0.15594879 -0.04246238
 -0.13998582 -0.12976753 -0.0241127  -0.27323124 -0.05261848 -0.24585831
 -0.2774191  -0.22983212 -0.1209636  -0.13946933 -0.00358663 -0.07376399
 -0.2429104  -0.13228968 -0.17930343 -0.07067344 -0.17894189 -0.23091924
 -0.27963385 -0.03377045 -0.37934826 -0.14084969 -0.06520364 -0.10665352
 -0.12434521 -0.07655351 -0.40511552 -0.10346832 -0.10275357 -0.17877591
 -0.04164917 -0.00359028 -0.10933384 -0.25361673 -0.04061269 -0.07744933
 -0.0633921  -0.13337177 -0.12303487 -0.05053666 -0.0618986  -0.14639746
 -0.2576894  -0.41203391 -0.13978361 -0.06739522]
Mean MAE: -0.1581091474333605
Std MAE: 0.10148565183275812
R2: 0.0
