[NbConvertApp] WARNING | Config option `kernel_spec_manager_class` not recognized by `NbConvertApp`.
[NbConvertApp] Converting notebook ../notebooks/1.train_regression_multi_output.ipynb to script
[NbConvertApp] Writing 5645 bytes to 1.train_regression_multi_output.py
[NbConvertApp] Converting notebook ../notebooks/2.train_regression_multi_output_channel_selection.ipynb to script
[NbConvertApp] Writing 5822 bytes to 2.train_regression_multi_output_channel_selection.py
cell_type: PBMC cytokine: CXCL6 [NSU] shuffle: False data: Gasdermin_ER_Mito_PM.parquet
PBMC False CXCL6 [NSU]
shuffle: False
Not shuffling data
[-0.11561217 -0.21802948 -0.46390696 -0.09166703 -0.16001251 -0.24292772
 -0.26680228 -0.31824318 -0.00171724 -0.37559398 -0.08715956 -0.01140917
 -0.3533855  -0.18387563 -0.40434725 -0.11130837 -0.04607708 -0.25377637
 -0.04937922 -0.10884845 -0.14645788 -0.22800401 -0.21542595 -0.08066919
 -0.04881167 -0.04537572 -0.20046279 -0.06207934 -0.36705237 -0.22453078
 -0.09485765 -0.16140661 -0.01265079 -0.15681534 -0.26155737 -0.02314525
 -0.0319703  -0.03999181 -0.03449206 -0.07519551 -0.20972606 -0.12514115
 -0.14097844 -0.27682716 -0.05544477 -0.10793793 -0.18538665 -0.07899055
 -0.16851062 -0.2736887  -0.12518356 -0.01112051 -0.2778556  -0.1901735
 -0.24821568 -0.044591   -0.22377957 -0.19096346 -0.16701154 -0.1499564
 -0.19212613 -0.33246146 -0.14959612 -0.18861498 -0.127474   -0.17220813
 -0.12623056 -0.08449217]
Mean MAE: -0.16176055804392703
Std MAE: 0.10456527848764446
R2: 0.4093836682998536
