[NbConvertApp] WARNING | Config option `kernel_spec_manager_class` not recognized by `NbConvertApp`.
[NbConvertApp] Converting notebook ../notebooks/1.train_regression_multi_output.ipynb to script
[NbConvertApp] Writing 5645 bytes to 1.train_regression_multi_output.py
[NbConvertApp] Converting notebook ../notebooks/2.train_regression_multi_output_channel_selection.ipynb to script
[NbConvertApp] Writing 5822 bytes to 2.train_regression_multi_output_channel_selection.py
cell_type: SHSY5Y cytokine: FGF-6 [NSU] shuffle: True data: Gasdermin_ER_Mito_PM.parquet
SHSY5Y True FGF-6 [NSU]
shuffle: True
Shuffling data
[-0.07376634 -0.2514135  -0.16199128 -0.17007691 -0.10487708 -0.17132637
 -0.3179159  -0.35465777 -0.20186096 -0.22479049 -0.05288088 -0.00139338
 -0.31694876 -0.26323579 -0.11703395 -0.34645273 -0.07983518 -0.02705401
 -0.02206022 -0.29963153 -0.37135376 -0.07268747 -0.11042447 -0.22136798
 -0.08169997 -0.35496808 -0.30365387 -0.07758202 -0.0335431  -0.07502365
 -0.49859563 -0.2583311  -0.03858527 -0.07731093 -0.05830366 -0.04431207
 -0.11645202 -0.43531101 -0.26534379 -0.04110364 -0.0673117  -0.01995602
 -0.17686578 -0.06449984 -0.22758486 -0.01960374 -0.29230664 -0.08601399
 -0.21970011 -0.2227567  -0.33075369 -0.16526709 -0.12279481 -0.30186857
 -0.36809005 -0.35680503 -0.13822537 -0.38586498 -0.04255419 -0.44544737
 -0.19581587 -0.33477899 -0.1941531  -0.37054143 -0.37841071 -0.2533268
 -0.12213842 -0.04092836 -0.17150455 -0.12013465]
Mean MAE: -0.19044514151635308
Std MAE: 0.12777765361379326
R2: 0.1813906346578964
