[NbConvertApp] WARNING | Config option `kernel_spec_manager_class` not recognized by `NbConvertApp`.
[NbConvertApp] Converting notebook ../notebooks/1.train_regression_multi_output.ipynb to script
[NbConvertApp] Writing 5645 bytes to 1.train_regression_multi_output.py
[NbConvertApp] Converting notebook ../notebooks/2.train_regression_multi_output_channel_selection.ipynb to script
[NbConvertApp] Writing 5822 bytes to 2.train_regression_multi_output_channel_selection.py
cell_type: SHSY5Y cytokine: FGF-2 [NSU] shuffle: False data: Gasdermin_ER_Mito_PM.parquet
SHSY5Y False FGF-2 [NSU]
shuffle: False
Not shuffling data
[-2.26906472e-01 -1.54553922e-01 -5.26986036e-02 -1.64388734e-01
 -5.40865686e-02 -7.61485361e-02 -7.32097337e-02 -4.14200037e-04
 -2.41169437e-01 -1.62646214e-01 -1.64850268e-01 -2.65855579e-02
 -7.15138708e-01 -6.13037406e-02 -1.92883553e-01 -1.83044574e-01
 -1.24259016e-01 -7.06732777e-02 -3.93618515e-02 -1.87416349e-02
 -2.93647629e-02 -4.70019936e-02 -1.06646318e-01 -9.85348239e-02
 -1.08664471e-01 -7.68637453e-02 -1.38837247e-01 -1.56869748e-01
 -1.95767195e-03 -1.57090748e-01 -2.67233206e-01 -1.49347585e-01
 -1.60532026e-02 -1.26817811e-01 -1.25125153e-01 -1.82034178e-01
 -4.46653226e-02 -5.16303902e-02 -8.34226676e-02 -5.56014400e-03
 -5.97322986e-02 -5.81931416e-02 -1.69368488e-01 -4.13856737e-02
 -1.84031897e-01 -4.61016855e-02 -2.36423332e-02 -1.23319720e-01
 -1.60583127e-02 -2.43498084e-01 -9.62983134e-02 -7.72193883e-02
 -8.59896388e-02 -1.65480844e-02 -7.68571967e-03 -1.92697025e-01
 -6.02198582e-02 -1.49422558e-02 -6.41805539e-02 -7.12214729e-02
 -3.22954030e-02 -1.23067786e-01 -6.28078161e-01 -3.34245481e-02
 -1.58164199e-01 -9.47039800e-02 -5.77853251e-02 -7.91691908e-02
 -6.93594734e-02 -1.45728921e-03]
Mean MAE: -0.11009464419340496
Std MAE: 0.11676926329249418
R2: 0.0
