[NbConvertApp] WARNING | Config option `kernel_spec_manager_class` not recognized by `NbConvertApp`.
[NbConvertApp] Converting notebook ../notebooks/1.train_regression_multi_output.ipynb to script
[NbConvertApp] Writing 5645 bytes to 1.train_regression_multi_output.py
[NbConvertApp] Converting notebook ../notebooks/2.train_regression_multi_output_channel_selection.ipynb to script
[NbConvertApp] Writing 5822 bytes to 2.train_regression_multi_output_channel_selection.py
cell_type: PBMC cytokine: IL-17F [NSU] shuffle: False data: Gasdermin_ER_Mito_PM.parquet
PBMC False IL-17F [NSU]
shuffle: False
Not shuffling data
[-0.1517707  -0.23397048 -0.00768619 -0.21092828 -0.0120356  -0.02905561
 -0.10320861 -0.1498221  -0.11859078 -0.03049024 -0.05328843 -0.0991023
 -0.29234126 -0.19511476 -0.13914446 -0.08872841 -0.11161912 -0.14848129
 -0.04739044 -0.28563265 -0.20009002 -0.14592694 -0.27501845 -0.30495583
 -0.09066556 -0.0052762  -0.26781674 -0.19686125 -0.20229403 -0.01474636
 -0.15400442 -0.3011296  -0.29140863 -0.00602144 -0.21561073 -0.1406472
 -0.04573912 -0.05589883 -0.02745647 -0.139034   -0.07766046 -0.25711745
 -0.00701995 -0.08930058 -0.05333566 -0.05710402 -0.19788655 -0.01317847
 -0.17754898 -0.02192311 -0.19225845 -0.18731345 -0.14882861 -0.0491234
 -0.02010949 -0.22528101 -0.12612827 -0.03472275 -0.27017239 -0.14922934
 -0.02499998 -0.16112948 -0.05052976 -0.23063384 -0.0118626  -0.11181368
 -0.37910245 -0.14573357]
Mean MAE: -0.1332360478737812
Std MAE: 0.09428424873454262
R2: 0.0952995656418042
