[NbConvertApp] WARNING | Config option `kernel_spec_manager_class` not recognized by `NbConvertApp`.
[NbConvertApp] Converting notebook ../notebooks/1.train_regression_multi_output.ipynb to script
[NbConvertApp] Writing 5645 bytes to 1.train_regression_multi_output.py
[NbConvertApp] Converting notebook ../notebooks/2.train_regression_multi_output_channel_selection.ipynb to script
[NbConvertApp] Writing 5822 bytes to 2.train_regression_multi_output_channel_selection.py
cell_type: SHSY5Y cytokine: WISP-1 (CCN4) [NSU] shuffle: True data: Gasdermin_ER_Mito_PM.parquet
SHSY5Y True WISP-1 (CCN4) [NSU]
shuffle: True
Shuffling data
[-0.04720098 -0.43106099 -0.16628535 -0.00822091 -0.19282854 -0.23103127
 -0.35259045 -0.25784375 -0.07701252 -0.06395438 -0.12783326 -0.21343448
 -0.42523105 -0.30591934 -0.0337922  -0.3010533  -0.02401563 -0.19907537
 -0.01597956 -0.05501443 -0.02653035 -0.07671095 -0.06979381 -0.20005114
 -0.17359452 -0.00409356 -0.03940217 -0.10048191 -0.22220587 -0.00056624
 -0.14083178 -0.3063506  -0.0100746  -0.15117315 -0.12537921 -0.11104666
 -0.0699952  -0.03982845 -0.14550672 -0.18935603 -0.15881523 -0.05782774
 -0.1369077  -0.23867801 -0.08215532 -0.09404239 -0.41376207 -0.01549344
 -0.24084803 -0.05685089 -0.06186955 -0.04771022 -0.04617551 -0.23258166
 -0.14907553 -0.12440658 -0.0824778  -0.25102934 -0.04603503 -0.37442952
 -0.05976234 -0.21772447 -0.11583771 -0.23110702 -0.27121822 -0.3299992
 -0.17070734 -0.19055096 -0.00954795 -0.04818861]
Mean MAE: -0.14697380089423345
Std MAE: 0.11150424101992501
R2: 0.7398353793934587
