[NbConvertApp] WARNING | Config option `kernel_spec_manager_class` not recognized by `NbConvertApp`.
[NbConvertApp] Converting notebook ../notebooks/1.train_regression_multi_output.ipynb to script
[NbConvertApp] Writing 5645 bytes to 1.train_regression_multi_output.py
[NbConvertApp] Converting notebook ../notebooks/2.train_regression_multi_output_channel_selection.ipynb to script
[NbConvertApp] Writing 5822 bytes to 2.train_regression_multi_output_channel_selection.py
cell_type: SHSY5Y cytokine: VEGF-D [NSU] shuffle: True data: Gasdermin_ER_Mito_PM.parquet
SHSY5Y True VEGF-D [NSU]
shuffle: True
Shuffling data
[-0.26384703 -0.3174503  -0.0020777  -0.00547443 -0.10943293 -0.1308346
 -0.00916554 -0.02808531 -0.0505635  -0.14216583 -0.08739796 -0.05663417
 -0.2159086  -0.20186843 -0.08163913 -0.01812134 -0.10629772 -0.03004597
 -0.123484   -0.24651673 -0.11345454 -0.24325142 -0.1944041  -0.08615214
 -0.28430827 -0.2493673  -0.12609815 -0.01877577 -0.03184353 -0.06596672
 -0.15404105 -0.11609921 -0.12528275 -0.09525925 -0.25907568 -0.3172682
 -0.28036158 -0.03266117 -0.09902293 -0.00693842 -0.03936821 -0.08479705
 -0.23746803 -0.19531693 -0.14857959 -0.00714899 -0.31198774 -0.08286488
 -0.12639633 -0.01864824 -0.20741148 -0.2004794  -0.3538284  -0.00380524
 -0.08134905 -0.08233383 -0.13514196 -0.15313106 -0.12365082 -0.2761134
 -0.21164159 -0.20398969 -0.30064028 -0.01464077 -0.16107666 -0.02194371
 -0.09298971 -0.22630295 -0.15742244 -0.05016936]
Mean MAE: -0.13481830300486342
Std MAE: 0.09539544133818338
R2: 0.9988802199640869
