[NbConvertApp] WARNING | Config option `kernel_spec_manager_class` not recognized by `NbConvertApp`.
[NbConvertApp] Converting notebook ../notebooks/1.train_regression_multi_output.ipynb to script
[NbConvertApp] Writing 5645 bytes to 1.train_regression_multi_output.py
[NbConvertApp] Converting notebook ../notebooks/2.train_regression_multi_output_channel_selection.ipynb to script
[NbConvertApp] Writing 5822 bytes to 2.train_regression_multi_output_channel_selection.py
cell_type: PBMC cytokine: CXCL3 [NSU] shuffle: False data: Gasdermin_ER_Mito_PM.parquet
PBMC False CXCL3 [NSU]
shuffle: False
Not shuffling data
[-1.36243009e-01 -2.58965555e-01 -2.13727669e-03 -2.91846029e-02
 -1.04503041e-01 -1.60331268e-01 -9.24345995e-02 -1.54452001e-01
 -3.26912648e-02 -7.88474156e-02 -1.48497397e-01 -1.94273617e-01
 -1.71840258e-01 -2.38170379e-01 -1.75547653e-01 -1.05862240e-01
 -2.54423453e-01 -1.91669814e-01 -2.35151723e-01 -3.48929349e-02
 -1.47153381e-01 -1.04680651e-01 -3.61175274e-01 -1.67094799e-01
 -5.17508648e-03 -8.76411705e-03 -6.77300505e-02 -3.16287070e-02
 -6.55345667e-01 -2.28723793e-02 -1.40994903e-01 -2.02499219e-01
 -1.91699610e-01 -2.03783199e-01 -5.64723799e-02 -9.83390776e-02
 -1.03423188e-01 -3.13650486e-02 -7.62700029e-03 -7.89678373e-02
 -7.01062886e-02 -8.91551415e-02 -1.11209196e-01 -5.12186017e-04
 -1.88811662e-01 -1.54748069e-01 -2.57406011e-01 -1.06027716e-01
 -5.42035770e-02 -1.58829132e-01 -8.97851130e-01 -1.50590232e-01
 -7.76843032e-02 -1.64919040e-01 -7.21718540e-02 -1.43344258e-02
 -8.13825965e-02 -3.15473014e-01 -3.96828571e-01 -1.50644955e-01
 -2.05100527e-01 -2.25724956e-01 -3.62772563e-01 -1.92518233e-01
 -4.51355947e-02 -3.92430399e-02 -2.62445701e-01 -1.59854561e-01]
Mean MAE: -0.15430287283384864
Std MAE: 0.1429952583764333
R2: 0.5298295753037281
