[NbConvertApp] WARNING | Config option `kernel_spec_manager_class` not recognized by `NbConvertApp`.
[NbConvertApp] Converting notebook ../notebooks/1.train_regression_multi_output.ipynb to script
[NbConvertApp] Writing 5645 bytes to 1.train_regression_multi_output.py
[NbConvertApp] Converting notebook ../notebooks/2.train_regression_multi_output_channel_selection.ipynb to script
[NbConvertApp] Writing 5822 bytes to 2.train_regression_multi_output_channel_selection.py
cell_type: SHSY5Y cytokine: CD14 [NSU] shuffle: False data: Gasdermin_ER_Mito_PM.parquet
SHSY5Y False CD14 [NSU]
shuffle: False
Not shuffling data
[-0.25446358 -0.16122071 -0.28791828 -0.01400019 -0.46711445 -0.01352364
 -0.00281376 -0.08912344 -0.06513457 -0.02496857 -0.10630678 -0.17485759
 -0.26661643 -0.12160368 -0.01464087 -0.5473783  -0.31978714 -0.28195643
 -0.21808737 -0.22941856 -0.05113168 -0.08238868 -0.1784617  -0.13569248
 -0.26441676 -0.13817311 -0.00955873 -0.06040241 -0.16139057 -0.2935945
 -0.21719822 -0.14792158 -0.1479323  -0.02418767 -0.22500895 -0.15817706
 -0.12758514 -0.00776612 -0.08526264 -0.23093797 -0.06947287 -0.14651472
 -0.13337513 -0.02564743 -0.19883702 -0.12128542 -0.02475745 -0.11392998
 -0.06911107 -0.17159417 -0.05286431 -0.12350893 -0.13439364 -0.3784694
 -0.04719557 -0.09562945 -0.16810806 -0.06401223 -0.01724202 -0.21877208
 -0.06971485 -0.11429149 -0.22545617 -0.22785896 -0.04343439 -0.01222614
 -0.28452948 -0.05721385 -0.13710739 -0.1645097 ]
Mean MAE: -0.1445597995379165
Std MAE: 0.10897958569390113
R2: 0.0
