[NbConvertApp] WARNING | Config option `kernel_spec_manager_class` not recognized by `NbConvertApp`.
[NbConvertApp] Converting notebook ../notebooks/1.train_regression_multi_output.ipynb to script
[NbConvertApp] Writing 5645 bytes to 1.train_regression_multi_output.py
[NbConvertApp] Converting notebook ../notebooks/2.train_regression_multi_output_channel_selection.ipynb to script
[NbConvertApp] Writing 5822 bytes to 2.train_regression_multi_output_channel_selection.py
cell_type: PBMC cytokine: CCL5 [NSU] shuffle: True data: Gasdermin_ER_Mito_PM.parquet
PBMC True CCL5 [NSU]
shuffle: True
Shuffling data
[-0.27390852 -0.04056874 -0.27177389 -0.03956151 -0.16628268 -0.00326705
 -0.22640866 -0.09328026 -0.2710899  -0.01681085 -0.09880762 -0.37452502
 -0.23632753 -0.16033577 -0.15386143 -0.63552404 -0.30629267 -0.45763678
 -0.07818282 -0.00827922 -0.0240902  -0.27544323 -0.0572573  -0.0841487
 -0.00502918 -0.0067432  -0.32110524 -0.08567497 -0.12224893 -0.33012535
 -0.01697811 -0.33946055 -0.05019458 -0.4139642  -0.3086454  -0.06043895
 -0.08885496 -0.42091766 -0.07989679 -0.52212535 -0.38362774 -0.27399905
 -0.07431671 -0.30934241 -0.14791951 -0.26441276 -0.2953151  -0.03725022
 -0.14074031 -0.15034041 -0.16889924 -0.38037937 -0.46511523 -0.05591703
 -0.06572519 -0.30372094 -0.61945907 -0.41835737 -0.47357513 -0.08052487
 -0.12691877 -0.03738371 -0.0007305  -0.26836412 -0.05739977 -0.22421094
 -0.20103057 -0.03597334]
Mean MAE: -0.19980907585754762
Std MAE: 0.16045534693330885
R2: 0.6897208826827864
