[NbConvertApp] WARNING | Config option `kernel_spec_manager_class` not recognized by `NbConvertApp`.
[NbConvertApp] Converting notebook ../notebooks/1.train_regression_multi_output.ipynb to script
[NbConvertApp] Writing 5645 bytes to 1.train_regression_multi_output.py
[NbConvertApp] Converting notebook ../notebooks/2.train_regression_multi_output_channel_selection.ipynb to script
[NbConvertApp] Writing 5822 bytes to 2.train_regression_multi_output_channel_selection.py
cell_type: PBMC cytokine: IL-17A [NSU] shuffle: True data: Gasdermin_ER_Mito_PM.parquet
PBMC True IL-17A [NSU]
shuffle: True
Shuffling data
[-0.16268644 -0.12510501 -0.03368356 -0.00963918 -0.12998731 -0.07036653
 -0.3537197  -0.39632784 -0.06664807 -0.05699287 -0.00259487 -0.25062388
 -0.36193357 -0.18490926 -0.07582669 -0.08476177 -0.10291213 -0.1281087
 -0.21237261 -0.0308839  -0.28418142 -0.13442155 -0.05893957 -0.24337872
 -0.16377312 -0.45694055 -0.29620224 -0.09322557 -0.09819866 -0.18167121
 -0.10232827 -0.11829891 -0.11733534 -0.05525296 -0.19369513 -0.24815865
 -0.12116941 -0.16588994 -0.19610039 -0.04808672 -0.16997147 -0.12811464
 -0.00427437 -0.07925266 -0.10881475 -0.00310863 -0.27825228 -0.072735
 -0.2234021  -0.02657367 -0.24381826 -0.11211566 -0.28995208 -0.38662348
 -0.26298571 -0.173713   -0.11591103 -0.03498065 -0.13950215 -0.16925136
 -0.06836345 -0.00272633 -0.13759593 -0.24757122 -0.31432948 -0.10312649
 -0.20778944 -0.25923086]
Mean MAE: -0.15560909344739715
Std MAE: 0.10510968443432354
R2: 0.06375592757214033
