[NbConvertApp] WARNING | Config option `kernel_spec_manager_class` not recognized by `NbConvertApp`.
[NbConvertApp] Converting notebook ../notebooks/1.train_regression_multi_output.ipynb to script
[NbConvertApp] Writing 5645 bytes to 1.train_regression_multi_output.py
[NbConvertApp] Converting notebook ../notebooks/2.train_regression_multi_output_channel_selection.ipynb to script
[NbConvertApp] Writing 5822 bytes to 2.train_regression_multi_output_channel_selection.py
cell_type: PBMC cytokine: FGF-2 [NSU] shuffle: True data: Gasdermin_ER_Mito_PM.parquet
PBMC True FGF-2 [NSU]
shuffle: True
Shuffling data
[-0.00947006 -0.09532833 -0.04448648 -0.04406283 -0.15580059 -0.08483926
 -0.07462356 -0.01903206 -0.24993053 -0.17137382 -0.00081798 -0.08548784
 -0.18430756 -0.09692316 -0.08088053 -0.03797459 -0.03413821 -0.03072039
 -0.06377506 -0.03803554 -0.06445393 -0.05744248 -0.08991859 -0.03396683
 -0.09802493 -0.1302382  -0.14827839 -0.11971317 -0.00669974 -0.0247183
 -0.09862535 -0.13383676 -0.19077005 -0.04299416 -0.15225102 -0.09211649
 -0.15889077 -0.01422077 -0.06687621 -0.06988987 -0.05153204 -0.11972505
 -0.03231067 -0.03993257 -0.08726793 -0.07452155 -0.02472341 -0.10499763
 -0.28707706 -0.08947036 -0.02664078 -0.05640632 -0.02521339 -0.10713547
 -0.0386006  -0.06737436 -0.02360688 -0.06259359 -0.12582729 -0.03964537
 -0.02365092 -0.01774703 -0.11446202 -0.08778909 -0.03112909 -0.08608612
 -0.35821878 -0.04915172]
Mean MAE: -0.08307016885653357
Std MAE: 0.06547601714635022
R2: 0.0
