[NbConvertApp] WARNING | Config option `kernel_spec_manager_class` not recognized by `NbConvertApp`.
[NbConvertApp] Converting notebook ../notebooks/1.train_regression_multi_output.ipynb to script
[NbConvertApp] Writing 5645 bytes to 1.train_regression_multi_output.py
[NbConvertApp] Converting notebook ../notebooks/2.train_regression_multi_output_channel_selection.ipynb to script
[NbConvertApp] Writing 5822 bytes to 2.train_regression_multi_output_channel_selection.py
cell_type: PBMC cytokine: IL-17E (IL-25) [NSU] shuffle: True data: Gasdermin_ER_Mito_PM.parquet
PBMC True IL-17E (IL-25) [NSU]
shuffle: True
Shuffling data
[-0.11968774 -0.2650364  -0.34232354 -0.01474601 -0.347266   -0.12299535
 -0.38303661 -0.07817125 -0.00473541 -0.24851542 -0.21392788 -0.04345925
 -0.04352315 -0.20631325 -0.23022712 -0.13178343 -0.07188983 -0.21920033
 -0.04829216 -0.35759718 -0.19882364 -0.1635102  -0.0271138  -0.10245531
 -0.27033847 -0.17168674 -0.03409268 -0.142691   -0.40238119 -0.16283525
 -0.20357257 -0.0533384  -0.28402525 -0.18442392 -0.09396822 -0.22425539
 -0.04256411 -0.11707611 -0.01179851 -0.17421358 -0.19814145 -0.01374578
 -0.00911076 -0.019877   -0.04038566 -0.03871136 -0.0082923  -0.05985531
 -0.04423466 -0.22736622 -0.32664337 -0.12011063 -0.10014944 -0.10955582
 -0.13267118 -0.00659803 -0.48831113 -0.18540097 -0.13622471 -0.01875583
 -0.09639539 -0.17287407 -0.30355392 -0.26914815 -0.09337868 -0.15146618
 -0.01661445 -0.02520977]
Mean MAE: -0.14662755681681408
Std MAE: 0.11373146020826704
R2: 0.0
