[NbConvertApp] WARNING | Config option `kernel_spec_manager_class` not recognized by `NbConvertApp`.
[NbConvertApp] Converting notebook ../notebooks/1.train_regression_multi_output.ipynb to script
[NbConvertApp] Writing 5645 bytes to 1.train_regression_multi_output.py
[NbConvertApp] Converting notebook ../notebooks/2.train_regression_multi_output_channel_selection.ipynb to script
[NbConvertApp] Writing 5822 bytes to 2.train_regression_multi_output_channel_selection.py
cell_type: SHSY5Y cytokine: IL-31 [NSU] shuffle: True data: Gasdermin_ER_Mito_PM.parquet
SHSY5Y True IL-31 [NSU]
shuffle: True
Shuffling data
[-0.20004113 -0.06393584 -0.28330056 -0.18340875 -0.08493954 -0.04108274
 -0.07844125 -0.0963439  -0.15339713 -0.08752148 -0.11723431 -0.05330925
 -0.01356004 -0.12616974 -0.0678767  -0.08072463 -0.08038546 -0.05069024
 -0.08362255 -0.12143718 -0.15260396 -0.14822881 -0.07645094 -0.02912597
 -0.07183909 -0.29872034 -0.02741583 -0.05275242 -0.0440258  -0.09777712
 -0.08540151 -0.04957933 -0.19603228 -0.11080546 -0.00242891 -0.20316168
 -0.29985499 -0.05661278 -0.08818308 -0.17175502 -0.05679189 -0.05947126
 -0.04614182 -0.01934269 -0.13721473 -0.07873955 -0.15881198 -0.18815579
 -0.14610719 -0.2467366  -0.22341612 -0.03099595 -0.01170579 -0.30634602
 -0.09513649 -0.19530393 -0.18664846 -0.08291196 -0.2037893  -0.05497102
 -0.09701343 -0.0679499  -0.15025938 -0.05674157 -0.12785999 -0.07407208
 -0.13293942 -0.05115385 -0.01090593 -0.14656524]
Mean MAE: -0.1110625293212265
Std MAE: 0.07340672578330676
R2: 0.6702095545544043
