[NbConvertApp] WARNING | Config option `kernel_spec_manager_class` not recognized by `NbConvertApp`.
[NbConvertApp] Converting notebook ../notebooks/1.train_regression_multi_output.ipynb to script
[NbConvertApp] Writing 5645 bytes to 1.train_regression_multi_output.py
[NbConvertApp] Converting notebook ../notebooks/2.train_regression_multi_output_channel_selection.ipynb to script
[NbConvertApp] Writing 5822 bytes to 2.train_regression_multi_output_channel_selection.py
cell_type: PBMC cytokine: VEGF Receptor 2 (Flk-1) [NSU] shuffle: False data: Gasdermin_ER_Mito_PM.parquet
PBMC False VEGF Receptor 2 (Flk-1) [NSU]
shuffle: False
Not shuffling data
[-0.10892108 -0.33016586 -0.01526719 -0.06724402 -0.09212489 -0.1769062
 -0.15107552 -0.15769286 -0.09275477 -0.24191596 -0.20707563 -0.27271768
 -0.11161336 -0.05905956 -0.2176617  -0.20994411 -0.22219605 -0.11536405
 -0.12198728 -0.01900433 -0.43879962 -0.06967766 -0.02003459 -0.17397167
 -0.05552364 -0.02436089 -0.07084105 -0.12255331 -0.0083434  -0.0115669
 -0.28010554 -0.1172726  -0.17615251 -0.00196555 -0.12596037 -0.27802526
 -0.24989471 -0.40660158 -0.06762494 -0.10460634 -0.05886717 -0.07909454
 -0.01793625 -0.23643874 -0.43782257 -0.22526427 -0.19422856 -0.14794603
 -0.18948715 -0.04977964 -0.22175482 -0.26243708 -0.16619512 -0.40291159
 -0.01435465 -0.00175508 -0.16765499 -0.19706975 -0.32177789 -0.1994855
 -0.15490688 -0.32190818 -0.00441095 -0.07102161 -0.09671381 -0.31659639
 -0.17055972 -0.19993884]
Mean MAE: -0.15768958858137053
Std MAE: 0.11113105115174034
R2: 0.0
