[NbConvertApp] WARNING | Config option `kernel_spec_manager_class` not recognized by `NbConvertApp`.
[NbConvertApp] Converting notebook ../notebooks/1.train_regression_multi_output.ipynb to script
[NbConvertApp] Writing 5645 bytes to 1.train_regression_multi_output.py
[NbConvertApp] Converting notebook ../notebooks/2.train_regression_multi_output_channel_selection.ipynb to script
[NbConvertApp] Writing 5822 bytes to 2.train_regression_multi_output_channel_selection.py
cell_type: SHSY5Y cytokine: IL-17F [NSU] shuffle: True data: Gasdermin_ER_Mito_PM.parquet
SHSY5Y True IL-17F [NSU]
shuffle: True
Shuffling data
[-0.03806499 -0.08437387 -0.20647802 -0.03136    -0.09207859 -0.03809456
 -0.19016718 -0.06033207 -0.09903601 -0.0357646  -0.21666556 -0.04235759
 -0.02715851 -0.21585866 -0.28785629 -0.04175557 -0.18466166 -0.10117794
 -0.16519636 -0.30940149 -0.25288783 -0.325096   -0.12709875 -0.27926157
 -0.01218151 -0.00199247 -0.00720317 -0.25292841 -0.14833004 -0.1695301
 -0.00415819 -0.15392023 -0.00799026 -0.18786882 -0.2820788  -0.29564477
 -0.34595643 -0.02669492 -0.13239505 -0.11224894 -0.05992291 -0.03285631
 -0.11848799 -0.04290007 -0.30093949 -0.18453745 -0.05092185 -0.01682685
 -0.21119497 -0.22935325 -0.0385158  -0.04696815 -0.24546302 -0.16483186
 -0.53138311 -0.32738857 -0.40961137 -0.14147076 -0.13611115 -0.02707417
 -0.0375501  -0.05490879 -0.04124631 -0.28986538 -0.1351282  -0.10070924
 -0.14358607 -0.07703676 -0.03455899 -0.42977961]
Mean MAE: -0.14649191871890865
Std MAE: 0.11820610789883183
R2: 0.0
