[NbConvertApp] WARNING | Config option `kernel_spec_manager_class` not recognized by `NbConvertApp`.
[NbConvertApp] Converting notebook ../notebooks/1.train_regression_multi_output.ipynb to script
[NbConvertApp] Writing 5645 bytes to 1.train_regression_multi_output.py
[NbConvertApp] Converting notebook ../notebooks/2.train_regression_multi_output_channel_selection.ipynb to script
[NbConvertApp] Writing 5822 bytes to 2.train_regression_multi_output_channel_selection.py
cell_type: PBMC cytokine: PLGF [NSU] shuffle: False data: Gasdermin_ER_Mito_PM.parquet
PBMC False PLGF [NSU]
shuffle: False
Not shuffling data
[-1.76118360e-01 -2.14438397e-01 -2.64349822e-03 -1.35884011e-01
 -1.14177713e-01 -1.20367379e-01 -1.08550592e-01 -8.59586340e-02
 -1.52809788e-01 -2.68670816e-01 -6.79884090e-02 -1.27936385e-01
 -1.86662110e-01 -3.01623352e-01 -1.97752769e-01 -2.74847329e-01
 -1.78469192e-02 -3.09269712e-02 -3.44928464e-01 -2.99833924e-01
 -7.97460649e-02 -1.39044693e-01 -1.83212064e-01 -1.45332414e-01
 -3.18305469e-04 -2.98209055e-02 -1.67184822e-01 -1.61346419e-01
 -5.27729246e-02 -1.70314612e-02 -1.12434930e-01 -1.67271327e-01
 -3.85124450e-02 -2.59258035e-01 -7.21754325e-02 -2.43956379e-01
 -3.76994098e-02 -7.92050739e-02 -3.82322783e-01 -5.16002350e-01
 -2.12586241e-01 -1.36466246e-02 -2.57461575e-01 -1.92875276e-01
 -1.39728072e-01 -1.71552950e-01 -1.43450839e-01 -1.84436821e-01
 -5.57111801e-02 -2.78610844e-01 -1.85821221e-01 -6.70342465e-02
 -1.75437263e-01 -1.25507240e-01 -3.60500197e-03 -1.32776740e-01
 -6.78459371e-02 -1.19961851e-01 -3.12941308e-01 -9.38354763e-02
 -8.23725496e-02 -7.24514112e-02 -1.58077059e-01 -3.66491834e-01
 -8.89383910e-03 -3.50298111e-01 -9.03091961e-03 -9.07824807e-02]
Mean MAE: -0.14982116137427925
Std MAE: 0.107099156418569
R2: 0.05252162509568681
