[NbConvertApp] WARNING | Config option `kernel_spec_manager_class` not recognized by `NbConvertApp`.
[NbConvertApp] Converting notebook ../notebooks/1.train_regression_multi_output.ipynb to script
[NbConvertApp] Writing 5645 bytes to 1.train_regression_multi_output.py
[NbConvertApp] Converting notebook ../notebooks/2.train_regression_multi_output_channel_selection.ipynb to script
[NbConvertApp] Writing 5822 bytes to 2.train_regression_multi_output_channel_selection.py
cell_type: SHSY5Y cytokine: CXCL4 [NSU] shuffle: True data: Gasdermin_ER_Mito_PM.parquet
SHSY5Y True CXCL4 [NSU]
shuffle: True
Shuffling data
[-1.30359093e-01 -3.92453677e-01 -1.26012721e-01 -1.15707869e-01
 -1.18308594e-02 -1.49584733e-01 -6.84774025e-02 -5.96180097e-03
 -8.94414080e-03 -1.03535373e-01 -1.62489071e-01 -1.11557323e-01
 -1.02779717e-01 -3.37194124e-02 -3.34744468e-02 -1.36603673e-01
 -1.28787371e-01 -1.52918404e-01 -2.15754178e-01 -4.72451402e-02
 -1.92611245e-01 -1.03627821e-01 -1.68999895e-02 -2.89481702e-01
 -4.85061418e-03 -2.15354526e-01 -3.99596796e-01 -8.26585778e-02
 -3.78491085e-02 -2.62243058e-01 -1.67433539e-01 -1.82195720e-02
 -8.50023118e-02 -7.92612916e-02 -2.97418108e-01 -1.78624428e-01
 -2.77176296e-02 -1.61838376e-01 -3.61962491e-01 -1.11502821e-01
 -1.24399889e-01 -6.29347491e-02 -1.35212532e-01 -2.47310740e-02
 -1.05127092e-01 -9.41335194e-02 -1.42184187e-02 -1.26806114e-01
 -1.33250396e-01 -1.19410560e-01 -3.41981535e-01 -1.46859612e-01
 -5.40534521e-02 -3.97328039e-02 -1.25155868e-01 -1.96923257e-01
 -4.13839580e-02 -4.41350886e-04 -1.86518101e-01 -1.51929385e-01
 -4.97589258e-02 -4.10809201e-02 -4.72430253e-01 -4.99758501e-01
 -1.78830442e-01 -3.16459922e-01 -5.91022049e-02 -2.54609250e-01
 -3.76344737e-02 -9.65989199e-02]
Mean MAE: -0.13662596981892947
Std MAE: 0.11277758461225008
R2: 0.0
