[NbConvertApp] WARNING | Config option `kernel_spec_manager_class` not recognized by `NbConvertApp`.
[NbConvertApp] Converting notebook ../notebooks/1.train_regression_multi_output.ipynb to script
[NbConvertApp] Writing 5645 bytes to 1.train_regression_multi_output.py
[NbConvertApp] Converting notebook ../notebooks/2.train_regression_multi_output_channel_selection.ipynb to script
[NbConvertApp] Writing 5822 bytes to 2.train_regression_multi_output_channel_selection.py
cell_type: PBMC cytokine: CCL18 [NSU] shuffle: True data: Gasdermin_ER_Mito_PM.parquet
PBMC True CCL18 [NSU]
shuffle: True
Shuffling data
[-5.25645003e-02 -3.51285266e-01 -6.15835651e-02 -7.09388500e-02
 -3.20992684e-02 -3.74714920e-01 -1.93286618e-01 -1.49685902e-02
 -6.78383338e-02 -2.35836303e-01 -7.75851131e-02 -2.82878129e-02
 -1.45310524e-01 -2.23738123e-01 -2.33844918e-01 -1.61846728e-02
 -3.10024852e-02 -1.76902749e-01 -4.62537676e-03 -8.82460862e-02
 -4.08022881e-02 -7.48992532e-02 -2.54935743e-01 -1.54269272e-01
 -1.46414862e-01 -5.69901413e-02 -1.00115831e-01 -3.79434506e-02
 -4.67919963e-02 -6.12017314e-02 -2.28025025e-01 -6.10188868e-02
 -1.91170992e-01 -6.72158916e-02 -1.33473895e-01 -6.21613902e-02
 -2.46430737e-01 -8.23571064e-02 -4.64739201e-02 -8.58932110e-02
 -4.05106060e-03 -2.89425171e-01 -4.75072234e-02 -2.54546801e-01
 -8.38145785e-02 -8.48481654e-02 -8.22899404e-02 -1.30821470e-03
 -2.74047340e-02 -2.29541854e-01 -1.58158946e-01 -2.38678217e-01
 -1.88745472e-01 -1.43730941e-02 -1.39212098e-01 -2.79613617e-01
 -7.50757006e-02 -1.29211451e-01 -2.87070562e-02 -1.93813334e-01
 -4.88949434e-02 -5.59204699e-02 -2.71616508e-02 -1.19802319e-01
 -2.75368337e-04 -5.16331798e-03 -3.48882860e-02 -7.00164636e-02]
Mean MAE: -0.11135116536538232
Std MAE: 0.0912240457658137
R2: 0.0
