[NbConvertApp] WARNING | Config option `kernel_spec_manager_class` not recognized by `NbConvertApp`.
[NbConvertApp] Converting notebook ../notebooks/1.train_regression_multi_output.ipynb to script
[NbConvertApp] Writing 5645 bytes to 1.train_regression_multi_output.py
[NbConvertApp] Converting notebook ../notebooks/2.train_regression_multi_output_channel_selection.ipynb to script
[NbConvertApp] Writing 5822 bytes to 2.train_regression_multi_output_channel_selection.py
cell_type: PBMC cytokine: VEGF-C [NSU] shuffle: True data: Gasdermin_ER_Mito_PM.parquet
PBMC True VEGF-C [NSU]
shuffle: True
Shuffling data
[-0.10644152 -0.06928356 -0.11123726 -0.10298277 -0.15882651 -0.06387088
 -0.10070379 -0.1037184  -0.06944762 -0.08819114 -0.19085183 -0.09419198
 -0.08790964 -0.08898315 -0.20947986 -0.00764839 -0.07654004 -0.1112639
 -0.1457964  -0.07471732 -0.03450973 -0.04598494 -0.06401519 -0.02754896
 -0.1178509  -0.10793216 -0.18287006 -0.15223228 -0.03282592 -0.05723853
 -0.0651886  -0.08354458 -0.11220419 -0.05208013 -0.02162262 -0.18455745
 -0.11450671 -0.01092966 -0.16921371 -0.00294792 -0.21525751 -0.07368897
 -0.01580541 -0.17428332 -0.15521794 -0.11614864 -0.02528396 -0.12967733
 -0.05299468 -0.2502231  -0.10955924 -0.10989726 -0.1613848  -0.15006639
 -0.05803321 -0.12403595 -0.00921621 -0.12277982 -0.05784968 -0.11216854
 -0.0686066  -0.01280223 -0.06579229 -0.26049023 -0.02575201 -0.10196487
 -0.24749414 -0.19017132]
Mean MAE: -0.10144905670769476
Std MAE: 0.06189375886292272
R2: 0.5622875763503394
