[NbConvertApp] WARNING | Config option `kernel_spec_manager_class` not recognized by `NbConvertApp`.
[NbConvertApp] Converting notebook ../notebooks/1.train_regression_multi_output.ipynb to script
[NbConvertApp] Writing 5645 bytes to 1.train_regression_multi_output.py
[NbConvertApp] Converting notebook ../notebooks/2.train_regression_multi_output_channel_selection.ipynb to script
[NbConvertApp] Writing 5822 bytes to 2.train_regression_multi_output_channel_selection.py
cell_type: SHSY5Y cytokine: CCL24 [NSU] shuffle: False data: Gasdermin_ER_Mito_PM.parquet
SHSY5Y False CCL24 [NSU]
shuffle: False
Not shuffling data
[-0.05974828 -0.11242563 -0.13525632 -0.08713923 -0.00828771 -0.03838382
 -0.15410562 -0.07989353 -0.35443168 -0.21048699 -0.03802938 -0.095581
 -0.070474   -0.33996433 -0.17998013 -0.02078181 -0.22632767 -0.26298373
 -0.05769839 -0.31100641 -0.19692346 -0.25058026 -0.04867351 -0.16806102
 -0.3479895  -0.49508111 -0.2580707  -0.18666043 -0.12385145 -0.02953193
 -0.25044037 -0.31815871 -0.07588877 -0.09922894 -0.04814543 -0.01308392
 -0.08980586 -0.00459187 -0.27545185 -0.01357689 -0.02553046 -0.19890094
 -0.07577439 -0.32529228 -0.07557462 -0.24127212 -0.19308364 -0.11779352
 -0.15764326 -0.18345001 -0.0326794  -0.00571865 -0.26496138 -0.0597795
 -0.02012217 -0.1286011  -0.24498484 -0.21049515 -0.01786028 -0.20187419
 -0.11203877 -0.1062837  -0.10961088 -0.26567697 -0.02388611 -0.26675907
 -0.03161373 -0.07282924 -0.08188693 -0.10133232]
Mean MAE: -0.14414416089720292
Std MAE: 0.10822673094637422
R2: 0.0
