[NbConvertApp] WARNING | Config option `kernel_spec_manager_class` not recognized by `NbConvertApp`.
[NbConvertApp] Converting notebook ../notebooks/1.train_regression_multi_output.ipynb to script
[NbConvertApp] Writing 5645 bytes to 1.train_regression_multi_output.py
[NbConvertApp] Converting notebook ../notebooks/2.train_regression_multi_output_channel_selection.ipynb to script
[NbConvertApp] Writing 5822 bytes to 2.train_regression_multi_output_channel_selection.py
cell_type: PBMC cytokine: CRP [NSU] shuffle: True data: Gasdermin_ER_Mito_PM.parquet
PBMC True CRP [NSU]
shuffle: True
Shuffling data
[-0.18544089 -0.06835406 -0.18326324 -0.0697127  -0.10958811 -0.13358588
 -0.19686482 -0.36060511 -0.02397711 -0.32619517 -0.16095487 -0.32966936
 -0.12483042 -0.03524575 -0.32901203 -0.0524077  -0.20106435 -0.21145305
 -0.02741649 -0.44562055 -0.40227096 -0.02493478 -0.05546397 -0.02838608
 -0.36453962 -0.23321333 -0.06767062 -0.02996939 -0.00053792 -0.0191158
 -0.16267395 -0.1985772  -0.08360489 -0.20866454 -0.24306644 -0.01799671
 -0.16799424 -0.07073483 -0.0073441  -0.16654142 -0.1914043  -0.04343535
 -0.17839423 -0.13654448 -0.05988583 -0.29908798 -0.0703278  -0.09699134
 -0.06745124 -0.21314639 -0.11901431 -0.00185152 -0.13793969 -0.1282759
 -0.09745722 -0.20411131 -0.34221402 -0.44145608 -0.18123054 -0.05410558
 -0.0246172  -0.44087424 -0.10801346 -0.38824977 -0.13063974 -0.12149176
 -0.20749092 -0.02434562]
Mean MAE: -0.1564501509219168
Std MAE: 0.12064062037077466
R2: 0.0
