[NbConvertApp] WARNING | Config option `kernel_spec_manager_class` not recognized by `NbConvertApp`.
[NbConvertApp] Converting notebook ../notebooks/1.train_regression_multi_output.ipynb to script
[NbConvertApp] Writing 5645 bytes to 1.train_regression_multi_output.py
[NbConvertApp] Converting notebook ../notebooks/2.train_regression_multi_output_channel_selection.ipynb to script
[NbConvertApp] Writing 5822 bytes to 2.train_regression_multi_output_channel_selection.py
cell_type: SHSY5Y cytokine: EGFR [NSU] shuffle: True data: Gasdermin_ER_Mito_PM.parquet
SHSY5Y True EGFR [NSU]
shuffle: True
Shuffling data
[-0.12018827 -0.235864   -0.04499691 -0.08948293 -0.06143407 -0.52058776
 -0.11115198 -0.37999515 -0.02940224 -0.03478047 -0.30417025 -0.02200327
 -0.05456739 -0.03223356 -0.20925771 -0.14756478 -0.03715646 -0.02388957
 -0.12240697 -0.09750712 -0.15754417 -0.13157299 -0.06119462 -0.2925579
 -0.01404156 -0.38386597 -0.14176886 -0.0816312  -0.26958571 -0.1551457
 -0.04013151 -0.02894418 -0.35106015 -0.05301753 -0.0454377  -0.02793538
 -0.2273068  -0.00531556 -0.37851969 -0.04580278 -0.22529242 -0.24794946
 -0.05328489 -0.0138892  -0.08128596 -0.19333814 -0.26888732 -0.10907345
 -0.39915068 -0.03309847 -0.07796722 -0.15864591 -0.35785273 -0.17669768
 -0.21459941 -0.0806925  -0.0715644  -0.2566464  -0.02846977 -0.03969454
 -0.01047249 -0.18443857 -0.27928953 -0.02658837 -0.10077389 -0.23371426
 -0.20298946 -0.16075433 -0.02423937 -0.00679767]
Mean MAE: -0.1412737044063799
Std MAE: 0.11965691948433568
R2: 0.636748267485552
