[NbConvertApp] WARNING | Config option `kernel_spec_manager_class` not recognized by `NbConvertApp`.
[NbConvertApp] Converting notebook ../notebooks/1.train_regression_multi_output.ipynb to script
[NbConvertApp] Writing 5645 bytes to 1.train_regression_multi_output.py
[NbConvertApp] Converting notebook ../notebooks/2.train_regression_multi_output_channel_selection.ipynb to script
[NbConvertApp] Writing 5822 bytes to 2.train_regression_multi_output_channel_selection.py
cell_type: PBMC cytokine: IL-22 [NSU] shuffle: True data: Gasdermin_ER_Mito_PM.parquet
PBMC True IL-22 [NSU]
shuffle: True
Shuffling data
[-0.07129075 -0.22946514 -0.02035591 -0.17899587 -0.35945478 -0.10316332
 -0.0070864  -0.20819136 -0.09375728 -0.00975255 -0.08703582 -0.09087564
 -0.15401829 -0.06606613 -0.39918719 -0.01750792 -0.26600127 -0.03096729
 -0.19812335 -0.0710832  -0.02955884 -0.14481975 -0.01618989 -0.34333472
 -0.29073868 -0.07477138 -0.37524029 -0.40279116 -0.17365475 -0.21432938
 -0.07173333 -0.39985187 -0.00435335 -0.11302802 -0.11834311 -0.19065381
 -0.00783147 -0.10650436 -0.03670477 -0.54640562 -0.23889617 -0.00808831
 -0.16381962 -0.07531534 -0.09220855 -0.02310252 -0.22422795 -0.37496238
 -0.08951796 -0.00431585 -0.13288988 -0.14227144 -0.17291536 -0.15621589
 -0.24972786 -0.25086723 -0.12767271 -0.08155155 -0.36307038 -0.41347006
 -0.32324021 -0.05292038 -0.24490295 -0.03200623 -0.04514732 -0.29269416
 -0.05900605 -0.04192859]
Mean MAE: -0.15882604294145763
Std MAE: 0.1293284300216195
R2: 0.1842422688570663
