[NbConvertApp] WARNING | Config option `kernel_spec_manager_class` not recognized by `NbConvertApp`.
[NbConvertApp] Converting notebook ../notebooks/1.train_regression_multi_output.ipynb to script
[NbConvertApp] Writing 5645 bytes to 1.train_regression_multi_output.py
[NbConvertApp] Converting notebook ../notebooks/2.train_regression_multi_output_channel_selection.ipynb to script
[NbConvertApp] Writing 5822 bytes to 2.train_regression_multi_output_channel_selection.py
cell_type: PBMC cytokine: uPA [NSU] shuffle: True data: Gasdermin_ER_Mito_PM.parquet
PBMC True uPA [NSU]
shuffle: True
Shuffling data
[-1.64469218e-01 -8.04137958e-02 -2.10585915e-02 -6.68768992e-02
 -9.44473806e-02 -1.99174551e-01 -1.12634836e-01 -1.09705719e-01
 -1.50129214e-01 -1.04947175e-01 -1.67979307e-01 -8.85984438e-02
 -1.42910028e-01 -1.19219971e-01 -8.85361271e-02 -2.03807570e-01
 -8.43313111e-02 -1.79331926e-01 -4.05681602e-02 -6.57477297e-02
 -1.42864220e-02 -2.46688251e-01 -5.68029618e-03 -3.18391783e-02
 -1.62881013e-02 -1.34301567e-01 -1.09708142e-01 -3.38084801e-02
 -1.97096252e-02 -6.23047773e-02 -7.95562486e-02 -4.55493314e-02
 -3.67467073e-02 -1.39450126e-02 -1.49665205e-01 -9.22272847e-02
 -1.56896531e-03 -1.34621159e-01 -4.55530793e-02 -7.70224093e-02
 -2.04213959e-01 -2.64772296e-01 -4.96331035e-02 -1.42401266e-01
 -3.16947862e-02 -9.13085391e-02 -4.87348229e-02 -5.43035110e-02
 -5.62241729e-04 -1.58824843e-01 -8.61212963e-02 -1.14636217e-01
 -4.44544275e-01 -1.83067042e-02 -1.61689555e-01 -9.95453516e-03
 -7.44224903e-01 -4.69691438e-01 -5.99101138e-01 -1.07953124e-01
 -8.29180039e-02 -9.65538793e-02 -4.03336490e-01 -2.80047973e-01
 -1.29327683e-01 -2.65326011e-02 -3.46711674e-02 -8.79290726e-02]
Mean MAE: -0.12617570034469883
Std MAE: 0.1350817998252895
R2: 0.0
