[NbConvertApp] WARNING | Config option `kernel_spec_manager_class` not recognized by `NbConvertApp`.
[NbConvertApp] Converting notebook ../notebooks/1.train_regression_multi_output.ipynb to script
[NbConvertApp] Writing 5645 bytes to 1.train_regression_multi_output.py
[NbConvertApp] Converting notebook ../notebooks/2.train_regression_multi_output_channel_selection.ipynb to script
[NbConvertApp] Writing 5822 bytes to 2.train_regression_multi_output_channel_selection.py
cell_type: SHSY5Y cytokine: IL-3 [NSU] shuffle: True data: Gasdermin_ER_Mito_PM.parquet
SHSY5Y True IL-3 [NSU]
shuffle: True
Shuffling data
[-0.2136084  -0.14259277 -0.36148556 -0.2166909  -0.20077639 -0.36628878
 -0.29387977 -0.26042604 -0.21505248 -0.14853342 -0.08290766 -0.15364603
 -0.08543819 -0.05827232 -0.07747686 -0.23857037 -0.26325851 -0.14175364
 -0.25447197 -0.19362947 -0.31023684 -0.1123439  -0.16759966 -0.13466149
 -0.05180709 -0.25994494 -0.29019389 -0.11582732 -0.1504784  -0.07231101
 -0.10925263 -0.04971853 -0.21389188 -0.09811014 -0.45275067 -0.37891241
 -0.1448319  -0.36190005 -0.22899873 -0.29696509 -0.01515553 -0.34219512
 -0.2013523  -0.35043367 -0.20686815 -0.1386453  -0.51185189 -0.06359391
 -0.12096718 -0.19455101 -0.04125829 -0.04398007 -0.00590508 -0.37934098
 -0.53373889 -0.06228203 -0.2752119  -0.22160229 -0.3285135  -0.08614173
 -0.04571442 -0.15751506 -0.13033405 -0.1706191  -0.13882492 -0.02996486
 -0.03096066 -0.41422163 -0.12080951 -0.18282383]
Mean MAE: -0.1930696132248614
Std MAE: 0.12190245522414916
R2: 0.5123835558211546
