[NbConvertApp] WARNING | Config option `kernel_spec_manager_class` not recognized by `NbConvertApp`.
[NbConvertApp] Converting notebook ../notebooks/1.train_regression_multi_output.ipynb to script
[NbConvertApp] Writing 5645 bytes to 1.train_regression_multi_output.py
[NbConvertApp] Converting notebook ../notebooks/2.train_regression_multi_output_channel_selection.ipynb to script
[NbConvertApp] Writing 5822 bytes to 2.train_regression_multi_output_channel_selection.py
cell_type: SHSY5Y cytokine: FGFR3 (IIIc) [NSU] shuffle: True data: Gasdermin_ER_Mito_PM.parquet
SHSY5Y True FGFR3 (IIIc) [NSU]
shuffle: True
Shuffling data
[-0.13081542 -0.11112666 -0.02896172 -0.0044625  -0.08294664 -0.02820732
 -0.00185153 -0.20428539 -0.03447371 -0.02845845 -0.25601706 -0.18558506
 -0.59533843 -0.07360648 -0.07568366 -0.31231817 -0.0873492  -0.14515072
 -0.06145841 -0.01629382 -0.1784994  -0.06148293 -0.08766876 -0.09433228
 -0.20149909 -0.0157013  -0.40806666 -0.14603912 -0.105544   -0.01506879
 -0.15474737 -0.11879611 -0.17294475 -0.18767651 -0.27403683 -0.28252608
 -0.13905871 -0.23492995 -0.0503737  -0.05214338 -0.11365478 -0.13172201
 -0.39807587 -0.01330981 -0.10940329 -0.23357735 -0.35827954 -0.07274099
 -0.18661812 -0.05947417 -0.09930375 -0.1528714  -0.35759265 -0.04264291
 -0.22166945 -0.14475311 -0.00590074 -0.01939266 -0.45956574 -0.18244836
 -0.23187928 -0.1666656  -0.49925285 -0.19561367 -0.0621904  -0.00445012
 -0.03941535 -0.19960951 -0.25991818 -0.13869814]
Mean MAE: -0.15151736952834252
Std MAE: 0.12576859389971343
R2: 0.0
