[NbConvertApp] WARNING | Config option `kernel_spec_manager_class` not recognized by `NbConvertApp`.
[NbConvertApp] Converting notebook ../notebooks/1.train_regression_multi_output.ipynb to script
[NbConvertApp] Writing 5645 bytes to 1.train_regression_multi_output.py
[NbConvertApp] Converting notebook ../notebooks/2.train_regression_multi_output_channel_selection.ipynb to script
[NbConvertApp] Writing 5822 bytes to 2.train_regression_multi_output_channel_selection.py
cell_type: PBMC cytokine: CD276 (B7-H3) [NSU] shuffle: False data: Gasdermin_ER_Mito_PM.parquet
PBMC False CD276 (B7-H3) [NSU]
shuffle: False
Not shuffling data
[-0.01977957 -0.06261012 -0.13030891 -0.42797653 -0.16736623 -0.07395676
 -0.21569004 -0.04191096 -0.04182535 -0.17510882 -0.28194725 -0.02757065
 -0.17001777 -0.34876402 -0.20522417 -0.07805981 -0.30963948 -0.22663812
 -0.07574623 -0.08799845 -0.01633365 -0.14391226 -0.02161871 -0.0129514
 -0.38332584 -0.16103874 -0.0139033  -0.14732336 -0.26551486 -0.01089737
 -0.07731148 -0.10506546 -0.10914208 -0.26656693 -0.09595675 -0.1742645
 -0.12729028 -0.09334445 -0.08042659 -0.07840413 -0.09668575 -0.17764157
 -0.12839704 -0.07002948 -0.16890329 -0.13538418 -0.08102271 -0.10024768
 -0.03363572 -0.09654892 -0.2149846  -0.07290137 -0.16868254 -0.05108295
 -0.22021646 -0.01558435 -0.12483986 -0.00647865 -0.23407411 -0.24127434
 -0.16533634 -0.28829483 -0.1522707  -0.16076251 -0.18426563 -0.15022358
 -0.22854889 -0.0395253 ]
Mean MAE: -0.13765550987512765
Std MAE: 0.09392569671352653
R2: 0.16774107727321907
