[NbConvertApp] WARNING | Config option `kernel_spec_manager_class` not recognized by `NbConvertApp`.
[NbConvertApp] Converting notebook ../notebooks/1.train_regression_multi_output.ipynb to script
[NbConvertApp] Writing 5645 bytes to 1.train_regression_multi_output.py
[NbConvertApp] Converting notebook ../notebooks/2.train_regression_multi_output_channel_selection.ipynb to script
[NbConvertApp] Writing 5822 bytes to 2.train_regression_multi_output_channel_selection.py
cell_type: PBMC cytokine: APRIL [NSU] shuffle: True data: Gasdermin_ER_Mito_PM.parquet
PBMC True APRIL [NSU]
shuffle: True
Shuffling data
[-0.05827785 -0.10811015 -0.27581283 -0.05591194 -0.13122377 -0.01467508
 -0.03256048 -0.26245879 -0.00646149 -0.14617853 -0.22875426 -0.09496247
 -0.08519928 -0.05697325 -0.35299818 -0.08344848 -0.07563661 -0.47148177
 -0.0649341  -0.05266425 -0.00169209 -0.13326639 -0.00272298 -0.17088797
 -0.11540221 -0.15158008 -0.11875825 -0.11967384 -0.14390781 -0.03721279
 -0.00216238 -0.48482728 -0.45071008 -0.13475643 -0.33335142 -0.05058774
 -0.0362351  -0.0191352  -0.10475433 -0.04194796 -0.05377139 -0.05887093
 -0.18831206 -0.16834544 -0.19479976 -0.09690436 -0.22539567 -0.06080372
 -0.15850999 -0.26720317 -0.3059811  -0.08158134 -0.04360614 -0.04766261
 -0.23900148 -0.21454422 -0.11757082 -0.03046534 -0.19824816 -0.0581832
 -0.33241619 -0.16477297 -0.17074697 -0.18486624 -0.00221673 -0.06642101
 -0.16131456 -0.02824998]
Mean MAE: -0.13578031555109552
Std MAE: 0.1132316417066212
R2: 0.0
