[NbConvertApp] WARNING | Config option `kernel_spec_manager_class` not recognized by `NbConvertApp`.
[NbConvertApp] Converting notebook ../notebooks/1.train_regression_multi_output.ipynb to script
[NbConvertApp] Writing 5645 bytes to 1.train_regression_multi_output.py
[NbConvertApp] Converting notebook ../notebooks/2.train_regression_multi_output_channel_selection.ipynb to script
[NbConvertApp] Writing 5822 bytes to 2.train_regression_multi_output_channel_selection.py
cell_type: SHSY5Y cytokine: IL-16 [NSU] shuffle: True data: Gasdermin_ER_Mito_PM.parquet
SHSY5Y True IL-16 [NSU]
shuffle: True
Shuffling data
[-0.03438051 -0.07423777 -0.13969927 -0.01551723 -0.01881395 -0.30529132
 -0.02384999 -0.13967512 -0.08322695 -0.20925532 -0.22088866 -0.02662103
 -0.03829195 -0.05141023 -0.00509138 -0.05408654 -0.00883359 -0.07092769
 -0.17960675 -0.04926469 -0.0257974  -0.16686639 -0.05655222 -0.07035817
 -0.00905806 -0.05933269 -0.07461512 -0.00701897 -0.12453842 -0.0078307
 -0.10762689 -0.13919886 -0.07845511 -0.18877079 -0.27685148 -0.00531826
 -0.24081991 -0.1320587  -0.17118691 -0.18801768 -0.10148739 -0.04580745
 -0.01007574 -0.05271638 -0.00527368 -0.12702658 -0.03485231 -0.01761085
 -0.11021733 -0.11203446 -0.00909024 -0.09745366 -0.01770935 -0.11912071
 -0.29465286 -0.03045128 -0.02233818 -0.29538123 -0.22918059 -0.19599167
 -0.0732287  -0.08285004 -0.00762661 -0.32251153 -0.30893842 -0.18026119
 -0.01098365 -0.13302671 -0.03486163 -0.03697994]
Mean MAE: -0.0999854721105454
Std MAE: 0.08873220317791149
R2: 0.8952580797876245
