[NbConvertApp] WARNING | Config option `kernel_spec_manager_class` not recognized by `NbConvertApp`.
[NbConvertApp] Converting notebook ../notebooks/1.train_regression_multi_output.ipynb to script
[NbConvertApp] Writing 5645 bytes to 1.train_regression_multi_output.py
[NbConvertApp] Converting notebook ../notebooks/2.train_regression_multi_output_channel_selection.ipynb to script
[NbConvertApp] Writing 5822 bytes to 2.train_regression_multi_output_channel_selection.py
cell_type: SHSY5Y cytokine: IL-5 [NSU] shuffle: True data: Gasdermin_ER_Mito_PM.parquet
SHSY5Y True IL-5 [NSU]
shuffle: True
Shuffling data
[-0.00826827 -0.05296108 -0.00137686 -0.06752946 -0.05468231 -0.04225253
 -0.23073718 -0.02330679 -0.05463969 -0.10686671 -0.06255658 -0.01003324
 -0.24639436 -0.07371501 -0.10521512 -0.08656714 -0.01590532 -0.09724442
 -0.12515637 -0.10971852 -0.1125701  -0.08950442 -0.02578247 -0.11612592
 -0.08545055 -0.07773974 -0.06521112 -0.01070898 -0.1617325  -0.00225318
 -0.01089348 -0.02137926 -0.09995838 -0.0189902  -0.06314785 -0.03031377
 -0.05758269 -0.12152615 -0.09739201 -0.09119701 -0.14313342 -0.06563179
 -0.03160763 -0.10906169 -0.00451172 -0.03487769 -0.01112505 -0.06475601
 -0.03799768 -0.12745832 -0.03442578 -0.11220405 -0.09169973 -0.1479956
 -0.03809843 -0.04645832 -0.00431815 -0.01191828 -0.13661893 -0.03299964
 -0.02383537 -0.04136166 -0.04895995 -0.09358161 -0.17029381 -0.02019164
 -0.03655456 -0.78375558 -0.11185094 -0.04331342]
Mean MAE: -0.07993118788853255
Std MAE: 0.09936312169404864
R2: 0.0
