[NbConvertApp] WARNING | Config option `kernel_spec_manager_class` not recognized by `NbConvertApp`.
[NbConvertApp] Converting notebook ../notebooks/1.train_regression_multi_output.ipynb to script
[NbConvertApp] Writing 5645 bytes to 1.train_regression_multi_output.py
[NbConvertApp] Converting notebook ../notebooks/2.train_regression_multi_output_channel_selection.ipynb to script
[NbConvertApp] Writing 5822 bytes to 2.train_regression_multi_output_channel_selection.py
cell_type: SHSY5Y cytokine: CCL22 [NSU] shuffle: True data: Gasdermin_ER_Mito_PM.parquet
SHSY5Y True CCL22 [NSU]
shuffle: True
Shuffling data
[-0.31337211 -0.2365981  -0.21799774 -0.00666357 -0.1665854  -0.27480689
 -0.02323897 -0.07311025 -0.32182277 -0.04153569 -0.08119709 -0.04661566
 -0.07357144 -0.29321974 -0.14049466 -0.2785754  -0.04703731 -0.10458757
 -0.34179149 -0.04400595 -0.23362419 -0.0068993  -0.02747337 -0.08574896
 -0.12309414 -0.01133485 -0.17410746 -0.10743919 -0.47247588 -0.1509021
 -0.16704789 -0.0258378  -0.2008951  -0.0663693  -0.08812381 -0.17871289
 -0.00378004 -0.18784053 -0.29370711 -0.09928067 -0.20799507 -0.04315391
 -0.01102247 -0.04061895 -0.19279199 -0.101079   -0.06717483 -0.43867516
 -0.3260249  -0.02247116 -0.07410573 -0.11213338 -0.00988921 -0.03407013
 -0.38840752 -0.23879454 -0.13657203 -0.00894834 -0.07845958 -0.09934896
 -0.21894023 -0.09403481 -0.05658518 -0.21300606 -0.30384584 -0.08086539
 -0.23606291 -0.22303257 -0.17482271 -0.12227261]
Mean MAE: -0.1455246794612776
Std MAE: 0.11267593765661164
R2: 0.13388593797176918
