[NbConvertApp] WARNING | Config option `kernel_spec_manager_class` not recognized by `NbConvertApp`.
[NbConvertApp] Converting notebook ../notebooks/1.train_regression_multi_output.ipynb to script
[NbConvertApp] Writing 5645 bytes to 1.train_regression_multi_output.py
[NbConvertApp] Converting notebook ../notebooks/2.train_regression_multi_output_channel_selection.ipynb to script
[NbConvertApp] Writing 5822 bytes to 2.train_regression_multi_output_channel_selection.py
cell_type: SHSY5Y cytokine: IL-6 [NSU] shuffle: True data: Gasdermin_ER_Mito_PM.parquet
SHSY5Y True IL-6 [NSU]
shuffle: True
Shuffling data
[-0.15996877 -0.14645402 -0.00987039 -0.01390115 -0.04254094 -0.10938631
 -0.00940592 -0.20468064 -0.34623665 -0.0543011  -0.07031094 -0.00742332
 -0.42608535 -0.01024929 -0.02622398 -0.3272405  -0.24521494 -0.10665244
 -0.03460337 -0.40641368 -0.16619766 -0.14460643 -0.05199206 -0.23348058
 -0.03065849 -0.06461443 -0.19670427 -0.1706338  -0.10194893 -0.1925738
 -0.14413544 -0.30645136 -0.0016327  -0.01282961 -0.40930744 -0.19050466
 -0.31341034 -0.13421479 -0.04476483 -0.3067889  -0.10769078 -0.03172801
 -0.08672409 -0.14181749 -0.20495467 -0.02953889 -0.03945969 -0.1215031
 -0.12175189 -0.26441256 -0.07301582 -0.21515949 -0.39929008 -0.00807074
 -0.21500897 -0.19559358 -0.017839   -0.11565156 -0.80694236 -0.36441539
 -0.09707171 -0.33455671 -0.53106894 -0.39584923 -0.06129003 -0.00621443
 -0.42889149 -0.14460115 -0.02002508 -0.30907773]
Mean MAE: -0.16948327031498067
Std MAE: 0.15338019607526193
R2: 0.16964000522810796
