[NbConvertApp] WARNING | Config option `kernel_spec_manager_class` not recognized by `NbConvertApp`.
[NbConvertApp] Converting notebook ../notebooks/1.train_regression_multi_output.ipynb to script
[NbConvertApp] Writing 5645 bytes to 1.train_regression_multi_output.py
[NbConvertApp] Converting notebook ../notebooks/2.train_regression_multi_output_channel_selection.ipynb to script
[NbConvertApp] Writing 5822 bytes to 2.train_regression_multi_output_channel_selection.py
cell_type: SHSY5Y cytokine: IL-3 [NSU] shuffle: True data: Gasdermin_ER_Mito_PM.parquet
SHSY5Y True IL-3 [NSU]
shuffle: True
Shuffling data
[-0.24876663 -0.08033211 -0.29547097 -0.29676408 -0.06194592 -0.39499418
 -0.04383158 -0.32421349 -0.36279388 -0.20141669 -0.15942526 -0.01755087
 -0.01471237 -0.08330082 -0.04031274 -0.23379333 -0.38169044 -0.10060525
 -0.22293241 -0.22195942 -0.39599377 -0.04484941 -0.11663752 -0.12211482
 -0.08153372 -0.29884905 -0.35408279 -0.1020504  -0.19797891 -0.15523752
 -0.04408533 -0.02762565 -0.27938357 -0.15455534 -0.416925   -0.28891395
 -0.16883115 -0.31507848 -0.26448152 -0.31274714 -0.00527347 -0.24343608
 -0.06263198 -0.28590592 -0.09684971 -0.27703658 -0.47244847 -0.40120669
 -0.0849493  -0.14496642 -0.01335398 -0.05702166 -0.00848572 -0.48154587
 -0.56891505 -0.00808495 -0.15507706 -0.09261432 -0.39635571 -0.22869335
 -0.15064589 -0.19817411 -0.24813446 -0.15310055 -0.26304488 -0.40234701
 -0.0659155  -0.46442105 -0.09215415 -0.19287033]
Mean MAE: -0.20349182422950313
Std MAE: 0.13920081139725926
R2: 0.20695575738038885
