[NbConvertApp] WARNING | Config option `kernel_spec_manager_class` not recognized by `NbConvertApp`.
[NbConvertApp] Converting notebook ../notebooks/1.train_regression_multi_output.ipynb to script
[NbConvertApp] Writing 5645 bytes to 1.train_regression_multi_output.py
[NbConvertApp] Converting notebook ../notebooks/2.train_regression_multi_output_channel_selection.ipynb to script
[NbConvertApp] Writing 5822 bytes to 2.train_regression_multi_output_channel_selection.py
cell_type: PBMC cytokine: CCL19 [NSU] shuffle: True data: Gasdermin_ER_Mito_PM.parquet
PBMC True CCL19 [NSU]
shuffle: True
Shuffling data
[-0.06354465 -0.14219181 -0.26092902 -0.14959071 -0.20526846 -0.00547913
 -0.06215639 -0.0308338  -0.30518152 -0.18222305 -0.04014863 -0.14944955
 -0.08204526 -0.12477231 -0.05968591 -0.03824667 -0.02665868 -0.12504639
 -0.15289033 -0.03244818 -0.06041325 -0.09885    -0.03864496 -0.00293241
 -0.23413393 -0.08143266 -0.00334718 -0.15259836 -0.11599993 -0.44483217
 -0.07152243 -0.20262211 -0.05520954 -0.24759926 -0.24485014 -0.06175465
 -0.16433825 -0.04021444 -0.08345334 -0.01171133 -0.13659285 -0.40062078
 -0.15080767 -0.18399419 -0.01430526 -0.11440068 -0.37723229 -0.05944472
 -0.25902462 -0.1179863  -0.05433344 -0.00507006 -0.0477609  -0.1796525
 -0.05768498 -0.00692274 -0.05012893 -0.31958159 -0.09473448 -0.44039909
 -0.1297132  -0.20754093 -0.15064702 -0.30383067 -0.08674476 -0.12764678
 -0.00797345 -0.19007489]
Mean MAE: -0.13132500830783927
Std MAE: 0.1076248542369172
R2: 0.0
