[NbConvertApp] WARNING | Config option `kernel_spec_manager_class` not recognized by `NbConvertApp`.
[NbConvertApp] Converting notebook ../notebooks/1.train_regression_multi_output.ipynb to script
[NbConvertApp] Writing 5645 bytes to 1.train_regression_multi_output.py
[NbConvertApp] Converting notebook ../notebooks/2.train_regression_multi_output_channel_selection.ipynb to script
[NbConvertApp] Writing 5822 bytes to 2.train_regression_multi_output_channel_selection.py
cell_type: SHSY5Y cytokine: IL-1 R1 [NSU] shuffle: False data: Gasdermin_ER_Mito_PM.parquet
SHSY5Y False IL-1 R1 [NSU]
shuffle: False
Not shuffling data
[-1.24816879e-03 -1.42672586e-01 -8.29412375e-02 -1.32078607e-01
 -1.92849604e-01 -9.85983995e-02 -9.49763095e-02 -1.24953299e-01
 -1.57079802e-01 -2.74563029e-01 -1.51239698e-01 -1.79172563e-02
 -2.07811418e-01 -1.62477927e-03 -1.63725193e-02 -4.14005347e-02
 -2.76976537e-01 -9.67833221e-03 -6.11450333e-03 -6.16535060e-02
 -2.45409801e-01 -1.65366062e-01 -1.17898943e-01 -2.25030770e-01
 -1.71255314e-02 -9.97270752e-02 -1.09210247e-01 -2.69014187e-01
 -1.12884072e-01 -9.50045326e-02 -4.07436328e-04 -2.21879161e-01
 -1.19776973e-01 -2.57552252e-02 -9.63504947e-02 -2.57716082e-01
 -8.86966053e-02 -4.17445927e-01 -3.54629008e-02 -1.03750634e-01
 -3.88474510e-01 -1.46143508e-01 -1.65158745e-01 -1.96675669e-02
 -2.64264243e-04 -1.44404400e-01 -2.09326238e-01 -4.95016101e-02
 -1.75505041e-01 -1.24375309e-01 -1.87606803e-01 -3.78568041e-01
 -8.29521481e-02 -3.05862906e-02 -3.70972184e-01 -1.20854912e-01
 -1.52003008e-01 -3.86795571e-02 -2.07535682e-01 -1.84857828e-02
 -3.76631968e-02 -2.05056039e-01 -5.09980878e-01 -7.45594752e-02
 -8.47679640e-02 -1.43210156e-01 -1.33231071e-01 -1.25308660e-01
 -1.50629675e-01 -1.35501048e-01]
Mean MAE: -0.13610909360830528
Std MAE: 0.10705160772776343
R2: 0.0355876507026166
