[NbConvertApp] WARNING | Config option `kernel_spec_manager_class` not recognized by `NbConvertApp`.
[NbConvertApp] Converting notebook ../notebooks/1.train_regression_multi_output.ipynb to script
[NbConvertApp] Writing 5645 bytes to 1.train_regression_multi_output.py
[NbConvertApp] Converting notebook ../notebooks/2.train_regression_multi_output_channel_selection.ipynb to script
[NbConvertApp] Writing 5822 bytes to 2.train_regression_multi_output_channel_selection.py
cell_type: PBMC cytokine: IL-17D [NSU] shuffle: True data: Gasdermin_ER_Mito_PM.parquet
PBMC True IL-17D [NSU]
shuffle: True
Shuffling data
[-0.01599898 -0.00627434 -0.47531443 -0.14792945 -0.00409482 -0.15970002
 -0.03509559 -0.29969458 -0.35270879 -0.08205672 -0.11091536 -0.09140708
 -0.12398904 -0.17092094 -0.32674031 -0.34140497 -0.15899111 -0.23370194
 -0.1142768  -0.02611182 -0.07547791 -0.11530501 -0.26374436 -0.50683356
 -0.13740076 -0.09393822 -0.08557617 -0.05899699 -0.03861012 -0.34144697
 -0.00584899 -0.45052836 -0.13168709 -0.20442661 -0.18758905 -0.41029091
 -0.2866298  -0.30432459 -0.27315736 -0.16326861 -0.13348323 -0.01220666
 -0.35404742 -0.15625672 -0.16743178 -0.28803395 -0.18241572 -0.07140154
 -0.00209181 -0.37710898 -0.00948959 -0.06051261 -0.29158492 -0.15890137
 -0.2427525  -0.349436   -0.22287275 -0.40441829 -0.29293607 -0.06366249
 -0.08552057 -0.21631109 -0.01706119 -0.07029559 -0.45972441 -0.27514785
 -0.18683528 -0.15327868]
Mean MAE: -0.18702393512506021
Std MAE: 0.1331459077189533
R2: 0.9997892538996703
