[NbConvertApp] WARNING | Config option `kernel_spec_manager_class` not recognized by `NbConvertApp`.
[NbConvertApp] Converting notebook ../notebooks/1.train_regression_multi_output.ipynb to script
[NbConvertApp] Writing 5645 bytes to 1.train_regression_multi_output.py
[NbConvertApp] Converting notebook ../notebooks/2.train_regression_multi_output_channel_selection.ipynb to script
[NbConvertApp] Writing 5822 bytes to 2.train_regression_multi_output_channel_selection.py
cell_type: SHSY5Y cytokine: IL-17D [NSU] shuffle: False data: Gasdermin_ER_Mito_PM.parquet
SHSY5Y False IL-17D [NSU]
shuffle: False
Not shuffling data
[-0.18200642 -0.01152139 -0.14533398 -0.11594037 -0.43762402 -0.16216436
 -0.16095731 -0.22984281 -0.37289387 -0.24012617 -0.20654343 -0.05465562
 -0.25801245 -0.15884568 -0.17213035 -0.2216321  -0.35261813 -0.12275143
 -0.0111775  -0.17846955 -0.02356827 -0.13683304 -0.04824649 -0.20233283
 -0.30323881 -0.33171252 -0.09136576 -0.16194941 -0.04080536 -0.1183257
 -0.19473419 -0.04834259 -0.35530388 -0.12335615 -0.34220451 -0.17279227
 -0.17433631 -0.21653709 -0.4075836  -0.17644565 -0.21481801 -0.35325168
 -0.17284341 -0.04691089 -0.16656619 -0.2055249  -0.2959088  -0.00828335
 -0.17980555 -0.50899992 -0.0147157  -0.36019414 -0.1397184  -0.29399305
 -0.13079692 -0.09025284 -0.1351671  -0.22726165 -0.12332812 -0.345989
 -0.13526955 -0.10944521 -0.11945503 -0.24834681 -0.49981866 -0.27249815
 -0.10909897 -0.06834968 -0.02084942 -0.0408015 ]
Mean MAE: -0.18719319951351784
Std MAE: 0.11836786564667695
R2: 0.3029701698751148
