[NbConvertApp] WARNING | Config option `kernel_spec_manager_class` not recognized by `NbConvertApp`.
[NbConvertApp] Converting notebook ../notebooks/1.train_regression_multi_output.ipynb to script
[NbConvertApp] Writing 5645 bytes to 1.train_regression_multi_output.py
[NbConvertApp] Converting notebook ../notebooks/2.train_regression_multi_output_channel_selection.ipynb to script
[NbConvertApp] Writing 5822 bytes to 2.train_regression_multi_output_channel_selection.py
cell_type: PBMC cytokine: CXCL5 [NSU] shuffle: True data: Gasdermin_ER_Mito_PM.parquet
PBMC True CXCL5 [NSU]
shuffle: True
Shuffling data
[-0.15918097 -0.13347565 -0.12776497 -0.37056898 -0.07156322 -0.24621169
 -0.28823643 -0.08587377 -0.3628035  -0.09861258 -0.23303926 -0.32230915
 -0.17690515 -0.25471694 -0.11394221 -0.19663094 -0.01094774 -0.4566571
 -0.28694652 -0.04019724 -0.00669331 -0.17980774 -0.10872236 -0.13688562
 -0.04772174 -0.2183571  -0.0254617  -0.08766448 -0.21952071 -0.09628752
 -0.11143794 -0.23638333 -0.12956347 -0.32585356 -0.09149602 -0.44429715
 -0.0753294  -0.06809686 -0.14050687 -0.00868772 -0.07311957 -0.13404882
 -0.01569199 -0.11901394 -0.2732883  -0.10683507 -0.01528444 -0.21905762
 -0.21955151 -0.47145805 -0.11657763 -0.34358032 -0.2623268  -0.1703354
 -0.02385092 -0.17496537 -0.10624449 -0.17224949 -0.41764923 -0.0853121
 -0.2260327  -0.21967283 -0.14755843 -0.24489187 -0.05086969 -0.01716867
 -0.42385306 -0.06747252]
Mean MAE: -0.17225469722872908
Std MAE: 0.1197522010095144
R2: 0.38891395068304324
