[NbConvertApp] WARNING | Config option `kernel_spec_manager_class` not recognized by `NbConvertApp`.
[NbConvertApp] Converting notebook ../notebooks/1.train_regression_multi_output.ipynb to script
[NbConvertApp] Writing 5645 bytes to 1.train_regression_multi_output.py
[NbConvertApp] Converting notebook ../notebooks/2.train_regression_multi_output_channel_selection.ipynb to script
[NbConvertApp] Writing 5822 bytes to 2.train_regression_multi_output_channel_selection.py
cell_type: PBMC cytokine: IL-33 [NSU] shuffle: False data: Gasdermin_ER_Mito_PM.parquet
PBMC False IL-33 [NSU]
shuffle: False
Not shuffling data
[-0.02250387 -0.01183547 -0.05654609 -0.30143359 -0.04690711 -0.15667378
 -0.40295151 -0.12473841 -0.05721429 -0.06872047 -0.02840145 -0.06549507
 -0.16823191 -0.1318751  -0.05043581 -0.10727306 -0.04228652 -0.11748868
 -0.1269408  -0.08589223 -0.04616354 -0.12484773 -0.04431893 -0.06675302
 -0.0797066  -0.01566325 -0.00397028 -0.084554   -0.06163141 -0.00422707
 -0.03863128 -0.0704077  -0.14308386 -0.13703081 -0.04588559 -0.17460362
 -0.1542663  -0.136583   -0.09836789 -0.16913671 -0.10896469 -0.15345007
 -0.00145578 -0.02863637 -0.04361664 -0.1467256  -0.20033465 -0.02146733
 -0.10341988 -0.29368566 -0.03026188 -0.06495495 -0.13181111 -0.00963096
 -0.0293091  -0.13870294 -0.11539927 -0.13156602 -0.05651641 -0.11953647
 -0.02816989 -0.02882852 -0.10635392 -0.22387837 -0.1008377  -0.07756294
 -0.12336872 -0.15830523]
Mean MAE: -0.09780042441666172
Std MAE: 0.07368256004695295
R2: 0.5635235702917947
