[NbConvertApp] WARNING | Config option `kernel_spec_manager_class` not recognized by `NbConvertApp`.
[NbConvertApp] Converting notebook ../notebooks/1.train_regression_multi_output.ipynb to script
[NbConvertApp] Writing 5645 bytes to 1.train_regression_multi_output.py
[NbConvertApp] Converting notebook ../notebooks/2.train_regression_multi_output_channel_selection.ipynb to script
[NbConvertApp] Writing 5822 bytes to 2.train_regression_multi_output_channel_selection.py
cell_type: PBMC cytokine: IL-9 [NSU] shuffle: False data: Gasdermin_ER_Mito_PM.parquet
PBMC False IL-9 [NSU]
shuffle: False
Not shuffling data
[-0.03344589 -0.02728034 -0.35627439 -0.02765329 -0.16742507 -0.12360446
 -0.04634123 -0.08407638 -0.12277656 -0.14782242 -0.49797026 -0.17680253
 -0.30420375 -0.27953253 -0.0313145  -0.17853004 -0.1669405  -0.07040608
 -0.05825407 -0.08681554 -0.27739326 -0.2679188  -0.36219094 -0.06041686
 -0.19040675 -0.26934133 -0.15847611 -0.16387923 -0.20273525 -0.03891152
 -0.44934292 -0.08119816 -0.35082248 -0.07352857 -0.2545277  -0.34751909
 -0.06219394 -0.19014807 -0.01035887 -0.03388575 -0.37689956 -0.29289102
 -0.32509396 -0.26315401 -0.25865358 -0.14910122 -0.0006252  -0.05685367
 -0.117433   -0.19201178 -0.08318082 -0.0835814  -0.27763782 -0.16305978
 -0.32437443 -0.19246168 -0.00440074 -0.06464011 -0.13880772 -0.33729241
 -0.01924738 -0.12790626 -0.00324612 -0.0173195  -0.28721537 -0.18292027
 -0.13817893 -0.22867698]
Mean MAE: -0.16969897255295546
Std MAE: 0.1203730679984502
R2: 0.0
