[NbConvertApp] WARNING | Config option `kernel_spec_manager_class` not recognized by `NbConvertApp`.
[NbConvertApp] Converting notebook ../notebooks/1.train_regression_multi_output.ipynb to script
[NbConvertApp] Writing 5645 bytes to 1.train_regression_multi_output.py
[NbConvertApp] Converting notebook ../notebooks/2.train_regression_multi_output_channel_selection.ipynb to script
[NbConvertApp] Writing 5822 bytes to 2.train_regression_multi_output_channel_selection.py
cell_type: PBMC cytokine: EGF [NSU] shuffle: False data: Gasdermin_ER_Mito_PM.parquet
PBMC False EGF [NSU]
shuffle: False
Not shuffling data
[-0.10262338 -0.20889696 -0.41638282 -0.43812862 -0.36889182 -0.128803
 -0.080477   -0.10756062 -0.12965456 -0.39570373 -0.13175441 -0.14705586
 -0.01978423 -0.08147476 -0.37322091 -0.07146763 -0.03415456 -0.18223642
 -0.27417475 -0.16809354 -0.35316737 -0.2499924  -0.31242057 -0.00837515
 -0.04177614 -0.13378904 -0.45578133 -0.01118144 -0.11350509 -0.18756662
 -0.01424995 -0.11822147 -0.0414559  -0.2796985  -0.08846993 -0.35650392
 -0.41861248 -0.51571523 -0.01998987 -0.21064952 -0.07931456 -0.37060061
 -0.20705003 -0.09297316 -0.18148688 -0.21196721 -0.13143663 -0.0862309
 -0.22010604 -0.01961063 -0.07258294 -0.19106708 -0.00307985 -0.19812293
 -0.34021932 -0.31736537 -0.11442452 -0.31181186 -0.13290199 -0.12475045
 -0.15303957 -0.23724151 -0.20671964 -0.15898816 -0.21571488 -0.31194172
 -0.06648449 -0.00456684]
Mean MAE: -0.18460972478858356
Std MAE: 0.12910554315332323
R2: 0.08151808235542579
