[NbConvertApp] WARNING | Config option `kernel_spec_manager_class` not recognized by `NbConvertApp`.
[NbConvertApp] Converting notebook ../notebooks/1.train_regression_multi_output.ipynb to script
[NbConvertApp] Writing 5645 bytes to 1.train_regression_multi_output.py
[NbConvertApp] Converting notebook ../notebooks/2.train_regression_multi_output_channel_selection.ipynb to script
[NbConvertApp] Writing 5822 bytes to 2.train_regression_multi_output_channel_selection.py
cell_type: PBMC cytokine: SAA [NSU] shuffle: True data: Gasdermin_ER_Mito_PM.parquet
PBMC True SAA [NSU]
shuffle: True
Shuffling data
[-0.03195841 -0.20433749 -0.06154921 -0.05354364 -0.17929175 -0.01313476
 -0.11419815 -0.08670158 -0.27760249 -0.45892471 -0.20503915 -0.23276636
 -0.1721276  -0.04866297 -0.07977468 -0.1087308  -0.04457459 -0.24553854
 -0.13084813 -0.10637756 -0.19853774 -0.10562876 -0.14879584 -0.00777973
 -0.19116938 -0.20816269 -0.14486248 -0.2158534  -0.07595835 -0.04178041
 -0.46120835 -0.1060477  -0.22264699 -0.08214555 -0.32245333 -0.12870273
 -0.34971403 -0.08069369 -0.0345643  -0.14187875 -0.08223624 -0.38703708
 -0.10802484 -0.46279704 -0.29875082 -0.2178362  -0.11557248 -0.03825108
 -0.22830648 -0.06486731 -0.2576146  -0.22692961 -0.14977218 -0.24649747
 -0.1382867  -0.11188434 -0.0680468  -0.02094255 -0.49821484 -0.20455479
 -0.21099706 -0.21412818 -0.45141799 -0.18706207 -0.21857692 -0.21292825
 -0.12582186 -0.09183659]
Mean MAE: -0.17299204614009925
Std MAE: 0.11728728507910657
R2: 0.03767188399534693
