[NbConvertApp] WARNING | Config option `kernel_spec_manager_class` not recognized by `NbConvertApp`.
[NbConvertApp] Converting notebook ../notebooks/1.train_regression_multi_output.ipynb to script
[NbConvertApp] Writing 5645 bytes to 1.train_regression_multi_output.py
[NbConvertApp] Converting notebook ../notebooks/2.train_regression_multi_output_channel_selection.ipynb to script
[NbConvertApp] Writing 5822 bytes to 2.train_regression_multi_output_channel_selection.py
cell_type: PBMC cytokine: Amyloid beta [NSU] shuffle: True data: Gasdermin_ER_Mito_PM.parquet
PBMC True Amyloid beta [NSU]
shuffle: True
Shuffling data
[-0.05021412 -0.19488629 -0.03139069 -0.1218738  -0.10136041 -0.01270678
 -0.00422265 -0.15376168 -0.00253141 -0.05529217 -0.0811635  -0.21463407
 -0.43458826 -0.00760998 -0.36104109 -0.1362369  -0.1811785  -0.30679324
 -0.01295608 -0.1603163  -0.08131813 -0.39476492 -0.41838325 -0.30343318
 -0.21676294 -0.00831405 -0.06322194 -0.05856091 -0.1227182  -0.09945761
 -0.24500668 -0.12146511 -0.20180061 -0.25571017 -0.08468933 -0.10670187
 -0.21443976 -0.03127924 -0.38028086 -0.10063029 -0.28589704 -0.07972874
 -0.18837588 -0.14443084 -0.08377695 -0.23079466 -0.10668784 -0.09113661
 -0.23250223 -0.34317941 -0.34206052 -0.09480152 -0.36165014 -0.01212523
 -0.00940306 -0.24789766 -0.18257247 -0.07300571 -0.08716868 -0.0877125
 -0.05842175 -0.28980905 -0.10920664 -0.21130043 -0.00091087 -0.25033022
 -0.34860349 -0.18371979]
Mean MAE: -0.15986627843156342
Std MAE: 0.11755226409828816
R2: 0.8019395044797133
