[NbConvertApp] WARNING | Config option `kernel_spec_manager_class` not recognized by `NbConvertApp`.
[NbConvertApp] Converting notebook ../notebooks/1.train_regression_multi_output.ipynb to script
[NbConvertApp] Writing 5645 bytes to 1.train_regression_multi_output.py
[NbConvertApp] Converting notebook ../notebooks/2.train_regression_multi_output_channel_selection.ipynb to script
[NbConvertApp] Writing 5822 bytes to 2.train_regression_multi_output_channel_selection.py
cell_type: PBMC cytokine: CRP [NSU] shuffle: True data: Gasdermin_ER_Mito_PM.parquet
PBMC True CRP [NSU]
shuffle: True
Shuffling data
[-0.18544089 -0.06835406 -0.18326324 -0.0930735  -0.10958811 -0.13358588
 -0.19667186 -0.45946725 -0.01663016 -0.34704946 -0.18003928 -0.32966936
 -0.08148455 -0.03612163 -0.3623069  -0.0524077  -0.15476533 -0.19852463
 -0.02901343 -0.41312983 -0.40227096 -0.02493478 -0.05770431 -0.02838608
 -0.36453962 -0.25901085 -0.06767062 -0.02602827 -0.0211602  -0.0291046
 -0.16267395 -0.1985772  -0.06448682 -0.20866454 -0.24306644 -0.02293905
 -0.20455422 -0.10873889 -0.02264017 -0.18541065 -0.1914043  -0.05396266
 -0.18546739 -0.13654448 -0.05988583 -0.30599065 -0.1156781  -0.09699134
 -0.05471803 -0.21314639 -0.11202016 -0.03063184 -0.16488731 -0.1282759
 -0.10878221 -0.20411131 -0.34221402 -0.56779047 -0.1864381  -0.05410558
 -0.01485561 -0.59732506 -0.08106173 -0.38016402 -0.13063974 -0.12149176
 -0.19270862 -0.00697268]
Mean MAE: -0.16428550809756176
Std MAE: 0.13422583961289927
R2: 0.16638890851099086
