[NbConvertApp] WARNING | Config option `kernel_spec_manager_class` not recognized by `NbConvertApp`.
[NbConvertApp] Converting notebook ../notebooks/1.train_regression_multi_output.ipynb to script
[NbConvertApp] Writing 5645 bytes to 1.train_regression_multi_output.py
[NbConvertApp] Converting notebook ../notebooks/2.train_regression_multi_output_channel_selection.ipynb to script
[NbConvertApp] Writing 5822 bytes to 2.train_regression_multi_output_channel_selection.py
cell_type: PBMC cytokine: CCL24 [NSU] shuffle: False data: Gasdermin_ER_Mito_PM.parquet
PBMC False CCL24 [NSU]
shuffle: False
Not shuffling data
[-0.14962787 -0.15329859 -0.1460131  -0.11843137 -0.07590222 -0.04967436
 -0.0528766  -0.28330337 -0.34507715 -0.19930257 -0.1438047  -0.14964835
 -0.11214036 -0.14750359 -0.10696654 -0.01491069 -0.02288938 -0.04644883
 -0.1745604  -0.20782328 -0.12597516 -0.02130296 -0.17940686 -0.15534581
 -0.04179863 -0.24303721 -0.17546586 -0.04059593 -0.13517843 -0.06464696
 -0.04980688 -0.05944013 -0.00181533 -0.00668035 -0.181669   -0.2871891
 -0.1208972  -0.02485685 -0.17966979 -0.26956986 -0.03189808 -0.04304837
 -0.20444015 -0.00174342 -0.48248271 -0.24188299 -0.14643631 -0.04396751
 -0.22792951 -0.70177333 -0.00819664 -0.02015504 -0.04853082 -0.15488409
 -0.09826226 -0.01127459 -0.22185908 -0.20579078 -0.30601399 -0.36068967
 -0.10081238 -0.30640184 -0.0281733  -0.02549446 -0.14505087 -0.25559866
 -0.09609212 -0.02035304]
Mean MAE: -0.14123217132438234
Std MAE: 0.1229325435015501
R2: 0.0
