[NbConvertApp] WARNING | Config option `kernel_spec_manager_class` not recognized by `NbConvertApp`.
[NbConvertApp] Converting notebook ../notebooks/1.train_regression_multi_output.ipynb to script
[NbConvertApp] Writing 5645 bytes to 1.train_regression_multi_output.py
[NbConvertApp] Converting notebook ../notebooks/2.train_regression_multi_output_channel_selection.ipynb to script
[NbConvertApp] Writing 5822 bytes to 2.train_regression_multi_output_channel_selection.py
cell_type: PBMC cytokine: IL-35 [NSU] shuffle: True data: Gasdermin_ER_Mito_PM.parquet
PBMC True IL-35 [NSU]
shuffle: True
Shuffling data
[-8.63939719e-02 -1.86953562e-01 -1.00735620e-01 -1.80321224e-05
 -1.81917884e-01 -8.14335915e-02 -1.18523969e-02 -1.05743384e-01
 -8.85090442e-02 -3.65186277e-01 -7.44244789e-02 -2.04323848e-01
 -7.46317103e-02 -1.11471463e-03 -2.21842040e-01 -2.46161390e-02
 -4.57491074e-01 -1.24759941e-01 -6.73087427e-02 -3.25432652e-01
 -1.18627840e-01 -3.01451268e-01 -5.73088744e-02 -1.04263870e-01
 -6.12569427e-02 -4.02783361e-02 -3.26413316e-01 -2.68696781e-01
 -1.91262716e-01 -5.85197441e-02 -6.81992174e-02 -2.10816168e-01
 -1.49609301e-01 -2.70381516e-03 -4.54639331e-02 -3.37420085e-01
 -1.73505763e-01 -8.87387919e-02 -1.43922974e-01 -6.43094710e-02
 -3.00384247e-01 -3.03260522e-01 -2.38978475e-01 -1.89109096e-01
 -6.07545263e-02 -3.87245802e-01 -5.80258511e-02 -3.26852855e-01
 -1.93325117e-01 -1.36456970e-01 -1.64850076e-02 -2.73988244e-02
 -2.45374257e-01 -1.78347046e-01 -1.29032775e-01 -2.53780012e-01
 -6.60770965e-02 -1.02887139e-02 -2.47274233e-01 -1.73833734e-01
 -1.56821783e-01 -3.56334391e-01 -1.08727463e-01 -1.54519240e-01
 -6.62499125e-02 -9.53315178e-02 -3.18671376e-01 -6.43346738e-02]
Mean MAE: -0.15383432098163694
Std MAE: 0.11103108882201838
R2: 0.9220767341601871
