[NbConvertApp] WARNING | Config option `kernel_spec_manager_class` not recognized by `NbConvertApp`.
[NbConvertApp] Converting notebook ../notebooks/1.train_regression_multi_output.ipynb to script
[NbConvertApp] Writing 5645 bytes to 1.train_regression_multi_output.py
[NbConvertApp] Converting notebook ../notebooks/2.train_regression_multi_output_channel_selection.ipynb to script
[NbConvertApp] Writing 5822 bytes to 2.train_regression_multi_output_channel_selection.py
cell_type: PBMC cytokine: CD27L [NSU] shuffle: True data: Gasdermin_ER_Mito_PM.parquet
PBMC True CD27L [NSU]
shuffle: True
Shuffling data
[-0.1169233  -0.01176226 -0.27548625 -0.12057258 -0.14184984 -0.20390978
 -0.2005528  -0.09403558 -0.27024389 -0.04413323 -0.07796614 -0.04364852
 -0.02853499 -0.00982689 -0.32271541 -0.04197628 -0.21096721 -0.10178864
 -0.12282063 -0.08103568 -0.13261367 -0.06491473 -0.08019764 -0.00684199
 -0.10124154 -0.28947446 -0.09841173 -0.08908413 -0.00765665 -0.10073264
 -0.03686761 -0.05815961 -0.08934099 -0.27526601 -0.02972828 -0.1422585
 -0.1897459  -0.18280183 -0.23727653 -0.03978576 -0.06868911 -0.12181928
 -0.09373819 -0.08704365 -0.23786411 -0.03800197 -0.16745732 -0.04204022
 -0.04104375 -0.16917423 -0.06920363 -0.27332171 -0.27127945 -0.01211717
 -0.16243302 -0.20513195 -0.08127811 -0.04662504 -0.0457296  -0.03322994
 -0.43974816 -0.18925168 -0.18616491 -0.26052786 -0.04123776 -0.02093016
 -0.09319761 -0.0953577 ]
Mean MAE: -0.12304099138226438
Std MAE: 0.09221883967353603
R2: 0.05060688593756968
