[NbConvertApp] WARNING | Config option `kernel_spec_manager_class` not recognized by `NbConvertApp`.
[NbConvertApp] Converting notebook ../notebooks/1.train_regression_multi_output.ipynb to script
[NbConvertApp] Writing 5645 bytes to 1.train_regression_multi_output.py
[NbConvertApp] Converting notebook ../notebooks/2.train_regression_multi_output_channel_selection.ipynb to script
[NbConvertApp] Writing 5822 bytes to 2.train_regression_multi_output_channel_selection.py
cell_type: SHSY5Y cytokine: SCF [NSU] shuffle: True data: Gasdermin_ER_Mito_PM.parquet
SHSY5Y True SCF [NSU]
shuffle: True
Shuffling data
[-8.30263390e-02 -9.45972737e-02 -2.94843790e-01 -2.87227388e-03
 -1.60284050e-01 -1.14374728e-01 -2.57405138e-01 -1.19773220e-01
 -2.85866977e-02 -9.10309307e-02 -8.42486788e-02 -1.06765403e-01
 -3.80944398e-01 -6.82919136e-02 -3.69805784e-01 -1.98188789e-01
 -1.45930782e-01 -1.28582928e-01 -4.31769890e-01 -2.06778447e-01
 -1.97205690e-01 -1.32183772e-01 -1.80424041e-01 -3.83168821e-02
 -2.60002937e-02 -1.54612068e-01 -3.65476205e-04 -1.03933472e-01
 -9.78226066e-02 -1.44361307e-01 -1.22353845e-02 -3.39284617e-02
 -1.02336852e-01 -1.57372518e-01 -3.03182617e-01 -2.94187202e-02
 -1.37765142e-02 -1.81536572e-01 -1.04214284e-01 -8.16741981e-02
 -7.71256088e-02 -1.76682991e-01 -1.73932282e-01 -1.87766394e-01
 -4.61384540e-01 -1.03118229e-01 -1.11905523e-01 -1.17595444e-01
 -1.72525348e-02 -4.05990844e-02 -1.59605255e-01 -1.18384253e-01
 -7.35252513e-02 -3.04326439e-01 -1.23443702e-01 -1.49348701e-01
 -9.23101078e-02 -1.28598785e-01 -3.28534870e-01 -9.89580467e-02
 -6.62613788e-02 -3.45861428e-01 -5.20333814e-01 -1.64129570e-01
 -1.35769278e-01 -4.52671468e-01 -2.11916790e-01 -2.94090516e-01
 -9.50424011e-02 -1.18677449e-01]
Mean MAE: -0.1558879331938305
Std MAE: 0.11647007600180251
R2: 0.9978160100787221
