[NbConvertApp] WARNING | Config option `kernel_spec_manager_class` not recognized by `NbConvertApp`.
[NbConvertApp] Converting notebook ../notebooks/1.train_regression_multi_output.ipynb to script
[NbConvertApp] Writing 5645 bytes to 1.train_regression_multi_output.py
[NbConvertApp] Converting notebook ../notebooks/2.train_regression_multi_output_channel_selection.ipynb to script
[NbConvertApp] Writing 5822 bytes to 2.train_regression_multi_output_channel_selection.py
cell_type: PBMC cytokine: Activin A [NSU] shuffle: True data: Gasdermin_ER_Mito_PM.parquet
PBMC True Activin A [NSU]
shuffle: True
Shuffling data
[-0.00775582 -0.09149692 -0.12039994 -0.20060231 -0.18922732 -0.11575933
 -0.03101508 -0.03941256 -0.03232325 -0.00571797 -0.11398343 -0.04962108
 -0.01660067 -0.14918947 -0.40557974 -0.06968218 -0.13422436 -0.11839086
 -0.18661845 -0.2548049  -0.03968308 -0.03228649 -0.02002749 -0.12084927
 -0.10809688 -0.00939364 -0.06432573 -0.10566089 -0.29240173 -0.19066392
 -0.0787091  -0.21243373 -0.08980301 -0.23052397 -0.15921011 -0.1481952
 -0.15790799 -0.13142355 -0.1553408  -0.35767526 -0.12677232 -0.27438243
 -0.292151   -0.20031439 -0.38603131 -0.2994963  -0.08326629 -0.17460065
 -0.06065662 -0.15032705 -0.14062574 -0.2118848  -0.17973777 -0.00408451
 -0.03946386 -0.10517735 -0.02226436 -0.02504231 -0.06465664 -0.14768813
 -0.12998383 -0.18683572 -0.24790629 -0.03267041 -0.50611213 -0.13030743
 -0.0864974  -0.17808144]
Mean MAE: -0.14005935279073486
Std MAE: 0.10321658198326097
R2: 0.03718190624241702
