[NbConvertApp] WARNING | Config option `kernel_spec_manager_class` not recognized by `NbConvertApp`.
[NbConvertApp] Converting notebook ../notebooks/1.train_regression_multi_output.ipynb to script
[NbConvertApp] Writing 5645 bytes to 1.train_regression_multi_output.py
[NbConvertApp] Converting notebook ../notebooks/2.train_regression_multi_output_channel_selection.ipynb to script
[NbConvertApp] Writing 5822 bytes to 2.train_regression_multi_output_channel_selection.py
cell_type: SHSY5Y cytokine: FAS-L [NSU] shuffle: False data: Gasdermin_ER_Mito_PM.parquet
SHSY5Y False FAS-L [NSU]
shuffle: False
Not shuffling data
[-0.29699544 -0.02287017 -0.02597561 -0.05982589 -0.04666258 -0.03171671
 -0.21962538 -0.03708921 -0.29912345 -0.11982299 -0.36039394 -0.21749273
 -0.10886945 -0.19069091 -0.15336429 -0.15737154 -0.32868838 -0.18749028
 -0.24099001 -0.37232288 -0.11902768 -0.10526293 -0.22644878 -0.15445099
 -0.14817142 -0.13503745 -0.1445205  -0.32273448 -0.34716997 -0.3228138
 -0.21749704 -0.0619275  -0.20235867 -0.01768769 -0.01421279 -0.15837983
 -0.21629799 -0.18382922 -0.08143239 -0.10755506 -0.40042383 -0.17813315
 -0.14722456 -0.40510931 -0.11422667 -0.40978667 -0.22766597 -0.21140068
 -0.29276235 -0.02141031 -0.17127179 -0.19031937 -0.2819751  -0.23872512
 -0.04917615 -0.09916241 -0.11255047 -0.13268233 -0.39936169 -0.02194565
 -0.18154712 -0.27573716 -0.18622833 -0.09472795 -0.00855924 -0.07457171
 -0.01379507 -0.15584259 -0.06399772 -0.10459433]
Mean MAE: -0.17184446857684
Std MAE: 0.10998262806096053
R2: 0.0
