[NbConvertApp] WARNING | Config option `kernel_spec_manager_class` not recognized by `NbConvertApp`.
[NbConvertApp] Converting notebook ../notebooks/1.train_regression_multi_output.ipynb to script
[NbConvertApp] Writing 5645 bytes to 1.train_regression_multi_output.py
[NbConvertApp] Converting notebook ../notebooks/2.train_regression_multi_output_channel_selection.ipynb to script
[NbConvertApp] Writing 5822 bytes to 2.train_regression_multi_output_channel_selection.py
cell_type: SHSY5Y cytokine: CCL19 [NSU] shuffle: True data: Gasdermin_ER_Mito_PM.parquet
SHSY5Y True CCL19 [NSU]
shuffle: True
Shuffling data
[-0.1231016  -0.11487395 -0.1750635  -0.17964441 -0.21836479 -0.02005976
 -0.09950581 -0.08636585 -0.27951489 -0.15660883 -0.24950642 -0.09804878
 -0.44897118 -0.21894717 -0.05647374 -0.05979179 -0.17469505 -0.20544301
 -0.09945654 -0.059766   -0.14948007 -0.16151491 -0.06229151 -0.17262486
 -0.07878574 -0.09770581 -0.0558614  -0.14511555 -0.09041394 -0.12667015
 -0.1497106  -0.16767338 -0.47017911 -0.06945482 -0.29793877 -0.02964945
 -0.00503338 -0.27303027 -0.03619178 -0.01466075 -0.13073656 -0.05788121
 -0.00678366 -0.00147086 -0.01511521 -0.07930578 -0.17627994 -0.05343256
 -0.40260804 -0.481883   -0.08495593 -0.09879771 -0.15553589 -0.07327709
 -0.38636512 -0.36136108 -0.32152465 -0.07564411 -0.31350259 -0.29390882
 -0.15519446 -0.12504626 -0.27668574 -0.12183124 -0.08990749 -0.10205582
 -0.16445732 -0.21391648 -0.30682936 -0.26686526]
Mean MAE: -0.15959069384541683
Std MAE: 0.11603450138624304
R2: 0.0
