[NbConvertApp] WARNING | Config option `kernel_spec_manager_class` not recognized by `NbConvertApp`.
[NbConvertApp] Converting notebook ../notebooks/1.train_regression_multi_output.ipynb to script
[NbConvertApp] Writing 5645 bytes to 1.train_regression_multi_output.py
[NbConvertApp] Converting notebook ../notebooks/2.train_regression_multi_output_channel_selection.ipynb to script
[NbConvertApp] Writing 5822 bytes to 2.train_regression_multi_output_channel_selection.py
cell_type: PBMC cytokine: IL-2 RA [NSU] shuffle: True data: Gasdermin_ER_Mito_PM.parquet
PBMC True IL-2 RA [NSU]
shuffle: True
Shuffling data
[-0.25595676 -0.04468166 -0.30193578 -0.2081517  -0.20295723 -0.17087912
 -0.02523151 -0.09505766 -0.31787479 -0.07856416 -0.28058715 -0.07587975
 -0.26249473 -0.36718201 -0.01562758 -0.06461792 -0.04889702 -0.01500448
 -0.22499742 -0.18561054 -0.02015295 -0.15119109 -0.06723219 -0.04035385
 -0.04353733 -0.11413912 -0.21244793 -0.14003992 -0.00874672 -0.00195788
 -0.13434951 -0.18316338 -0.1068387  -0.00949314 -0.19654495 -0.15925128
 -0.03342095 -0.38993004 -0.21842492 -0.41643176 -0.0027264  -0.25571504
 -0.16500604 -0.00099811 -0.29837143 -0.27863797 -0.14509952 -0.14352405
 -0.34594587 -0.19042028 -0.18202036 -0.09015539 -0.314247   -0.07480879
 -0.21912845 -0.50113286 -0.10923394 -0.08236246 -0.0917949  -0.16277514
 -0.27129448 -0.03011224 -0.2034199  -0.0247283  -0.22742869 -0.13917495
 -0.08689285 -0.0290797 ]
Mean MAE: -0.1552363478930445
Std MAE: 0.11457919401048343
R2: 0.0
