[NbConvertApp] WARNING | Config option `kernel_spec_manager_class` not recognized by `NbConvertApp`.
[NbConvertApp] Converting notebook ../notebooks/1.train_regression_multi_output.ipynb to script
[NbConvertApp] Writing 5645 bytes to 1.train_regression_multi_output.py
[NbConvertApp] Converting notebook ../notebooks/2.train_regression_multi_output_channel_selection.ipynb to script
[NbConvertApp] Writing 5822 bytes to 2.train_regression_multi_output_channel_selection.py
cell_type: SHSY5Y cytokine: IL-15_IL-15R alpha complex [NSU] shuffle: False data: Gasdermin_ER_Mito_PM.parquet
SHSY5Y False IL-15_IL-15R alpha complex [NSU]
shuffle: False
Not shuffling data
[-0.10812174 -0.05211407 -0.05000319 -0.00104173 -0.23607017 -0.02161815
 -0.05443447 -0.03508206 -0.03280344 -0.00698948 -0.14995387 -0.22557137
 -0.16584521 -0.07867624 -0.16859925 -0.09266941 -0.07858781 -0.11466338
 -0.1049256  -0.05934215 -0.1152744  -0.05286339 -0.12091791 -0.04210504
 -0.11610841 -0.09411931 -0.07451452 -0.13816789 -0.05358703 -0.05789402
 -0.10033894 -0.20432473 -0.12625376 -0.08382337 -0.07522394 -0.27900068
 -0.03093858 -0.16749982 -0.23568454 -0.20429021 -0.11806151 -0.34131328
 -0.06525671 -0.14141422 -0.0056238  -0.09482082 -0.04484422 -0.21835884
 -0.04831962 -0.04229013 -0.05705823 -0.21894373 -0.00816796 -0.0328796
 -0.31976488 -0.0155815  -0.1671796  -0.261771   -0.16579847 -0.06929051
 -0.04931326 -0.09723258 -0.25783603 -0.12239039 -0.13312437 -0.18609563
 -0.03960814 -0.25963261 -0.26243602 -0.20107537]
Mean MAE: -0.11793609018247006
Std MAE: 0.08264319329917684
R2: 0.0
