[NbConvertApp] WARNING | Config option `kernel_spec_manager_class` not recognized by `NbConvertApp`.
[NbConvertApp] Converting notebook ../notebooks/1.train_regression_multi_output.ipynb to script
[NbConvertApp] Writing 5645 bytes to 1.train_regression_multi_output.py
[NbConvertApp] Converting notebook ../notebooks/2.train_regression_multi_output_channel_selection.ipynb to script
[NbConvertApp] Writing 5822 bytes to 2.train_regression_multi_output_channel_selection.py
cell_type: PBMC cytokine: Granzyme B [NSU] shuffle: True data: Gasdermin_ER_Mito_PM.parquet
PBMC True Granzyme B [NSU]
shuffle: True
Shuffling data
[-0.06249262 -0.21961246 -0.13183776 -0.00862732 -0.1586082  -0.06067861
 -0.15414819 -0.16125952 -0.05342008 -0.28716824 -0.00695791 -0.10247642
 -0.15677928 -0.12880309 -0.14994067 -0.18266743 -0.06925528 -0.08152977
 -0.16473527 -0.20107794 -0.13412871 -0.28393054 -0.0458917  -0.10176097
 -0.11910135 -0.18265783 -0.22980068 -0.26725965 -0.29854199 -0.08112528
 -0.05231818 -0.23703764 -0.1212155  -0.12459014 -0.57141991 -0.40237476
 -0.30699688 -0.28540141 -0.04955497 -0.11113435 -0.03358655 -0.21783488
 -0.30424903 -0.01075289 -0.12589551 -0.1648508  -0.11549947 -0.21576752
 -0.12276348 -0.14711629 -0.32004271 -0.05384712 -0.23282569 -0.04162181
 -0.1264444  -0.07355291 -0.27363377 -0.1002205  -0.11480767 -0.14507417
 -0.3515911  -0.13191086 -0.02526762 -0.14100164 -0.05896787 -0.26467927
 -0.04381263 -0.2013304 ]
Mean MAE: -0.15745980895372386
Std MAE: 0.104389132194431
R2: 0.9884667239237694
