[NbConvertApp] WARNING | Config option `kernel_spec_manager_class` not recognized by `NbConvertApp`.
[NbConvertApp] Converting notebook ../notebooks/1.train_regression_multi_output.ipynb to script
[NbConvertApp] Writing 5645 bytes to 1.train_regression_multi_output.py
[NbConvertApp] Converting notebook ../notebooks/2.train_regression_multi_output_channel_selection.ipynb to script
[NbConvertApp] Writing 5822 bytes to 2.train_regression_multi_output_channel_selection.py
cell_type: PBMC cytokine: CCL7 [NSU] shuffle: False data: Gasdermin_ER_Mito_PM.parquet
PBMC False CCL7 [NSU]
shuffle: False
Not shuffling data
[-0.15562519 -0.0689248  -0.15574935 -0.23547249 -0.15536035 -0.09748698
 -0.20595237 -0.06328379 -0.00825395 -0.12120213 -0.03759869 -0.12467864
 -0.29575293 -0.16009642 -0.18616353 -0.34709785 -0.15411418 -0.14484715
 -0.11232453 -0.21448795 -0.18675641 -0.25516618 -0.06243938 -0.10328884
 -0.00558483 -0.00304255 -0.0319766  -0.04315698 -0.05992388 -0.14670127
 -0.41229934 -0.00854416 -0.24152516 -0.06292076 -0.044414   -0.40719452
 -0.06405678 -0.05845068 -0.1927812  -0.07340073 -0.02771441 -0.22632829
 -0.25622255 -0.23430678 -0.07320453 -0.11377061 -0.19436879 -0.09231368
 -0.07566639 -0.00647563 -0.54906193 -0.11220834 -0.2033365  -0.14143867
 -0.04601764 -0.03124127 -0.24232252 -0.28007251 -0.06238097 -0.10756345
 -0.00157443 -0.1943626  -0.23174581 -0.14797992 -0.04149068 -0.28097976
 -0.01914836 -0.10482845]
Mean MAE: -0.14126798485072017
Std MAE: 0.10895499985061946
R2: 0.0
