[NbConvertApp] WARNING | Config option `kernel_spec_manager_class` not recognized by `NbConvertApp`.
[NbConvertApp] Converting notebook ../notebooks/1.train_regression_multi_output.ipynb to script
[NbConvertApp] Writing 5645 bytes to 1.train_regression_multi_output.py
[NbConvertApp] Converting notebook ../notebooks/2.train_regression_multi_output_channel_selection.ipynb to script
[NbConvertApp] Writing 5822 bytes to 2.train_regression_multi_output_channel_selection.py
cell_type: SHSY5Y cytokine: TNF RIII (Lymphotoxin Beta R) [NSU] shuffle: False data: Gasdermin_ER_Mito_PM.parquet
SHSY5Y False TNF RIII (Lymphotoxin Beta R) [NSU]
shuffle: False
Not shuffling data
[-0.0891244  -0.06403917 -0.04619121 -0.24399162 -0.00689305 -0.12706578
 -0.10195837 -0.11602127 -0.05574764 -0.26299754 -0.02694202 -0.03774914
 -0.28742083 -0.09176553 -0.1367212  -0.15397307 -0.12731085 -0.14398864
 -0.08330415 -0.20678144 -0.12522074 -0.18420208 -0.06429946 -0.00675279
 -0.29099425 -0.06681105 -0.00846207 -0.03716023 -0.20885608 -0.19634214
 -0.10760805 -0.24069789 -0.30868563 -0.01501681 -0.42160211 -0.07244243
 -0.07528568 -0.04107962 -0.27202873 -0.08944842 -0.08989149 -0.37373099
 -0.04980642 -0.02065372 -0.11518974 -0.09682081 -0.06470196 -0.14012706
 -0.02346512 -0.15824489 -0.01428427 -0.26205181 -0.20109267 -0.06054395
 -0.51836733 -0.10429706 -0.10969434 -0.10066233 -0.08992307 -0.46386365
 -0.07331394 -0.32553553 -0.08892226 -0.08533708 -0.04953103 -0.10659338
 -0.13158149 -0.15759322 -0.10258089 -0.00879898]
Mean MAE: -0.13471690921981475
Std MAE: 0.11055653087233165
R2: 0.0
