[NbConvertApp] WARNING | Config option `kernel_spec_manager_class` not recognized by `NbConvertApp`.
[NbConvertApp] Converting notebook ../notebooks/1.train_regression_multi_output.ipynb to script
[NbConvertApp] Writing 5645 bytes to 1.train_regression_multi_output.py
[NbConvertApp] Converting notebook ../notebooks/2.train_regression_multi_output_channel_selection.ipynb to script
[NbConvertApp] Writing 5822 bytes to 2.train_regression_multi_output_channel_selection.py
cell_type: SHSY5Y cytokine: APRIL [NSU] shuffle: True data: Gasdermin_ER_Mito_PM.parquet
SHSY5Y True APRIL [NSU]
shuffle: True
Shuffling data
[-0.05305615 -0.19807369 -0.08879655 -0.16324792 -0.39882538 -0.29720689
 -0.15240424 -0.03130107 -0.07530102 -0.22790283 -0.24712713 -0.1247575
 -0.16357265 -0.0917659  -0.12695171 -0.05269414 -0.25752848 -0.08275929
 -0.5445232  -0.09389376 -0.01272052 -0.12141259 -0.1081564  -0.0056929
 -0.12208605 -0.01189985 -0.16881693 -0.11953269 -0.1317625  -0.0512857
 -0.02193806 -0.27124911 -0.04118368 -0.0637523  -0.45413176 -0.42523164
 -0.14850362 -0.12125347 -0.04676846 -0.0220262  -0.20241431 -0.09194951
 -0.28132514 -0.03652567 -0.09377768 -0.13428546 -0.19113095 -0.19573319
 -0.22240044 -0.2807487  -0.06040225 -0.1339333  -0.04579174 -0.17504914
 -0.01950855 -0.06044849 -0.18668933 -0.08330236 -0.11212786 -0.00407259
 -0.36220421 -0.30987812 -0.36261309 -0.08951438 -0.31874502 -0.07396037
 -0.01461938 -0.33740462 -0.1622392  -0.28619479]
Mean MAE: -0.1552869102715351
Std MAE: 0.11990706882019239
R2: 0.44526081960370745
