[NbConvertApp] WARNING | Config option `kernel_spec_manager_class` not recognized by `NbConvertApp`.
[NbConvertApp] Converting notebook ../notebooks/1.train_regression_multi_output.ipynb to script
[NbConvertApp] Writing 5645 bytes to 1.train_regression_multi_output.py
[NbConvertApp] Converting notebook ../notebooks/2.train_regression_multi_output_channel_selection.ipynb to script
[NbConvertApp] Writing 5822 bytes to 2.train_regression_multi_output_channel_selection.py
cell_type: PBMC cytokine: Calbindin [NSU] shuffle: False data: Gasdermin_ER_Mito_PM.parquet
PBMC False Calbindin [NSU]
shuffle: False
Not shuffling data
[-0.17701213 -0.05922292 -0.07705537 -0.16488578 -0.02545576 -0.18531373
 -0.13229711 -0.18136506 -0.10369529 -0.00870449 -0.05619123 -0.14682446
 -0.04780538 -0.123382   -0.17587636 -0.06033612 -0.15646059 -0.15053817
 -0.10724777 -0.06742117 -0.26417642 -0.13687998 -0.21927906 -0.08343611
 -0.07860285 -0.11504486 -0.00208876 -0.0661926  -0.04528742 -0.16968032
 -0.22549365 -0.04691776 -0.00473139 -0.35517045 -0.12891993 -0.07219677
 -0.11472523 -0.02214705 -0.23658157 -0.03775952 -0.01787968 -0.19583898
 -0.05528313 -0.0405024  -0.06521811 -0.02205059 -0.03088046 -0.16556521
 -0.03913486 -0.02952987 -0.20785829 -0.32810667 -0.02429856 -0.01760405
 -0.10997199 -0.10596649 -0.09377899 -0.00386721 -0.30115028 -0.04816299
 -0.07167609 -0.00340539 -0.06979433 -0.09100952 -0.26426157 -0.01403016
 -0.13142266 -0.15948912]
Mean MAE: -0.10794323820967962
Std MAE: 0.08304679713245405
R2: 0.14415433749660977
