[NbConvertApp] WARNING | Config option `kernel_spec_manager_class` not recognized by `NbConvertApp`.
[NbConvertApp] Converting notebook ../notebooks/1.train_regression_multi_output.ipynb to script
[NbConvertApp] Writing 5645 bytes to 1.train_regression_multi_output.py
[NbConvertApp] Converting notebook ../notebooks/2.train_regression_multi_output_channel_selection.ipynb to script
[NbConvertApp] Writing 5822 bytes to 2.train_regression_multi_output_channel_selection.py
cell_type: PBMC cytokine: FGF-9 [NSU] shuffle: False data: Gasdermin_ER_Mito_PM.parquet
PBMC False FGF-9 [NSU]
shuffle: False
Not shuffling data
[-0.01624378 -0.1976616  -0.13807729 -0.01467462 -0.12317777 -0.13895063
 -0.34391777 -0.02353379 -0.03955467 -0.05232452 -0.00725726 -0.20069636
 -0.20373905 -0.18297197 -0.14336572 -0.08749435 -0.26253117 -0.03011681
 -0.08039547 -0.06588868 -0.11550255 -0.26668711 -0.08773571 -0.09300923
 -0.25275523 -0.31104431 -0.16032131 -0.18377688 -0.12696771 -0.01411112
 -0.07155214 -0.12505073 -0.15905252 -0.18232796 -0.08043811 -0.12658092
 -0.02333502 -0.27291852 -0.05814061 -0.00943432 -0.07366494 -0.24870103
 -0.28979151 -0.49682194 -0.26248361 -0.17622359 -0.2705407  -0.09194517
 -0.18095652 -0.57266726 -0.28529983 -0.01570608 -0.1774917  -0.18511972
 -0.23816794 -0.24792408 -0.05007767 -0.15033751 -0.42992641 -0.1880407
 -0.03284035 -0.03758354 -0.00400515 -0.23053987 -0.17459853 -0.06600353
 -0.03519593 -0.09090204]
Mean MAE: -0.15260106046320548
Std MAE: 0.11667544210660985
R2: 0.0
