[NbConvertApp] WARNING | Config option `kernel_spec_manager_class` not recognized by `NbConvertApp`.
[NbConvertApp] Converting notebook ../notebooks/1.train_regression_multi_output.ipynb to script
[NbConvertApp] Writing 5645 bytes to 1.train_regression_multi_output.py
[NbConvertApp] Converting notebook ../notebooks/2.train_regression_multi_output_channel_selection.ipynb to script
[NbConvertApp] Writing 5822 bytes to 2.train_regression_multi_output_channel_selection.py
cell_type: PBMC cytokine: MMP-9 [NSU] shuffle: True data: Gasdermin_ER_Mito_PM.parquet
PBMC True MMP-9 [NSU]
shuffle: True
Shuffling data
[-3.06311327e-01 -1.04441960e-01 -6.26699325e-01 -3.12728332e-01
 -2.62241927e-01 -2.98978058e-02 -7.73959398e-03 -1.79496276e-01
 -2.13653473e-01 -4.12592737e-02 -1.33333357e-01 -1.15353162e-01
 -5.73440181e-01 -1.79202646e-01 -1.73202140e-01 -1.62564684e-01
 -5.96759890e-02 -2.54627871e-01 -3.23128741e-02 -1.82211646e-02
 -1.58037121e-01 -4.61704322e-01 -2.95795520e-01 -1.42523955e-01
 -2.27026478e-02 -2.37825608e-01 -3.45170437e-01 -3.63907412e-01
 -9.94567941e-02 -3.37500799e-01 -2.77096705e-01 -2.17015602e-01
 -2.63015048e-01 -2.41761971e-01 -2.51382990e-01 -3.63523406e-03
 -4.56127616e-01 -7.81818210e-02 -1.14541179e-01 -1.00067562e-01
 -8.31573043e-02 -4.77987339e-02 -8.84883703e-02 -1.02187610e-01
 -2.72004969e-01 -1.73453692e-01 -3.11393406e-01 -1.81488132e-04
 -7.06262850e-02 -1.14087410e-01 -1.24563743e-02 -5.49076734e-02
 -2.93570565e-01 -1.54641676e-01 -8.45095688e-02 -1.47904646e-01
 -4.39542738e-01 -9.92990493e-02 -9.95942754e-02 -2.15863247e-01
 -3.92266947e-01 -1.39114050e-01 -4.70210514e-02 -2.58332435e-01
 -5.43979350e-02 -1.87422844e-01 -3.32896832e-01 -1.66711328e-02]
Mean MAE: -0.1845242061067935
Std MAE: 0.13919975603596252
R2: 0.0
