[NbConvertApp] WARNING | Config option `kernel_spec_manager_class` not recognized by `NbConvertApp`.
[NbConvertApp] Converting notebook ../notebooks/1.train_regression_multi_output.ipynb to script
[NbConvertApp] Writing 5645 bytes to 1.train_regression_multi_output.py
[NbConvertApp] Converting notebook ../notebooks/2.train_regression_multi_output_channel_selection.ipynb to script
[NbConvertApp] Writing 5822 bytes to 2.train_regression_multi_output_channel_selection.py
cell_type: PBMC cytokine: ICAM-1 [NSU] shuffle: False data: Gasdermin_ER_Mito_PM.parquet
PBMC False ICAM-1 [NSU]
shuffle: False
Not shuffling data
[-0.14727421 -0.02947957 -0.07969831 -0.00075414 -0.0685472  -0.03243748
 -0.08974042 -0.00114123 -0.35886208 -0.19896465 -0.18762239 -0.20958992
 -0.02466473 -0.02390429 -0.43457306 -0.03021201 -0.018994   -0.13118014
 -0.04953788 -0.0254659  -0.0920332  -0.05197273 -0.2339302  -0.04526808
 -0.14562777 -0.02003844 -0.27933952 -0.02967396 -0.16389491 -0.02543022
 -0.10565986 -0.18046786 -0.08817998 -0.11499409 -0.2100899  -0.07686092
 -0.06502731 -0.04582209 -0.18811123 -0.07566574 -0.01838085 -0.20590459
 -0.28439018 -0.14366858 -0.22549635 -0.06541932 -0.03411915 -0.04094738
 -0.05685684 -0.06405483 -0.08434255 -0.42457968 -0.0701618  -0.0795025
 -0.03568937 -0.34281198 -0.49777427 -0.21734722 -0.26195073 -0.13861797
 -0.14149325 -0.00383416 -0.2566855  -0.23547941 -0.06991741 -0.18922612
 -0.08597298 -0.04533971]
Mean MAE: -0.12795141516777184
Std MAE: 0.11167834881667257
R2: 0.0
