[NbConvertApp] WARNING | Config option `kernel_spec_manager_class` not recognized by `NbConvertApp`.
[NbConvertApp] Converting notebook ../notebooks/1.train_regression_multi_output.ipynb to script
[NbConvertApp] Writing 5645 bytes to 1.train_regression_multi_output.py
[NbConvertApp] Converting notebook ../notebooks/2.train_regression_multi_output_channel_selection.ipynb to script
[NbConvertApp] Writing 5822 bytes to 2.train_regression_multi_output_channel_selection.py
cell_type: SHSY5Y cytokine: Tissue Factor (TF) [NSU] shuffle: False data: Gasdermin_ER_Mito_PM.parquet
SHSY5Y False Tissue Factor (TF) [NSU]
shuffle: False
Not shuffling data
[-0.05819618 -0.02260241 -0.30696308 -0.05684946 -0.04796066 -0.21675568
 -0.41788507 -0.10879409 -0.04525838 -0.09684199 -0.02100943 -0.18634694
 -0.06188925 -0.16802776 -0.18194249 -0.11687792 -0.13637352 -0.30120927
 -0.27454523 -0.03328409 -0.20873317 -0.06795421 -0.1571613  -0.04378027
 -0.11615183 -0.34135789 -0.17847056 -0.14610767 -0.05612242 -0.14657245
 -0.03971765 -0.18039961 -0.33990601 -0.01222356 -0.53583663 -0.29189531
 -0.24332841 -0.14233084 -0.00859065 -0.09724817 -0.09964447 -0.02672567
 -0.17201566 -0.26302085 -0.11554898 -0.41145972 -0.25425618 -0.06836817
 -0.26234721 -0.15458095 -0.02925217 -0.15934623 -0.02994762 -0.19229925
 -0.4267571  -0.06845338 -0.18553069 -0.1092415  -0.10114427 -0.10634359
 -0.11048006 -0.19233027 -0.51307964 -0.34658519 -0.19742604 -0.03479035
 -0.42648812 -0.23518639 -0.06220402 -0.21300547]
Mean MAE: -0.16830515361040327
Std MAE: 0.12486450179794127
R2: 0.3565233735110468
