[NbConvertApp] WARNING | Config option `kernel_spec_manager_class` not recognized by `NbConvertApp`.
[NbConvertApp] Converting notebook ../notebooks/1.train_regression_multi_output.ipynb to script
[NbConvertApp] Writing 5645 bytes to 1.train_regression_multi_output.py
[NbConvertApp] Converting notebook ../notebooks/2.train_regression_multi_output_channel_selection.ipynb to script
[NbConvertApp] Writing 5822 bytes to 2.train_regression_multi_output_channel_selection.py
cell_type: SHSY5Y cytokine: IL-32 (alpha) [NSU] shuffle: True data: Gasdermin_ER_Mito_PM.parquet
SHSY5Y True IL-32 (alpha) [NSU]
shuffle: True
Shuffling data
[-0.06944868 -0.3377895  -0.24638866 -0.15477708 -0.19899022 -0.17143975
 -0.03099743 -0.04587444 -0.01177843 -0.05209098 -0.25486214 -0.1642151
 -0.33018164 -0.16065988 -0.11973544 -0.15429259 -0.3084478  -0.02827049
 -0.07883524 -0.0256855  -0.0363069  -0.09056805 -0.16976774 -0.23320834
 -0.31004556 -0.26008384 -0.04103179 -0.04953312 -0.25738101 -0.00796915
 -0.11717206 -0.16013354 -0.07008308 -0.18485063 -0.26234302 -0.45244477
 -0.16589982 -0.04170908 -0.15971544 -0.13092693 -0.0635587  -0.07959237
 -0.25994023 -0.18873057 -0.26174783 -0.02310122 -0.04767568 -0.06516877
 -0.16329281 -0.037412   -0.06280906 -0.07328702 -0.23132718 -0.09735829
 -0.06070931 -0.08469795 -0.06916311 -0.03099464 -0.38102263 -0.53586854
 -0.01560103 -0.1420464  -0.11783299 -0.32776872 -0.07959611 -0.05171335
 -0.03682963 -0.12631367 -0.09506487 -0.12306571]
Mean MAE: -0.14398893199363766
Std MAE: 0.11189453713155333
R2: 0.9988114885676311
