[NbConvertApp] WARNING | Config option `kernel_spec_manager_class` not recognized by `NbConvertApp`.
[NbConvertApp] Converting notebook ../notebooks/1.train_regression_multi_output.ipynb to script
[NbConvertApp] Writing 5645 bytes to 1.train_regression_multi_output.py
[NbConvertApp] Converting notebook ../notebooks/2.train_regression_multi_output_channel_selection.ipynb to script
[NbConvertApp] Writing 5822 bytes to 2.train_regression_multi_output_channel_selection.py
cell_type: PBMC cytokine: IL-12 p35 [NSU] shuffle: True data: Gasdermin_ER_Mito_PM.parquet
PBMC True IL-12 p35 [NSU]
shuffle: True
Shuffling data
[-0.07986219 -0.0414785  -0.65540727 -0.09372268 -0.24043417 -0.1819777
 -0.03811738 -0.19971367 -0.17368058 -0.13100574 -0.14918727 -0.11052824
 -0.13227478 -0.10850053 -0.20487937 -0.53917453 -0.01243505 -0.07281432
 -0.29333807 -0.01454508 -0.10977963 -0.55302372 -0.05002032 -0.14665314
 -0.01637793 -0.02724446 -0.11598659 -0.18929373 -0.5302985  -0.15664178
 -0.02734069 -0.08327252 -0.13300252 -0.01419812 -0.21413235 -0.13343181
 -0.0977507  -0.02805073 -0.06979067 -0.41969012 -0.00698117 -0.01452804
 -0.03872097 -0.04271157 -0.19738868 -0.07129423 -0.09991641 -0.0465235
 -0.40666363 -0.08939258 -0.41077906 -0.24228011 -0.02275934 -0.27837138
 -0.08266383 -0.07815479 -0.01130258 -0.43184989 -0.05469234 -0.00360525
 -0.11410587 -0.12711273 -0.18869862 -0.12889356 -0.15057243 -0.07135236
 -0.13910652 -0.01312309]
Mean MAE: -0.1493029655917574
Std MAE: 0.1458610345721031
R2: 0.0
