[NbConvertApp] WARNING | Config option `kernel_spec_manager_class` not recognized by `NbConvertApp`.
[NbConvertApp] Converting notebook ../notebooks/1.train_regression_multi_output.ipynb to script
[NbConvertApp] Writing 5645 bytes to 1.train_regression_multi_output.py
[NbConvertApp] Converting notebook ../notebooks/2.train_regression_multi_output_channel_selection.ipynb to script
[NbConvertApp] Writing 5822 bytes to 2.train_regression_multi_output_channel_selection.py
cell_type: SHSY5Y cytokine: FLRG (FSTL3) [NSU] shuffle: True data: Gasdermin_ER_Mito_PM.parquet
SHSY5Y True FLRG (FSTL3) [NSU]
shuffle: True
Shuffling data
[-0.14773516 -0.08007271 -0.0648527  -0.3403985  -0.07997932 -0.30796062
 -0.038748   -0.03068624 -0.05510335 -0.24554566 -0.17696869 -0.03472527
 -0.17524425 -0.05092286 -0.36672592 -0.17278837 -0.07871553 -0.24981336
 -0.09736258 -0.1519289  -0.06129394 -0.0810032  -0.08241624 -0.0881355
 -0.02055924 -0.14872919 -0.01858757 -0.26232153 -0.20515482 -0.05510321
 -0.00139193 -0.07350492 -0.05358026 -0.22439524 -0.0919104  -0.00382694
 -0.21130297 -0.37865799 -0.03675037 -0.05897099 -0.44963933 -0.00657176
 -0.00972372 -0.12504269 -0.17169814 -0.05170927 -0.12965863 -0.1172311
 -0.15061002 -0.14122314 -0.10763486 -0.35976638 -0.10041745 -0.26914051
 -0.07222077 -0.08459087 -0.17858001 -0.20764446 -0.02739286 -0.05647387
 -0.0499957  -0.04279516 -0.18613488 -0.18318738 -0.11046545 -0.13302661
 -0.01527021 -0.04609046 -0.01205816 -0.24217303]
Mean MAE: -0.1277434471446797
Std MAE: 0.10196295442105063
R2: 0.07135817001122069
