[NbConvertApp] WARNING | Config option `kernel_spec_manager_class` not recognized by `NbConvertApp`.
[NbConvertApp] Converting notebook ../notebooks/1.train_regression_multi_output.ipynb to script
[NbConvertApp] Writing 5645 bytes to 1.train_regression_multi_output.py
[NbConvertApp] Converting notebook ../notebooks/2.train_regression_multi_output_channel_selection.ipynb to script
[NbConvertApp] Writing 5822 bytes to 2.train_regression_multi_output_channel_selection.py
cell_type: SHSY5Y cytokine: CXCL12 (alpha) [NSU] shuffle: True data: Gasdermin_ER_Mito_PM.parquet
SHSY5Y True CXCL12 (alpha) [NSU]
shuffle: True
Shuffling data
[-0.15181442 -0.07410955 -0.1081711  -0.25074257 -0.184959   -0.12961475
 -0.46172179 -0.28366993 -0.1549897  -0.11565984 -0.00166097 -0.20239961
 -0.15818231 -0.34451322 -0.2487063  -0.020477   -0.04312359 -0.11830271
 -0.05645212 -0.25946594 -0.07508802 -0.01624623 -0.1257525  -0.04351753
 -0.0834659  -0.32323924 -0.18818107 -0.23799549 -0.10214695 -0.00790417
 -0.01666242 -0.24113227 -0.01140822 -0.0240512  -0.06046266 -0.25144347
 -0.29295198 -0.10355535 -0.19342111 -0.04510972 -0.16227788 -0.05611979
 -0.38357296 -0.00843405 -0.21803154 -0.10896389 -0.02926835 -0.24912608
 -0.11098388 -0.10065472 -0.07865162 -0.13620758 -0.11652814 -0.06526573
 -0.10727964 -0.07453458 -0.02968638 -0.11586923 -0.15747758 -0.1104715
 -0.035396   -0.12923126 -0.00654024 -0.04228894 -0.14223387 -0.06552568
 -0.04164208 -0.15470136 -0.14726127 -0.06567684]
Mean MAE: -0.1294624938465531
Std MAE: 0.09807130968325942
R2: 0.983738016700894
