[NbConvertApp] WARNING | Config option `kernel_spec_manager_class` not recognized by `NbConvertApp`.
[NbConvertApp] Converting notebook ../notebooks/1.train_regression_multi_output.ipynb to script
[NbConvertApp] Writing 5645 bytes to 1.train_regression_multi_output.py
[NbConvertApp] Converting notebook ../notebooks/2.train_regression_multi_output_channel_selection.ipynb to script
[NbConvertApp] Writing 5822 bytes to 2.train_regression_multi_output_channel_selection.py
cell_type: PBMC cytokine: LIF [NSU] shuffle: True data: Gasdermin_ER_Mito_PM.parquet
PBMC True LIF [NSU]
shuffle: True
Shuffling data
[-0.12776566 -0.38577569 -0.34985228 -0.10571993 -0.14149381 -0.13883485
 -0.0736172  -0.17760985 -0.02191745 -0.10227774 -0.17531405 -0.24657247
 -0.10361409 -0.37503318 -0.20956075 -0.2163549  -0.29462938 -0.28078405
 -0.30982635 -0.0136505  -0.083717   -0.32083821 -0.28932111 -0.29787284
 -0.31657079 -0.11148695 -0.30298949 -0.14494133 -0.0601506  -0.28236549
 -0.20941789 -0.02641133 -0.00101071 -0.05340636 -0.11020495 -0.1000394
 -0.26601763 -0.11596777 -0.24842227 -0.14264889 -0.11720618 -0.45787154
 -0.30769069 -0.3425488  -0.01445302 -0.56842073 -0.21421608 -0.19349417
 -0.63924606 -0.39090987 -0.01233336 -0.58364663 -0.1186428  -0.11143303
 -0.00125312 -0.77294729 -0.31245923 -0.30397959 -0.32948751 -0.29818953
 -0.13774685 -0.08484907 -0.16113152 -0.10117632 -0.32363501 -0.16500152
 -0.26618229 -0.43734312]
Mean MAE: -0.22208088370925608
Std MAE: 0.15656480222467106
R2: 0.0
