[NbConvertApp] WARNING | Config option `kernel_spec_manager_class` not recognized by `NbConvertApp`.
[NbConvertApp] Converting notebook ../notebooks/1.train_regression_multi_output.ipynb to script
[NbConvertApp] Writing 5645 bytes to 1.train_regression_multi_output.py
[NbConvertApp] Converting notebook ../notebooks/2.train_regression_multi_output_channel_selection.ipynb to script
[NbConvertApp] Writing 5822 bytes to 2.train_regression_multi_output_channel_selection.py
cell_type: PBMC cytokine: MIF [NSU] shuffle: False data: Gasdermin_ER_Mito_PM.parquet
PBMC False MIF [NSU]
shuffle: False
Not shuffling data
[-0.06900732 -0.00649644 -0.13820675 -0.03877086 -0.1145305  -0.06975495
 -0.02045976 -0.00582317 -0.01235394 -0.08941044 -0.01040758 -0.0279869
 -0.09509674 -0.00302475 -0.22004904 -0.05874789 -0.00229473 -0.02100381
 -0.02746935 -0.01384508 -0.11406949 -0.00237981 -0.05316988 -0.0170007
 -0.0047825  -0.02847205 -0.09537635 -0.08239948 -0.03550788 -0.09174797
 -0.07812847 -0.08761257 -0.09099418 -0.11161267 -0.01147448 -0.15565173
 -0.0135165  -0.01192538 -0.17939699 -0.13178713 -0.10700558 -0.12325549
 -0.06833997 -0.0632047  -0.10242929 -0.11806675 -0.05978856 -0.03136976
 -0.02876178 -0.09084699 -0.12146898 -0.08587428 -0.01732478 -0.02442143
 -0.10635108 -0.04235198 -0.06888536 -0.09239735 -0.17211677 -0.09122255
 -0.02829206 -0.11526493 -0.02739275 -0.05249317 -0.18286071 -0.01693835
 -0.02244476 -0.18396962]
Mean MAE: -0.06892479377972574
Std MAE: 0.05283774529894552
R2: 0.8576795110319834
