[NbConvertApp] WARNING | Config option `kernel_spec_manager_class` not recognized by `NbConvertApp`.
[NbConvertApp] Converting notebook ../notebooks/1.train_regression_multi_output.ipynb to script
[NbConvertApp] Writing 5645 bytes to 1.train_regression_multi_output.py
[NbConvertApp] Converting notebook ../notebooks/2.train_regression_multi_output_channel_selection.ipynb to script
[NbConvertApp] Writing 5822 bytes to 2.train_regression_multi_output_channel_selection.py
cell_type: PBMC cytokine: NF-L [NSU] shuffle: True data: Gasdermin_ER_Mito_PM.parquet
PBMC True NF-L [NSU]
shuffle: True
Shuffling data
[-0.07563846 -0.12200166 -0.04276684 -0.01132397 -0.01367691 -0.02084597
 -0.15038998 -0.02446223 -0.35456672 -0.1817568  -0.14319672 -0.00780626
 -0.21035097 -0.10899253 -0.21000717 -0.05750737 -0.13543481 -0.04239659
 -0.01492841 -0.09288805 -0.27943482 -0.07369663 -0.25534938 -0.18513653
 -0.1913466  -0.06382715 -0.12480938 -0.3803096  -0.1187997  -0.02679271
 -0.15661924 -0.10711768 -0.02793676 -0.05604471 -0.02410655 -0.15654066
 -0.01468182 -0.22925094 -0.08751984 -0.03246391 -0.3708192  -0.23264488
 -0.0623845  -0.01479983 -0.07423825 -0.23009091 -0.12235616 -0.43764777
 -0.30009792 -0.02243001 -0.02515529 -0.34266818 -0.09368267 -0.07860837
 -0.08959829 -0.15060714 -0.03566159 -0.02322659 -0.01515517 -0.28988522
 -0.02059699 -0.02657271 -0.07460415 -0.23106005 -0.16261995 -0.07100453
 -0.05651646 -0.14571564]
Mean MAE: -0.12372311011973747
Std MAE: 0.10569254143875371
R2: 0.08920558199608786
