[NbConvertApp] WARNING | Config option `kernel_spec_manager_class` not recognized by `NbConvertApp`.
[NbConvertApp] Converting notebook ../notebooks/1.train_regression_multi_output.ipynb to script
[NbConvertApp] Writing 5645 bytes to 1.train_regression_multi_output.py
[NbConvertApp] Converting notebook ../notebooks/2.train_regression_multi_output_channel_selection.ipynb to script
[NbConvertApp] Writing 5822 bytes to 2.train_regression_multi_output_channel_selection.py
cell_type: PBMC cytokine: CCL25 [NSU] shuffle: True data: Gasdermin_ER_Mito_PM.parquet
PBMC True CCL25 [NSU]
shuffle: True
Shuffling data
[-0.01464583 -0.01172743 -0.13190016 -0.26081417 -0.27468915 -0.01513525
 -0.11233683 -0.14845903 -0.35360539 -0.22943846 -0.03781767 -0.07746803
 -0.09441917 -0.1815218  -0.46636516 -0.03395535 -0.10007699 -0.1252117
 -0.07906156 -0.00559725 -0.01466999 -0.06109629 -0.05162457 -0.12022934
 -0.16441981 -0.37721711 -0.34626677 -0.057893   -0.00368714 -0.12197805
 -0.06870005 -0.11172858 -0.22108799 -0.23851204 -0.14365169 -0.06487047
 -0.11442663 -0.00706024 -0.02933046 -0.00485645 -0.20092714 -0.19068571
 -0.02881986 -0.16644818 -0.2201079  -0.33144231 -0.02607639 -0.15659921
 -0.0285003  -0.48448689 -0.01795398 -0.12190623 -0.19450402 -0.07339809
 -0.14849575 -0.01659475 -0.09604858 -0.25970577 -0.07445918 -0.0111823
 -0.00189366 -0.04002877 -0.09917911 -0.28572685 -0.22233013 -0.22365546
 -0.18910801 -0.13027193]
Mean MAE: -0.13408955244480478
Std MAE: 0.11337784241781584
R2: 0.10656341796813129
