[NbConvertApp] WARNING | Config option `kernel_spec_manager_class` not recognized by `NbConvertApp`.
[NbConvertApp] Converting notebook ../notebooks/1.train_regression_multi_output.ipynb to script
[NbConvertApp] Writing 5645 bytes to 1.train_regression_multi_output.py
[NbConvertApp] Converting notebook ../notebooks/2.train_regression_multi_output_channel_selection.ipynb to script
[NbConvertApp] Writing 5822 bytes to 2.train_regression_multi_output_channel_selection.py
cell_type: PBMC cytokine: Amyloid beta [NSU] shuffle: True data: Gasdermin_ER_Mito_PM.parquet
PBMC True Amyloid beta [NSU]
shuffle: True
Shuffling data
[-0.15751807 -0.21762127 -0.2287645  -0.1199986  -0.11276416 -0.03687632
 -0.13824971 -0.10970722 -0.00453337 -0.00573238 -0.00443909 -0.18873321
 -0.29868886 -0.1137736  -0.36719268 -0.11663219 -0.10095848 -0.31280272
 -0.02334542 -0.12430429 -0.13017855 -0.57279109 -0.37155511 -0.35255935
 -0.330607   -0.03552689 -0.01372164 -0.00245634 -0.0128732  -0.31882306
 -0.15274323 -0.06783726 -0.16361077 -0.13158011 -0.26942066 -0.22116522
 -0.03175624 -0.1050096  -0.40484047 -0.03997709 -0.1470642  -0.01403126
 -0.16273374 -0.13172326 -0.01997435 -0.0619273  -0.19389872 -0.06287324
 -0.32404832 -0.22517288 -0.45394668 -0.1204735  -0.44067095 -0.00623141
 -0.03042653 -0.28508355 -0.06900047 -0.03951437 -0.02584814 -0.13787784
 -0.12507493 -0.29076583 -0.1758341  -0.15630004 -0.07322668 -0.164707
 -0.34662992 -0.13772268]
Mean MAE: -0.1608007486642462
Std MAE: 0.1297335354297489
R2: 0.10276720087488489
