[NbConvertApp] WARNING | Config option `kernel_spec_manager_class` not recognized by `NbConvertApp`.
[NbConvertApp] Converting notebook ../notebooks/1.train_regression_multi_output.ipynb to script
[NbConvertApp] Writing 5645 bytes to 1.train_regression_multi_output.py
[NbConvertApp] Converting notebook ../notebooks/2.train_regression_multi_output_channel_selection.ipynb to script
[NbConvertApp] Writing 5822 bytes to 2.train_regression_multi_output_channel_selection.py
cell_type: PBMC cytokine: Osteopontin (OPN) [NSU] shuffle: False data: Gasdermin_ER_Mito_PM.parquet
PBMC False Osteopontin (OPN) [NSU]
shuffle: False
Not shuffling data
[-0.06225035 -0.2322225  -0.32414291 -0.07998087 -0.01060184 -0.02677935
 -0.07972658 -0.33039761 -0.36067752 -0.2569663  -0.26963461 -0.28328814
 -0.11194027 -0.21607756 -0.12355795 -0.03790772 -0.00918424 -0.24465528
 -0.05472886 -0.17564018 -0.32487472 -0.07342411 -0.15171416 -0.37236692
 -0.25968249 -0.3336348  -0.12041247 -0.1213162  -0.14843433 -0.04139038
 -0.40400327 -0.02797123 -0.05954952 -0.26507078 -0.01171874 -0.11154052
 -0.07659288 -0.10483643 -0.07533563 -0.00807904 -0.03040989 -0.19879046
 -0.14922113 -0.12463233 -0.01432015 -0.17212622 -0.19091814 -0.01199852
 -0.00573368 -0.02923254 -0.09569743 -0.03283615 -0.11223742 -0.00764884
 -0.04153933 -0.18485974 -0.13633612 -0.28603433 -0.02802155 -0.16879231
 -0.11211209 -0.28060251 -0.03866675 -0.33307904 -0.01054215 -0.02407444
 -0.08747438 -0.01952641]
Mean MAE: -0.13690843093111843
Std MAE: 0.1120407196164509
R2: 0.0
