[NbConvertApp] WARNING | Config option `kernel_spec_manager_class` not recognized by `NbConvertApp`.
[NbConvertApp] Converting notebook ../notebooks/1.train_regression_multi_output.ipynb to script
[NbConvertApp] Writing 5645 bytes to 1.train_regression_multi_output.py
[NbConvertApp] Converting notebook ../notebooks/2.train_regression_multi_output_channel_selection.ipynb to script
[NbConvertApp] Writing 5822 bytes to 2.train_regression_multi_output_channel_selection.py
cell_type: PBMC cytokine: BMP3 [NSU] shuffle: False data: Gasdermin_ER_Mito_PM.parquet
PBMC False BMP3 [NSU]
shuffle: False
Not shuffling data
[-1.87278824e-01 -1.21951263e-01 -8.42490529e-02 -1.29755676e-01
 -5.97937016e-02 -1.39001500e-01 -6.12321662e-02 -5.37764549e-02
 -1.79766065e-01 -2.05244809e-02 -4.47785413e-02 -2.17488310e-01
 -8.81779075e-02 -1.59155974e-01 -4.82270290e-01 -6.26765506e-03
 -7.05200225e-02 -7.77602966e-02 -1.24244016e-01 -1.10101581e-01
 -2.62239083e-01 -9.98137984e-02 -6.69073974e-02 -2.90270066e-01
 -2.08381846e-01 -2.15055156e-02 -3.47706856e-02 -3.46243019e-02
 -1.08937964e-01 -8.47983543e-03 -1.14025204e-02 -2.89566133e-01
 -2.69106339e-02 -6.64527715e-02 -5.44692631e-02 -1.94789468e-01
 -1.71244363e-01 -9.41255878e-02 -4.63501508e-02 -1.12017750e-01
 -1.76064529e-02 -2.05984699e-02 -7.74893231e-02 -1.32289882e-02
 -1.25094861e-01 -3.32203643e-04 -7.21954488e-02 -8.57795754e-03
 -1.78782738e-02 -8.62859338e-02 -2.29304886e-01 -1.17208765e-01
 -3.70455692e-02 -3.94953764e-02 -1.67745467e-01 -4.13796229e-02
 -4.33924191e-02 -3.70177987e-02 -2.02500318e-01 -2.30951618e-01
 -1.69626031e-01 -3.39259596e-03 -2.04059836e-01 -1.65225994e-01
 -2.49424140e-01 -1.98122314e-01 -5.87956698e-02 -7.50782955e-02]
Mean MAE: -0.10780011092629488
Std MAE: 0.0898327501663718
R2: 0.2097579941761013
