[NbConvertApp] WARNING | Config option `kernel_spec_manager_class` not recognized by `NbConvertApp`.
[NbConvertApp] Converting notebook ../notebooks/1.train_regression_multi_output.ipynb to script
[NbConvertApp] Writing 5645 bytes to 1.train_regression_multi_output.py
[NbConvertApp] Converting notebook ../notebooks/2.train_regression_multi_output_channel_selection.ipynb to script
[NbConvertApp] Writing 5822 bytes to 2.train_regression_multi_output_channel_selection.py
cell_type: PBMC cytokine: MMP-2 [NSU] shuffle: True data: Gasdermin_ER_Mito_PM.parquet
PBMC True MMP-2 [NSU]
shuffle: True
Shuffling data
[-0.01058178 -0.03316701 -0.20990901 -0.2654001  -0.26685545 -0.10022114
 -0.10835334 -0.13534822 -0.18516959 -0.13520908 -0.18496293 -0.02485723
 -0.38758957 -0.30206026 -0.10294899 -0.10329566 -0.03260713 -0.01758122
 -0.14386823 -0.06028216 -0.05214062 -0.49371777 -0.01120569 -0.22639563
 -0.20490067 -0.18783471 -0.25150707 -0.20061461 -0.11852356 -0.32063007
 -0.31990747 -0.1185799  -0.00833937 -0.09761398 -0.22465533 -0.05542735
 -0.02080848 -0.01267122 -0.19751609 -0.11100431 -0.12569259 -0.00451163
 -0.10352842 -0.15628151 -0.03041367 -0.129491   -0.26081349 -0.02345579
 -0.08946422 -0.02781283 -0.0619316  -0.3042035  -0.09880357 -0.12659746
 -0.36162675 -0.1065331  -0.09050663 -0.34294065 -0.16585821 -0.05665908
 -0.13866123 -0.02156454 -0.10292685 -0.14836137 -0.4420861  -0.09336903
 -0.06068273 -0.01292506]
Mean MAE: -0.14311712677319338
Std MAE: 0.11272792056594227
R2: 0.0
