[NbConvertApp] WARNING | Config option `kernel_spec_manager_class` not recognized by `NbConvertApp`.
[NbConvertApp] Converting notebook ../notebooks/1.train_regression_multi_output.ipynb to script
[NbConvertApp] Writing 5645 bytes to 1.train_regression_multi_output.py
[NbConvertApp] Converting notebook ../notebooks/2.train_regression_multi_output_channel_selection.ipynb to script
[NbConvertApp] Writing 5822 bytes to 2.train_regression_multi_output_channel_selection.py
cell_type: PBMC cytokine: FGF-7 (KGF) [NSU] shuffle: False data: Gasdermin_ER_Mito_PM.parquet
PBMC False FGF-7 (KGF) [NSU]
shuffle: False
Not shuffling data
[-0.04209129 -0.1483101  -0.09177597 -0.18875753 -0.02632014 -0.48812211
 -0.17974483 -0.09714914 -0.61300695 -0.21417506 -0.27382917 -0.04412035
 -0.09396075 -0.15694004 -0.43729539 -0.19554547 -0.24523436 -0.01165646
 -0.05260357 -0.12214314 -0.15787866 -0.03918652 -0.20367795 -0.08971953
 -0.08684476 -0.18222393 -0.16273702 -0.27666051 -0.43602186 -0.07523863
 -0.02517955 -0.26865342 -0.21012394 -0.07233123 -0.28495341 -0.08011868
 -0.1824094  -0.00579171 -0.13555023 -0.06891274 -0.12479619 -0.23672545
 -0.15030942 -0.28984569 -0.22404571 -0.29482713 -0.03576735 -0.42317584
 -0.0410619  -0.04346192 -0.4548416  -0.23267154 -0.07880113 -0.14913612
 -0.09165047 -0.41802703 -0.30973981 -0.22860475 -0.14347019 -0.2518221
 -0.00643331 -0.08305705 -0.23964039 -0.13257029 -0.11455111 -0.07211524
 -0.0882463  -0.23480913]
Mean MAE: -0.17589999467109657
Std MAE: 0.12908390353313307
R2: 0.0
