[NbConvertApp] WARNING | Config option `kernel_spec_manager_class` not recognized by `NbConvertApp`.
[NbConvertApp] Converting notebook ../notebooks/1.train_regression_multi_output.ipynb to script
[NbConvertApp] Writing 5645 bytes to 1.train_regression_multi_output.py
[NbConvertApp] Converting notebook ../notebooks/2.train_regression_multi_output_channel_selection.ipynb to script
[NbConvertApp] Writing 5822 bytes to 2.train_regression_multi_output_channel_selection.py
cell_type: SHSY5Y cytokine: FGF-19 [NSU] shuffle: True data: Gasdermin_ER_Mito_PM.parquet
SHSY5Y True FGF-19 [NSU]
shuffle: True
Shuffling data
[-0.10308549 -0.00678566 -0.01174453 -0.09928119 -0.23028436 -0.1930567
 -0.00385972 -0.01740085 -0.09661283 -0.07221325 -0.18032563 -0.12008739
 -0.23051663 -0.13656953 -0.47858053 -0.08273983 -0.08211843 -0.11324714
 -0.1875714  -0.09897831 -0.07127697 -0.03583571 -0.1673559  -0.00342323
 -0.05110907 -0.04737299 -0.05800358 -0.10859313 -0.11804732 -0.07035764
 -0.01403961 -0.20735425 -0.00774101 -0.22529288 -0.07625255 -0.12679551
 -0.06085404 -0.10256074 -0.06519456 -0.19982892 -0.00792775 -0.15020475
 -0.10802538 -0.13926015 -0.02392146 -0.07732979 -0.13392911 -0.14346152
 -0.20200694 -0.34140865 -0.04277359 -0.05116305 -0.06239583 -0.35483169
 -0.11277654 -0.15856864 -0.05983268 -0.07449951 -0.30774348 -0.03735279
 -0.13828042 -0.10982956 -0.34246141 -0.03792458 -0.23636823 -0.13380817
 -0.07206618 -0.12203413 -0.05770388 -0.54413029]
Mean MAE: -0.12494813060780312
Std MAE: 0.10531423132412021
R2: 0.0
