[NbConvertApp] WARNING | Config option `kernel_spec_manager_class` not recognized by `NbConvertApp`.
[NbConvertApp] Converting notebook ../notebooks/1.train_regression_multi_output.ipynb to script
[NbConvertApp] Writing 5645 bytes to 1.train_regression_multi_output.py
[NbConvertApp] Converting notebook ../notebooks/2.train_regression_multi_output_channel_selection.ipynb to script
[NbConvertApp] Writing 5822 bytes to 2.train_regression_multi_output_channel_selection.py
cell_type: SHSY5Y cytokine: IL-28A [NSU] shuffle: False data: Gasdermin_ER_Mito_PM.parquet
SHSY5Y False IL-28A [NSU]
shuffle: False
Not shuffling data
[-0.03146854 -0.17458901 -0.45371929 -0.15873695 -0.04311604 -0.25977024
 -0.08439334 -0.02547397 -0.0150855  -0.33807985 -0.09478464 -0.24581729
 -0.16603187 -0.37928972 -0.08859242 -0.13943969 -0.09921248 -0.32572406
 -0.29978131 -0.00258245 -0.12886021 -0.06819605 -0.03386825 -0.23334891
 -0.03563571 -0.1180061  -0.06922596 -0.19210972 -0.04288069 -0.38112956
 -0.03723823 -0.02070365 -0.01614152 -0.27736484 -0.06584551 -0.16420377
 -0.41540805 -0.17314656 -0.12801081 -0.42570584 -0.00103722 -0.49430687
 -0.05384059 -0.34332959 -0.30199364 -0.01655175 -0.04436982 -0.32504613
 -0.34284408 -0.04996318 -0.11662394 -0.25914885 -0.31811619 -0.18669946
 -0.30209346 -0.19655091 -0.11666229 -0.46688525 -0.07700265 -0.06201016
 -0.26938292 -0.16649315 -0.29957281 -0.45352761 -0.33746774 -0.03131424
 -0.18341175 -0.16129648 -0.29526659 -0.07311943]
Mean MAE: -0.18283781975381597
Std MAE: 0.13703151289361673
R2: 0.10387634404516477
