[NbConvertApp] WARNING | Config option `kernel_spec_manager_class` not recognized by `NbConvertApp`.
[NbConvertApp] Converting notebook ../notebooks/1.train_regression_multi_output.ipynb to script
[NbConvertApp] Writing 5645 bytes to 1.train_regression_multi_output.py
[NbConvertApp] Converting notebook ../notebooks/2.train_regression_multi_output_channel_selection.ipynb to script
[NbConvertApp] Writing 5822 bytes to 2.train_regression_multi_output_channel_selection.py
cell_type: SHSY5Y cytokine: MIF [NSU] shuffle: True data: Gasdermin_ER_Mito_PM.parquet
SHSY5Y True MIF [NSU]
shuffle: True
Shuffling data
[-0.07562503 -0.13475777 -0.14228376 -0.19027614 -0.1387122  -0.104376
 -0.05553129 -0.08212288 -0.07439176 -0.11851927 -0.11994977 -0.01903423
 -0.0594335  -0.21377191 -0.12421123 -0.1934513  -0.15376295 -0.34715586
 -0.0841094  -0.17904785 -0.14397102 -0.16712645 -0.04526536 -0.05651149
 -0.09275542 -0.21348315 -0.07594609 -0.05293952 -0.08546504 -0.14659805
 -0.32512119 -0.19497062 -0.07639005 -0.21859837 -0.11361193 -0.12575172
 -0.11348618 -0.12097268 -0.26069148 -0.32610717 -0.13639114 -0.61066663
 -0.16413267 -0.06602299 -0.07019393 -0.26943954 -0.29713756 -0.20250059
 -0.1436112  -0.12421768 -0.11679577 -0.10314112 -0.14322919 -0.09492742
 -0.13663426 -0.16733918 -0.06939084 -0.03764346 -0.11759791 -0.11015986
 -0.06936018 -0.04626169 -0.11066245 -0.10793188 -0.16238307 -0.04751285
 -0.12822279 -0.14389465 -0.12342926 -0.09401423]
Mean MAE: -0.13973047253448645
Std MAE: 0.08989334201555253
R2: 0.0
