[NbConvertApp] WARNING | Config option `kernel_spec_manager_class` not recognized by `NbConvertApp`.
[NbConvertApp] Converting notebook ../notebooks/1.train_regression_multi_output.ipynb to script
[NbConvertApp] Writing 5645 bytes to 1.train_regression_multi_output.py
[NbConvertApp] Converting notebook ../notebooks/2.train_regression_multi_output_channel_selection.ipynb to script
[NbConvertApp] Writing 5822 bytes to 2.train_regression_multi_output_channel_selection.py
cell_type: SHSY5Y cytokine: IL-6 [NSU] shuffle: True data: Gasdermin_ER_Mito_PM.parquet
SHSY5Y True IL-6 [NSU]
shuffle: True
Shuffling data
[-0.26276674 -0.05507035 -0.01869306 -0.01431957 -0.04494281 -0.12080254
 -0.00451551 -0.23518927 -0.33570273 -0.04725868 -0.03316332 -0.00393037
 -0.43998544 -0.00325828 -0.00837316 -0.00267698 -0.29053429 -0.16150595
 -0.00896684 -0.26906829 -0.16877712 -0.12754086 -0.03173208 -0.21499004
 -0.04634534 -0.06911837 -0.17287912 -0.16503983 -0.10046249 -0.18347902
 -0.10406322 -0.32722481 -0.00974421 -0.06790075 -0.38461172 -0.17778993
 -0.33390944 -0.12559046 -0.03619104 -0.32681506 -0.15788341 -0.0149016
 -0.08226738 -0.17206258 -0.2782294  -0.03833616 -0.02122454 -0.12541403
 -0.13430876 -0.24949103 -0.08283131 -0.25128148 -0.28869109 -0.0168956
 -0.18396082 -0.19095384 -0.04194305 -0.1051649  -0.58074102 -0.40923344
 -0.00718829 -0.25333119 -0.57319717 -0.40075911 -0.11936242 -0.03706699
 -0.35387941 -0.13515982 -0.04470321 -0.39289595]
Mean MAE: -0.16111840139575923
Std MAE: 0.14165785277387524
R2: 0.0
