[NbConvertApp] WARNING | Config option `kernel_spec_manager_class` not recognized by `NbConvertApp`.
[NbConvertApp] Converting notebook ../notebooks/1.train_regression_multi_output.ipynb to script
[NbConvertApp] Writing 5645 bytes to 1.train_regression_multi_output.py
[NbConvertApp] Converting notebook ../notebooks/2.train_regression_multi_output_channel_selection.ipynb to script
[NbConvertApp] Writing 5822 bytes to 2.train_regression_multi_output_channel_selection.py
cell_type: SHSY5Y cytokine: CCL17 [NSU] shuffle: False data: Gasdermin_ER_Mito_PM.parquet
SHSY5Y False CCL17 [NSU]
shuffle: False
Not shuffling data
[-0.07352649 -0.11312413 -0.21120182 -0.29605814 -0.39167987 -0.06861964
 -0.43874226 -0.00893992 -0.15808772 -0.03436046 -0.2556193  -0.46330627
 -0.2808562  -0.29546953 -0.05898631 -0.1377433  -0.1701259  -0.01104459
 -0.10904574 -0.20854477 -0.02517477 -0.04193168 -0.08536704 -0.23159791
 -0.23006032 -0.21195219 -0.17949666 -0.18920045 -0.12776873 -0.08905572
 -0.03345976 -0.22576021 -0.11635624 -0.18282897 -0.16638822 -0.1556668
 -0.19391203 -0.04156462 -0.18265197 -0.17530317 -0.23993627 -0.19516739
 -0.07007304 -0.13331088 -0.09798092 -0.1853943  -0.13994326 -0.30685883
 -0.06222192 -0.21672706 -0.12601288 -0.15391678 -0.01069569 -0.06887497
 -0.21910041 -0.12567422 -0.06452051 -0.08081349 -0.14819292 -0.01646719
 -0.17790378 -0.00266259 -0.13214558 -0.10852006 -0.25663959 -0.00121369
 -0.14893959 -0.04045531 -0.06228776 -0.05215181]
Mean MAE: -0.14736260739269966
Std MAE: 0.0995253017708041
R2: 0.5984290394524703
