[NbConvertApp] WARNING | Config option `kernel_spec_manager_class` not recognized by `NbConvertApp`.
[NbConvertApp] Converting notebook ../notebooks/1.train_regression_multi_output.ipynb to script
[NbConvertApp] Writing 5645 bytes to 1.train_regression_multi_output.py
[NbConvertApp] Converting notebook ../notebooks/2.train_regression_multi_output_channel_selection.ipynb to script
[NbConvertApp] Writing 5822 bytes to 2.train_regression_multi_output_channel_selection.py
cell_type: PBMC cytokine: IL-29 [NSU] shuffle: True data: Gasdermin_ER_Mito_PM.parquet
PBMC True IL-29 [NSU]
shuffle: True
Shuffling data
[-0.00414398 -0.04582673 -0.21370185 -0.08300796 -0.1155835  -0.00242191
 -0.26258328 -0.04080921 -0.17494017 -0.11256204 -0.05665552 -0.20000966
 -0.11665506 -0.12089665 -0.08175925 -0.03639205 -0.08307467 -0.45714741
 -0.13002713 -0.1583278  -0.0796323  -0.05514882 -0.03287561 -0.03446953
 -0.22657793 -0.1998096  -0.06877965 -0.1510204  -0.06318401 -0.06166114
 -0.1054518  -0.03590006 -0.22438318 -0.13887119 -0.02722371 -0.11063479
 -0.18442523 -0.18800822 -0.03866917 -0.40070997 -0.0103702  -0.50216342
 -0.19437445 -0.12256256 -0.09899203 -0.16148088 -0.03144632 -0.04363121
 -0.20197258 -0.13524072 -0.15307601 -0.01906633 -0.14318746 -0.21724202
 -0.29814905 -0.02924775 -0.05343634 -0.20278588 -0.05940053 -0.11227021
 -0.0095077  -0.22315054 -0.15861103 -0.05425372 -0.2547107  -0.03344202
 -0.19735981 -0.0131279 ]
Mean MAE: -0.12732678753822643
Std MAE: 0.1021024655886752
R2: 0.0
