[NbConvertApp] WARNING | Config option `kernel_spec_manager_class` not recognized by `NbConvertApp`.
[NbConvertApp] Converting notebook ../notebooks/1.train_regression_multi_output.ipynb to script
[NbConvertApp] Writing 5645 bytes to 1.train_regression_multi_output.py
[NbConvertApp] Converting notebook ../notebooks/2.train_regression_multi_output_channel_selection.ipynb to script
[NbConvertApp] Writing 5822 bytes to 2.train_regression_multi_output_channel_selection.py
cell_type: SHSY5Y cytokine: CXCL16 [NSU] shuffle: True data: Gasdermin_ER_Mito_PM.parquet
SHSY5Y True CXCL16 [NSU]
shuffle: True
Shuffling data
[-0.23135363 -0.02534198 -0.15086245 -0.26869186 -0.05247866 -0.02581619
 -0.15743494 -0.07157806 -0.08392106 -0.07549624 -0.30655463 -0.20664985
 -0.22115109 -0.03879287 -0.21140382 -0.17796393 -0.06322029 -0.17688485
 -0.10995738 -0.16394914 -0.14777993 -0.01566812 -0.18177238 -0.07066846
 -0.12230832 -0.20913753 -0.35085775 -0.02499264 -0.11993894 -0.00576397
 -0.13718928 -0.33561639 -0.1933492  -0.064684   -0.20648056 -0.08299634
 -0.12380737 -0.53665591 -0.00292937 -0.22635003 -0.23631796 -0.21029584
 -0.02128188 -0.28900944 -0.1939457  -0.24596187 -0.29015089 -0.15652375
 -0.09905053 -0.31309713 -0.23077784 -0.40842151 -0.19682763 -0.02675425
 -0.05716044 -0.18136769 -0.16338451 -0.70654279 -0.02289439 -0.05211702
 -0.07916552 -0.35347766 -0.12007612 -0.13484857 -0.39923352 -0.05753117
 -0.04261882 -0.09988881 -0.34122943 -0.22177725]
Mean MAE: -0.17043113361291085
Std MAE: 0.12879413730222794
R2: 0.0
