[NbConvertApp] WARNING | Config option `kernel_spec_manager_class` not recognized by `NbConvertApp`.
[NbConvertApp] Converting notebook ../notebooks/1.train_regression_multi_output.ipynb to script
[NbConvertApp] Writing 5645 bytes to 1.train_regression_multi_output.py
[NbConvertApp] Converting notebook ../notebooks/2.train_regression_multi_output_channel_selection.ipynb to script
[NbConvertApp] Writing 5822 bytes to 2.train_regression_multi_output_channel_selection.py
cell_type: SHSY5Y cytokine: FGF-9 [NSU] shuffle: False data: Gasdermin_ER_Mito_PM.parquet
SHSY5Y False FGF-9 [NSU]
shuffle: False
Not shuffling data
[-0.36523502 -0.12191908 -0.09174424 -0.0399221  -0.19386906 -0.08604029
 -0.09216701 -0.10352491 -0.1088626  -0.04372046 -0.18936213 -0.00751458
 -0.07527329 -0.03186693 -0.04438438 -0.27828911 -0.05285319 -0.11014006
 -0.00280705 -0.20272879 -0.16219009 -0.0519524  -0.08474685 -0.12779492
 -0.29489164 -0.01146181 -0.30771255 -0.09932527 -0.02121884 -0.41877807
 -0.46063051 -0.00544428 -0.01753996 -0.25527782 -0.08989875 -0.14566216
 -0.27577535 -0.2153944  -0.19800347 -0.316826   -0.18339608 -0.19557787
 -0.14594017 -0.12995422 -0.08132813 -0.30054381 -0.28351087 -0.08644955
 -0.19075452 -0.19305554 -0.1408452  -0.26528001 -0.20272336 -0.06289482
 -0.11890927 -0.10364618 -0.35307126 -0.13357683 -0.31897227 -0.00310407
 -0.0073357  -0.13273271 -0.15691412 -0.22174761 -0.06815606 -0.07774271
 -0.18578882 -0.26013121 -0.10617165 -0.01517374]
Mean MAE: -0.15040253990379504
Std MAE: 0.10747629216685643
R2: 0.5026810300352014
