[NbConvertApp] WARNING | Config option `kernel_spec_manager_class` not recognized by `NbConvertApp`.
[NbConvertApp] Converting notebook ../notebooks/1.train_regression_multi_output.ipynb to script
[NbConvertApp] Writing 5645 bytes to 1.train_regression_multi_output.py
[NbConvertApp] Converting notebook ../notebooks/2.train_regression_multi_output_channel_selection.ipynb to script
[NbConvertApp] Writing 5822 bytes to 2.train_regression_multi_output_channel_selection.py
cell_type: SHSY5Y cytokine: FGF-1 [NSU] shuffle: True data: Gasdermin_ER_Mito_PM.parquet
SHSY5Y True FGF-1 [NSU]
shuffle: True
Shuffling data
[-0.07764322 -0.04422839 -0.06922458 -0.08534394 -0.26683286 -0.36112912
 -0.07129118 -0.1766412  -0.03362135 -0.25506273 -0.33999626 -0.00386451
 -0.03013702 -0.26992831 -0.54023078 -0.19269793 -0.51609675 -0.19285289
 -0.12639542 -0.05084144 -0.10863901 -0.31449481 -0.19082999 -0.15721779
 -0.01219349 -0.33450523 -0.11262294 -0.31756601 -0.07313292 -0.08009395
 -0.45618296 -0.03366813 -0.2575958  -0.18344799 -0.03911672 -0.00681797
 -0.32877051 -0.18033186 -0.22439699 -0.44039795 -0.02668475 -0.16356193
 -0.03350193 -0.15931761 -0.10515886 -0.34915329 -0.2720357  -0.09783353
 -0.20019973 -0.3727111  -0.02332255 -0.19688662 -0.0803314  -0.18288419
 -0.21439811 -0.07494244 -0.10559655 -0.04754791 -0.15624702 -0.1948714
 -0.0246533  -0.45002455 -0.17999901 -0.0391423  -0.03258279 -0.31984464
 -0.02402602 -0.01883454 -0.34592865 -0.24035351]
Mean MAE: -0.1755522693683245
Std MAE: 0.13560024901429338
R2: 0.0
