[NbConvertApp] WARNING | Config option `kernel_spec_manager_class` not recognized by `NbConvertApp`.
[NbConvertApp] Converting notebook ../notebooks/1.train_regression_multi_output.ipynb to script
[NbConvertApp] Writing 5645 bytes to 1.train_regression_multi_output.py
[NbConvertApp] Converting notebook ../notebooks/2.train_regression_multi_output_channel_selection.ipynb to script
[NbConvertApp] Writing 5822 bytes to 2.train_regression_multi_output_channel_selection.py
cell_type: SHSY5Y cytokine: PLGF [NSU] shuffle: False data: Gasdermin_ER_Mito_PM.parquet
SHSY5Y False PLGF [NSU]
shuffle: False
Not shuffling data
[-0.16823387 -0.1100601  -0.01163345 -0.29992869 -0.0468105  -0.20072029
 -0.05718768 -0.20409226 -0.28588    -0.18679707 -0.41233563 -0.17792385
 -0.0709769  -0.20394085 -0.25233094 -0.41936734 -0.2581085  -0.13146482
 -0.0540342  -0.41940052 -0.23322807 -0.37160135 -0.02921591 -0.26850162
 -0.14090703 -0.09683083 -0.10981069 -0.06389922 -0.1595075  -0.04980855
 -0.2016599  -0.11982495 -0.12040571 -0.09784069 -0.08666165 -0.09682089
 -0.12017638 -0.15491814 -0.31674909 -0.02786669 -0.03688793 -0.28771413
 -0.13773995 -0.09290371 -0.2204697  -0.10211934 -0.27336751 -0.01243377
 -0.25212317 -0.02422222 -0.2531325  -0.1519572  -0.09927983 -0.09498538
 -0.03746478 -0.33910161 -0.50253349 -0.16320365 -0.26525217 -0.16461228
 -0.15555821 -0.16976466 -0.20630802 -0.26754613 -0.01704672 -0.3045288
 -0.03056457 -0.12626089 -0.03047075 -0.11193596]
Mean MAE: -0.16812787648032082
Std MAE: 0.11212720412105333
R2: 0.10958315384633077
