[NbConvertApp] WARNING | Config option `kernel_spec_manager_class` not recognized by `NbConvertApp`.
[NbConvertApp] Converting notebook ../notebooks/1.train_regression_multi_output.ipynb to script
[NbConvertApp] Writing 5645 bytes to 1.train_regression_multi_output.py
[NbConvertApp] Converting notebook ../notebooks/2.train_regression_multi_output_channel_selection.ipynb to script
[NbConvertApp] Writing 5822 bytes to 2.train_regression_multi_output_channel_selection.py
cell_type: SHSY5Y cytokine: CCL11 [NSU] shuffle: True data: Gasdermin_ER_Mito_PM.parquet
SHSY5Y True CCL11 [NSU]
shuffle: True
Shuffling data
[-0.17567163 -0.28453014 -0.02753934 -0.21962548 -0.20462106 -0.01465841
 -0.03348638 -0.62687206 -0.01485953 -0.00308892 -0.15240865 -0.29803164
 -0.20816736 -0.05183232 -0.26570477 -0.01171641 -0.07018058 -0.07479587
 -0.10510903 -0.09015893 -0.09653892 -0.08764064 -0.23867254 -0.10840596
 -0.04750219 -0.24908515 -0.04265919 -0.35489812 -0.07830854 -0.21110685
 -0.00556783 -0.03196306 -0.08724873 -0.02143783 -0.31495934 -0.02483108
 -0.19455969 -0.03153024 -0.12062054 -0.0226155  -0.16385895 -0.2206485
 -0.13207341 -0.57218514 -0.08883053 -0.13077825 -0.20400845 -0.20097208
 -0.20640322 -0.31204632 -0.27690767 -0.16224186 -0.192947   -0.30492981
 -0.16254231 -0.0210852  -0.37053814 -0.31003015 -0.25697756 -0.01022822
 -0.02183575 -0.05774558 -0.5407014  -0.33591898 -0.14843045 -0.0509803
 -0.31314059 -0.33311462 -0.11851812 -0.23827951]
Mean MAE: -0.16803012187420457
Std MAE: 0.13685989965443834
R2: 0.0
