[NbConvertApp] WARNING | Config option `kernel_spec_manager_class` not recognized by `NbConvertApp`.
[NbConvertApp] Converting notebook ../notebooks/1.train_regression_multi_output.ipynb to script
[NbConvertApp] Writing 5645 bytes to 1.train_regression_multi_output.py
[NbConvertApp] Converting notebook ../notebooks/2.train_regression_multi_output_channel_selection.ipynb to script
[NbConvertApp] Writing 5822 bytes to 2.train_regression_multi_output_channel_selection.py
cell_type: PBMC cytokine: PCSK9 [NSU] shuffle: True data: Gasdermin_ER_Mito_PM.parquet
PBMC True PCSK9 [NSU]
shuffle: True
Shuffling data
[-0.01524836 -0.09221283 -0.1471997  -0.04154122 -0.13329117 -0.1583438
 -0.22190579 -0.06518712 -0.20776931 -0.01567555 -0.1487224  -0.08408177
 -0.17324568 -0.46413921 -0.38559997 -0.04205685 -0.2902816  -0.06700902
 -0.04604229 -0.06961164 -0.04073266 -0.04158885 -0.01306055 -0.03236981
 -0.45352221 -0.26120819 -0.04012116 -0.04107958 -0.28851639 -0.19327773
 -0.04904874 -0.34490474 -0.03769401 -0.08334633 -0.27457048 -0.08080955
 -0.11948886 -0.17866283 -0.15771494 -0.54305411 -0.15685394 -0.15443331
 -0.11521678 -0.0845573  -0.23938887 -0.05338388 -0.23619765 -0.12614906
 -0.04255988 -0.32759495 -0.0912799  -0.17671973 -0.31966291 -0.06443089
 -0.45764484 -0.0329662  -0.33963339 -0.07240891 -0.42769518 -0.20401856
 -0.05042702 -0.14904394 -0.10646277 -0.00755421 -0.3042486  -0.04333653
 -0.16476156 -0.2715221 ]
Mean MAE: -0.16123661565060385
Std MAE: 0.12992107392614208
R2: 0.03986597641988954
