[NbConvertApp] WARNING | Config option `kernel_spec_manager_class` not recognized by `NbConvertApp`.
[NbConvertApp] Converting notebook ../notebooks/1.train_regression_multi_output.ipynb to script
[NbConvertApp] Writing 5645 bytes to 1.train_regression_multi_output.py
[NbConvertApp] Converting notebook ../notebooks/2.train_regression_multi_output_channel_selection.ipynb to script
[NbConvertApp] Writing 5822 bytes to 2.train_regression_multi_output_channel_selection.py
cell_type: PBMC cytokine: MMP-1 [NSU] shuffle: False data: Gasdermin_ER_Mito_PM.parquet
PBMC False MMP-1 [NSU]
shuffle: False
Not shuffling data
[-2.24074224e-01 -1.15434191e-01 -5.35301813e-02 -3.81013953e-01
 -2.35114329e-01 -7.09685381e-02 -1.72834035e-01 -2.64224398e-01
 -1.39723757e-01 -9.93186681e-02 -1.83188168e-01 -6.56660885e-02
 -1.81608642e-01 -2.25930843e-01 -8.84012534e-02 -4.40702157e-01
 -8.31896953e-02 -1.75624434e-01 -7.07127052e-02 -1.15001991e-01
 -1.96267025e-02 -3.77826110e-01 -8.80121497e-02 -4.23530709e-02
 -4.03988532e-01 -3.13491343e-01 -7.76816551e-02 -1.60072114e-01
 -6.99908653e-02 -1.49840567e-01 -1.44327924e-01 -2.83785487e-01
 -2.82472748e-01 -5.01536060e-02 -9.95127882e-02 -5.74528516e-02
 -7.56626697e-02 -1.16390420e-01 -7.05603360e-04 -5.15970907e-02
 -2.06273495e-03 -3.82012506e-01 -1.25209785e-01 -1.71759085e-01
 -1.72751229e-01 -1.95937951e-01 -1.56084659e-01 -1.80386831e-01
 -2.63004527e-02 -1.72924250e-01 -1.18050109e+00 -1.92742216e-02
 -1.56516929e-01 -1.08694961e-01 -4.55107021e-02 -2.25663805e-01
 -3.35437075e-01 -1.78885634e-01 -2.41417128e-01 -1.15271883e-02
 -1.50889046e-01 -4.93241288e-02 -1.78179521e-03 -1.34820625e-01
 -3.42140648e-02 -1.06120384e-01 -3.60851754e-02 -2.40149615e-01]
Mean MAE: -0.16313896479229792
Std MAE: 0.16319030296178186
R2: 0.44944001422658686
