[NbConvertApp] WARNING | Config option `kernel_spec_manager_class` not recognized by `NbConvertApp`.
[NbConvertApp] Converting notebook ../notebooks/1.train_regression_multi_output.ipynb to script
[NbConvertApp] Writing 5645 bytes to 1.train_regression_multi_output.py
[NbConvertApp] Converting notebook ../notebooks/2.train_regression_multi_output_channel_selection.ipynb to script
[NbConvertApp] Writing 5822 bytes to 2.train_regression_multi_output_channel_selection.py
cell_type: SHSY5Y cytokine: TWEAK [NSU] shuffle: True data: Gasdermin_ER_Mito_PM.parquet
SHSY5Y True TWEAK [NSU]
shuffle: True
Shuffling data
[-0.17073469 -0.31125131 -0.12066517 -0.02836929 -0.08074387 -0.17491852
 -0.18771968 -0.12078482 -0.17399392 -0.01198235 -0.04149814 -0.14888274
 -0.68521447 -0.19528712 -0.17122544 -0.05003439 -0.04603983 -0.03063906
 -0.39023435 -0.01012437 -0.13777548 -0.00387251 -0.0194963  -0.05766077
 -0.12987699 -0.08970955 -0.06997938 -0.26321342 -0.10139495 -0.16170296
 -0.05718244 -0.21848763 -0.23824008 -0.01514222 -0.12535151 -0.13779722
 -0.05611111 -0.25971843 -0.21276217 -0.06109229 -0.05867489 -0.10828504
 -0.22576626 -0.04740009 -0.03507367 -0.14214722 -0.20202091 -0.18444471
 -0.06040625 -0.02102366 -0.14166291 -0.00082449 -0.051233   -0.03459693
 -0.06551836 -0.0427738  -0.40340959 -0.05786037 -0.11483177 -0.29733329
 -0.01119109 -0.14328447 -0.45139519 -0.15347831 -0.12613321 -0.00467237
 -0.20560396 -0.05967925 -0.35218137 -0.07549477]
Mean MAE: -0.13493303035780255
Std MAE: 0.12127333973580678
R2: 0.0
