[NbConvertApp] WARNING | Config option `kernel_spec_manager_class` not recognized by `NbConvertApp`.
[NbConvertApp] Converting notebook ../notebooks/1.train_regression_multi_output.ipynb to script
[NbConvertApp] Writing 5645 bytes to 1.train_regression_multi_output.py
[NbConvertApp] Converting notebook ../notebooks/2.train_regression_multi_output_channel_selection.ipynb to script
[NbConvertApp] Writing 5822 bytes to 2.train_regression_multi_output_channel_selection.py
cell_type: SHSY5Y cytokine: ST2 (IL-33R) [NSU] shuffle: False data: Gasdermin_ER_Mito_PM.parquet
SHSY5Y False ST2 (IL-33R) [NSU]
shuffle: False
Not shuffling data
[-2.35593558e-01 -2.12931328e-01 -8.32398409e-03 -1.42258313e-01
 -7.10001233e-02 -8.30781145e-02 -7.73074709e-02 -9.14208802e-02
 -3.90096922e-02 -5.39209343e-01 -1.66590253e-01 -1.35052414e-01
 -2.61788926e-01 -6.93504446e-02 -8.99095903e-02 -1.84773996e-01
 -8.29794774e-02 -3.34714908e-02 -2.99910339e-02 -3.27397547e-01
 -1.06018587e-01 -8.77373859e-02 -8.75028570e-02 -1.39582905e-01
 -3.69291426e-04 -1.15951292e-01 -1.34696525e-01 -2.12144365e-01
 -1.80133960e-01 -1.97141214e-01 -4.91218820e-02 -1.32653554e-01
 -4.34490746e-01 -1.37159386e-01 -1.73463332e-01 -2.69958570e-01
 -4.62368308e-01 -1.82166087e-01 -6.83687013e-02 -8.73802512e-02
 -1.12640270e-01 -1.62961882e-01 -3.12566351e-01 -8.00928554e-02
 -6.47431827e-02 -3.04998255e-02 -1.87069497e-01 -2.09357268e-01
 -1.25614330e-01 -1.10997432e-01 -4.15513812e-02 -8.41798430e-02
 -1.28289505e-01 -6.74065027e-02 -1.97672042e-01 -5.25167506e-02
 -8.17687946e-02 -1.40897210e-01 -3.72652988e-01 -3.40376839e-02
 -7.63764040e-03 -3.95537902e-01 -2.11801005e-01 -8.84977385e-02
 -4.18777787e-01 -3.46141829e-02 -2.04244318e-01 -1.50666416e-01
 -1.21700232e-01 -1.30627165e-01]
Mean MAE: -0.15002095945007232
Std MAE: 0.1134791433680376
R2: 0.12424836402265493
