[NbConvertApp] WARNING | Config option `kernel_spec_manager_class` not recognized by `NbConvertApp`.
[NbConvertApp] Converting notebook ../notebooks/1.train_regression_multi_output.ipynb to script
[NbConvertApp] Writing 5645 bytes to 1.train_regression_multi_output.py
[NbConvertApp] Converting notebook ../notebooks/2.train_regression_multi_output_channel_selection.ipynb to script
[NbConvertApp] Writing 5822 bytes to 2.train_regression_multi_output_channel_selection.py
cell_type: SHSY5Y cytokine: CD40L [NSU] shuffle: False data: Gasdermin_ER_Mito_PM.parquet
SHSY5Y False CD40L [NSU]
shuffle: False
Not shuffling data
[-0.18974488 -0.05698801 -0.26030675 -0.14089937 -0.05627996 -0.02160138
 -0.00390882 -0.03635018 -0.05976279 -0.21614819 -0.01115966 -0.06815226
 -0.18811287 -0.07997    -0.10196417 -0.16594972 -0.45920739 -0.14112742
 -0.02109493 -0.09557851 -0.06561624 -0.16172267 -0.42890873 -0.04211592
 -0.2756507  -0.52152891 -0.30340004 -0.08749495 -0.19794692 -0.352477
 -0.28149175 -0.17819266 -0.04381786 -0.32518329 -0.43310266 -0.38168146
 -0.30414197 -0.17932802 -0.23779006 -0.26502175 -0.02440682 -0.38618019
 -0.01506491 -0.21392131 -0.25107612 -0.00521005 -0.02720212 -0.32810682
 -0.16205271 -0.17282239 -0.10450583 -0.46856036 -0.3670674  -0.13279498
 -0.19374624 -0.04892808 -0.34972439 -0.03321299 -0.236725   -0.16599479
 -0.02927521 -0.18083613 -0.15513096 -0.25526694 -0.03681639 -0.23104542
 -0.08958223 -0.12297023 -0.12106191 -0.01632231]
Mean MAE: -0.17666474431981163
Std MAE: 0.13210311707786468
R2: 0.05321576746711998
