[NbConvertApp] WARNING | Config option `kernel_spec_manager_class` not recognized by `NbConvertApp`.
[NbConvertApp] Converting notebook ../notebooks/1.train_regression_multi_output.ipynb to script
[NbConvertApp] Writing 5645 bytes to 1.train_regression_multi_output.py
[NbConvertApp] Converting notebook ../notebooks/2.train_regression_multi_output_channel_selection.ipynb to script
[NbConvertApp] Writing 5822 bytes to 2.train_regression_multi_output_channel_selection.py
cell_type: SHSY5Y cytokine: PLGF [NSU] shuffle: True data: Gasdermin_ER_Mito_PM.parquet
SHSY5Y True PLGF [NSU]
shuffle: True
Shuffling data
[-2.06736238e-01 -1.20228395e-01 -3.56788375e-02 -1.86286731e-01
 -1.24575055e-01 -1.95481529e-01 -7.28067143e-02 -1.72525842e-01
 -3.22163703e-01 -2.07267422e-01 -3.34089151e-01 -2.50453345e-01
 -4.35707642e-02 -1.02526022e-01 -2.62596654e-01 -4.26525448e-01
 -3.91021752e-01 -1.33630211e-01 -5.64506557e-03 -6.58362120e-01
 -3.09930626e-01 -3.25787946e-01 -1.39109743e-01 -2.22102019e-01
 -8.97272070e-02 -2.35771852e-01 -9.56630236e-03 -7.57226391e-02
 -9.18023188e-02 -1.99790683e-01 -1.98677029e-01 -3.85702987e-02
 -1.29745329e-01 -1.01849569e-01 -1.20824642e-01 -1.73901243e-01
 -2.76170888e-01 -1.67025807e-01 -2.56337473e-01 -7.94784030e-02
 -2.23302090e-02 -4.66398837e-01 -2.06375602e-01 -1.24920738e-01
 -2.45944129e-01 -1.30110683e-04 -3.47804396e-01 -9.59645767e-03
 -1.36663070e-01 -6.74277198e-02 -2.25322338e-01 -2.00150073e-01
 -5.82756321e-02 -8.99532815e-02 -8.52392562e-02 -5.13226663e-01
 -4.90179328e-01 -2.54995116e-01 -1.67352355e-01 -1.31342986e-01
 -1.53458488e-01 -1.32862700e-01 -2.59893864e-02 -3.31078911e-01
 -6.65335138e-02 -3.43892244e-01 -3.64742757e-02 -2.79230166e-01
 -2.14774033e-02 -1.33374707e-01]
Mean MAE: -0.1837437587083323
Std MAE: 0.13423888246092303
R2: 0.5265397942841881
