[NbConvertApp] WARNING | Config option `kernel_spec_manager_class` not recognized by `NbConvertApp`.
[NbConvertApp] Converting notebook ../notebooks/1.train_regression_multi_output.ipynb to script
[NbConvertApp] Writing 5645 bytes to 1.train_regression_multi_output.py
[NbConvertApp] Converting notebook ../notebooks/2.train_regression_multi_output_channel_selection.ipynb to script
[NbConvertApp] Writing 5822 bytes to 2.train_regression_multi_output_channel_selection.py
cell_type: PBMC cytokine: CXCL12 (beta) [NSU] shuffle: True data: Gasdermin_ER_Mito_PM.parquet
PBMC True CXCL12 (beta) [NSU]
shuffle: True
Shuffling data
[-0.1057779  -0.09663038 -0.24700192 -0.19876125 -0.54619846 -0.07917487
 -0.14143104 -0.195562   -0.15558324 -0.0657113  -0.01804539 -0.2264077
 -0.21975074 -0.18245139 -0.23817251 -0.32952875 -0.25418445 -0.22749012
 -0.18235508 -0.07678015 -0.19567381 -0.11043888 -0.24772046 -0.28314614
 -0.20307471 -0.10102825 -0.29051848 -0.1651043  -0.20874973 -0.193434
 -0.07038348 -0.15766994 -0.14083554 -0.02704304 -0.15708517 -0.11869934
 -0.0393702  -0.02321489 -0.335827   -0.02193478 -0.15331246 -0.15767495
 -0.02025225 -0.08159632 -0.19776747 -0.15967958 -0.06177968 -0.15565144
 -0.01477356 -0.06546689 -0.17507467 -0.00716803 -0.56639652 -0.06150397
 -0.07770127 -0.16783261 -0.04113067 -0.03913854 -0.09114194 -0.15788953
 -0.31584455 -0.09052147 -0.07803171 -0.01465199 -0.2777929  -0.04551641
 -0.08497746 -0.37528484]
Mean MAE: -0.15608094756505603
Std MAE: 0.11314744319767553
R2: 0.15053743021286936
