[NbConvertApp] WARNING | Config option `kernel_spec_manager_class` not recognized by `NbConvertApp`.
[NbConvertApp] Converting notebook ../notebooks/1.train_regression_multi_output.ipynb to script
[NbConvertApp] Writing 5645 bytes to 1.train_regression_multi_output.py
[NbConvertApp] Converting notebook ../notebooks/2.train_regression_multi_output_channel_selection.ipynb to script
[NbConvertApp] Writing 5822 bytes to 2.train_regression_multi_output_channel_selection.py
cell_type: PBMC cytokine: CD40L [NSU] shuffle: True data: Gasdermin_ER_Mito_PM.parquet
PBMC True CD40L [NSU]
shuffle: True
Shuffling data
[-0.22635728 -0.16896955 -0.07378749 -0.27211018 -0.11102022 -0.05328036
 -0.33560675 -0.17499745 -0.05848979 -0.22922331 -0.05063107 -0.42497353
 -0.16494715 -0.32640665 -0.26724175 -0.39815583 -0.39153453 -0.02115277
 -0.18729727 -0.01490863 -0.23455928 -0.07855647 -0.05225571 -0.04856071
 -0.00983902 -0.32942311 -0.08259173 -0.00985309 -0.20247206 -0.05332817
 -0.1788231  -0.43887776 -0.39113761 -0.17607932 -0.27423878 -0.57247862
 -0.03877524 -0.23220296 -0.36965388 -0.00861854 -0.20411144 -0.03420852
 -0.0198517  -0.40826277 -0.21394913 -0.00787119 -0.19098981 -0.08638284
 -0.15231288 -0.2969117  -0.03092729 -0.22959632 -0.55038925 -0.0523609
 -0.14867225 -0.48901612 -0.0369049  -0.1485488  -0.04641816 -0.3221566
 -0.02012257 -0.28954976 -0.21261579 -0.39001677 -0.15836249 -0.19089547
 -0.0583061  -0.11040779]
Mean MAE: -0.1887284711617124
Std MAE: 0.14534386587924483
R2: 0.0
