[NbConvertApp] WARNING | Config option `kernel_spec_manager_class` not recognized by `NbConvertApp`.
[NbConvertApp] Converting notebook ../notebooks/1.train_regression_multi_output.ipynb to script
[NbConvertApp] Writing 5645 bytes to 1.train_regression_multi_output.py
[NbConvertApp] Converting notebook ../notebooks/2.train_regression_multi_output_channel_selection.ipynb to script
[NbConvertApp] Writing 5822 bytes to 2.train_regression_multi_output_channel_selection.py
cell_type: SHSY5Y cytokine: CCL28 [NSU] shuffle: False data: Gasdermin_ER_Mito_PM.parquet
SHSY5Y False CCL28 [NSU]
shuffle: False
Not shuffling data
[-0.01015743 -0.00742134 -0.31781766 -0.20091208 -0.04741882 -0.20960053
 -0.29756629 -0.13477557 -0.00085079 -0.06549571 -0.02389037 -0.06950502
 -0.09897471 -0.11127882 -0.09651228 -0.06612475 -0.05460403 -0.04042988
 -0.11347751 -0.09792208 -0.19387041 -0.06769749 -0.2920739  -0.09442011
 -0.08577142 -0.05332823 -0.42831683 -0.06180973 -0.16204347 -0.11421135
 -0.52423053 -0.01862685 -0.05953268 -0.10131047 -0.01534325 -0.03970044
 -0.37503983 -0.20003409 -0.01904022 -0.25601105 -0.12900518 -0.19586113
 -0.1168523  -0.20217115 -0.08502227 -0.28403195 -0.19937693 -0.04664469
 -0.27052991 -0.06760675 -0.11337032 -0.17203727 -0.21049344 -0.30874945
 -0.30747432 -0.01104043 -0.18693605 -0.0845702  -0.30022937 -0.33965814
 -0.23346741 -0.35867211 -0.32248593 -0.52169879 -0.26370247 -0.02215289
 -0.14884689 -0.33286467 -0.3086156  -0.35077681]
Mean MAE: -0.16745846931841124
Std MAE: 0.12742977450619372
R2: 0.5268576623814202
