[NbConvertApp] WARNING | Config option `kernel_spec_manager_class` not recognized by `NbConvertApp`.
[NbConvertApp] Converting notebook ../notebooks/1.train_regression_multi_output.ipynb to script
[NbConvertApp] Writing 5645 bytes to 1.train_regression_multi_output.py
[NbConvertApp] Converting notebook ../notebooks/2.train_regression_multi_output_channel_selection.ipynb to script
[NbConvertApp] Writing 5822 bytes to 2.train_regression_multi_output_channel_selection.py
cell_type: PBMC cytokine: MMP-3 [NSU] shuffle: True data: Gasdermin_ER_Mito_PM.parquet
PBMC True MMP-3 [NSU]
shuffle: True
Shuffling data
[-2.95116613e-01 -2.01060798e-01 -3.17780171e-02 -2.35812065e-03
 -1.50902137e-01 -1.28838168e-02 -1.94584572e-02 -1.51810750e-01
 -3.00080241e-01 -7.19960126e-02 -1.13930599e-01 -2.11595043e-01
 -8.55350938e-02 -9.49446090e-02 -1.14105158e-02 -3.13979789e-01
 -1.08778910e-01 -1.39580987e-01 -4.32375262e-01 -4.24013450e-04
 -1.19608883e-01 -2.02307568e-01 -2.98247503e-01 -1.15369168e-01
 -7.62431936e-02 -2.65517491e-01 -6.73586325e-02 -6.61474936e-03
 -8.13599836e-02 -6.62287284e-02 -1.24472697e-01 -3.02632533e-02
 -6.75442705e-02 -8.69059315e-02 -6.34958430e-03 -5.59090028e-02
 -1.68174502e-01 -3.22479875e-02 -4.06253539e-01 -1.75363114e-01
 -1.87356469e-02 -8.49558910e-02 -4.70583154e-01 -3.38246547e-01
 -3.20583884e-01 -2.82908573e-01 -1.59812217e-01 -1.51538419e-02
 -1.95197769e-01 -2.87122751e-02 -1.85135441e-01 -1.89423375e-01
 -1.02669726e-01 -1.12835194e-01 -1.45824973e-01 -6.98104951e-02
 -1.48482280e-01 -3.53095991e-01 -3.45452844e-01 -1.81041620e-02
 -2.06445081e-01 -2.98070205e-02 -5.81062227e-02 -2.33965096e-01
 -7.62170047e-02 -2.31283779e-01 -1.53562671e-01 -1.76687396e-01]
Mean MAE: -0.14638438409361373
Std MAE: 0.11522862801373714
R2: 0.9985824178243362
