[NbConvertApp] WARNING | Config option `kernel_spec_manager_class` not recognized by `NbConvertApp`.
[NbConvertApp] Converting notebook ../notebooks/1.train_regression_multi_output.ipynb to script
[NbConvertApp] Writing 5645 bytes to 1.train_regression_multi_output.py
[NbConvertApp] Converting notebook ../notebooks/2.train_regression_multi_output_channel_selection.ipynb to script
[NbConvertApp] Writing 5822 bytes to 2.train_regression_multi_output_channel_selection.py
cell_type: SHSY5Y cytokine: Amyloid beta [NSU] shuffle: False data: Gasdermin_ER_Mito_PM.parquet
SHSY5Y False Amyloid beta [NSU]
shuffle: False
Not shuffling data
[-0.31802169 -0.16625201 -0.05645887 -0.03568772 -0.24680155 -0.09587123
 -0.02966039 -0.08816773 -0.07311445 -0.06658095 -0.46564202 -0.19095634
 -0.04470971 -0.2077943  -0.28193648 -0.07131128 -0.08946797 -0.28480202
 -0.18997037 -0.19229856 -0.08048886 -0.00284184 -0.08300285 -0.24871853
 -0.12128256 -0.18995721 -0.05373141 -0.01284625 -0.14669087 -0.42410719
 -0.10103439 -0.0178786  -0.19594074 -0.2890718  -0.01641624 -0.34886436
 -0.3195323  -0.14658061 -0.21442246 -0.00457197 -0.22241917 -0.35061271
 -0.16891342 -0.02493523 -0.04958967 -0.03509049 -0.16758221 -0.20181685
 -0.24440371 -0.23594139 -0.15296833 -0.04385442 -0.21893151 -0.41461635
 -0.19076075 -0.23221385 -0.10185311 -0.05497927 -0.03145535 -0.08207322
 -0.02045988 -0.12386404 -0.38661651 -0.06761801 -0.06906528 -0.20626516
 -0.20409151 -0.14255175 -0.23063439 -0.23979262]
Mean MAE: -0.15899223992948697
Std MAE: 0.1126213959206087
R2: 0.217236912895322
