[NbConvertApp] WARNING | Config option `kernel_spec_manager_class` not recognized by `NbConvertApp`.
[NbConvertApp] Converting notebook ../notebooks/1.train_regression_multi_output.ipynb to script
[NbConvertApp] Writing 5645 bytes to 1.train_regression_multi_output.py
[NbConvertApp] Converting notebook ../notebooks/2.train_regression_multi_output_channel_selection.ipynb to script
[NbConvertApp] Writing 5822 bytes to 2.train_regression_multi_output_channel_selection.py
cell_type: SHSY5Y cytokine: FGF-4 [NSU] shuffle: True data: Gasdermin_ER_Mito_PM.parquet
SHSY5Y True FGF-4 [NSU]
shuffle: True
Shuffling data
[-0.05942715 -0.08610669 -0.26445844 -0.20789564 -0.03991093 -0.11863683
 -0.15762696 -0.07601717 -0.18336511 -0.04634225 -0.15507382 -0.01812279
 -0.38425906 -0.28532366 -0.16225532 -0.06520007 -0.29735764 -0.18942783
 -0.00765919 -0.11836564 -0.34894571 -0.06180079 -0.11585939 -0.02125096
 -0.00262563 -0.1611083  -0.52430221 -0.01346565 -0.16520772 -0.08206121
 -0.42051704 -0.11035149 -0.17933043 -0.03455919 -0.097787   -0.13466235
 -0.1194058  -0.32694409 -0.01906826 -0.34006079 -0.19035984 -0.03226027
 -0.03017009 -0.09309133 -0.07625038 -0.06074036 -0.10263799 -0.09284941
 -0.00194374 -0.03302947 -0.08021956 -0.1530085  -0.012591   -0.21594855
 -0.13652479 -0.19213959 -0.03094501 -0.23051886 -0.03466575 -0.31570917
 -0.04168959 -0.08975391 -0.12714732 -0.10983183 -0.17740056 -0.03714635
 -0.13007289 -0.08557336 -0.03119536 -0.21227489]
Mean MAE: -0.13371194124060895
Std MAE: 0.10978555492518845
R2: 0.0
