[NbConvertApp] WARNING | Config option `kernel_spec_manager_class` not recognized by `NbConvertApp`.
[NbConvertApp] Converting notebook ../notebooks/1.train_regression_multi_output.ipynb to script
[NbConvertApp] Writing 5645 bytes to 1.train_regression_multi_output.py
[NbConvertApp] Converting notebook ../notebooks/2.train_regression_multi_output_channel_selection.ipynb to script
[NbConvertApp] Writing 5822 bytes to 2.train_regression_multi_output_channel_selection.py
cell_type: PBMC cytokine: BCMA (TNFRSF17) [NSU] shuffle: False data: Gasdermin_ER_Mito_PM.parquet
PBMC False BCMA (TNFRSF17) [NSU]
shuffle: False
Not shuffling data
[-0.0287552  -0.09149657 -0.14492971 -0.19434878 -0.31286789 -0.09348384
 -0.15116066 -0.01075397 -0.02953951 -0.09519671 -0.04409993 -0.03643843
 -0.03637157 -0.11095035 -0.13269646 -0.11675795 -0.35839427 -0.22917939
 -0.16153677 -0.12234252 -0.41923418 -0.11371491 -0.17517179 -0.07227108
 -0.04467095 -0.16136774 -0.02143745 -0.14814876 -0.06702171 -0.12122478
 -0.00497715 -0.01634776 -0.0928098  -0.11237495 -0.21343133 -0.11699364
 -0.35398486 -0.11110151 -0.11972825 -0.02610426 -0.13569313 -0.01412097
 -0.10682669 -0.22045415 -0.0683357  -0.04288952 -0.03560099 -0.01975723
 -0.00904706 -0.22201189 -0.16011997 -0.11940815 -0.25903637 -0.14584643
 -0.06642768 -0.08316155 -0.16689021 -0.27629627 -0.34743197 -0.00922922
 -0.17795751 -0.09913481 -0.41258265 -0.19972692 -0.06163937 -0.03579876
 -0.00607243 -0.22508531]
Mean MAE: -0.1285294154372812
Std MAE: 0.10074242713959317
R2: 0.03971838659463012
