[NbConvertApp] WARNING | Config option `kernel_spec_manager_class` not recognized by `NbConvertApp`.
[NbConvertApp] Converting notebook ../notebooks/1.train_regression_multi_output.ipynb to script
[NbConvertApp] Writing 5645 bytes to 1.train_regression_multi_output.py
[NbConvertApp] Converting notebook ../notebooks/2.train_regression_multi_output_channel_selection.ipynb to script
[NbConvertApp] Writing 5822 bytes to 2.train_regression_multi_output_channel_selection.py
cell_type: PBMC cytokine: ICAM-2 [NSU] shuffle: True data: Gasdermin_ER_Mito_PM.parquet
PBMC True ICAM-2 [NSU]
shuffle: True
Shuffling data
[-0.23080152 -0.14804532 -0.02927859 -0.02942112 -0.08681865 -0.08782925
 -0.24892575 -0.02289679 -0.14297955 -0.16744285 -0.07909495 -0.07496725
 -0.02009685 -0.28677808 -0.02273394 -0.26849838 -0.26054307 -0.20139283
 -0.45264967 -0.19891578 -0.03056325 -0.02541375 -0.07169107 -0.05940913
 -0.15462659 -0.18551668 -0.34274508 -0.05083369 -0.03030912 -0.07649238
 -0.12240203 -0.24318902 -0.1292832  -0.0871151  -0.05693052 -0.04105901
 -0.00913607 -0.13674674 -0.11322077 -0.20125942 -0.26404921 -0.42594979
 -0.35291882 -0.16608389 -0.10100607 -0.12560608 -0.15850417 -0.11448884
 -0.14483815 -0.02979468 -0.01181349 -0.02342402 -0.10137641 -0.20594946
 -0.10621573 -0.35253869 -0.49157145 -0.11405604 -0.01887776 -0.06067292
 -0.22401562 -0.13689504 -0.24127543 -0.21460401 -0.09897292 -0.14792704
 -0.03778686 -0.04450367]
Mean MAE: -0.14329072172344023
Std MAE: 0.11134950379197224
R2: 0.0
