[NbConvertApp] WARNING | Config option `kernel_spec_manager_class` not recognized by `NbConvertApp`.
[NbConvertApp] Converting notebook ../notebooks/1.train_regression_multi_output.ipynb to script
[NbConvertApp] Writing 5645 bytes to 1.train_regression_multi_output.py
[NbConvertApp] Converting notebook ../notebooks/2.train_regression_multi_output_channel_selection.ipynb to script
[NbConvertApp] Writing 5822 bytes to 2.train_regression_multi_output_channel_selection.py
cell_type: PBMC cytokine: AITRL (GITR Ligand) [NSU] shuffle: True data: Gasdermin_ER_Mito_PM.parquet
PBMC True AITRL (GITR Ligand) [NSU]
shuffle: True
Shuffling data
[-0.03885952 -0.25848706 -0.20121772 -0.12927304 -0.47392695 -0.03474769
 -0.28689501 -0.13958426 -0.35500584 -0.30390966 -0.1096005  -0.14941851
 -0.03839579 -0.07369311 -0.0687332  -0.23681445 -0.04176351 -0.0098926
 -0.10540117 -0.42158976 -0.12164546 -0.25382942 -0.15853833 -0.09203181
 -0.15362466 -0.24767991 -0.1631432  -0.14035028 -0.19729282 -0.0446775
 -0.43983533 -0.32149719 -0.08704811 -0.01288251 -0.33989343 -0.22104035
 -0.086337   -0.31447409 -0.09745896 -0.10592894 -0.19442835 -0.17049203
 -0.29817114 -0.16587071 -0.03635418 -0.10404671 -0.08434721 -0.5763348
 -0.15293053 -0.05411844 -0.06194748 -0.18488649 -0.08686576 -0.04258248
 -0.12052864 -0.15358407 -0.3120688  -0.17491421 -0.33892936 -0.21682518
 -0.3449164  -0.12769338 -0.2987775  -0.10594891 -0.02760319 -0.02007399
 -0.28402632 -0.16673538]
Mean MAE: -0.17621206289421107
Std MAE: 0.12221197327849978
R2: 0.0
