[NbConvertApp] WARNING | Config option `kernel_spec_manager_class` not recognized by `NbConvertApp`.
[NbConvertApp] Converting notebook ../notebooks/1.train_regression_multi_output.ipynb to script
[NbConvertApp] Writing 5645 bytes to 1.train_regression_multi_output.py
[NbConvertApp] Converting notebook ../notebooks/2.train_regression_multi_output_channel_selection.ipynb to script
[NbConvertApp] Writing 5822 bytes to 2.train_regression_multi_output_channel_selection.py
cell_type: PBMC cytokine: CXCL6 [NSU] shuffle: True data: Gasdermin_ER_Mito_PM.parquet
PBMC True CXCL6 [NSU]
shuffle: True
Shuffling data
[-0.02604363 -0.15855178 -0.27853359 -0.14550919 -0.09777417 -0.1309749
 -0.16534437 -0.1509399  -0.03036473 -0.32157583 -0.27956167 -0.10528122
 -0.42193403 -0.10103306 -0.30999749 -0.12516876 -0.06564915 -0.20994589
 -0.14381328 -0.1963103  -0.1171512  -0.1091622  -0.11795322 -0.18147304
 -0.02028801 -0.18163333 -0.02126559 -0.16109385 -0.01436465 -0.33394731
 -0.1809244  -0.18156494 -0.08780466 -0.14811264 -0.15372046 -0.23765076
 -0.17757579 -0.04008898 -0.19843995 -0.033116   -0.15449296 -0.15364323
 -0.21019663 -0.3514421  -0.19047535 -0.14920671 -0.16517142 -0.06515723
 -0.16885707 -0.25259497 -0.05846085 -0.14327511 -0.19912579 -0.11201987
 -0.13530878 -0.34236453 -0.24357667 -0.12505765 -0.16787891 -0.23390178
 -0.17911695 -0.31578263 -0.06982853 -0.04710265 -0.0800957  -0.02589416
 -0.01867174 -0.15102397]
Mean MAE: -0.1569317916819163
Std MAE: 0.0905233435192544
R2: 0.9106011541408325
