[NbConvertApp] WARNING | Config option `kernel_spec_manager_class` not recognized by `NbConvertApp`.
[NbConvertApp] Converting notebook ../notebooks/1.train_regression_multi_output.ipynb to script
[NbConvertApp] Writing 5645 bytes to 1.train_regression_multi_output.py
[NbConvertApp] Converting notebook ../notebooks/2.train_regression_multi_output_channel_selection.ipynb to script
[NbConvertApp] Writing 5822 bytes to 2.train_regression_multi_output_channel_selection.py
cell_type: SHSY5Y cytokine: FAS-L [NSU] shuffle: True data: Gasdermin_ER_Mito_PM.parquet
SHSY5Y True FAS-L [NSU]
shuffle: True
Shuffling data
[-0.27926302 -0.02610948 -0.01298869 -0.03690778 -0.02540194 -0.02362359
 -0.1880895  -0.03007302 -0.29343568 -0.1022061  -0.33315632 -0.20395959
 -0.10762672 -0.19568026 -0.33334652 -0.14095325 -0.31762245 -0.1824493
 -0.23349324 -0.36388876 -0.10886787 -0.12331212 -0.22112708 -0.16136623
 -0.12966071 -0.12845043 -0.12299447 -0.34501839 -0.3380375  -0.24311214
 -0.21423957 -0.04443545 -0.16215435 -0.02162487 -0.03370811 -0.14667508
 -0.20443087 -0.14790027 -0.0889989  -0.10105801 -0.54038535 -0.18793059
 -0.18318977 -0.56529348 -0.10301557 -0.44132095 -0.26279174 -0.1794709
 -0.25811146 -0.00897178 -0.16199367 -0.19235836 -0.28909802 -0.25395351
 -0.0627437  -0.11897323 -0.124513   -0.12975398 -0.54726281 -0.01177818
 -0.16741459 -0.24173187 -0.19561711 -0.17760394 -0.00234032 -0.08398352
 -0.00083969 -0.17596306 -0.04545688 -0.09515698]
Mean MAE: -0.17609236631534117
Std MAE: 0.12765583702791022
R2: 0.06548748655661984
