[NbConvertApp] WARNING | Config option `kernel_spec_manager_class` not recognized by `NbConvertApp`.
[NbConvertApp] Converting notebook ../notebooks/1.train_regression_multi_output.ipynb to script
[NbConvertApp] Writing 5645 bytes to 1.train_regression_multi_output.py
[NbConvertApp] Converting notebook ../notebooks/2.train_regression_multi_output_channel_selection.ipynb to script
[NbConvertApp] Writing 5822 bytes to 2.train_regression_multi_output_channel_selection.py
cell_type: SHSY5Y cytokine: IL-15 [NSU] shuffle: False data: Gasdermin_ER_Mito_PM.parquet
SHSY5Y False IL-15 [NSU]
shuffle: False
Not shuffling data
[-1.48755540e-01 -3.37107674e-02 -1.69426682e-01 -9.89781235e-02
 -1.12400801e-01 -1.04584073e-01 -1.81245679e-01 -1.47949225e-02
 -1.26498993e-01 -2.31354359e-01 -7.64070647e-03 -8.22793921e-02
 -1.90324429e-01 -6.08589961e-02 -2.35952149e-01 -4.92295186e-02
 -9.60279419e-02 -9.20613657e-03 -3.55394300e-01 -4.46120489e-02
 -3.29239558e-01 -3.61345819e-02 -9.34187494e-03 -1.12484733e-01
 -1.48988121e-01 -1.23954748e-01 -2.60690362e-02 -3.85546564e-01
 -2.21061058e-01 -4.02738676e-01 -1.79590816e-01 -7.42703599e-02
 -4.30833402e-02 -4.24771845e-02 -4.61112939e-03 -3.00463058e-02
 -6.40021442e-02 -1.13028783e-01 -2.35417864e-01 -1.70522465e-02
 -3.10474488e-01 -1.76230883e-01 -9.64995716e-02 -2.74112806e-01
 -4.16719443e-02 -8.17308342e-02 -1.79201749e-01 -3.84337827e-01
 -1.97296420e-01 -1.50316008e-01 -1.69427819e-01 -1.46074495e-02
 -7.38495000e-02 -1.73038722e-04 -2.84451917e-01 -5.16111482e-02
 -3.11969384e-02 -8.68895798e-03 -1.24475542e-01 -7.63403401e-02
 -3.97788209e-01 -2.46448211e-02 -2.96974897e-01 -1.55159536e-01
 -3.74642880e-01 -2.65722332e-02 -2.44556187e-02 -3.49968226e-01
 -1.34017716e-01 -1.38029662e-02]
Mean MAE: -0.13538767096426696
Std MAE: 0.1157600409045795
R2: 0.0
