[NbConvertApp] WARNING | Config option `kernel_spec_manager_class` not recognized by `NbConvertApp`.
[NbConvertApp] Converting notebook ../notebooks/1.train_regression_multi_output.ipynb to script
[NbConvertApp] Writing 5645 bytes to 1.train_regression_multi_output.py
[NbConvertApp] Converting notebook ../notebooks/2.train_regression_multi_output_channel_selection.ipynb to script
[NbConvertApp] Writing 5822 bytes to 2.train_regression_multi_output_channel_selection.py
cell_type: PBMC cytokine: IL-1 RA_RN [NSU] shuffle: True data: Gasdermin_ER_Mito_PM.parquet
PBMC True IL-1 RA_RN [NSU]
shuffle: True
Shuffling data
[-0.10023738 -0.04440593 -0.31214957 -0.13480175 -0.22534885 -0.10125211
 -0.00716525 -0.29466837 -0.00376996 -0.05302268 -0.13304995 -0.21587723
 -0.61288836 -0.17607564 -0.18204457 -0.09143115 -0.30785086 -0.31050601
 -0.40521417 -0.51198386 -0.35387574 -0.34162384 -0.0740883  -0.0034003
 -0.23082481 -0.11897571 -0.21301956 -0.24268716 -0.02712574 -0.58744124
 -0.07547342 -0.14446984 -0.00355682 -0.0889907  -0.16325351 -0.07210381
 -0.04989445 -0.0976224  -0.1268867  -0.34637575 -0.16620662 -0.06032958
 -0.23365397 -0.20803387 -0.00890316 -0.09605421 -0.33262124 -0.21670626
 -0.15123657 -0.01385279 -0.22804148 -0.13645703 -0.07434597 -0.2057998
 -0.21685953 -0.08697823 -0.13156262 -0.0535481  -0.43015799 -0.35648142
 -0.02973136 -0.03963435 -0.36135756 -0.2938738  -0.07096208 -0.31426218
 -0.2273923  -0.01371773]
Mean MAE: -0.18153228267787896
Std MAE: 0.14071492864162513
R2: 0.0
