[NbConvertApp] WARNING | Config option `kernel_spec_manager_class` not recognized by `NbConvertApp`.
[NbConvertApp] Converting notebook ../notebooks/1.train_regression_multi_output.ipynb to script
[NbConvertApp] Writing 5645 bytes to 1.train_regression_multi_output.py
[NbConvertApp] Converting notebook ../notebooks/2.train_regression_multi_output_channel_selection.ipynb to script
[NbConvertApp] Writing 5822 bytes to 2.train_regression_multi_output_channel_selection.py
cell_type: SHSY5Y cytokine: CXCL7 [NSU] shuffle: True data: Gasdermin_ER_Mito_PM.parquet
SHSY5Y True CXCL7 [NSU]
shuffle: True
Shuffling data
[-0.1094806  -0.17909366 -0.31901615 -0.04145509 -0.2184705  -0.13429794
 -0.12477342 -0.06327192 -0.08198507 -0.06154898 -0.04638385 -0.20049938
 -0.18984859 -0.00434631 -0.10306518 -0.04547752 -0.07583315 -0.00823523
 -0.33429593 -0.03367503 -0.10728677 -0.41108938 -0.21994627 -0.2170369
 -0.00353564 -0.13624178 -0.09839474 -0.20766303 -0.08487359 -0.23215867
 -0.05884792 -0.08610527 -0.05773577 -0.0522002  -0.18404073 -0.14269844
 -0.18167897 -0.32874549 -0.21858222 -0.01201372 -0.24130654 -0.15448167
 -0.04645467 -0.17107382 -0.02400712 -0.17694183 -0.07160677 -0.14641636
 -0.10580116 -0.01941    -0.14070654 -0.14953439 -0.04400303 -0.15665427
 -0.27775091 -0.13874141 -0.14964917 -0.02828388 -0.08435395 -0.05172899
 -0.05701263 -0.08491737 -0.09064923 -0.14228894 -0.60340338 -0.23599466
 -0.05176279 -0.25694357 -0.07065148 -0.06154894]
Mean MAE: -0.13500012076639228
Std MAE: 0.10446072437286076
R2: 0.0
