[NbConvertApp] WARNING | Config option `kernel_spec_manager_class` not recognized by `NbConvertApp`.
[NbConvertApp] Converting notebook ../notebooks/1.train_regression_multi_output.ipynb to script
[NbConvertApp] Writing 5645 bytes to 1.train_regression_multi_output.py
[NbConvertApp] Converting notebook ../notebooks/2.train_regression_multi_output_channel_selection.ipynb to script
[NbConvertApp] Writing 5822 bytes to 2.train_regression_multi_output_channel_selection.py
cell_type: PBMC cytokine: CCL11 [NSU] shuffle: False data: Gasdermin_ER_Mito_PM.parquet
PBMC False CCL11 [NSU]
shuffle: False
Not shuffling data
[-0.24130041 -0.01324586 -0.35701269 -0.01087503 -0.20304308 -0.0020114
 -0.03130352 -0.07833845 -0.00181019 -0.01358582 -0.1655258  -0.00282153
 -0.24914202 -0.12261345 -0.45917229 -0.00612685 -0.09815788 -0.12182991
 -0.08021801 -0.11325614 -0.01608751 -0.0900524  -0.0775465  -0.24220726
 -0.25967866 -0.05935344 -0.33837341 -0.36721497 -0.06166588 -0.10396199
 -0.03222511 -0.29841759 -0.00816562 -0.01486763 -0.21848069 -0.10399592
 -0.00770107 -0.00594909 -0.08614815 -0.15614725 -0.12857464 -0.29483339
 -0.2207715  -0.16869823 -0.17400439 -0.05689379 -0.2231673  -0.31063922
 -0.25592969 -0.35590786 -0.54038348 -0.13305957 -0.3217359  -0.32141096
 -0.19668582 -0.37459611 -0.21758268 -0.02690863 -0.15840509 -0.15812087
 -0.03852112 -0.07038343 -0.07444626 -0.33628162 -0.18599329 -0.0676781
 -0.14016716 -0.29659807]
Mean MAE: -0.15835306837823399
Std MAE: 0.12692529344204373
R2: 0.0
