[NbConvertApp] WARNING | Config option `kernel_spec_manager_class` not recognized by `NbConvertApp`.
[NbConvertApp] Converting notebook ../notebooks/1.train_regression_multi_output.ipynb to script
[NbConvertApp] Writing 5645 bytes to 1.train_regression_multi_output.py
[NbConvertApp] Converting notebook ../notebooks/2.train_regression_multi_output_channel_selection.ipynb to script
[NbConvertApp] Writing 5822 bytes to 2.train_regression_multi_output_channel_selection.py
cell_type: SHSY5Y cytokine: IL-3 [NSU] shuffle: False data: Gasdermin_ER_Mito_PM.parquet
SHSY5Y False IL-3 [NSU]
shuffle: False
Not shuffling data
[-0.21732922 -0.01309906 -0.26403134 -0.23384614 -0.04833668 -0.32413064
 -0.04196404 -0.42839495 -0.34052036 -0.19161889 -0.02376533 -0.02208127
 -0.06144931 -0.00663921 -0.10902918 -0.269388   -0.23865135 -0.09184955
 -0.43328028 -0.20100136 -0.27836969 -0.04068643 -0.15102048 -0.01134859
 -0.12550073 -0.18247728 -0.11827911 -0.03573341 -0.11863196 -0.100629
 -0.13331531 -0.02021631 -0.15517328 -0.10216309 -0.41149891 -0.29968891
 -0.10817259 -0.14928015 -0.21355061 -0.29499388 -0.009649   -0.25832441
 -0.00474777 -0.23324913 -0.15591318 -0.42312339 -0.37517607 -0.15660761
 -0.08242086 -0.19550509 -0.10039545 -0.07372262 -0.2479344  -0.31815511
 -0.44817068 -0.02482108 -0.02250418 -0.08023825 -0.27268356 -0.16507592
 -0.04452895 -0.27865082 -0.33966688 -0.01141081 -0.27193976 -0.0203475
 -0.03136482 -0.23732847 -0.049593   -0.04659819]
Mean MAE: -0.16558546955480932
Std MAE: 0.12560258585542697
R2: 0.23697887127022077
