[NbConvertApp] WARNING | Config option `kernel_spec_manager_class` not recognized by `NbConvertApp`.
[NbConvertApp] Converting notebook ../notebooks/1.train_regression_multi_output.ipynb to script
[NbConvertApp] Writing 5645 bytes to 1.train_regression_multi_output.py
[NbConvertApp] Converting notebook ../notebooks/2.train_regression_multi_output_channel_selection.ipynb to script
[NbConvertApp] Writing 5822 bytes to 2.train_regression_multi_output_channel_selection.py
cell_type: SHSY5Y cytokine: MMP-7 [NSU] shuffle: True data: Gasdermin_ER_Mito_PM.parquet
SHSY5Y True MMP-7 [NSU]
shuffle: True
Shuffling data
[-0.09846689 -0.13939902 -0.10177768 -0.11954686 -0.12139605 -0.23797191
 -0.13834147 -0.1073276  -0.4012915  -0.18427753 -0.11546692 -0.20743841
 -0.13794936 -0.22413464 -0.21564756 -0.07451005 -0.1947064  -0.13818892
 -0.30481145 -0.36156301 -0.21423848 -0.09540174 -0.21201589 -0.01191108
 -0.50450651 -0.08822653 -0.08884206 -0.22243148 -0.19496961 -0.41234229
 -0.35253269 -0.15772532 -0.0107648  -0.16012105 -0.00080003 -0.42277628
 -0.36804046 -0.02030382 -0.0315367  -0.08083704 -0.24766951 -0.02773916
 -0.17557962 -0.22602232 -0.23351577 -0.3694513  -0.2689337  -0.03416339
 -0.25848312 -0.11097222 -0.1434911  -0.20239818 -0.01837579 -0.04237949
 -0.02255654 -0.05917521 -0.43892534 -0.32049165 -0.00374813 -0.04334656
 -0.03304992 -0.23312332 -0.20190084 -0.01866516 -0.260416   -0.3906957
 -0.053291   -0.32398541 -0.12465601 -0.39025722]
Mean MAE: -0.17931422515613699
Std MAE: 0.12697133799221355
R2: 0.16343514213619348
