[NbConvertApp] WARNING | Config option `kernel_spec_manager_class` not recognized by `NbConvertApp`.
[NbConvertApp] Converting notebook ../notebooks/1.train_regression_multi_output.ipynb to script
[NbConvertApp] Writing 5645 bytes to 1.train_regression_multi_output.py
[NbConvertApp] Converting notebook ../notebooks/2.train_regression_multi_output_channel_selection.ipynb to script
[NbConvertApp] Writing 5822 bytes to 2.train_regression_multi_output_channel_selection.py
cell_type: PBMC cytokine: NGF beta [NSU] shuffle: False data: Gasdermin_ER_Mito_PM.parquet
PBMC False NGF beta [NSU]
shuffle: False
Not shuffling data
[-0.16528128 -0.11378469 -0.05542836 -0.14400381 -0.1967356  -0.35456534
 -0.11612139 -0.02484853 -0.12164932 -0.12016798 -0.08145755 -0.24658893
 -0.13517528 -0.21863078 -0.19546629 -0.21902352 -0.00363335 -0.08479733
 -0.2525218  -0.09764046 -0.03253994 -0.11376686 -0.05165188 -0.0754052
 -0.4328565  -0.04788893 -0.1782313  -0.00978546 -0.33821382 -0.27264962
 -0.25538881 -0.15203525 -0.24760954 -0.05616585 -0.10891644 -0.07826569
 -0.1727846  -0.02921467 -0.03242907 -0.00844569 -0.15167763 -0.17934309
 -0.13340268 -0.11332392 -0.36629979 -0.04834876 -0.20967901 -0.10555994
 -0.02762394 -0.33086905 -0.05234347 -0.10270213 -0.12874079 -0.15411456
 -0.01661801 -0.04532321 -0.22801803 -0.26591051 -0.59103857 -0.04958879
 -0.11212909 -0.17112407 -0.01558094 -0.12833474 -0.17374221 -0.07513582
 -0.14098635 -0.07756923]
Mean MAE: -0.14466022064236547
Std MAE: 0.10998942568075426
R2: 0.03766143189915405
