[NbConvertApp] WARNING | Config option `kernel_spec_manager_class` not recognized by `NbConvertApp`.
[NbConvertApp] Converting notebook ../notebooks/1.train_regression_multi_output.ipynb to script
[NbConvertApp] Writing 5645 bytes to 1.train_regression_multi_output.py
[NbConvertApp] Converting notebook ../notebooks/2.train_regression_multi_output_channel_selection.ipynb to script
[NbConvertApp] Writing 5822 bytes to 2.train_regression_multi_output_channel_selection.py
cell_type: SHSY5Y cytokine: CCL27 [NSU] shuffle: False data: Gasdermin_ER_Mito_PM.parquet
SHSY5Y False CCL27 [NSU]
shuffle: False
Not shuffling data
[-0.15257982 -0.07163024 -0.04665603 -0.09539831 -0.0479182  -0.11631948
 -0.20351716 -0.22353072 -0.24296895 -0.06149183 -0.07213939 -0.14718644
 -0.51202594 -0.04184436 -0.27542992 -0.06450595 -0.14592436 -0.21532212
 -0.07998015 -0.06236229 -0.11120177 -0.83654323 -0.00941209 -0.09509923
 -0.05326099 -0.09449603 -0.12207959 -0.10832834 -0.11106091 -0.14544423
 -0.11573089 -0.07215083 -0.135695   -0.13583746 -0.00225215 -0.07108423
 -0.00987212 -0.43427099 -0.08770419 -0.28292397 -0.11946846 -0.09852767
 -0.08456163 -0.0964192  -0.21082629 -0.15674906 -0.12295815 -0.13519986
 -0.00777302 -0.29889432 -0.03284501 -0.07911627 -0.07145565 -0.06261425
 -0.05834229 -0.06513514 -0.01883333 -0.21579621 -0.54925216 -0.07005706
 -0.07471037 -0.06631713 -0.07260508 -0.03487286 -0.10450134 -0.12294918
 -0.0867968  -0.09358892 -0.07813836 -0.03029847]
Mean MAE: -0.13189690683954042
Std MAE: 0.1334392746621695
R2: 0.0
