[NbConvertApp] WARNING | Config option `kernel_spec_manager_class` not recognized by `NbConvertApp`.
[NbConvertApp] Converting notebook ../notebooks/1.train_regression_multi_output.ipynb to script
[NbConvertApp] Writing 5645 bytes to 1.train_regression_multi_output.py
[NbConvertApp] Converting notebook ../notebooks/2.train_regression_multi_output_channel_selection.ipynb to script
[NbConvertApp] Writing 5822 bytes to 2.train_regression_multi_output_channel_selection.py
cell_type: PBMC cytokine: CCL13 [NSU] shuffle: True data: Gasdermin_ER_Mito_PM.parquet
PBMC True CCL13 [NSU]
shuffle: True
Shuffling data
[-0.09405791 -0.03722355 -0.02646636 -0.38355546 -0.05237378 -0.05327058
 -0.23983119 -0.05255954 -0.209818   -0.17503101 -0.12512207 -0.07245565
 -0.05809409 -0.0919932  -0.43670847 -0.03486668 -0.13158712 -0.0633061
 -0.01484253 -0.22671716 -0.00791355 -0.14734845 -0.09007198 -0.10880365
 -0.08811762 -0.18547749 -0.15918332 -0.05664918 -0.00211432 -0.07090846
 -0.06651353 -0.05979561 -0.31045071 -0.10448138 -0.19158916 -0.00580248
 -0.0603274  -0.33534223 -0.2106961  -0.14015877 -0.08697048 -0.18250427
 -0.2511831  -0.07499416 -0.05751352 -0.05609032 -0.00083516 -0.07742309
 -0.19932678 -0.08758001 -0.18683391 -0.21218832 -0.20186426 -0.11845275
 -0.1503885  -0.28536353 -0.07224903 -0.08213005 -0.04534567 -0.14465509
 -0.32367159 -0.08889012 -0.38536566 -0.02966145 -0.46478853 -0.08678976
 -0.14021925 -0.13723663]
Mean MAE: -0.13547265905545017
Std MAE: 0.1060719776109759
R2: 0.7709688736390121
