[NbConvertApp] WARNING | Config option `kernel_spec_manager_class` not recognized by `NbConvertApp`.
[NbConvertApp] Converting notebook ../notebooks/1.train_regression_multi_output.ipynb to script
[NbConvertApp] Writing 5645 bytes to 1.train_regression_multi_output.py
[NbConvertApp] Converting notebook ../notebooks/2.train_regression_multi_output_channel_selection.ipynb to script
[NbConvertApp] Writing 5822 bytes to 2.train_regression_multi_output_channel_selection.py
cell_type: SHSY5Y cytokine: IL-15 [NSU] shuffle: True data: Gasdermin_ER_Mito_PM.parquet
SHSY5Y True IL-15 [NSU]
shuffle: True
Shuffling data
[-0.01218497 -0.02234679 -0.19617621 -0.1904607  -0.02818885 -0.16716595
 -0.2021926  -0.01868897 -0.08679198 -0.38407766 -0.08532595 -0.06411723
 -0.10617733 -0.11732487 -0.18588696 -0.04819269 -0.0704173  -0.09589813
 -0.32938932 -0.10636069 -0.32741878 -0.00717339 -0.02010045 -0.17229854
 -0.00220042 -0.15439425 -0.0722776  -0.37071212 -0.13376638 -0.3676208
 -0.10447132 -0.02170485 -0.03698433 -0.05910882 -0.03477342 -0.19560077
 -0.0749723  -0.0692557  -0.24843649 -0.06982688 -0.23155178 -0.16037091
 -0.14160655 -0.33534523 -0.02503572 -0.05011278 -0.08359156 -0.28735543
 -0.21970604 -0.09215725 -0.14825679 -0.00231813 -0.09395858 -0.00177423
 -0.16859686 -0.08512262 -0.04320476 -0.15487326 -0.04424781 -0.15128726
 -0.45429329 -0.19948614 -0.21726012 -0.13269922 -0.28587668 -0.01629658
 -0.00925264 -0.34746943 -0.06756532 -0.08315927]
Mean MAE: -0.13420421419265716
Std MAE: 0.10956566523349275
R2: 0.562355297087751
