[NbConvertApp] WARNING | Config option `kernel_spec_manager_class` not recognized by `NbConvertApp`.
[NbConvertApp] Converting notebook ../notebooks/1.train_regression_multi_output.ipynb to script
[NbConvertApp] Writing 5645 bytes to 1.train_regression_multi_output.py
[NbConvertApp] Converting notebook ../notebooks/2.train_regression_multi_output_channel_selection.ipynb to script
[NbConvertApp] Writing 5822 bytes to 2.train_regression_multi_output_channel_selection.py
cell_type: PBMC cytokine: FGF-21 [NSU] shuffle: True data: Gasdermin_ER_Mito_PM.parquet
PBMC True FGF-21 [NSU]
shuffle: True
Shuffling data
[-3.04691240e-01 -1.31362708e-01 -2.16984157e-01 -1.10548866e-01
 -9.14580597e-02 -2.96214680e-02 -1.41460581e-02 -9.79905509e-02
 -2.75596212e-01 -5.93008344e-02 -1.71425163e-01 -1.69373498e-01
 -1.66732159e-01 -1.79700027e-01 -3.09503685e-01 -1.79809624e-01
 -3.40881084e-02 -2.48489216e-01 -3.36555420e-02 -4.47472450e-02
 -1.10926375e-01 -2.95649135e-04 -6.81305072e-02 -5.96837433e-02
 -1.99587204e-01 -2.14027283e-01 -5.79033071e-02 -2.78549907e-02
 -1.77580430e-01 -1.82702826e-01 -1.87149682e-02 -7.38123570e-04
 -9.32826627e-02 -3.23742681e-01 -1.90937175e-01 -3.76023237e-01
 -3.37125963e-02 -4.04086747e-01 -5.61150970e-02 -5.27912904e-02
 -5.58071130e-04 -2.23472601e-01 -1.91116664e-01 -2.75412928e-01
 -1.41147416e-01 -1.93876448e-01 -2.83943853e-02 -1.85741485e-01
 -2.04715253e-02 -3.47889388e-01 -1.62612143e-01 -2.12475318e-01
 -1.97627227e-02 -1.71945557e-01 -9.15959761e-02 -2.89414961e-01
 -1.42609278e-01 -1.74302510e-01 -5.55989555e-02 -2.83672429e-01
 -3.64030637e-01 -2.72535806e-03 -1.49331276e-01 -1.82756807e-01
 -2.82309796e-01 -9.43562065e-02 -3.76656748e-01 -5.85139323e-02]
Mean MAE: -0.1506001888017683
Std MAE: 0.10859527136984526
R2: 0.8659947158244604
