[NbConvertApp] WARNING | Config option `kernel_spec_manager_class` not recognized by `NbConvertApp`.
[NbConvertApp] Converting notebook ../notebooks/1.train_regression_multi_output.ipynb to script
[NbConvertApp] Writing 5645 bytes to 1.train_regression_multi_output.py
[NbConvertApp] Converting notebook ../notebooks/2.train_regression_multi_output_channel_selection.ipynb to script
[NbConvertApp] Writing 5822 bytes to 2.train_regression_multi_output_channel_selection.py
cell_type: PBMC cytokine: GDF-15 (MIC-1) [NSU] shuffle: True data: Gasdermin_ER_Mito_PM.parquet
PBMC True GDF-15 (MIC-1) [NSU]
shuffle: True
Shuffling data
[-0.25257    -0.20706765 -0.11098843 -0.08362885 -0.18898456 -0.04699735
 -0.01415151 -0.06164445 -0.08606997 -0.03379974 -0.03194679 -0.1503907
 -0.00899938 -0.2420656  -0.32996177 -0.12758727 -0.17512109 -0.16518398
 -0.04629141 -0.23665808 -0.07304883 -0.13177446 -0.01860906 -0.15703958
 -0.36246641 -0.04417716 -0.02828801 -0.38826728 -0.22044084 -0.24136482
 -0.13210803 -0.05542529 -0.04864547 -0.18623243 -0.1845523  -0.07868189
 -0.41054146 -0.45534921 -0.77636288 -0.12160257 -0.19964693 -0.01660273
 -0.01966885 -0.25751345 -0.09921722 -0.038593   -0.01315005 -0.11946519
 -0.11552076 -0.07297291 -0.10575967 -0.03361152 -0.01732317 -0.1781732
 -0.22114583 -0.02571707 -0.20041438 -0.36987793 -0.04601334 -0.1618624
 -0.00367872 -0.04273926 -0.28468193 -0.27844651 -0.2036502  -0.13030511
 -0.41423844 -0.3478036 ]
Mean MAE: -0.15783646908440183
Std MAE: 0.13819220195988946
R2: 0.0
