[NbConvertApp] WARNING | Config option `kernel_spec_manager_class` not recognized by `NbConvertApp`.
[NbConvertApp] Converting notebook ../notebooks/1.train_regression_multi_output.ipynb to script
[NbConvertApp] Writing 5645 bytes to 1.train_regression_multi_output.py
[NbConvertApp] Converting notebook ../notebooks/2.train_regression_multi_output_channel_selection.ipynb to script
[NbConvertApp] Writing 5822 bytes to 2.train_regression_multi_output_channel_selection.py
cell_type: SHSY5Y cytokine: IFN beta [NSU] shuffle: True data: Gasdermin_ER_Mito_PM.parquet
SHSY5Y True IFN beta [NSU]
shuffle: True
Shuffling data
[-0.14664998 -0.18343621 -0.02589099 -0.13777603 -0.43366865 -0.18835793
 -0.16601802 -0.34527298 -0.26634012 -0.18411577 -0.40990342 -0.02060584
 -0.04329618 -0.19174371 -0.50536081 -0.089043   -0.12673809 -0.09315072
 -0.19629583 -0.08756918 -0.11749747 -0.01113288 -0.14524483 -0.12166465
 -0.07316203 -0.19948734 -0.03755003 -0.02980773 -0.00730001 -0.01340388
 -0.26601889 -0.12052848 -0.22978777 -0.08006434 -0.04307732 -0.1256329
 -0.39580666 -0.1814675  -0.41537984 -0.50913195 -0.13407821 -0.32139609
 -0.05478997 -0.13813638 -0.22611404 -0.21504372 -0.38959832 -0.06298102
 -0.16830761 -0.36987416 -0.03003968 -0.30164684 -0.05261492 -0.01592987
 -0.32451129 -0.04969549 -0.28792284 -0.20318045 -0.18895644 -0.03268789
 -0.02448709 -0.26318006 -0.06254001 -0.12429279 -0.06786151 -0.07597621
 -0.1694777  -0.05596612 -0.15587142 -0.24501717]
Mean MAE: -0.1682365038034243
Std MAE: 0.12717325269746918
R2: 0.0
