[NbConvertApp] WARNING | Config option `kernel_spec_manager_class` not recognized by `NbConvertApp`.
[NbConvertApp] Converting notebook ../notebooks/1.train_regression_multi_output.ipynb to script
[NbConvertApp] Writing 5645 bytes to 1.train_regression_multi_output.py
[NbConvertApp] Converting notebook ../notebooks/2.train_regression_multi_output_channel_selection.ipynb to script
[NbConvertApp] Writing 5822 bytes to 2.train_regression_multi_output_channel_selection.py
cell_type: SHSY5Y cytokine: IL-4 [NSU] shuffle: True data: Gasdermin_ER_Mito_PM.parquet
SHSY5Y True IL-4 [NSU]
shuffle: True
Shuffling data
[-0.14785151 -0.09831163 -0.30327126 -0.08924028 -0.21883031 -0.08150881
 -0.31678483 -0.17495228 -0.17847515 -0.14819735 -0.2747959  -0.06589762
 -0.22766099 -0.03901625 -0.1548206  -0.12111167 -0.01246445 -0.06309556
 -0.00881465 -0.05915755 -0.00839396 -0.07318664 -0.16899612 -0.31458771
 -0.16625705 -0.10000992 -0.12612879 -0.20809506 -0.15290567 -0.18575139
 -0.26321226 -0.21940693 -0.06853713 -0.37072093 -0.66162159 -0.14291676
 -0.43029991 -0.07427149 -0.20499818 -0.15383704 -0.1841369  -0.25954354
 -0.10782719 -0.28073555 -0.0930211  -0.05246068 -0.19706074 -0.02343132
 -0.18931189 -0.00533347 -0.41723223 -0.15598808 -0.00303501 -0.15008912
 -0.14966359 -0.23228247 -0.26545983 -0.16236428 -0.23659008 -0.09118012
 -0.06266452 -0.18046342 -0.13765502 -0.17115419 -0.16989529 -0.28760568
 -0.13387894 -0.13671146 -0.30636897 -0.37181697]
Mean MAE: -0.17276221181008003
Std MAE: 0.11493213186304735
R2: 0.07729044399540297
