[NbConvertApp] WARNING | Config option `kernel_spec_manager_class` not recognized by `NbConvertApp`.
[NbConvertApp] Converting notebook ../notebooks/1.train_regression_multi_output.ipynb to script
[NbConvertApp] Writing 5645 bytes to 1.train_regression_multi_output.py
[NbConvertApp] Converting notebook ../notebooks/2.train_regression_multi_output_channel_selection.ipynb to script
[NbConvertApp] Writing 5822 bytes to 2.train_regression_multi_output_channel_selection.py
cell_type: PBMC cytokine: CXCL13 [NSU] shuffle: False data: Gasdermin_ER_Mito_PM.parquet
PBMC False CXCL13 [NSU]
shuffle: False
Not shuffling data
[-0.04215004 -0.0052716  -0.21770498 -0.14975626 -0.03236923 -0.26834766
 -0.17904045 -0.15632626 -0.12018136 -0.04265654 -0.23043943 -0.25374382
 -0.06415864 -0.34538013 -0.29303937 -0.23999807 -0.05304448 -0.05106504
 -0.12137104 -0.19963077 -0.33931585 -0.05219585 -0.23998238 -0.10644002
 -0.21771851 -0.09840212 -0.05661505 -0.11126879 -0.30754085 -0.28369538
 -0.21987006 -0.15007972 -0.18695004 -0.29557734 -0.20292326 -0.0834552
 -0.03771187 -0.4512762  -0.3649321  -0.04154635 -0.3548514  -0.1066827
 -0.12277563 -0.15204334 -0.12832755 -0.17870873 -0.34320772 -0.22397419
 -0.09168421 -0.05848552 -0.05294228 -0.08645307 -0.06915961 -0.09461694
 -0.05009539 -0.14074802 -0.38847505 -0.16043061 -0.05165758 -0.32352282
 -0.09564819 -0.06219614 -0.17459731 -0.36617368 -0.40108741 -0.41540587
 -0.30630768 -0.12344224]
Mean MAE: -0.17701283848723584
Std MAE: 0.11510996711863652
R2: 0.3112050403176172
