[NbConvertApp] WARNING | Config option `kernel_spec_manager_class` not recognized by `NbConvertApp`.
[NbConvertApp] Converting notebook ../notebooks/1.train_regression_multi_output.ipynb to script
[NbConvertApp] Writing 5645 bytes to 1.train_regression_multi_output.py
[NbConvertApp] Converting notebook ../notebooks/2.train_regression_multi_output_channel_selection.ipynb to script
[NbConvertApp] Writing 5822 bytes to 2.train_regression_multi_output_channel_selection.py
cell_type: PBMC cytokine: PDGF-BB [NSU] shuffle: True data: Gasdermin_ER_Mito_PM.parquet
PBMC True PDGF-BB [NSU]
shuffle: True
Shuffling data
[-0.14888381 -0.38209559 -0.0048955  -0.27009113 -0.24724281 -0.04400254
 -0.28260688 -0.17963416 -0.23973629 -0.00203735 -0.2357548  -0.31335153
 -0.10624736 -0.04253198 -0.16001083 -0.04265283 -0.29672378 -0.00660151
 -0.00464581 -0.06246622 -0.14152891 -0.17319763 -0.25946831 -0.12848847
 -0.060315   -0.08839042 -0.11210855 -0.04137254 -0.20169826 -0.22925705
 -0.28175347 -0.09640845 -0.1250918  -0.19025664 -0.11137603 -0.05381928
 -0.22393947 -0.14012055 -0.10341392 -0.04504046 -0.3159198  -0.17771683
 -0.22450027 -0.12990259 -0.17166365 -0.0936388  -0.29616894 -0.0654109
 -0.13942548 -0.38912474 -0.03731021 -0.31837029 -0.04827116 -0.19492487
 -0.05458745 -0.0707561  -0.08641763 -0.01656908 -0.08246909 -0.0331936
 -0.19963185 -0.31313915 -0.12087292 -0.10722535 -0.28451543 -0.09497277
 -0.08458071 -0.13303554]
Mean MAE: -0.14946431037450164
Std MAE: 0.09981520795298304
R2: 0.13546978278685695
