[NbConvertApp] WARNING | Config option `kernel_spec_manager_class` not recognized by `NbConvertApp`.
[NbConvertApp] Converting notebook ../notebooks/1.train_regression_multi_output.ipynb to script
[NbConvertApp] Writing 5645 bytes to 1.train_regression_multi_output.py
[NbConvertApp] Converting notebook ../notebooks/2.train_regression_multi_output_channel_selection.ipynb to script
[NbConvertApp] Writing 5822 bytes to 2.train_regression_multi_output_channel_selection.py
cell_type: PBMC cytokine: CXCL6 [NSU] shuffle: True data: Gasdermin_ER_Mito_PM.parquet
PBMC True CXCL6 [NSU]
shuffle: True
Shuffling data
[-0.11561217 -0.17164796 -0.46390696 -0.11518082 -0.17754439 -0.15200854
 -0.26680228 -0.31824318 -0.06258977 -0.37559398 -0.08715956 -0.0807964
 -0.43659985 -0.13806459 -0.40434725 -0.11130837 -0.04607708 -0.25377637
 -0.02687746 -0.06308105 -0.13782669 -0.22800401 -0.21542595 -0.08430615
 -0.04881167 -0.03956111 -0.20046279 -0.10589718 -0.21359842 -0.22453078
 -0.09867575 -0.16140661 -0.02275944 -0.15681534 -0.26155737 -0.12303929
 -0.0319703  -0.13038643 -0.21763995 -0.0138315  -0.20176792 -0.13394211
 -0.14097844 -0.29281151 -0.05544477 -0.03223604 -0.01072159 -0.00285179
 -0.16851062 -0.28181257 -0.01575577 -0.08982816 -0.16228986 -0.1901735
 -0.25598375 -0.14778151 -0.22377957 -0.14419759 -0.18707063 -0.05640026
 -0.21081513 -0.33246146 -0.14959612 -0.09338767 -0.127474   -0.17220813
 -0.11020033 -0.08449217]
Mean MAE: -0.1567455546432033
Std MAE: 0.10320783036288345
R2: 0.0
