[NbConvertApp] WARNING | Config option `kernel_spec_manager_class` not recognized by `NbConvertApp`.
[NbConvertApp] Converting notebook ../notebooks/1.train_regression_multi_output.ipynb to script
[NbConvertApp] Writing 5645 bytes to 1.train_regression_multi_output.py
[NbConvertApp] Converting notebook ../notebooks/2.train_regression_multi_output_channel_selection.ipynb to script
[NbConvertApp] Writing 5822 bytes to 2.train_regression_multi_output_channel_selection.py
cell_type: PBMC cytokine: CXCL14 [NSU] shuffle: True data: Gasdermin_ER_Mito_PM.parquet
PBMC True CXCL14 [NSU]
shuffle: True
Shuffling data
[-0.00210572 -0.36453457 -0.24438497 -0.04458305 -0.07576749 -0.37878441
 -0.06910215 -0.27772285 -0.09186632 -0.17179949 -0.46456777 -0.026447
 -0.05533278 -0.23785999 -0.19242183 -0.10690644 -0.0945425  -0.07389726
 -0.12915992 -0.01012    -0.03879244 -0.14982701 -0.10294107 -0.03782004
 -0.05836566 -0.37144999 -0.12014638 -0.06501449 -0.16630351 -0.30760816
 -0.2040507  -0.27761676 -0.10435114 -0.07372291 -0.10788148 -0.19915385
 -0.33297931 -0.3169679  -0.05842331 -0.14696479 -0.22619905 -0.14535828
 -0.04770708 -0.02033614 -0.05388304 -0.06339541 -0.38946847 -0.01636821
 -0.06886186 -0.00112439 -0.06737198 -0.12700071 -0.11519545 -0.04429014
 -0.23367178 -0.03085504 -0.34733851 -0.12048089 -0.06171754 -0.14782191
 -0.16811958 -0.1097258  -0.31377824 -0.13676547 -0.12303461 -0.0927431
 -0.04490167 -0.09513331]
Mean MAE: -0.14360198655837597
Std MAE: 0.11123352485625107
R2: 0.9936600123212481
