[NbConvertApp] WARNING | Config option `kernel_spec_manager_class` not recognized by `NbConvertApp`.
[NbConvertApp] Converting notebook ../notebooks/1.train_regression_multi_output.ipynb to script
[NbConvertApp] Writing 5645 bytes to 1.train_regression_multi_output.py
[NbConvertApp] Converting notebook ../notebooks/2.train_regression_multi_output_channel_selection.ipynb to script
[NbConvertApp] Writing 5822 bytes to 2.train_regression_multi_output_channel_selection.py
cell_type: PBMC cytokine: LOX1 (OLR1) [NSU] shuffle: True data: Gasdermin_ER_Mito_PM.parquet
PBMC True LOX1 (OLR1) [NSU]
shuffle: True
Shuffling data
[-1.82668276e-04 -1.75202412e-03 -4.94469527e-02 -3.21701450e-01
 -5.37439063e-01 -5.65646060e-02 -2.55036753e-01 -3.18202685e-01
 -1.34506523e-01 -2.45294686e-01 -5.31013166e-02 -1.50748083e-01
 -1.84903849e-01 -3.05414635e-02 -7.31795654e-02 -1.93427055e-01
 -2.60527253e-01 -2.99044456e-01 -1.15307932e-01 -7.16029232e-02
 -2.10283380e-02 -2.51854629e-01 -8.15474154e-02 -9.25773144e-03
 -3.74963103e-01 -1.26517344e-01 -7.83176440e-02 -1.07274069e-01
 -2.54239368e-01 -3.94857671e-01 -5.99087614e-02 -4.25291840e-01
 -9.18669672e-02 -2.48957972e-01 -5.23330552e-02 -4.26808385e-02
 -9.52294927e-02 -1.04390450e-01 -1.78757499e-01 -1.12197209e-01
 -3.73377037e-01 -1.60348567e-01 -5.92384460e-02 -3.73241249e-02
 -1.71910523e-01 -2.34406754e-02 -6.78748352e-02 -3.42458242e-01
 -1.85540624e-01 -2.69405567e-01 -5.78564212e-02 -2.10791071e-01
 -1.98008251e-02 -2.90873858e-01 -4.39928501e-03 -3.54649884e-01
 -1.32420284e-01 -4.23755090e-02 -3.67234065e-01 -1.62452274e-01
 -1.31104135e-01 -4.78444280e-02 -4.22426390e-01 -7.12221757e-02
 -1.96037933e-01 -3.04132330e-01 -1.56834143e-01 -9.42797925e-03]
Mean MAE: -0.1637762402736066
Std MAE: 0.12798757024951982
R2: 0.0
