[NbConvertApp] WARNING | Config option `kernel_spec_manager_class` not recognized by `NbConvertApp`.
[NbConvertApp] Converting notebook ../notebooks/1.train_regression_multi_output.ipynb to script
[NbConvertApp] Writing 5645 bytes to 1.train_regression_multi_output.py
[NbConvertApp] Converting notebook ../notebooks/2.train_regression_multi_output_channel_selection.ipynb to script
[NbConvertApp] Writing 5822 bytes to 2.train_regression_multi_output_channel_selection.py
cell_type: PBMC cytokine: IFN alpha 2 (alpha 2b) [NSU] shuffle: True data: Gasdermin_ER_Mito_PM.parquet
PBMC True IFN alpha 2 (alpha 2b) [NSU]
shuffle: True
Shuffling data
[-0.03386171 -0.25088037 -0.07708584 -0.13667571 -0.05536161 -0.04769173
 -0.11446204 -0.16030945 -0.05134301 -0.06907399 -0.15013316 -0.2299954
 -0.14635909 -0.02552643 -0.10044852 -0.05978367 -0.06987539 -0.27677558
 -0.2296043  -0.04540086 -0.23549062 -0.43510827 -0.24943482 -0.01262754
 -0.05517419 -0.03275061 -0.17532246 -0.1279412  -0.07776989 -0.18709682
 -0.07062292 -0.00612638 -0.06753206 -0.19843363 -0.50772439 -0.26702251
 -0.06102523 -0.16180107 -0.13147134 -0.44318589 -0.19614574 -0.05077569
 -0.03148393 -0.02979464 -0.01308979 -0.02985528 -0.01044316 -0.06794951
 -0.25193216 -0.06741936 -0.06192617 -0.2782518  -0.20097395 -0.03299721
 -0.03324663 -0.12102626 -0.0040628  -0.11329075 -0.05999909 -0.18518862
 -0.20645529 -0.07279518 -0.26494779 -0.22720667 -0.07912229 -0.23260209
 -0.06691936 -0.08380704]
Mean MAE: -0.13100026393382375
Std MAE: 0.10774454285941727
R2: 0.8006283235076079
