[NbConvertApp] WARNING | Config option `kernel_spec_manager_class` not recognized by `NbConvertApp`.
[NbConvertApp] Converting notebook ../notebooks/1.train_regression_multi_output.ipynb to script
[NbConvertApp] Writing 5645 bytes to 1.train_regression_multi_output.py
[NbConvertApp] Converting notebook ../notebooks/2.train_regression_multi_output_channel_selection.ipynb to script
[NbConvertApp] Writing 5822 bytes to 2.train_regression_multi_output_channel_selection.py
cell_type: PBMC cytokine: SAA [NSU] shuffle: False data: Gasdermin_ER_Mito_PM.parquet
PBMC False SAA [NSU]
shuffle: False
Not shuffling data
[-0.00301571 -0.17077545 -0.15345507 -0.1145449  -0.11491678 -0.01562666
 -0.11597605 -0.05959161 -0.20232979 -0.40065901 -0.12044052 -0.27055732
 -0.19092809 -0.02161733 -0.06463508 -0.1345471  -0.04116882 -0.24317829
 -0.16501344 -0.0865528  -0.23278443 -0.08921981 -0.14210301 -0.00054183
 -0.19777111 -0.16379819 -0.11809547 -0.18334231 -0.0677528  -0.00960155
 -0.47056225 -0.11746941 -0.25807424 -0.13635215 -0.3157213  -0.14971609
 -0.15816087 -0.03816157 -0.03994658 -0.20387213 -0.12561726 -0.32293376
 -0.22251284 -0.40839566 -0.34361221 -0.17840111 -0.19151626 -0.01253445
 -0.18173425 -0.08119625 -0.28767502 -0.2839393  -0.13951462 -0.25742536
 -0.14226736 -0.033805   -0.04448411 -0.0845384  -0.49530204 -0.23976703
 -0.20043893 -0.19236027 -0.4354295  -0.06520635 -0.05671953 -0.26274758
 -0.1711386  -0.10620705]
Mean MAE: -0.16691172120706155
Std MAE: 0.11423963966905978
R2: 0.11637862223050266
