[NbConvertApp] WARNING | Config option `kernel_spec_manager_class` not recognized by `NbConvertApp`.
[NbConvertApp] Converting notebook ../notebooks/1.train_regression_multi_output.ipynb to script
[NbConvertApp] Writing 5645 bytes to 1.train_regression_multi_output.py
[NbConvertApp] Converting notebook ../notebooks/2.train_regression_multi_output_channel_selection.ipynb to script
[NbConvertApp] Writing 5822 bytes to 2.train_regression_multi_output_channel_selection.py
cell_type: SHSY5Y cytokine: IL-17B [NSU] shuffle: False data: Gasdermin_ER_Mito_PM.parquet
SHSY5Y False IL-17B [NSU]
shuffle: False
Not shuffling data
[-0.01238598 -0.00786226 -0.08192636 -0.15116741 -0.24852536 -0.10376166
 -0.01291814 -0.00948199 -0.04799312 -0.03397294 -0.12561508 -0.08537926
 -0.44089198 -0.20821506 -0.00934496 -0.14541556 -0.05396169 -0.05205311
 -0.10290888 -0.17094757 -0.06407653 -0.04855388 -0.05361222 -0.16997243
 -0.19386747 -0.10484732 -0.03999057 -0.16132173 -0.11133332 -0.24376392
 -0.0937447  -0.08854841 -0.10217223 -0.09794113 -0.33635935 -0.31155841
 -0.0817419  -0.10339865 -0.00211577 -0.03469255 -0.22612505 -0.09768458
 -0.15499841 -0.07306963 -0.1246357  -0.05725514 -0.40699748 -0.14209637
 -0.20176544 -0.22844255 -0.05038906 -0.05735558 -0.0286829  -0.06123456
 -0.21329707 -0.1150078  -0.29766751 -0.04866687 -0.14124668 -0.27966842
 -0.12929335 -0.3274289  -0.05264193 -0.00561108 -0.20351182 -0.09420851
 -0.05217792 -0.00966887 -0.29534004 -0.18072604]
Mean MAE: -0.12721765917741068
Std MAE: 0.09984721765989138
R2: 0.05376905535195131
