[NbConvertApp] WARNING | Config option `kernel_spec_manager_class` not recognized by `NbConvertApp`.
[NbConvertApp] Converting notebook ../notebooks/1.train_regression_multi_output.ipynb to script
[NbConvertApp] Writing 5645 bytes to 1.train_regression_multi_output.py
[NbConvertApp] Converting notebook ../notebooks/2.train_regression_multi_output_channel_selection.ipynb to script
[NbConvertApp] Writing 5822 bytes to 2.train_regression_multi_output_channel_selection.py
cell_type: SHSY5Y cytokine: NGF beta [NSU] shuffle: False data: Gasdermin_ER_Mito_PM.parquet
SHSY5Y False NGF beta [NSU]
shuffle: False
Not shuffling data
[-0.00926595 -0.1644623  -0.12673498 -0.19004021 -0.14368116 -0.34868139
 -0.29640906 -0.05829611 -0.12883255 -0.13036988 -0.42446824 -0.0084575
 -0.14376277 -0.4055212  -0.17108924 -0.20742296 -0.01773824 -0.02335362
 -0.07469039 -0.20351396 -0.11291437 -0.06647764 -0.03924011 -0.06500631
 -0.11629665 -0.04621756 -0.05255969 -0.17573136 -0.32349116 -0.18428076
 -0.19779912 -0.30268701 -0.27326569 -0.02346842 -0.16567721 -0.25117386
 -0.5835553  -0.0639504  -0.06257915 -0.06195859 -0.06397874 -0.01069763
 -0.22622764 -0.34583213 -0.09239527 -0.21289057 -0.07449296 -0.06489265
 -0.19161049 -0.07597619 -0.07334908 -0.14315816 -0.10864209 -0.1086199
 -0.36427063 -0.01484198 -0.05351224 -0.20886411 -0.09340272 -0.2881466
 -0.10144533 -0.05282508 -0.06953875 -0.12403987 -0.08689219 -0.09345802
 -0.08367326 -0.18362189 -0.03999198 -0.10230548]
Mean MAE: -0.14569593842631215
Std MAE: 0.11400581763785635
R2: 0.06772290111734292
