[NbConvertApp] WARNING | Config option `kernel_spec_manager_class` not recognized by `NbConvertApp`.
[NbConvertApp] Converting notebook ../notebooks/1.train_regression_multi_output.ipynb to script
[NbConvertApp] Writing 5645 bytes to 1.train_regression_multi_output.py
[NbConvertApp] Converting notebook ../notebooks/2.train_regression_multi_output_channel_selection.ipynb to script
[NbConvertApp] Writing 5822 bytes to 2.train_regression_multi_output_channel_selection.py
cell_type: PBMC cytokine: Tie-2 [NSU] shuffle: True data: Gasdermin_ER_Mito_PM.parquet
PBMC True Tie-2 [NSU]
shuffle: True
Shuffling data
[-0.15732883 -0.08269159 -0.06616057 -0.10736147 -0.02474118 -0.19827675
 -0.09707704 -0.23900351 -0.13433708 -0.04417961 -0.08085577 -0.19418184
 -0.03188649 -0.13759466 -0.32554121 -0.2187623  -0.0371945  -0.13674013
 -0.40484073 -0.2698661  -0.05126056 -0.14739945 -0.07109838 -0.13353574
 -0.18826328 -0.05894489 -0.20336341 -0.15138241 -0.25556576 -0.14690982
 -0.05661684 -0.11108375 -0.0868687  -0.36385628 -0.1347184  -0.05332112
 -0.02337904 -0.12253734 -0.29761344 -0.11481284 -0.4349002  -0.02412956
 -0.11091257 -0.00585526 -0.03146282 -0.20819293 -0.31832007 -0.08829106
 -0.14570394 -0.07438565 -0.03857945 -0.00231048 -0.2544897  -0.00796968
 -0.19300552 -0.14953815 -0.14933198 -0.13181686 -0.01559341 -0.1840341
 -0.04013094 -0.11492603 -0.03620615 -0.02848603 -0.01949946 -0.06472291
 -0.00837028 -0.30874107]
Mean MAE: -0.13163322093624566
Std MAE: 0.10150058492749824
R2: 0.4522432977957318
