[NbConvertApp] WARNING | Config option `kernel_spec_manager_class` not recognized by `NbConvertApp`.
[NbConvertApp] Converting notebook ../notebooks/1.train_regression_multi_output.ipynb to script
[NbConvertApp] Writing 5645 bytes to 1.train_regression_multi_output.py
[NbConvertApp] Converting notebook ../notebooks/2.train_regression_multi_output_channel_selection.ipynb to script
[NbConvertApp] Writing 5822 bytes to 2.train_regression_multi_output_channel_selection.py
cell_type: SHSY5Y cytokine: BAFF [NSU] shuffle: False data: Gasdermin_ER_Mito_PM.parquet
SHSY5Y False BAFF [NSU]
shuffle: False
Not shuffling data
[-0.33786932 -0.12735753 -0.32481876 -0.17593828 -0.10636628 -0.03406293
 -0.11582543 -0.07780827 -0.0416801  -0.12394636 -0.11767247 -0.1232653
 -0.10483095 -0.04760951 -0.0390748  -0.2560991  -0.56693458 -0.01548666
 -0.01166242 -0.06606202 -0.14582983 -0.07834561 -0.13834504 -0.00593032
 -0.07935208 -0.01132787 -0.0345504  -0.15184297 -0.13519105 -0.01359906
 -0.01527502 -0.00421699 -0.10680239 -0.19675907 -0.11101997 -0.123673
 -0.09364145 -0.08857657 -0.11661832 -0.12063492 -0.23469994 -0.08749333
 -0.30005208 -0.0913529  -0.09222674 -0.11039869 -0.20797063 -0.19301116
 -0.13025699 -0.31683416 -0.21336918 -0.12279048 -0.22990777 -0.05924228
 -0.06037111 -0.15497709 -0.02057593 -0.14959228 -0.25770395 -0.02219701
 -0.01135327 -0.26458146 -0.32167553 -0.07136827 -0.06646207 -0.06174592
 -0.19102879 -0.01180832 -0.10203422 -0.04081838]
Mean MAE: -0.1254828988980763
Std MAE: 0.10123155818091574
R2: 0.18989824807293643
