[NbConvertApp] WARNING | Config option `kernel_spec_manager_class` not recognized by `NbConvertApp`.
[NbConvertApp] Converting notebook ../notebooks/1.train_regression_multi_output.ipynb to script
[NbConvertApp] Writing 5645 bytes to 1.train_regression_multi_output.py
[NbConvertApp] Converting notebook ../notebooks/2.train_regression_multi_output_channel_selection.ipynb to script
[NbConvertApp] Writing 5822 bytes to 2.train_regression_multi_output_channel_selection.py
cell_type: SHSY5Y cytokine: CCL2 [NSU] shuffle: False data: Gasdermin_ER_Mito_PM.parquet
SHSY5Y False CCL2 [NSU]
shuffle: False
Not shuffling data
[-0.04457496 -0.08817693 -0.07331855 -0.08097212 -0.06806809 -0.05074043
 -0.06349907 -0.01049085 -0.01186236 -0.26963959 -0.16481589 -0.03287868
 -0.25258439 -0.18262245 -0.25374755 -0.02383977 -0.1481025  -0.10990451
 -0.02387857 -0.14721923 -0.04134038 -0.04339937 -0.07630561 -0.22223304
 -0.02097504 -0.08321361 -0.10501096 -0.08990212 -0.13978028 -0.20960202
 -0.24212479 -0.08070147 -0.08525272 -0.08961596 -0.04216144 -0.21479128
 -0.32177191 -0.06040831 -0.01125184 -0.06765844 -0.07760542 -0.05446348
 -0.07339933 -0.09333182 -0.05306065 -0.16628254 -0.17723607 -0.18824884
 -0.16520877 -0.12176197 -0.35400684 -0.05553376 -0.00906262 -0.03685076
 -0.03349988 -0.24001752 -0.11195727 -0.03975845 -0.14974076 -0.04588967
 -0.13980086 -0.01022735 -0.055267   -0.02544918 -0.06747965 -0.06845112
 -0.04730434 -0.09519945 -0.04807413 -0.16721169]
Mean MAE: -0.10456883215969534
Std MAE: 0.07927934180141803
R2: 0.8190603021046208
