[NbConvertApp] WARNING | Config option `kernel_spec_manager_class` not recognized by `NbConvertApp`.
[NbConvertApp] Converting notebook ../notebooks/1.train_regression_multi_output.ipynb to script
[NbConvertApp] Writing 5645 bytes to 1.train_regression_multi_output.py
[NbConvertApp] Converting notebook ../notebooks/2.train_regression_multi_output_channel_selection.ipynb to script
[NbConvertApp] Writing 5822 bytes to 2.train_regression_multi_output_channel_selection.py
cell_type: SHSY5Y cytokine: CXCL17 [NSU] shuffle: True data: Gasdermin_ER_Mito_PM.parquet
SHSY5Y True CXCL17 [NSU]
shuffle: True
Shuffling data
[-0.22305618 -0.00921304 -0.16396504 -0.1758178  -0.06895437 -0.04173125
 -0.18303908 -0.09956152 -0.35885755 -0.19986351 -0.02103646 -0.22876201
 -0.39837634 -0.07090987 -0.17595306 -0.13169709 -0.02139699 -0.36159189
 -0.25862105 -0.01700827 -0.20850923 -0.33647482 -0.33819585 -0.13525391
 -0.2935047  -0.07987165 -0.17962707 -0.05294825 -0.04727408 -0.02626629
 -0.14590081 -0.05557084 -0.41604584 -0.04691469 -0.26732357 -0.13606345
 -0.01468862 -0.01596746 -0.11241397 -0.3452798  -0.12239745 -0.17527724
 -0.25428806 -0.39814609 -0.12408103 -0.40796045 -0.3527759  -0.22974098
 -0.22522343 -0.37990327 -0.11178661 -0.39082486 -0.09776949 -0.12207848
 -0.47366268 -0.14981895 -0.21094471 -0.14854258 -0.02272589 -0.04930027
 -0.01162168 -0.0095234  -0.16483891 -0.17540041 -0.0707476  -0.05086754
 -0.13748419 -0.21325008 -0.66461947 -0.17340147]
Mean MAE: -0.17975014851605214
Std MAE: 0.13630519087853118
R2: 0.22407555257091682
