[NbConvertApp] WARNING | Config option `kernel_spec_manager_class` not recognized by `NbConvertApp`.
[NbConvertApp] Converting notebook ../notebooks/1.train_regression_multi_output.ipynb to script
[NbConvertApp] Writing 5645 bytes to 1.train_regression_multi_output.py
[NbConvertApp] Converting notebook ../notebooks/2.train_regression_multi_output_channel_selection.ipynb to script
[NbConvertApp] Writing 5822 bytes to 2.train_regression_multi_output_channel_selection.py
cell_type: PBMC cytokine: IL-31 [NSU] shuffle: True data: Gasdermin_ER_Mito_PM.parquet
PBMC True IL-31 [NSU]
shuffle: True
Shuffling data
[-0.05073625 -0.01368264 -0.09832691 -0.06917106 -0.1345404  -0.07222824
 -0.14455164 -0.15305693 -0.15329467 -0.03682143 -0.04975503 -0.03929213
 -0.03189955 -0.08935112 -0.12154389 -0.21680277 -0.21659951 -0.06815092
 -0.02659766 -0.04287726 -0.01714377 -0.05631159 -0.03058055 -0.06097938
 -0.0430641  -0.00140232 -0.07280235 -0.16439336 -0.04666336 -0.20545367
 -0.28964095 -0.02961352 -0.28613127 -0.04915964 -0.10591413 -0.13974921
 -0.170126   -0.10218327 -0.05308624 -0.12712863 -0.20803193 -0.07619554
 -0.17073035 -0.16703289 -0.10585522 -0.00258786 -0.21095105 -0.36510734
 -0.19727289 -0.01203624 -0.09501574 -0.00974086 -0.35075205 -0.01876803
 -0.09564086 -0.03535681 -0.08309924 -0.02154025 -0.18022146 -0.1305065
 -0.06523181 -0.07336374 -0.12685306 -0.13823758 -0.03998644 -0.15341016
 -0.19961939 -0.03166895]
Mean MAE: -0.10655325795241986
Std MAE: 0.08191076608022944
R2: 0.3048055225531303
