[NbConvertApp] WARNING | Config option `kernel_spec_manager_class` not recognized by `NbConvertApp`.
[NbConvertApp] Converting notebook ../notebooks/1.train_regression_multi_output.ipynb to script
[NbConvertApp] Writing 5645 bytes to 1.train_regression_multi_output.py
[NbConvertApp] Converting notebook ../notebooks/2.train_regression_multi_output_channel_selection.ipynb to script
[NbConvertApp] Writing 5822 bytes to 2.train_regression_multi_output_channel_selection.py
cell_type: SHSY5Y cytokine: Osteopontin (OPN) [NSU] shuffle: True data: Gasdermin_ER_Mito_PM.parquet
SHSY5Y True Osteopontin (OPN) [NSU]
shuffle: True
Shuffling data
[-8.28183421e-03 -2.02075830e-01 -8.06570303e-02 -3.86003704e-04
 -1.81684301e-01 -5.48666846e-02 -2.92928594e-02 -1.25472417e-01
 -3.88758154e-01 -2.60135652e-01 -1.99931556e-01 -1.22576078e-01
 -1.80155589e-01 -1.84806962e-01 -2.64373955e-01 -1.51574199e-01
 -2.03488460e-01 -1.14245718e-01 -2.98789906e-01 -9.11566239e-03
 -1.54355513e-01 -4.00155059e-02 -2.14502323e-01 -1.67612459e-01
 -2.76373187e-02 -1.33970494e-01 -3.30272075e-01 -1.08462074e-01
 -1.54666508e-01 -7.39148356e-02 -8.42838734e-02 -2.82890387e-01
 -2.29976145e-02 -1.43824797e-01 -4.07378081e-02 -5.94946331e-02
 -9.75011015e-02 -2.56536145e-01 -9.89518897e-02 -1.32859051e-01
 -4.65319374e-01 -8.01956462e-02 -1.03222334e-01 -3.06020488e-01
 -1.54442988e-02 -4.40502189e-02 -1.52484277e-01 -1.62918423e-01
 -1.75891933e-01 -3.00844607e-02 -1.93439973e-02 -2.82432910e-01
 -7.88467086e-02 -1.07309152e-01 -1.80747922e-01 -1.39049912e-01
 -8.56255668e-02 -1.27568589e-01 -7.42800849e-02 -2.98099835e-01
 -1.13974557e-01 -6.26933170e-02 -5.35092658e-01 -2.90797716e-01
 -2.05697848e-01 -1.05418362e-02 -1.54287888e-02 -7.35750599e-02
 -3.99156808e-02 -2.69576262e-02]
Mean MAE: -0.14271094973505466
Std MAE: 0.11041454383996469
R2: 0.13898443954151907
