[NbConvertApp] WARNING | Config option `kernel_spec_manager_class` not recognized by `NbConvertApp`.
[NbConvertApp] Converting notebook ../notebooks/1.train_regression_multi_output.ipynb to script
[NbConvertApp] Writing 5645 bytes to 1.train_regression_multi_output.py
[NbConvertApp] Converting notebook ../notebooks/2.train_regression_multi_output_channel_selection.ipynb to script
[NbConvertApp] Writing 5822 bytes to 2.train_regression_multi_output_channel_selection.py
cell_type: SHSY5Y cytokine: IL-12 p35 [NSU] shuffle: True data: Gasdermin_ER_Mito_PM.parquet
SHSY5Y True IL-12 p35 [NSU]
shuffle: True
Shuffling data
[-1.52474343e-01 -3.24891587e-01 -1.17045871e-01 -2.96605968e-01
 -1.51342351e-01 -1.64275870e-01 -8.65838152e-02 -4.08750391e-02
 -1.91230803e-01 -1.13183126e-01 -1.33238276e-01 -2.11814389e-01
 -2.12524264e-01 -2.96605486e-01 -2.02832658e-01 -2.13524724e-01
 -1.02283188e-01 -1.57504888e-01 -1.83798745e-01 -5.92587202e-02
 -4.40522878e-02 -3.08883589e-01 -7.19677518e-02 -3.79440204e-02
 -2.38134901e-01 -3.19633497e-01 -1.11099104e-01 -9.83128916e-02
 -5.12448196e-01 -2.98885241e-01 -2.16869959e-01 -4.81164619e-02
 -1.67887520e-01 -3.75042575e-05 -6.10425241e-02 -1.50570089e-01
 -5.97581783e-02 -7.00785052e-03 -1.48136459e-01 -1.32220377e-02
 -1.29592933e-01 -6.72928195e-02 -3.35742631e-01 -1.29059700e-01
 -1.08042726e-01 -1.13622060e-01 -2.05251615e-01 -4.15477529e-01
 -1.91922557e-01 -1.62608293e-01 -6.80305372e-02 -1.28833739e-01
 -2.14616186e-02 -3.55597696e-02 -2.12752798e-01 -9.87625321e-02
 -3.66125731e-01 -5.12810197e-03 -2.07143354e-01 -4.49290065e-01
 -1.31736962e-01 -2.46174285e-01 -1.20353330e-01 -1.52269210e-01
 -3.30787635e-01 -4.12754386e-02 -1.14505272e-04 -4.00328231e-01
 -1.72860497e-01 -1.18044676e-01]
Mean MAE: -0.1641650007308539
Std MAE: 0.1143224249275669
R2: 0.11378412792710146
