[NbConvertApp] WARNING | Config option `kernel_spec_manager_class` not recognized by `NbConvertApp`.
[NbConvertApp] Converting notebook ../notebooks/1.train_regression_multi_output.ipynb to script
[NbConvertApp] Writing 5645 bytes to 1.train_regression_multi_output.py
[NbConvertApp] Converting notebook ../notebooks/2.train_regression_multi_output_channel_selection.ipynb to script
[NbConvertApp] Writing 5822 bytes to 2.train_regression_multi_output_channel_selection.py
cell_type: PBMC cytokine: CRP [NSU] shuffle: False data: Gasdermin_ER_Mito_PM.parquet
PBMC False CRP [NSU]
shuffle: False
Not shuffling data
[-0.18544089 -0.06835406 -0.18326324 -0.0697127  -0.10958811 -0.13358588
 -0.19686482 -0.34544876 -0.02397711 -0.32619517 -0.16095487 -0.32966936
 -0.0808708  -0.03524575 -0.33015883 -0.0524077  -0.15476533 -0.19852463
 -0.02741649 -0.41312983 -0.40227096 -0.02493478 -0.05546397 -0.02838608
 -0.36453962 -0.23321333 -0.06767062 -0.02996939 -0.00053792 -0.0191158
 -0.16267395 -0.1985772  -0.06448682 -0.20866454 -0.24306644 -0.01799671
 -0.16799424 -0.07073483 -0.0073441  -0.16654142 -0.1914043  -0.04343535
 -0.17839423 -0.13654448 -0.05988583 -0.28616392 -0.0703278  -0.09699134
 -0.01516252 -0.21314639 -0.11901431 -0.00185152 -0.14491064 -0.1282759
 -0.09745722 -0.20411131 -0.34221402 -0.44145608 -0.18123054 -0.05410558
 -0.0246172  -0.42987596 -0.08106173 -0.38016402 -0.13063974 -0.12149176
 -0.19270862 -0.02434562]
Mean MAE: -0.15221683776345707
Std MAE: 0.11945515788527827
R2: 0.0
