[NbConvertApp] WARNING | Config option `kernel_spec_manager_class` not recognized by `NbConvertApp`.
[NbConvertApp] Converting notebook ../notebooks/1.train_regression_multi_output.ipynb to script
[NbConvertApp] Writing 5645 bytes to 1.train_regression_multi_output.py
[NbConvertApp] Converting notebook ../notebooks/2.train_regression_multi_output_channel_selection.ipynb to script
[NbConvertApp] Writing 5822 bytes to 2.train_regression_multi_output_channel_selection.py
cell_type: SHSY5Y cytokine: Resistin [NSU] shuffle: False data: Gasdermin_ER_Mito_PM.parquet
SHSY5Y False Resistin [NSU]
shuffle: False
Not shuffling data
[-0.14149026 -0.04262279 -0.11755098 -0.10878289 -0.09965234 -0.13242318
 -0.19881957 -0.06611495 -0.10366833 -0.14158125 -0.07767231 -0.16299872
 -0.13362578 -0.01187834 -0.3532763  -0.1574465  -0.10778746 -0.16762876
 -0.14912841 -0.22178501 -0.02487339 -0.13985609 -0.0537936  -0.25888982
 -0.03792483 -0.25059419 -0.23796039 -0.02826406 -0.17095666 -0.01975882
 -0.14255036 -0.14473029 -0.19743108 -0.00062631 -0.02899055 -0.10810157
 -0.01546416 -0.46913698 -0.13511694 -0.03186593 -0.00175499 -0.25082435
 -0.0294815  -0.28106479 -0.12407497 -0.23097504 -0.02383546 -0.04902759
 -0.16110967 -0.3422086  -0.13973407 -0.08723483 -0.03757482 -0.18170923
 -0.26873215 -0.06929809 -0.08950113 -0.06108784 -0.08716709 -0.0134289
 -0.13718204 -0.27852622 -0.42728872 -0.54535577 -0.19492811 -0.14919994
 -0.0982227  -0.05674366 -0.13896211 -0.37969269]
Mean MAE: -0.14469638912893842
Std MAE: 0.11325013498756245
R2: 0.0
