[NbConvertApp] WARNING | Config option `kernel_spec_manager_class` not recognized by `NbConvertApp`.
[NbConvertApp] Converting notebook ../notebooks/1.train_regression_multi_output.ipynb to script
[NbConvertApp] Writing 5645 bytes to 1.train_regression_multi_output.py
[NbConvertApp] Converting notebook ../notebooks/2.train_regression_multi_output_channel_selection.ipynb to script
[NbConvertApp] Writing 5822 bytes to 2.train_regression_multi_output_channel_selection.py
cell_type: SHSY5Y cytokine: IL-10 [NSU] shuffle: True data: Gasdermin_ER_Mito_PM.parquet
SHSY5Y True IL-10 [NSU]
shuffle: True
Shuffling data
[-8.01134919e-02 -1.25317385e-01 -3.84390305e-02 -2.22892703e-01
 -2.71730419e-02 -5.42326025e-02 -8.17506237e-02 -2.59677717e-01
 -3.44592566e-02 -2.65098748e-02 -1.30274011e-01 -5.72695178e-02
 -1.30541429e-01 -8.59623701e-02 -2.13304581e-01 -3.32135032e-01
 -4.03711383e-01 -2.77724714e-01 -6.31233840e-03 -4.53005553e-02
 -1.14373252e-01 -1.04276902e-02 -6.08286898e-02 -1.19790872e-01
 -2.36937042e-01 -1.40009560e-01 -1.50513347e-02 -1.22172610e-01
 -6.11459393e-02 -1.16280940e-01 -2.07833859e-01 -3.89351706e-02
 -4.73468838e-01 -2.06309456e-01 -6.70558870e-02 -7.31657495e-02
 -1.72070594e-01 -6.49529864e-02 -7.17214702e-03 -1.26486218e-01
 -2.53835336e-01 -4.13512647e-03 -1.64131827e-01 -7.40473720e-02
 -7.36369768e-02 -2.03668187e-02 -2.15038225e-01 -2.29957536e-01
 -6.28674120e-02 -1.04986063e-04 -1.93032367e-01 -1.38031485e-01
 -8.44740040e-02 -1.00360223e-01 -3.76322663e-01 -1.41966403e-01
 -9.36691263e-02 -1.41888783e-01 -1.14024060e-02 -1.22844589e-01
 -9.50300801e-02 -1.47233178e-01 -2.38740365e-01 -3.62217226e-02
 -1.53034311e-01 -1.30478572e-01 -1.42474897e-01 -1.23203294e-01
 -1.54147686e-04 -3.26057997e-03]
Mean MAE: -0.12342164726217712
Std MAE: 0.09928951629187815
R2: 0.0
