[NbConvertApp] WARNING | Config option `kernel_spec_manager_class` not recognized by `NbConvertApp`.
[NbConvertApp] Converting notebook ../notebooks/1.train_regression_multi_output.ipynb to script
[NbConvertApp] Writing 5645 bytes to 1.train_regression_multi_output.py
[NbConvertApp] Converting notebook ../notebooks/2.train_regression_multi_output_channel_selection.ipynb to script
[NbConvertApp] Writing 5822 bytes to 2.train_regression_multi_output_channel_selection.py
cell_type: SHSY5Y cytokine: M-CSF [NSU] shuffle: True data: Gasdermin_ER_Mito_PM.parquet
SHSY5Y True M-CSF [NSU]
shuffle: True
Shuffling data
[-0.1298649  -0.37090265 -0.29498699 -0.05136313 -0.07094497 -0.1192835
 -0.01712425 -0.0158727  -0.03118634 -0.04626018 -0.1639863  -0.06670178
 -0.17549301 -0.19953283 -0.09507494 -0.132264   -0.05242535 -0.14640746
 -0.26458296 -0.06226178 -0.0505357  -0.03502508 -0.00925812 -0.0120353
 -0.06677726 -0.18930322 -0.25164236 -0.05847581 -0.00294896 -0.06248076
 -0.18397492 -0.08087321 -0.08061415 -0.23879841 -0.04459103 -0.13176371
 -0.33125553 -0.12122463 -0.25132521 -0.01556345 -0.36542516 -0.25044203
 -0.50565451 -0.0441749  -0.11151268 -0.25646313 -0.11833779 -0.09637666
 -0.13770652 -0.06296831 -0.06845153 -0.11915991 -0.18582844 -0.05014395
 -0.02592314 -0.08207359 -0.15332398 -0.26599788 -0.01231796 -0.08597241
 -0.10728609 -0.04390389 -0.04818819 -0.00134278 -0.01889682 -0.03362882
 -0.10915391 -0.03901575 -0.09723328 -0.13191836]
Mean MAE: -0.11934013141695567
Std MAE: 0.10167736472737589
R2: 0.0
