[NbConvertApp] WARNING | Config option `kernel_spec_manager_class` not recognized by `NbConvertApp`.
[NbConvertApp] Converting notebook ../notebooks/1.train_regression_multi_output.ipynb to script
[NbConvertApp] Writing 5645 bytes to 1.train_regression_multi_output.py
[NbConvertApp] Converting notebook ../notebooks/2.train_regression_multi_output_channel_selection.ipynb to script
[NbConvertApp] Writing 5822 bytes to 2.train_regression_multi_output_channel_selection.py
cell_type: SHSY5Y cytokine: TGF-beta 3 [NSU] shuffle: False data: Gasdermin_ER_Mito_PM.parquet
SHSY5Y False TGF-beta 3 [NSU]
shuffle: False
Not shuffling data
[-4.21062129e-01 -8.50731710e-02 -2.13198171e-01 -1.20297596e-01
 -5.41212055e-03 -2.03611338e-01 -3.95006968e-01 -2.93006161e-01
 -1.50230089e-01 -6.45687875e-02 -1.06233141e-01 -1.09637539e-01
 -9.51500766e-02 -1.43082944e-01 -2.38327463e-02 -2.83242727e-01
 -2.18527441e-03 -5.03436619e-02 -4.08057358e-01 -3.20264464e-01
 -1.63587635e-01 -1.17171288e-01 -3.31789433e-01 -1.05393053e-01
 -1.35766578e-01 -1.28058169e-01 -1.36535078e-01 -1.06108142e-01
 -2.86234616e-02 -1.25869916e-01 -1.49758000e-01 -3.81437125e-02
 -2.58426228e-01 -1.58497301e-01 -1.35017159e-01 -3.05500647e-01
 -2.31866589e-01 -5.80358350e-02 -1.30793692e-01 -2.86878075e-04
 -3.33635523e-02 -1.22781403e-01 -1.68006728e-01 -2.05318272e-01
 -1.69306540e-01 -3.77051684e-02 -1.58172125e-01 -1.33555646e-01
 -1.28792769e-01 -1.35194318e-01 -1.20664724e-01 -1.27662773e-01
 -1.33223534e-01 -1.84597157e-01 -2.15033618e-01 -4.53368692e-03
 -6.78623347e-02 -3.93993257e-01 -1.64970617e-01 -3.73684716e-01
 -2.74927017e-02 -2.69348429e-01 -2.81049279e-01 -7.89796950e-02
 -3.18499100e-02 -9.29752605e-02 -2.42007708e-01 -2.28068006e-01
 -2.97124375e-01 -4.29244945e-02]
Mean MAE: -0.15727097224382372
Std MAE: 0.10636796710883314
R2: 0.0
