[NbConvertApp] WARNING | Config option `kernel_spec_manager_class` not recognized by `NbConvertApp`.
[NbConvertApp] Converting notebook ../notebooks/1.train_regression_multi_output.ipynb to script
[NbConvertApp] Writing 5645 bytes to 1.train_regression_multi_output.py
[NbConvertApp] Converting notebook ../notebooks/2.train_regression_multi_output_channel_selection.ipynb to script
[NbConvertApp] Writing 5822 bytes to 2.train_regression_multi_output_channel_selection.py
cell_type: PBMC cytokine: IL-22 BP [NSU] shuffle: False data: Gasdermin_ER_Mito_PM.parquet
PBMC False IL-22 BP [NSU]
shuffle: False
Not shuffling data
[-0.19267256 -0.11455468 -0.16541331 -0.30670431 -0.28556068 -0.12085049
 -0.02313391 -0.03945561 -0.05367259 -0.27806155 -0.14833797 -0.05285124
 -0.20471967 -0.16681008 -0.22426049 -0.16868644 -0.36885286 -0.26334476
 -0.28150504 -0.14378745 -0.01486229 -0.07963987 -0.09305646 -0.01253495
 -0.0472146  -0.0070923  -0.26395527 -0.12638734 -0.0602477  -0.11441158
 -0.09495538 -0.00869632 -0.12639038 -0.12313766 -0.14340128 -0.12768367
 -0.62368494 -0.15481617 -0.24151299 -0.18531208 -0.31320873 -0.00229377
 -0.10092172 -0.02456004 -0.05200203 -0.06393599 -0.20971988 -0.29185843
 -0.07020624 -0.43138411 -0.07101451 -0.00130079 -0.1537591  -0.0892743
 -0.0724086  -0.02381031 -0.23059372 -0.07097537 -0.10594179 -0.19328827
 -0.0578687  -0.15874531 -0.08490591 -0.13820036 -0.10961061 -0.07172576
 -0.11268523 -0.21354482]
Mean MAE: -0.1437054894567359
Std MAE: 0.11131714006405008
R2: 0.12065928408126136
