[NbConvertApp] WARNING | Config option `kernel_spec_manager_class` not recognized by `NbConvertApp`.
[NbConvertApp] Converting notebook ../notebooks/1.train_regression_multi_output.ipynb to script
[NbConvertApp] Writing 5645 bytes to 1.train_regression_multi_output.py
[NbConvertApp] Converting notebook ../notebooks/2.train_regression_multi_output_channel_selection.ipynb to script
[NbConvertApp] Writing 5822 bytes to 2.train_regression_multi_output_channel_selection.py
cell_type: SHSY5Y cytokine: AITRL (GITR Ligand) [NSU] shuffle: False data: Gasdermin_ER_Mito_PM.parquet
SHSY5Y False AITRL (GITR Ligand) [NSU]
shuffle: False
Not shuffling data
[-0.18342952 -0.19010585 -0.15448239 -0.021544   -0.0169716  -0.00946842
 -0.08314299 -0.21025431 -0.30046646 -0.27851566 -0.31996601 -0.34293349
 -0.26001393 -0.38241939 -0.06364388 -0.28309481 -0.16043659 -0.2728018
 -0.03515283 -0.15700367 -0.47853672 -0.42638472 -0.2298446  -0.28499978
 -0.20546148 -0.16773451 -0.15057413 -0.13780921 -0.17194426 -0.33025027
 -0.05173648 -0.37816934 -0.019394   -0.20690163 -0.35046929 -0.06174655
 -0.15415596 -0.01238743 -0.25540188 -0.3396045  -0.67447358 -0.12268188
 -0.13902483 -0.18997414 -0.11596213 -0.24524095 -0.3233085  -0.41887272
 -0.0590468  -0.02799227 -0.59124604 -0.29182491 -0.30961411 -0.02654108
 -0.01381125 -0.02723456 -0.16495292 -0.19748273 -0.04748811 -0.1495752
 -0.3138771  -0.24199928 -0.13923938 -0.15082554 -0.22542579 -0.00519902
 -0.14139985 -0.02807872 -0.21534465 -0.21144505]
Mean MAE: -0.19926482003472976
Std MAE: 0.13947849910538018
R2: 0.0
