[NbConvertApp] WARNING | Config option `kernel_spec_manager_class` not recognized by `NbConvertApp`.
[NbConvertApp] Converting notebook ../notebooks/1.train_regression_multi_output.ipynb to script
[NbConvertApp] Writing 5645 bytes to 1.train_regression_multi_output.py
[NbConvertApp] Converting notebook ../notebooks/2.train_regression_multi_output_channel_selection.ipynb to script
[NbConvertApp] Writing 5822 bytes to 2.train_regression_multi_output_channel_selection.py
cell_type: SHSY5Y cytokine: IL-23 [NSU] shuffle: True data: Gasdermin_ER_Mito_PM.parquet
SHSY5Y True IL-23 [NSU]
shuffle: True
Shuffling data
[-0.34322228 -0.37951578 -0.04881996 -0.56620289 -0.07812754 -0.01061619
 -0.17503748 -0.02619566 -0.44608478 -0.0262278  -0.14910976 -0.21779781
 -0.16973925 -0.08869682 -0.23493725 -0.15668159 -0.00771131 -0.20030727
 -0.05157297 -0.03248736 -0.0449957  -0.06808824 -0.1851426  -0.25097661
 -0.02457492 -0.24929281 -0.2306918  -0.17918698 -0.15831731 -0.21272304
 -0.00934893 -0.23317127 -0.215573   -0.14111263 -0.17298818 -0.09962412
 -0.41909192 -0.24538981 -0.08006655 -0.17026498 -0.00243322 -0.07652238
 -0.22639949 -0.05853859 -0.125748   -0.23712913 -0.05860969 -0.15629346
 -0.0728336  -0.15012062 -0.11343224 -0.03968838 -0.01134178 -0.37316464
 -0.30191204 -0.049335   -0.25613812 -0.12510638 -0.20699868 -0.14662948
 -0.17645033 -0.21169503 -0.02988086 -0.0072128  -0.01893092 -0.14545612
 -0.21376997 -0.12040491 -0.28246531 -0.14204466]
Mean MAE: -0.1562342717202395
Std MAE: 0.11572838589209308
R2: 0.45022505253040745
