[NbConvertApp] WARNING | Config option `kernel_spec_manager_class` not recognized by `NbConvertApp`.
[NbConvertApp] Converting notebook ../notebooks/1.train_regression_multi_output.ipynb to script
[NbConvertApp] Writing 5645 bytes to 1.train_regression_multi_output.py
[NbConvertApp] Converting notebook ../notebooks/2.train_regression_multi_output_channel_selection.ipynb to script
[NbConvertApp] Writing 5822 bytes to 2.train_regression_multi_output_channel_selection.py
cell_type: SHSY5Y cytokine: CCL8 [NSU] shuffle: True data: Gasdermin_ER_Mito_PM.parquet
SHSY5Y True CCL8 [NSU]
shuffle: True
Shuffling data
[-0.06102297 -0.04274897 -0.21751062 -0.0147061  -0.29262839 -0.14955945
 -0.09943637 -0.14959354 -0.0655557  -0.01279957 -0.10556495 -0.11016818
 -0.62402445 -0.13940555 -0.20769362 -0.17713007 -0.4470359  -0.23610198
 -0.11876009 -0.20394404 -0.15709658 -0.13641649 -0.40443534 -0.12831139
 -0.11393968 -0.11210674 -0.20893984 -0.0586618  -0.00544217 -0.08632892
 -0.03390119 -0.07637714 -0.01930468 -0.15717698 -0.04774796 -0.03427771
 -0.01183991 -0.01879285 -0.31630828 -0.33222546 -0.33220569 -0.15056589
 -0.16985888 -0.23601086 -0.27938613 -0.10269169 -0.01066257 -0.10018198
 -0.15520078 -0.14807721 -0.05786404 -0.01569731 -0.03571456 -0.0277253
 -0.20336992 -0.30714628 -0.31355733 -0.02527544 -0.16070557 -0.02012806
 -0.39047567 -0.07427082 -0.19604214 -0.20097233 -0.24422103 -0.20876151
 -0.31525358 -0.1967192  -0.03441885 -0.07084219]
Mean MAE: -0.15312892077266937
Std MAE: 0.12173790850997245
R2: 0.9419679268255071
