[NbConvertApp] WARNING | Config option `kernel_spec_manager_class` not recognized by `NbConvertApp`.
[NbConvertApp] Converting notebook ../notebooks/1.train_regression_multi_output.ipynb to script
[NbConvertApp] Writing 5645 bytes to 1.train_regression_multi_output.py
[NbConvertApp] Converting notebook ../notebooks/2.train_regression_multi_output_channel_selection.ipynb to script
[NbConvertApp] Writing 5822 bytes to 2.train_regression_multi_output_channel_selection.py
cell_type: SHSY5Y cytokine: GDF-11 (BMP-11) [NSU] shuffle: False data: Gasdermin_ER_Mito_PM.parquet
SHSY5Y False GDF-11 (BMP-11) [NSU]
shuffle: False
Not shuffling data
[-0.03981504 -0.20384803 -0.02075884 -0.01343777 -0.08180774 -0.04181207
 -0.00193943 -0.11996879 -0.19968078 -0.18187888 -0.07227586 -0.17677867
 -0.65155987 -0.02085856 -0.20968685 -0.29745419 -0.05068625 -0.09568982
 -0.09989902 -0.09968311 -0.07991863 -0.03845476 -0.09266107 -0.07177058
 -0.2460399  -0.11682192 -0.12739146 -0.0469701  -0.07266874 -0.25190394
 -0.36293288 -0.18253896 -0.34544446 -0.07156243 -0.30534165 -0.02146646
 -0.00815147 -0.15372917 -0.23808867 -0.06109755 -0.01344542 -0.15350181
 -0.26563554 -0.15099794 -0.0878168  -0.00316876 -0.19161229 -0.03758713
 -0.04060909 -0.14464995 -0.06875745 -0.21052661 -0.17104681 -0.02973304
 -0.18851215 -0.14606206 -0.0474213  -0.06564659 -0.24230925 -0.0349179
 -0.33734657 -0.13070469 -0.27012725 -0.07524328 -0.31341803 -0.02070316
 -0.33686257 -0.17236931 -0.04415468 -0.2183354 ]
Mean MAE: -0.13982424617069567
Std MAE: 0.11562504329003241
R2: 0.011195919163279
