[NbConvertApp] WARNING | Config option `kernel_spec_manager_class` not recognized by `NbConvertApp`.
[NbConvertApp] Converting notebook ../notebooks/1.train_regression_multi_output.ipynb to script
[NbConvertApp] Writing 5645 bytes to 1.train_regression_multi_output.py
[NbConvertApp] Converting notebook ../notebooks/2.train_regression_multi_output_channel_selection.ipynb to script
[NbConvertApp] Writing 5822 bytes to 2.train_regression_multi_output_channel_selection.py
cell_type: SHSY5Y cytokine: CCL1 [NSU] shuffle: True data: Gasdermin_ER_Mito_PM.parquet
SHSY5Y True CCL1 [NSU]
shuffle: True
Shuffling data
[-0.01756179 -0.06397426 -0.29469124 -0.00507659 -0.32623715 -0.26544265
 -0.01106495 -0.28078496 -0.05954642 -0.12147207 -0.12319265 -0.21804908
 -0.14695451 -0.01084676 -0.01895342 -0.01852095 -0.00909954 -0.09981373
 -0.05774009 -0.16068016 -0.18859495 -0.45113677 -0.04414537 -0.19675313
 -0.00855644 -0.02576546 -0.01300886 -0.10420973 -0.13263912 -0.16392271
 -0.02120872 -0.23981669 -0.03429671 -0.13018975 -0.07123661 -0.13881458
 -0.09395975 -0.08246388 -0.27636961 -0.2065034  -0.32879708 -0.10427492
 -0.05287183 -0.17017227 -0.03207122 -0.0730116  -0.17382622 -0.23523371
 -0.05775208 -0.07282763 -0.00419546 -0.00497378 -0.02323534 -0.4041448
 -0.16692085 -0.0768429  -0.05939149 -0.2852233  -0.10215587 -0.56335598
 -0.03647513 -0.1781615  -0.00939687 -0.26846072 -0.09824448 -0.00807317
 -0.02217676 -0.08760432 -0.17407794 -0.00292419]
Mean MAE: -0.12585955185599743
Std MAE: 0.11753787413341367
R2: 0.9868152932478949
