[NbConvertApp] WARNING | Config option `kernel_spec_manager_class` not recognized by `NbConvertApp`.
[NbConvertApp] Converting notebook ../notebooks/1.train_regression_multi_output.ipynb to script
[NbConvertApp] Writing 5645 bytes to 1.train_regression_multi_output.py
[NbConvertApp] Converting notebook ../notebooks/2.train_regression_multi_output_channel_selection.ipynb to script
[NbConvertApp] Writing 5822 bytes to 2.train_regression_multi_output_channel_selection.py
cell_type: PBMC cytokine: EGFR [NSU] shuffle: False data: Gasdermin_ER_Mito_PM.parquet
PBMC False EGFR [NSU]
shuffle: False
Not shuffling data
[-4.79575988e-03 -3.47223153e-02 -1.16557072e-01 -6.27267007e-02
 -1.55943144e-01 -3.55145381e-01 -1.73319100e-01 -2.10919930e-01
 -2.39092043e-02 -1.26526868e-02 -5.01701068e-01 -1.07723387e-01
 -3.32994621e-01 -1.80593387e-02 -1.22735733e-01 -3.03613035e-01
 -4.13558752e-02 -6.12361119e-03 -3.32626967e-02 -1.58763145e-01
 -1.85680795e-01 -7.30575322e-02 -3.71707476e-01 -2.80136716e-01
 -9.76364269e-03 -1.02242761e-01 -8.43599169e-03 -1.30087275e-01
 -1.06953606e-01 -2.78794287e-01 -6.90018226e-02 -2.79488254e-04
 -1.52732966e-01 -6.70230869e-02 -6.05099526e-02 -3.09494514e-01
 -1.48071367e-01 -6.11612930e-02 -9.57821541e-02 -2.83790130e-01
 -7.27665052e-02 -6.93571792e-02 -2.98104442e-01 -2.90872754e-02
 -6.52855632e-02 -1.24312377e-01 -3.75543908e-01 -1.74369796e-01
 -3.59601705e-04 -1.69481685e-01 -1.81960360e-01 -3.45489671e-01
 -1.14052572e-01 -9.80342645e-02 -3.11486801e-02 -4.02412373e-01
 -2.24551697e-01 -1.73771014e-02 -2.39619127e-01 -9.73965854e-02
 -2.36589285e-02 -1.60935815e-01 -1.60883619e-01 -5.13224305e-01
 -1.12438839e-01 -3.05410233e-01 -1.09294710e-01 -2.22064327e-01]
Mean MAE: -0.15162282647665268
Std MAE: 0.12542903905193944
R2: 0.0
