[NbConvertApp] WARNING | Config option `kernel_spec_manager_class` not recognized by `NbConvertApp`.
[NbConvertApp] Converting notebook ../notebooks/1.train_regression_multi_output.ipynb to script
[NbConvertApp] Writing 5645 bytes to 1.train_regression_multi_output.py
[NbConvertApp] Converting notebook ../notebooks/2.train_regression_multi_output_channel_selection.ipynb to script
[NbConvertApp] Writing 5822 bytes to 2.train_regression_multi_output_channel_selection.py
cell_type: SHSY5Y cytokine: CCL23 [NSU] shuffle: True data: Gasdermin_ER_Mito_PM.parquet
SHSY5Y True CCL23 [NSU]
shuffle: True
Shuffling data
[-0.08619494 -0.05889503 -0.02352163 -0.03490685 -0.10423552 -0.05612518
 -0.12664947 -0.01425554 -0.13075843 -0.07796136 -0.17734654 -0.03459047
 -0.26678232 -0.32621415 -0.36607405 -0.03309409 -0.00142149 -0.02685756
 -0.19248899 -0.09870616 -0.05214656 -0.06336431 -0.07896609 -0.160262
 -0.18202379 -0.09684806 -0.1293847  -0.02941342 -0.1892097  -0.07146177
 -0.01599812 -0.18659127 -0.13209201 -0.40630995 -0.06138886 -0.03075875
 -0.0808398  -0.2174422  -0.0552219  -0.09417928 -0.10461243 -0.05196252
 -0.07788703 -0.04119645 -0.04624388 -0.1335848  -0.08683952 -0.38099988
 -0.04766533 -0.13130622 -0.01317461 -0.02051787 -0.10811936 -0.01736357
 -0.27019649 -0.15293244 -0.31420626 -0.35247152 -0.15023633 -0.06865245
 -0.11500475 -0.19014317 -0.10288362 -0.03626422 -0.05196827 -0.007517
 -0.27986944 -0.15559763 -0.1681209  -0.25050147]
Mean MAE: -0.12141459657788702
Std MAE: 0.09893862688479418
R2: 0.43788604892139604
