[NbConvertApp] WARNING | Config option `kernel_spec_manager_class` not recognized by `NbConvertApp`.
[NbConvertApp] Converting notebook ../notebooks/1.train_regression_multi_output.ipynb to script
[NbConvertApp] Writing 5645 bytes to 1.train_regression_multi_output.py
[NbConvertApp] Converting notebook ../notebooks/2.train_regression_multi_output_channel_selection.ipynb to script
[NbConvertApp] Writing 5822 bytes to 2.train_regression_multi_output_channel_selection.py
cell_type: PBMC cytokine: CXCL16 [NSU] shuffle: False data: Gasdermin_ER_Mito_PM.parquet
PBMC False CXCL16 [NSU]
shuffle: False
Not shuffling data
[-0.20548049 -0.08352097 -0.23853767 -0.12291277 -0.24300504 -0.18764055
 -0.2437472  -0.01638441 -0.00408789 -0.02439568 -0.16822099 -0.03374111
 -0.19839291 -0.32637662 -0.31979514 -0.23326373 -0.0399759  -0.04620645
 -0.2032911  -0.24003785 -0.03537958 -0.1172017  -0.0905858  -0.28810732
 -0.09022582 -0.25728932 -0.13847073 -0.04977787 -0.0906823  -0.05143538
 -0.13920457 -0.28946959 -0.02892173 -0.46290832 -0.19314762 -0.10859623
 -0.0057103  -0.24924187 -0.20445573 -0.28481391 -0.09037975 -0.26788437
 -0.32412066 -0.03396228 -0.2153869  -0.25007781 -0.20068469 -0.23315182
 -0.08783139 -0.39230982 -0.1133133  -0.1089206  -0.13017247 -0.0772607
 -0.33544822 -0.06111438 -0.41078362 -0.13538881 -0.12228187 -0.27029227
 -0.15823587 -0.16155881 -0.3260759  -0.01362737 -0.24351953 -0.00325072
 -0.09060227 -0.02943896]
Mean MAE: -0.16531934294416
Std MAE: 0.11073374185058286
R2: 0.21990211782337787
