[NbConvertApp] WARNING | Config option `kernel_spec_manager_class` not recognized by `NbConvertApp`.
[NbConvertApp] Converting notebook ../notebooks/1.train_regression_multi_output.ipynb to script
[NbConvertApp] Writing 5645 bytes to 1.train_regression_multi_output.py
[NbConvertApp] Converting notebook ../notebooks/2.train_regression_multi_output_channel_selection.ipynb to script
[NbConvertApp] Writing 5822 bytes to 2.train_regression_multi_output_channel_selection.py
cell_type: SHSY5Y cytokine: SAA [NSU] shuffle: True data: Gasdermin_ER_Mito_PM.parquet
SHSY5Y True SAA [NSU]
shuffle: True
Shuffling data
[-0.11078143 -0.18733394 -0.09829474 -0.18392181 -0.14710982 -0.01503263
 -0.16757272 -0.13755229 -0.26883329 -0.44437011 -0.06785034 -0.07354735
 -0.11528585 -0.22960272 -0.20774198 -0.1974261  -0.23081493 -0.20056418
 -0.18962665 -0.279295   -0.15277915 -0.17221431 -0.07909432 -0.16410715
 -0.08749222 -0.0818695  -0.13921694 -0.10875869 -0.04923536 -0.28163592
 -0.53367096 -0.03962261 -0.01540828 -0.0989825  -0.13917994 -0.15513398
 -0.20281611 -0.09759701 -0.18509165 -0.10283734 -0.19929937 -0.01208102
 -0.22671959 -0.01222096 -0.03289868 -0.08938764 -0.06334211 -0.10366834
 -0.12172658 -0.16842888 -0.07685298 -0.10821824 -0.02541292 -0.1943619
 -0.19676975 -0.13253098 -0.21558099 -0.01678382 -0.16618705 -0.00389921
 -0.13069233 -0.50915714 -0.15595571 -0.50137012 -0.12995814 -0.1963698
 -0.02090994 -0.04960534 -0.17438666 -0.0357452 ]
Mean MAE: -0.15014033115991884
Std MAE: 0.11039992183776608
R2: 0.09622726859128938
