[NbConvertApp] WARNING | Config option `kernel_spec_manager_class` not recognized by `NbConvertApp`.
[NbConvertApp] Converting notebook ../notebooks/1.train_regression_multi_output.ipynb to script
[NbConvertApp] Writing 5645 bytes to 1.train_regression_multi_output.py
[NbConvertApp] Converting notebook ../notebooks/2.train_regression_multi_output_channel_selection.ipynb to script
[NbConvertApp] Writing 5822 bytes to 2.train_regression_multi_output_channel_selection.py
cell_type: SHSY5Y cytokine: BMP6 [NSU] shuffle: False data: Gasdermin_ER_Mito_PM.parquet
SHSY5Y False BMP6 [NSU]
shuffle: False
Not shuffling data
[-1.29574051e-01 -2.80971951e-01 -1.21283757e-01 -4.94909455e-02
 -2.05285974e-01 -7.90693995e-02 -2.93150081e-02 -1.26945732e-01
 -9.44044287e-02 -4.02701753e-02 -6.90145847e-02 -2.85026034e-01
 -1.63980990e-01 -7.88705757e-02 -2.73799726e-01 -2.10411136e-01
 -5.49442455e-02 -3.29691566e-04 -1.14713605e-01 -1.72233232e-01
 -1.96840727e-02 -4.11675369e-01 -8.08135278e-02 -2.41357623e-01
 -1.10432193e-01 -7.94754504e-03 -3.20595543e-01 -1.45582042e-01
 -9.53415391e-02 -4.55219888e-01 -2.91352702e-01 -1.48632520e-02
 -4.65339623e-01 -9.33579541e-03 -1.12781844e-01 -4.16954592e-02
 -3.89339239e-02 -6.59307609e-02 -1.67637369e-01 -4.85706322e-02
 -6.48672932e-02 -2.78632061e-01 -1.55953169e-01 -1.91687923e-02
 -1.52395694e-02 -1.89800556e-01 -1.06015707e-01 -1.77799437e-01
 -2.58537700e-02 -3.73160030e-02 -1.08386730e-01 -8.25215265e-02
 -1.28843641e-01 -3.32914856e-01 -2.84566330e-01 -1.61705750e-01
 -1.09288276e-01 -5.33244186e-02 -9.58041477e-03 -1.31119890e-02
 -2.09232469e-02 -6.17889714e-02 -3.31922936e-01 -3.15883968e-01
 -3.73050940e-01 -1.18638799e-01 -6.66954080e-02 -3.59308185e-02
 -1.96478288e-01 -1.35734282e-01]
Mean MAE: -0.1390994841686987
Std MAE: 0.11615201916131346
R2: 0.0
