[NbConvertApp] WARNING | Config option `kernel_spec_manager_class` not recognized by `NbConvertApp`.
[NbConvertApp] Converting notebook ../notebooks/1.train_regression_multi_output.ipynb to script
[NbConvertApp] Writing 5645 bytes to 1.train_regression_multi_output.py
[NbConvertApp] Converting notebook ../notebooks/2.train_regression_multi_output_channel_selection.ipynb to script
[NbConvertApp] Writing 5822 bytes to 2.train_regression_multi_output_channel_selection.py
cell_type: SHSY5Y cytokine: M-CSF R (CD115) [NSU] shuffle: True data: Gasdermin_ER_Mito_PM.parquet
SHSY5Y True M-CSF R (CD115) [NSU]
shuffle: True
Shuffling data
[-0.0267884  -0.04179139 -0.11465387 -0.05087525 -0.18771294 -0.18986614
 -0.20021773 -0.14450666 -0.04167143 -0.11883325 -0.22159858 -0.18824058
 -0.32299806 -0.14777162 -0.27824162 -0.05932045 -0.39313817 -0.26454225
 -0.0814913  -0.12232128 -0.31463475 -0.33718989 -0.15289139 -0.02631971
 -0.10387035 -0.24840127 -0.34423967 -0.17948608 -0.17321481 -0.05791953
 -0.12305587 -0.48849815 -0.08730801 -0.0557013  -0.34083804 -0.09181854
 -0.13349932 -0.09906226 -0.17447217 -0.13396805 -0.16589093 -0.05334
 -0.34772834 -0.23465535 -0.22603212 -0.0828085  -0.19241345 -0.1967547
 -0.48939069 -0.12576158 -0.01321993 -0.09473382 -0.21345635 -0.45587814
 -0.14977381 -0.13667532 -0.25679044 -0.00580662 -0.30702598 -0.01244624
 -0.31355727 -0.44321348 -0.30586669 -0.01085837 -0.14387639 -0.01718256
 -0.21711882 -0.20368286 -0.20070723 -0.35257655]
Mean MAE: -0.18331703814204758
Std MAE: 0.12143323699039821
R2: 0.0
