[NbConvertApp] WARNING | Config option `kernel_spec_manager_class` not recognized by `NbConvertApp`.
[NbConvertApp] Converting notebook ../notebooks/1.train_regression_multi_output.ipynb to script
[NbConvertApp] Writing 5645 bytes to 1.train_regression_multi_output.py
[NbConvertApp] Converting notebook ../notebooks/2.train_regression_multi_output_channel_selection.ipynb to script
[NbConvertApp] Writing 5822 bytes to 2.train_regression_multi_output_channel_selection.py
cell_type: PBMC cytokine: IL-2 [NSU] shuffle: True data: Gasdermin_ER_Mito_PM.parquet
PBMC True IL-2 [NSU]
shuffle: True
Shuffling data
[-0.00465301 -0.12521779 -0.1135379  -0.00632251 -0.4421189  -0.04677655
 -0.0294269  -0.21890846 -0.21004683 -0.13806424 -0.24609537 -0.2651404
 -0.03930062 -0.10003057 -0.09103747 -0.08867865 -0.12969243 -0.13577458
 -0.36106292 -0.26377956 -0.08672546 -0.09950335 -0.03641149 -0.01708987
 -0.28416969 -0.21802684 -0.02560499 -0.07624517 -0.16107771 -0.14201059
 -0.18253232 -0.00224124 -0.02332628 -0.08323035 -0.230695   -0.02098671
 -0.06420707 -0.23944619 -0.25055729 -0.22156868 -0.1158125  -0.01344306
 -0.38847065 -0.33285109 -0.12071865 -0.03977779 -0.08416117 -0.14620884
 -0.16123466 -0.08337854 -0.1682067  -0.16320102 -0.23090418 -0.09993751
 -0.22937166 -0.09456278 -0.03232118 -0.15625519 -0.20531704 -0.0105466
 -0.26177268 -0.09763186 -0.23024826 -0.401959   -0.05051099 -0.1095388
 -0.00995906 -0.2946161 ]
Mean MAE: -0.14491528712611768
Std MAE: 0.10614544901509826
R2: 0.0
