[NbConvertApp] WARNING | Config option `kernel_spec_manager_class` not recognized by `NbConvertApp`.
[NbConvertApp] Converting notebook ../notebooks/1.train_regression_multi_output.ipynb to script
[NbConvertApp] Writing 5645 bytes to 1.train_regression_multi_output.py
[NbConvertApp] Converting notebook ../notebooks/2.train_regression_multi_output_channel_selection.ipynb to script
[NbConvertApp] Writing 5822 bytes to 2.train_regression_multi_output_channel_selection.py
cell_type: SHSY5Y cytokine: NRG1 beta 1 [NSU] shuffle: False data: Gasdermin_ER_Mito_PM.parquet
SHSY5Y False NRG1 beta 1 [NSU]
shuffle: False
Not shuffling data
[-0.25659547 -0.32170832 -0.25614054 -0.09992524 -0.23122925 -0.28802768
 -0.05745444 -0.22768029 -0.25226272 -0.13844848 -0.20088947 -0.10410483
 -0.10047133 -0.30464947 -0.20719811 -0.2139551  -0.09561017 -0.23580088
 -0.05509638 -0.12849593 -0.04268653 -0.06658464 -0.24221193 -0.1746764
 -0.15782402 -0.03418637 -0.16822619 -0.20476173 -0.44114217 -0.14451311
 -0.1316897  -0.1675795  -0.15797667 -0.0953546  -0.11298352 -0.10561493
 -0.25685064 -0.10665276 -0.04781053 -0.13542352 -0.34342573 -0.15308219
 -0.06562298 -0.10559121 -0.02307183 -0.1395262  -0.00344772 -0.03296294
 -0.13198255 -0.0866144  -0.04666173 -0.13173131 -0.14426692 -0.03186649
 -0.3709836  -0.07146648 -0.1237172  -0.07261071 -0.42363248 -0.02573779
 -0.16423841 -0.02031311 -0.29918356 -0.31354617 -0.1047707  -0.02315898
 -0.10304441 -0.17652557 -0.29494825 -0.46153598]
Mean MAE: -0.16085373099317693
Std MAE: 0.10690337396591847
R2: 0.0
