[NbConvertApp] WARNING | Config option `kernel_spec_manager_class` not recognized by `NbConvertApp`.
[NbConvertApp] Converting notebook ../notebooks/1.train_regression_multi_output.ipynb to script
[NbConvertApp] Writing 5645 bytes to 1.train_regression_multi_output.py
[NbConvertApp] Converting notebook ../notebooks/2.train_regression_multi_output_channel_selection.ipynb to script
[NbConvertApp] Writing 5822 bytes to 2.train_regression_multi_output_channel_selection.py
cell_type: SHSY5Y cytokine: FGF-4 [NSU] shuffle: False data: Gasdermin_ER_Mito_PM.parquet
SHSY5Y False FGF-4 [NSU]
shuffle: False
Not shuffling data
[-3.32756596e-02 -5.34136334e-02 -2.01827550e-01 -1.28516859e-01
 -9.63659367e-02 -1.58507898e-01 -2.82824960e-01 -2.17510392e-01
 -2.07662330e-01 -6.03937374e-02 -1.12482129e-01 -1.96182660e-02
 -4.00648606e-01 -2.11982933e-01 -7.83297944e-02 -2.44477665e-02
 -2.93174406e-01 -2.03965868e-01 -1.13828850e-04 -7.80178194e-02
 -2.87391018e-01 -5.70410955e-02 -7.89111905e-02 -6.79620808e-03
 -2.15147640e-02 -1.43846601e-01 -5.16272702e-01 -1.91462380e-02
 -1.99566326e-01 -6.56309355e-02 -4.23927166e-01 -1.19565645e-01
 -1.86846641e-01 -2.97798455e-03 -1.18022737e-01 -1.29841367e-01
 -8.40017617e-02 -3.27387748e-01 -1.91318114e-02 -3.28051097e-01
 -2.49523243e-01 -3.95797627e-02 -3.71755987e-02 -8.10664207e-02
 -3.23164979e-02 -3.63806800e-02 -1.14985412e-01 -7.86220669e-02
 -1.23668274e-02 -1.20268405e-02 -6.57528577e-02 -1.62500534e-01
 -3.60641300e-02 -2.09739424e-01 -1.67414830e-01 -1.84818547e-01
 -4.12077574e-02 -2.16393180e-01 -6.51208559e-02 -2.92430104e-01
 -2.05629534e-02 -9.12156006e-02 -1.11845747e-01 -1.45397395e-01
 -2.21683551e-01 -9.42053781e-02 -9.20699347e-02 -4.12962403e-02
 -5.12316276e-02 -1.22865729e-01]
Mean MAE: -0.13038301621923526
Std MAE: 0.10977159380140186
R2: 0.1130489973615667
