[NbConvertApp] WARNING | Config option `kernel_spec_manager_class` not recognized by `NbConvertApp`.
[NbConvertApp] Converting notebook ../notebooks/1.train_regression_multi_output.ipynb to script
[NbConvertApp] Writing 5645 bytes to 1.train_regression_multi_output.py
[NbConvertApp] Converting notebook ../notebooks/2.train_regression_multi_output_channel_selection.ipynb to script
[NbConvertApp] Writing 5822 bytes to 2.train_regression_multi_output_channel_selection.py
cell_type: PBMC cytokine: NGF beta [NSU] shuffle: True data: Gasdermin_ER_Mito_PM.parquet
PBMC True NGF beta [NSU]
shuffle: True
Shuffling data
[-0.17826418 -0.08773604 -0.06913197 -0.15396918 -0.20443794 -0.35456534
 -0.12567141 -0.02834631 -0.16267558 -0.1309717  -0.10070018 -0.23700976
 -0.06461151 -0.21863078 -0.17446744 -0.22367559 -0.02661918 -0.07453191
 -0.25139132 -0.12373656 -0.02258268 -0.11538941 -0.0471613  -0.07671371
 -0.40820184 -0.07358971 -0.18095479 -0.00044381 -0.33331696 -0.25687515
 -0.25563496 -0.15166273 -0.2646058  -0.05891578 -0.11833713 -0.06370239
 -0.1608062  -0.0743025  -0.02269379 -0.00648054 -0.16301649 -0.14209611
 -0.13299936 -0.11920586 -0.36762675 -0.02026458 -0.18456984 -0.11835454
 -0.00669313 -0.28408833 -0.03231651 -0.10797214 -0.12794444 -0.1818968
 -0.02242968 -0.00465775 -0.22594523 -0.28593035 -0.4254235  -0.043096
 -0.12758543 -0.16711217 -0.06699295 -0.13846574 -0.17605646 -0.10540561
 -0.15147828 -0.08116626]
Mean MAE: -0.14256331343341677
Std MAE: 0.09953540523404732
R2: 0.03580618822126724
