[NbConvertApp] WARNING | Config option `kernel_spec_manager_class` not recognized by `NbConvertApp`.
[NbConvertApp] Converting notebook ../notebooks/1.train_regression_multi_output.ipynb to script
[NbConvertApp] Writing 5645 bytes to 1.train_regression_multi_output.py
[NbConvertApp] Converting notebook ../notebooks/2.train_regression_multi_output_channel_selection.ipynb to script
[NbConvertApp] Writing 5822 bytes to 2.train_regression_multi_output_channel_selection.py
cell_type: PBMC cytokine: VEGF-C [NSU] shuffle: False data: Gasdermin_ER_Mito_PM.parquet
PBMC False VEGF-C [NSU]
shuffle: False
Not shuffling data
[-0.08455151 -0.02926869 -0.11354482 -0.08166465 -0.24748656 -0.04010767
 -0.02832017 -0.0900238  -0.00462774 -0.11286292 -0.23959151 -0.06584444
 -0.09645078 -0.05299932 -0.27538132 -0.03367606 -0.14226739 -0.06942342
 -0.11797341 -0.06486669 -0.0827159  -0.07637368 -0.04466998 -0.05568504
 -0.16635315 -0.12890448 -0.02056698 -0.09470533 -0.01944662 -0.04552038
 -0.02153673 -0.08249012 -0.15617487 -0.00554198 -0.00217343 -0.13413013
 -0.12986891 -0.02598722 -0.35395827 -0.08996804 -0.03381569 -0.09548568
 -0.00475512 -0.1968412  -0.22436959 -0.11131124 -0.04243512 -0.1495528
 -0.02263814 -0.31191736 -0.2658731  -0.083341   -0.12261435 -0.08694696
 -0.03156705 -0.0033844  -0.07987558 -0.02529013 -0.05862733 -0.08374512
 -0.05789793 -0.01993463 -0.1108108  -0.23988337 -0.00614937 -0.04431195
 -0.2748592  -0.12175139]
Mean MAE: -0.09761308422119447
Std MAE: 0.08144526908375711
R2: 0.0
