[NbConvertApp] WARNING | Config option `kernel_spec_manager_class` not recognized by `NbConvertApp`.
[NbConvertApp] Converting notebook ../notebooks/1.train_regression_multi_output.ipynb to script
[NbConvertApp] Writing 5645 bytes to 1.train_regression_multi_output.py
[NbConvertApp] Converting notebook ../notebooks/2.train_regression_multi_output_channel_selection.ipynb to script
[NbConvertApp] Writing 5822 bytes to 2.train_regression_multi_output_channel_selection.py
cell_type: SHSY5Y cytokine: CXCL16 [NSU] shuffle: False data: Gasdermin_ER_Mito_PM.parquet
SHSY5Y False CXCL16 [NSU]
shuffle: False
Not shuffling data
[-0.26850611 -0.01294441 -0.0970309  -0.26694778 -0.16588169 -0.0923558
 -0.13789124 -0.05721793 -0.04605361 -0.03031626 -0.35417259 -0.04786537
 -0.14106244 -0.05226027 -0.18823317 -0.03006161 -0.03549328 -0.09868339
 -0.05619243 -0.11961363 -0.13470451 -0.07971202 -0.25582134 -0.14120374
 -0.08251765 -0.23217334 -0.33776568 -0.08686405 -0.10158858 -0.03227039
 -0.21499949 -0.29734724 -0.07784216 -0.05498692 -0.24681492 -0.02051053
 -0.14220006 -0.50960918 -0.08952903 -0.30315854 -0.20456473 -0.23528107
 -0.10765203 -0.22201777 -0.10438587 -0.38152173 -0.35867257 -0.12858711
 -0.08343067 -0.25285342 -0.23543677 -0.27777844 -0.06558635 -0.06647975
 -0.01082899 -0.13415976 -0.11330362 -0.44778016 -0.02061901 -0.04964341
 -0.11544106 -0.22088038 -0.01932748 -0.03952115 -0.28428913 -0.08212823
 -0.02274304 -0.06995802 -0.25552334 -0.3949965 ]
Mean MAE: -0.1535113549353387
Std MAE: 0.11667923631564955
R2: 0.2584561695490861
