[NbConvertApp] WARNING | Config option `kernel_spec_manager_class` not recognized by `NbConvertApp`.
[NbConvertApp] Converting notebook ../notebooks/1.train_regression_multi_output.ipynb to script
[NbConvertApp] Writing 5645 bytes to 1.train_regression_multi_output.py
[NbConvertApp] Converting notebook ../notebooks/2.train_regression_multi_output_channel_selection.ipynb to script
[NbConvertApp] Writing 5822 bytes to 2.train_regression_multi_output_channel_selection.py
cell_type: PBMC cytokine: CXCL4 [NSU] shuffle: False data: Gasdermin_ER_Mito_PM.parquet
PBMC False CXCL4 [NSU]
shuffle: False
Not shuffling data
[-0.05864054 -0.30600042 -0.04634424 -0.09085354 -0.08054429 -0.18486144
 -0.09321724 -0.15299653 -0.04416088 -0.13879245 -0.10287991 -0.16878178
 -0.06870164 -0.038594   -0.13192421 -0.08142477 -0.02155979 -0.2510591
 -0.32390466 -0.15748046 -0.02176584 -0.23645129 -0.25439223 -0.1686513
 -0.01708066 -0.36455428 -0.04748091 -0.0258479  -0.07307817 -0.04982564
 -0.08470608 -0.33275786 -0.21391352 -0.12669447 -0.00150027 -0.51210491
 -0.50708074 -0.07633745 -0.02774867 -0.27961059 -0.08963528 -0.14985202
 -0.02098844 -0.07827454 -0.02528044 -0.00411214 -0.0980943  -0.37734029
 -0.01976492 -0.14596246 -0.07706205 -0.1683102  -0.00453683 -0.10320918
 -0.37887143 -0.14994065 -0.03477138 -0.18720709 -0.12940544 -0.3717736
 -0.08499307 -0.08506295 -0.00588552 -0.14882212 -0.02203138 -0.28138195
 -0.05745944 -0.02391449]
Mean MAE: -0.13659188627928515
Std MAE: 0.1216556974855656
R2: 0.0
