[NbConvertApp] WARNING | Config option `kernel_spec_manager_class` not recognized by `NbConvertApp`.
[NbConvertApp] Converting notebook ../notebooks/1.train_regression_multi_output.ipynb to script
[NbConvertApp] Writing 5645 bytes to 1.train_regression_multi_output.py
[NbConvertApp] Converting notebook ../notebooks/2.train_regression_multi_output_channel_selection.ipynb to script
[NbConvertApp] Writing 5822 bytes to 2.train_regression_multi_output_channel_selection.py
cell_type: SHSY5Y cytokine: CXCL3 [NSU] shuffle: True data: Gasdermin_ER_Mito_PM.parquet
SHSY5Y True CXCL3 [NSU]
shuffle: True
Shuffling data
[-0.35154586 -0.08749952 -0.08702696 -0.1996727  -0.09258386 -0.21501653
 -0.27986822 -0.00964951 -0.00145904 -0.12248928 -0.27790678 -0.13582271
 -0.34671048 -0.0915614  -0.27289099 -0.2372741  -0.02925256 -0.30076265
 -0.27108181 -0.13813542 -0.15602462 -0.32477338 -0.3905733  -0.34176132
 -0.13830229 -0.45159315 -0.07782866 -0.04460268 -0.6992422  -0.28399832
 -0.16847401 -0.27290775 -0.03279462 -0.1995553  -0.03070627 -0.19619062
 -0.07731709 -0.2078419  -0.0682701  -0.27719011 -0.23224321 -0.24779356
 -0.21328273 -0.24100752 -0.2169557  -0.10645315 -0.17553783 -0.05503285
 -0.18401858 -0.15524659 -0.03424463 -0.1417673  -0.3377809  -0.19966288
 -0.02716967 -0.01385697 -0.09948611 -0.28012681 -0.29165388 -0.35748226
 -0.15255605 -0.23247034 -0.49530704 -0.01382549 -0.04510185 -0.06025325
 -0.13404069 -0.02030864 -0.2375142  -0.2989963 ]
Mean MAE: -0.18984764341073226
Std MAE: 0.13070268505964316
R2: 0.0
