[NbConvertApp] WARNING | Config option `kernel_spec_manager_class` not recognized by `NbConvertApp`.
[NbConvertApp] Converting notebook ../notebooks/1.train_regression_multi_output.ipynb to script
[NbConvertApp] Writing 5645 bytes to 1.train_regression_multi_output.py
[NbConvertApp] Converting notebook ../notebooks/2.train_regression_multi_output_channel_selection.ipynb to script
[NbConvertApp] Writing 5822 bytes to 2.train_regression_multi_output_channel_selection.py
cell_type: SHSY5Y cytokine: IL-28A [NSU] shuffle: True data: Gasdermin_ER_Mito_PM.parquet
SHSY5Y True IL-28A [NSU]
shuffle: True
Shuffling data
[-6.68071316e-02 -1.76530626e-01 -4.60562261e-01 -1.15404409e-01
 -3.99168957e-05 -2.15406485e-01 -5.04304698e-02 -1.88459412e-02
 -4.98749724e-02 -3.59854132e-01 -1.43955177e-01 -2.27317066e-01
 -1.76731920e-01 -3.23607563e-01 -1.07804107e-01 -1.00880329e-01
 -1.26562153e-01 -3.16678464e-01 -3.49920850e-01 -2.53923278e-02
 -1.63597126e-01 -5.45541588e-03 -4.46281707e-02 -3.47735511e-01
 -7.99567635e-02 -1.18187097e-01 -4.53269644e-02 -2.16837038e-01
 -1.17581085e-01 -3.23310022e-01 -4.62245838e-02 -3.07904546e-02
 -1.73600842e-02 -2.32265160e-01 -2.63957881e-02 -2.46440130e-01
 -3.74221709e-01 -1.45400975e-01 -1.78801457e-01 -1.76893793e-01
 -4.36254742e-02 -4.48325627e-01 -8.20988107e-02 -3.91257508e-01
 -2.29117918e-01 -7.79919905e-02 -3.95738491e-02 -3.11343417e-01
 -3.05629536e-01 -4.08424596e-02 -1.39289041e-01 -3.28341683e-01
 -2.90691364e-01 -1.66581370e-01 -2.93090112e-01 -1.91804390e-01
 -7.46045661e-02 -4.69012239e-01 -5.50311154e-02 -9.01585303e-02
 -2.69055767e-01 -1.68032039e-01 -3.94360568e-01 -4.57057365e-01
 -3.80116351e-01 -6.53381836e-02 -1.74169903e-01 -2.08073490e-01
 -2.30914810e-01 -1.22769894e-01]
Mean MAE: -0.1841187857568548
Std MAE: 0.1303380305869864
R2: 0.04359849121527104
