[NbConvertApp] WARNING | Config option `kernel_spec_manager_class` not recognized by `NbConvertApp`.
[NbConvertApp] Converting notebook ../notebooks/1.train_regression_multi_output.ipynb to script
[NbConvertApp] Writing 5645 bytes to 1.train_regression_multi_output.py
[NbConvertApp] Converting notebook ../notebooks/2.train_regression_multi_output_channel_selection.ipynb to script
[NbConvertApp] Writing 5822 bytes to 2.train_regression_multi_output_channel_selection.py
cell_type: SHSY5Y cytokine: BMP6 [NSU] shuffle: True data: Gasdermin_ER_Mito_PM.parquet
SHSY5Y True BMP6 [NSU]
shuffle: True
Shuffling data
[-0.06146739 -0.29587624 -0.08288428 -0.02433556 -0.50613741 -0.07027512
 -0.02444082 -0.1187231  -0.12432352 -0.03141113 -0.07090891 -0.33988707
 -0.23870671 -0.19410229 -0.24876008 -0.1606135  -0.00417226 -0.0104769
 -0.03667619 -0.18342922 -0.03500482 -0.36286701 -0.04542824 -0.22618395
 -0.09389865 -0.09702193 -0.30342554 -0.16224418 -0.02442901 -0.44332723
 -0.30739244 -0.11543883 -0.45068495 -0.0144099  -0.12695062 -0.05879352
 -0.01294245 -0.00206002 -0.16049294 -0.01511414 -0.17915609 -0.26445376
 -0.17459691 -0.02067067 -0.01893511 -0.15048741 -0.19373998 -0.21026249
 -0.08616444 -0.09961279 -0.15892744 -0.10313767 -0.10234415 -0.35244794
 -0.23321617 -0.16409255 -0.06732438 -0.03966522 -0.06704221 -0.02627115
 -0.03687671 -0.0041949  -0.29168694 -0.24344919 -0.35737569 -0.18429697
 -0.10282437 -0.08809332 -0.14693727 -0.00375459]
Mean MAE: -0.14368223640143804
Std MAE: 0.12108141819947806
R2: 0.3911552773589816
