[NbConvertApp] WARNING | Config option `kernel_spec_manager_class` not recognized by `NbConvertApp`.
[NbConvertApp] Converting notebook ../notebooks/1.train_regression_multi_output.ipynb to script
[NbConvertApp] Writing 5645 bytes to 1.train_regression_multi_output.py
[NbConvertApp] Converting notebook ../notebooks/2.train_regression_multi_output_channel_selection.ipynb to script
[NbConvertApp] Writing 5822 bytes to 2.train_regression_multi_output_channel_selection.py
cell_type: PBMC cytokine: CCL2 [NSU] shuffle: True data: Gasdermin_ER_Mito_PM.parquet
PBMC True CCL2 [NSU]
shuffle: True
Shuffling data
[-3.21958073e-01 -1.77692730e-01 -8.84717625e-02 -1.03038761e-01
 -1.46779804e-01 -1.23619392e-01 -1.47066993e-01 -3.84055680e-01
 -3.50452918e-01 -3.55284752e-01 -2.23279345e-01 -4.01064101e-01
 -1.30199928e-01 -6.35767006e-02 -1.38861575e-01 -1.93506844e-01
 -7.33074001e-02 -2.99490179e-01 -5.70482023e-02 -2.37749207e-01
 -5.44123449e-02 -2.49206392e-01 -4.65758183e-01 -1.51762620e-01
 -1.92774636e-01 -6.96096035e-03 -4.53077692e-01 -1.42294746e-01
 -1.02908684e-01 -3.55048351e-02 -1.09211963e-01 -1.01645187e-02
 -1.25352030e-01 -2.25035183e-02 -7.02086467e-02 -2.07221577e-01
 -3.56707625e-02 -8.83765735e-02 -1.08881653e-01 -3.11980083e-02
 -8.36949631e-02 -2.10242902e-01 -4.44771219e-02 -3.24078602e-01
 -2.27058608e-02 -1.64241756e-01 -1.44338881e-01 -3.10329160e-01
 -3.07157451e-01 -1.15337409e-02 -5.37599726e-02 -1.17356555e-01
 -2.24905332e-01 -4.99266667e-02 -2.49730275e-02 -3.04830000e-04
 -3.33052729e-01 -1.75555817e-01 -1.17208397e-01 -1.59267886e-01
 -2.03111123e-01 -3.89202566e-01 -1.05769534e-01 -2.39058751e-02
 -3.64356017e-01 -1.72968539e-01 -2.83227296e-01 -3.41629622e-02]
Mean MAE: -0.1637613273149181
Std MAE: 0.12145360257365621
R2: 0.41438042421677657
