[NbConvertApp] WARNING | Config option `kernel_spec_manager_class` not recognized by `NbConvertApp`.
[NbConvertApp] Converting notebook ../notebooks/1.train_regression_multi_output.ipynb to script
[NbConvertApp] Writing 5645 bytes to 1.train_regression_multi_output.py
[NbConvertApp] Converting notebook ../notebooks/2.train_regression_multi_output_channel_selection.ipynb to script
[NbConvertApp] Writing 5822 bytes to 2.train_regression_multi_output_channel_selection.py
cell_type: PBMC cytokine: TNF RII [NSU] shuffle: True data: Gasdermin_ER_Mito_PM.parquet
PBMC True TNF RII [NSU]
shuffle: True
Shuffling data
[-0.19028415 -0.17949918 -0.33914261 -0.13021357 -0.15944834 -0.1585872
 -0.28001627 -0.07462128 -0.01156803 -0.05648601 -0.17742038 -0.15984881
 -0.03615737 -0.16278122 -0.22391959 -0.12790388 -0.01138892 -0.24858405
 -0.0330055  -0.26213811 -0.33285084 -0.1704527  -0.23588885 -0.12057927
 -0.19545826 -0.18339796 -0.10246276 -0.06694183 -0.3602992  -0.18424376
 -0.22562977 -0.25068069 -0.29607349 -0.39473455 -0.02945623 -0.11271124
 -0.06771512 -0.3439123  -0.29312873 -0.33019954 -0.0174759  -0.09500321
 -0.30028517 -0.48330308 -0.01512963 -0.1248727  -0.27675194 -0.10171703
 -0.28931802 -0.00067781 -0.15650134 -0.13566518 -0.00336383 -0.17916533
 -0.27585012 -0.03474818 -0.04183423 -0.03893652 -0.13066376 -0.22502073
 -0.24692589 -0.10921432 -0.09011387 -0.33110474 -0.2748945  -0.4245467
 -0.02354298 -0.20310392]
Mean MAE: -0.1757288556662154
Std MAE: 0.11515805657237259
R2: 0.0
