[NbConvertApp] WARNING | Config option `kernel_spec_manager_class` not recognized by `NbConvertApp`.
[NbConvertApp] Converting notebook ../notebooks/1.train_regression_multi_output.ipynb to script
[NbConvertApp] Writing 5645 bytes to 1.train_regression_multi_output.py
[NbConvertApp] Converting notebook ../notebooks/2.train_regression_multi_output_channel_selection.ipynb to script
[NbConvertApp] Writing 5822 bytes to 2.train_regression_multi_output_channel_selection.py
cell_type: SHSY5Y cytokine: CCL13 [NSU] shuffle: True data: Gasdermin_ER_Mito_PM.parquet
SHSY5Y True CCL13 [NSU]
shuffle: True
Shuffling data
[-0.0979858  -0.08622621 -0.62632166 -0.11623388 -0.26700889 -0.05021366
 -0.01661607 -0.14822342 -0.26287571 -0.35379128 -0.0408473  -0.04065264
 -0.21536017 -0.14406503 -0.16680937 -0.38773436 -0.12785471 -0.32431416
 -0.02601731 -0.1085543  -0.06624681 -0.34194933 -0.02276666 -0.18257802
 -0.13503777 -0.2692109  -0.23945574 -0.11025645 -0.02612539 -0.19211257
 -0.20472598 -0.23993448 -0.01988617 -0.25861871 -0.00581472 -0.27351914
 -0.15771535 -0.06706729 -0.06335198 -0.19523248 -0.12451317 -0.10479963
 -0.07789292 -0.01023294 -0.02638133 -0.02482738 -0.3347935  -0.13328321
 -0.01815939 -0.20089748 -0.1692829  -0.01651016 -0.02061923 -0.20397472
 -0.05283388 -0.11109412 -0.06235428 -0.11684819 -0.14861335 -0.22137194
 -0.28783079 -0.24393876 -0.41345322 -0.56634247 -0.05660302 -0.10553665
 -0.1114826  -0.27330903 -0.00417785 -0.07440193]
Mean MAE: -0.15708102689580614
Std MAE: 0.12844828749422807
R2: 0.14533206406653298
