[NbConvertApp] WARNING | Config option `kernel_spec_manager_class` not recognized by `NbConvertApp`.
[NbConvertApp] Converting notebook ../notebooks/1.train_regression_multi_output.ipynb to script
[NbConvertApp] Writing 5645 bytes to 1.train_regression_multi_output.py
[NbConvertApp] Converting notebook ../notebooks/2.train_regression_multi_output_channel_selection.ipynb to script
[NbConvertApp] Writing 5822 bytes to 2.train_regression_multi_output_channel_selection.py
cell_type: SHSY5Y cytokine: IL-1 alpha [NSU] shuffle: True data: Gasdermin_ER_Mito_PM.parquet
SHSY5Y True IL-1 alpha [NSU]
shuffle: True
Shuffling data
[-0.09540718 -0.22054382 -0.00680599 -0.18152975 -0.05794891 -0.13310821
 -0.11636556 -0.15999847 -0.19881223 -0.17418189 -0.26129391 -0.02826049
 -0.4225286  -0.03775563 -0.06559788 -0.00524724 -0.15366109 -0.06199157
 -0.12560974 -0.13132418 -0.39183713 -0.18656214 -0.21343843 -0.17506163
 -0.19523705 -0.28294986 -0.15112144 -0.0008248  -0.18561102 -0.14907141
 -0.15025202 -0.10051112 -0.13600187 -0.47210342 -0.0397862  -0.06693643
 -0.27721905 -0.14770074 -0.05461339 -0.00335128 -0.31715094 -0.13305974
 -0.15874269 -0.37607681 -0.13035988 -0.31664566 -0.34966835 -0.25051946
 -0.45713136 -0.03035988 -0.30367995 -0.00531701 -0.04610249 -0.009889
 -0.28086094 -0.11453371 -0.0462232  -0.29902359 -0.18979365 -0.04504707
 -0.10462931 -0.14830118 -0.15493946 -0.04226456 -0.31099694 -0.06604687
 -0.02235881 -0.01457383 -0.40892797 -0.04887798]
Mean MAE: -0.16000378603379325
Std MAE: 0.12129683946095804
R2: 0.13865694389731187
