[NbConvertApp] WARNING | Config option `kernel_spec_manager_class` not recognized by `NbConvertApp`.
[NbConvertApp] Converting notebook ../notebooks/1.train_regression_multi_output.ipynb to script
[NbConvertApp] Writing 5645 bytes to 1.train_regression_multi_output.py
[NbConvertApp] Converting notebook ../notebooks/2.train_regression_multi_output_channel_selection.ipynb to script
[NbConvertApp] Writing 5822 bytes to 2.train_regression_multi_output_channel_selection.py
cell_type: PBMC cytokine: IL-33 [NSU] shuffle: True data: Gasdermin_ER_Mito_PM.parquet
PBMC True IL-33 [NSU]
shuffle: True
Shuffling data
[-0.03425292 -0.0818828  -0.00888569 -0.34922196 -0.14997286 -0.19689483
 -0.39730706 -0.12798098 -0.10433874 -0.09180806 -0.01253721 -0.11465259
 -0.10764852 -0.07747742 -0.07860153 -0.11637961 -0.0195177  -0.05563748
 -0.15378279 -0.15557734 -0.00281906 -0.12344845 -0.04022058 -0.01259678
 -0.18224039 -0.0191526  -0.04221995 -0.05313024 -0.05753644 -0.05986749
 -0.03057887 -0.05105737 -0.05897521 -0.13570273 -0.10528378 -0.1638709
 -0.21693611 -0.1056814  -0.15599693 -0.04776239 -0.0989657  -0.18262079
 -0.02908672 -0.10343152 -0.05203877 -0.17030766 -0.11110039 -0.03095665
 -0.02633284 -0.25468358 -0.05421359 -0.14304287 -0.18230036 -0.11085271
 -0.04392631 -0.12025833 -0.11244471 -0.07303666 -0.08575342 -0.09222126
 -0.00732996 -0.09164341 -0.23926213 -0.34185615 -0.2214975  -0.02491876
 -0.14638783 -0.12083995]
Mean MAE: -0.10839332798804746
Std MAE: 0.0814154207421458
R2: 0.0
