[NbConvertApp] WARNING | Config option `kernel_spec_manager_class` not recognized by `NbConvertApp`.
[NbConvertApp] Converting notebook ../notebooks/1.train_regression_multi_output.ipynb to script
[NbConvertApp] Writing 5645 bytes to 1.train_regression_multi_output.py
[NbConvertApp] Converting notebook ../notebooks/2.train_regression_multi_output_channel_selection.ipynb to script
[NbConvertApp] Writing 5822 bytes to 2.train_regression_multi_output_channel_selection.py
cell_type: SHSY5Y cytokine: FAS-L [NSU] shuffle: True data: Gasdermin_ER_Mito_PM.parquet
SHSY5Y True FAS-L [NSU]
shuffle: True
Shuffling data
[-0.34269973 -0.02804154 -0.05007397 -0.04474014 -0.05971961 -0.04640289
 -0.20415477 -0.04929533 -0.37547603 -0.16376436 -0.3634802  -0.22696181
 -0.11700118 -0.18031117 -0.17004817 -0.13931114 -0.28437451 -0.1892519
 -0.3012256  -0.36098329 -0.07834837 -0.08584726 -0.22338046 -0.15387324
 -0.14147601 -0.11660412 -0.13690114 -0.50050633 -0.36877021 -0.2997482
 -0.21532911 -0.01139294 -0.18101271 -0.01090489 -0.01658857 -0.16512062
 -0.41428124 -0.19018404 -0.07295784 -0.09889555 -0.40054199 -0.16740897
 -0.14993847 -0.38060285 -0.07606955 -0.36837821 -0.26257675 -0.20076762
 -0.28251308 -0.04110947 -0.12860812 -0.10781206 -0.25302283 -0.22667812
 -0.03060149 -0.05484711 -0.09872898 -0.16010735 -0.3607254  -0.0398306
 -0.21330287 -0.26066044 -0.16955818 -0.1025296  -0.00683204 -0.0788348
 -0.00600895 -0.11494307 -0.06367689 -0.05311728]
Mean MAE: -0.17199676209392298
Std MAE: 0.12028535330376745
R2: 0.12582033519499414
