[NbConvertApp] WARNING | Config option `kernel_spec_manager_class` not recognized by `NbConvertApp`.
[NbConvertApp] Converting notebook ../notebooks/Hyperparameter_Optimization_model_binary.ipynb to script
[NbConvertApp] Writing 8579 bytes to Hyperparameter_Optimization_model_binary.py
cell_type: PBMC control_name: LPS_Nigericin_1.000_1.0_DMSO_0.025 treatment_name: Flagellin_1.000_DMSO_0.025
[I 2023-09-19 00:36:19,235] A new study created in memory with name: no-name-345103b5-fc71-49ac-93ce-1762bef065a3
[I 2023-09-19 00:37:32,316] Trial 0 finished with value: 0.20585886337608103 and parameters: {'n_layers': 1, 'n_units_l0': 8, 'dropout_0': 0.32709614355747385, 'learning_rate': 0.06753032669046433, 'optimizer': 'RMSprop'}. Best is trial 0 with value: 0.20585886337608103.
[I 2023-09-19 00:38:46,821] Trial 1 finished with value: 0.15527400689572096 and parameters: {'n_layers': 3, 'n_units_l0': 9, 'dropout_0': 0.3153200888821467, 'n_units_l1': 4, 'dropout_1': 0.35330467610556393, 'n_units_l2': 2, 'dropout_2': 0.364162646912798, 'learning_rate': 0.08104688417477558, 'optimizer': 'SGD'}. Best is trial 1 with value: 0.15527400689572096.
[I 2023-09-19 00:40:01,820] Trial 2 finished with value: 0.14649101658910513 and parameters: {'n_layers': 3, 'n_units_l0': 9, 'dropout_0': 0.1990140260105004, 'n_units_l1': 7, 'dropout_1': 0.15947085514883683, 'n_units_l2': 5, 'dropout_2': 0.13788149817020795, 'learning_rate': 0.08458847814439828, 'optimizer': 'SGD'}. Best is trial 2 with value: 0.14649101658910513.
[I 2023-09-19 00:41:14,348] Trial 3 finished with value: 0.1197636338621378 and parameters: {'n_layers': 1, 'n_units_l0': 10, 'dropout_0': 0.17638792162261344, 'learning_rate': 0.04197264386831187, 'optimizer': 'SGD'}. Best is trial 3 with value: 0.1197636338621378.
[I 2023-09-19 00:42:27,652] Trial 4 finished with value: 0.15186450570821763 and parameters: {'n_layers': 1, 'n_units_l0': 7, 'dropout_0': 0.27747389001632616, 'learning_rate': 0.08657909383096284, 'optimizer': 'Adam'}. Best is trial 3 with value: 0.1197636338621378.
[I 2023-09-19 00:42:29,238] Trial 5 pruned.
[I 2023-09-19 00:43:23,741] Trial 6 pruned.
[I 2023-09-19 00:44:10,848] Trial 7 pruned.
[I 2023-09-19 00:45:24,180] Trial 8 finished with value: 0.14523861494660376 and parameters: {'n_layers': 2, 'n_units_l0': 6, 'dropout_0': 0.33302819870959977, 'n_units_l1': 8, 'dropout_1': 0.2667116765251024, 'learning_rate': 0.05936223417105719, 'optimizer': 'SGD'}. Best is trial 3 with value: 0.1197636338621378.
[I 2023-09-19 00:45:25,801] Trial 9 pruned.
Selected Catagories are:
['LPS_Nigericin_1.000_1.0_DMSO_0.025' 'Flagellin_1.000_DMSO_0.025']
The dimensions of the data are: (270560, 1270)
Number of total missing values across all columns: 245710
Data Subset Is Off
Wells held out for testing: ['K08' 'M10']
Wells to use for training, validation, and testing ['K02' 'K03' 'K09' 'M05' 'M11']
Number of in features:  1245
Number of out features:  2
Binary_Classification
cpu
Validation Accuracy: 95.7915942325391
Validation Loss: 0.11525953985005616
Training Accuracy: 95.06790147128376
Training Loss: 0.12787516149033787
completed
