[NbConvertApp] WARNING | Config option `kernel_spec_manager_class` not recognized by `NbConvertApp`.
[NbConvertApp] Converting notebook ../notebooks/Hyperparameter_Optimization_model_binary.ipynb to script
[NbConvertApp] Writing 8579 bytes to Hyperparameter_Optimization_model_binary.py
cell_type: SHSY5Y control_name: LPS_10.000_DMSO_0.025 treatment_name: LPS_Nigericin_1.000_10.0_DMSO_0.025
[I 2023-09-19 01:01:57,964] A new study created in memory with name: no-name-e5536daf-6055-409a-a325-694eaa7da04f
[I 2023-09-19 01:02:06,728] Trial 0 finished with value: 0.6889263109366098 and parameters: {'n_layers': 2, 'n_units_l0': 3, 'dropout_0': 0.2719062093149618, 'n_units_l1': 3, 'dropout_1': 0.17097189190537465, 'learning_rate': 0.035293596878624454, 'optimizer': 'RMSprop'}. Best is trial 0 with value: 0.6889263109366098.
[I 2023-09-19 01:02:15,598] Trial 1 finished with value: 0.2013773210346699 and parameters: {'n_layers': 2, 'n_units_l0': 7, 'dropout_0': 0.25524269663416277, 'n_units_l1': 8, 'dropout_1': 0.34202075266912924, 'learning_rate': 0.03496630574957107, 'optimizer': 'RMSprop'}. Best is trial 1 with value: 0.2013773210346699.
[I 2023-09-19 01:02:24,465] Trial 2 finished with value: 0.11269959022601446 and parameters: {'n_layers': 2, 'n_units_l0': 3, 'dropout_0': 0.19625561019454152, 'n_units_l1': 9, 'dropout_1': 0.12195317751440501, 'learning_rate': 0.0037600302288433017, 'optimizer': 'Adam'}. Best is trial 2 with value: 0.11269959022601446.
[I 2023-09-19 01:02:33,323] Trial 3 finished with value: 0.22909943093856175 and parameters: {'n_layers': 3, 'n_units_l0': 9, 'dropout_0': 0.10764904436365691, 'n_units_l1': 4, 'dropout_1': 0.14769128432444822, 'n_units_l2': 5, 'dropout_2': 0.31435518306946386, 'learning_rate': 0.02123760164407231, 'optimizer': 'RMSprop'}. Best is trial 2 with value: 0.11269959022601446.
[I 2023-09-19 01:02:41,983] Trial 4 finished with value: 0.11377589893837771 and parameters: {'n_layers': 2, 'n_units_l0': 9, 'dropout_0': 0.30871600889766604, 'n_units_l1': 9, 'dropout_1': 0.1723217081509711, 'learning_rate': 0.017325854154706943, 'optimizer': 'RMSprop'}. Best is trial 2 with value: 0.11269959022601446.
[I 2023-09-19 01:02:50,605] Trial 5 finished with value: 0.1418058873216311 and parameters: {'n_layers': 1, 'n_units_l0': 7, 'dropout_0': 0.25022743930768365, 'learning_rate': 0.034891330009510585, 'optimizer': 'RMSprop'}. Best is trial 2 with value: 0.11269959022601446.
[I 2023-09-19 01:02:50,760] Trial 6 pruned.
[I 2023-09-19 01:02:51,006] Trial 7 pruned.
[I 2023-09-19 01:02:51,168] Trial 8 pruned.
[I 2023-09-19 01:03:00,217] Trial 9 finished with value: 0.11137122720479967 and parameters: {'n_layers': 3, 'n_units_l0': 5, 'dropout_0': 0.17807585721054156, 'n_units_l1': 8, 'dropout_1': 0.26778296206968166, 'n_units_l2': 2, 'dropout_2': 0.2538826286350248, 'learning_rate': 0.012193884794826115, 'optimizer': 'Adam'}. Best is trial 9 with value: 0.11137122720479967.
Selected Catagories are:
['LPS_10.000_DMSO_0.025' 'LPS_Nigericin_1.000_10.0_DMSO_0.025']
The dimensions of the data are: (31212, 1276)
Number of total missing values across all columns: 33620
Data Subset Is Off
Wells held out for testing: ['E20' 'M16']
Wells to use for training, validation, and testing ['E16' 'E17' 'E21' 'M17' 'M20' 'M21']
Number of in features:  1251
Number of out features:  2
Binary_Classification
cpu
Validation Accuracy: 94.36481241914618
Validation Loss: 0.20233382781346637
Training Accuracy: 88.31008086253371
Training Loss: 0.29632801322560565
completed
