[NbConvertApp] WARNING | Config option `kernel_spec_manager_class` not recognized by `NbConvertApp`.
[NbConvertApp] Converting notebook ../notebooks/Hyperparameter_Optimization_model_binary.ipynb to script
[NbConvertApp] Writing 8579 bytes to Hyperparameter_Optimization_model_binary.py
cell_type: PBMC control_name: LPS_Nigericin_1.000_3.0_DMSO_0.025 treatment_name: Flagellin_0.100_DMSO_0.025
[I 2023-09-19 00:21:46,196] A new study created in memory with name: no-name-2c60c3fa-0338-47f5-a38a-321baf97ea9a
[I 2023-09-19 00:22:53,582] Trial 0 finished with value: 0.03265414868714287 and parameters: {'n_layers': 1, 'n_units_l0': 8, 'dropout_0': 0.2626096648752104, 'learning_rate': 0.021739396406657945, 'optimizer': 'Adam'}. Best is trial 0 with value: 0.03265414868714287.
[I 2023-09-19 00:24:01,661] Trial 1 finished with value: 0.11030753516033293 and parameters: {'n_layers': 2, 'n_units_l0': 9, 'dropout_0': 0.24610950825429107, 'n_units_l1': 5, 'dropout_1': 0.3536071474894398, 'learning_rate': 0.01212361375891058, 'optimizer': 'SGD'}. Best is trial 0 with value: 0.03265414868714287.
[I 2023-09-19 00:25:09,145] Trial 2 finished with value: 0.24800223648548125 and parameters: {'n_layers': 2, 'n_units_l0': 2, 'dropout_0': 0.3835424188330959, 'n_units_l1': 6, 'dropout_1': 0.1946890752411511, 'learning_rate': 0.059944833612537045, 'optimizer': 'RMSprop'}. Best is trial 0 with value: 0.03265414868714287.
[I 2023-09-19 00:26:19,962] Trial 3 finished with value: 0.04136153111257591 and parameters: {'n_layers': 3, 'n_units_l0': 7, 'dropout_0': 0.3815857751871433, 'n_units_l1': 5, 'dropout_1': 0.18383084011484627, 'n_units_l2': 6, 'dropout_2': 0.19617414137886707, 'learning_rate': 0.00983516341516992, 'optimizer': 'RMSprop'}. Best is trial 0 with value: 0.03265414868714287.
[I 2023-09-19 00:27:28,880] Trial 4 finished with value: 0.24071513582766055 and parameters: {'n_layers': 2, 'n_units_l0': 2, 'dropout_0': 0.3878233750816611, 'n_units_l1': 8, 'dropout_1': 0.11079515055116824, 'learning_rate': 0.040278539502457036, 'optimizer': 'Adam'}. Best is trial 0 with value: 0.03265414868714287.
[I 2023-09-19 00:28:35,183] Trial 5 finished with value: 0.04693151528190355 and parameters: {'n_layers': 1, 'n_units_l0': 5, 'dropout_0': 0.38642758956512013, 'learning_rate': 0.03659079395729728, 'optimizer': 'Adam'}. Best is trial 0 with value: 0.03265414868714287.
[I 2023-09-19 00:28:36,548] Trial 6 pruned.
[I 2023-09-19 00:28:37,956] Trial 7 pruned.
[I 2023-09-19 00:29:42,706] Trial 8 finished with value: 0.06056981535954401 and parameters: {'n_layers': 1, 'n_units_l0': 4, 'dropout_0': 0.3935109715710411, 'learning_rate': 0.03751641362038576, 'optimizer': 'RMSprop'}. Best is trial 0 with value: 0.03265414868714287.
[I 2023-09-19 00:29:44,031] Trial 9 pruned.
Selected Catagories are:
['LPS_Nigericin_1.000_3.0_DMSO_0.025' 'Flagellin_0.100_DMSO_0.025']
The dimensions of the data are: (270176, 1270)
Number of total missing values across all columns: 191830
Data Subset Is Off
Wells held out for testing: ['L08' 'L10']
Wells to use for training, validation, and testing ['L02' 'L03' 'L05' 'L09' 'L11']
Number of in features:  1245
Number of out features:  2
Binary_Classification
cpu
Validation Accuracy: 98.99795200336082
Validation Loss: 0.03307575256699056
Training Accuracy: 98.60712597804967
Training Loss: 0.04396904340659091
completed
