[NbConvertApp] WARNING | Config option `kernel_spec_manager_class` not recognized by `NbConvertApp`.
[NbConvertApp] Converting notebook ../notebooks/Hyperparameter_Optimization_model_binary.ipynb to script
[NbConvertApp] Writing 8579 bytes to Hyperparameter_Optimization_model_binary.py
cell_type: SHSY5Y control_name: Thapsigargin_1.000_DMSO_0.025 treatment_name: Thapsigargin_10.000_DMSO_0.025
[I 2023-09-17 20:31:54,437] A new study created in memory with name: no-name-0e339002-8b30-43e6-b459-0fdd007f92d9
[I 2023-09-17 20:32:03,507] Trial 0 finished with value: 0.5510319646199544 and parameters: {'n_layers': 3, 'n_units_l0': 7, 'dropout_0': 0.11502934089986484, 'n_units_l1': 5, 'dropout_1': 0.20508276734166783, 'n_units_l2': 10, 'dropout_2': 0.2980954864889825, 'learning_rate': 0.0404210644686631, 'optimizer': 'Adam'}. Best is trial 0 with value: 0.5510319646199544.
[I 2023-09-17 20:32:12,001] Trial 1 finished with value: 0.5856988171736399 and parameters: {'n_layers': 2, 'n_units_l0': 6, 'dropout_0': 0.320945661445062, 'n_units_l1': 2, 'dropout_1': 0.24217259459849186, 'learning_rate': 0.021253924373754726, 'optimizer': 'RMSprop'}. Best is trial 0 with value: 0.5510319646199544.
[I 2023-09-17 20:32:20,781] Trial 2 finished with value: 0.6926556773980458 and parameters: {'n_layers': 3, 'n_units_l0': 10, 'dropout_0': 0.3005135815651053, 'n_units_l1': 9, 'dropout_1': 0.23501414705574253, 'n_units_l2': 8, 'dropout_2': 0.38794522880792603, 'learning_rate': 0.0959034119415188, 'optimizer': 'RMSprop'}. Best is trial 0 with value: 0.5510319646199544.
[I 2023-09-17 20:32:29,198] Trial 3 finished with value: 0.532516035437584 and parameters: {'n_layers': 1, 'n_units_l0': 7, 'dropout_0': 0.11998391008216612, 'learning_rate': 0.07582211491525097, 'optimizer': 'SGD'}. Best is trial 3 with value: 0.532516035437584.
[I 2023-09-17 20:32:37,732] Trial 4 finished with value: 0.558760799964269 and parameters: {'n_layers': 2, 'n_units_l0': 2, 'dropout_0': 0.19351766709092352, 'n_units_l1': 3, 'dropout_1': 0.33472622580201317, 'learning_rate': 0.08218921389140058, 'optimizer': 'SGD'}. Best is trial 3 with value: 0.532516035437584.
[I 2023-09-17 20:32:37,887] Trial 5 pruned.
[I 2023-09-17 20:32:46,846] Trial 6 finished with value: 0.5028633836905161 and parameters: {'n_layers': 3, 'n_units_l0': 10, 'dropout_0': 0.21883979372884163, 'n_units_l1': 5, 'dropout_1': 0.3678537431919118, 'n_units_l2': 9, 'dropout_2': 0.37451698555587964, 'learning_rate': 0.001136448100637686, 'optimizer': 'Adam'}. Best is trial 6 with value: 0.5028633836905161.
[I 2023-09-17 20:32:46,992] Trial 7 pruned.
[I 2023-09-17 20:32:47,142] Trial 8 pruned.
[I 2023-09-17 20:32:47,301] Trial 9 pruned.
Selected Catagories are:
['Thapsigargin_1.000_DMSO_0.025' 'Thapsigargin_10.000_DMSO_0.025']
The dimensions of the data are: (26978, 1276)
Number of total missing values across all columns: 53956
Data Subset Is Off
Wells held out for testing: ['E14' 'K14']
Wells to use for training, validation, and testing ['D14' 'D15' 'E15' 'L14' 'K15' 'L15']
Number of in features:  1251
Number of out features:  2
Binary_Classification
cpu
Validation Accuracy: 74.35714285714285
Validation Loss: 0.49630154947439825
Training Accuracy: 73.48495937480618
Training Loss: 0.510238256910268
completed
