[NbConvertApp] WARNING | Config option `kernel_spec_manager_class` not recognized by `NbConvertApp`.
[NbConvertApp] Converting notebook ../notebooks/Hyperparameter_Optimization_model_binary.ipynb to script
[NbConvertApp] Writing 8579 bytes to Hyperparameter_Optimization_model_binary.py
cell_type: SHSY5Y control_name: LPS_Nigericin_1.000_10.0_DMSO_0.025 treatment_name: Flagellin_0.100_DMSO_0.025
[I 2023-09-19 00:21:20,326] A new study created in memory with name: no-name-599fae8c-255f-4187-b803-d7b14d7e6bd1
[I 2023-09-19 00:21:29,461] Trial 0 finished with value: 0.20468621452649433 and parameters: {'n_layers': 1, 'n_units_l0': 9, 'dropout_0': 0.197166962848567, 'learning_rate': 0.039374027797361884, 'optimizer': 'RMSprop'}. Best is trial 0 with value: 0.20468621452649433.
[I 2023-09-19 00:21:38,252] Trial 1 finished with value: 0.1908927991489569 and parameters: {'n_layers': 1, 'n_units_l0': 9, 'dropout_0': 0.3227016607065397, 'learning_rate': 0.023568404114694755, 'optimizer': 'RMSprop'}. Best is trial 1 with value: 0.1908927991489569.
[I 2023-09-19 00:21:47,778] Trial 2 finished with value: 0.16286015048623084 and parameters: {'n_layers': 3, 'n_units_l0': 3, 'dropout_0': 0.12271619579644347, 'n_units_l1': 5, 'dropout_1': 0.1850555129003812, 'n_units_l2': 6, 'dropout_2': 0.35817019931592253, 'learning_rate': 0.04812152319986969, 'optimizer': 'Adam'}. Best is trial 2 with value: 0.16286015048623084.
[I 2023-09-19 00:21:57,136] Trial 3 finished with value: 0.6722387158870697 and parameters: {'n_layers': 3, 'n_units_l0': 7, 'dropout_0': 0.1757230574847617, 'n_units_l1': 10, 'dropout_1': 0.2089192453259486, 'n_units_l2': 6, 'dropout_2': 0.3561202137758219, 'learning_rate': 0.07628835261406065, 'optimizer': 'RMSprop'}. Best is trial 2 with value: 0.16286015048623084.
[I 2023-09-19 00:22:06,054] Trial 4 finished with value: 0.32105947007735564 and parameters: {'n_layers': 2, 'n_units_l0': 5, 'dropout_0': 0.2628941155061606, 'n_units_l1': 5, 'dropout_1': 0.22439451039126768, 'learning_rate': 0.026997160741298112, 'optimizer': 'SGD'}. Best is trial 2 with value: 0.16286015048623084.
[I 2023-09-19 00:22:15,630] Trial 5 finished with value: 0.13924842526515324 and parameters: {'n_layers': 3, 'n_units_l0': 9, 'dropout_0': 0.1991872718399554, 'n_units_l1': 2, 'dropout_1': 0.13708980927580922, 'n_units_l2': 10, 'dropout_2': 0.32048002832532696, 'learning_rate': 0.05807972683347499, 'optimizer': 'Adam'}. Best is trial 5 with value: 0.13924842526515324.
[I 2023-09-19 00:22:24,871] Trial 6 finished with value: 0.36689031943678857 and parameters: {'n_layers': 2, 'n_units_l0': 6, 'dropout_0': 0.19764789520986575, 'n_units_l1': 8, 'dropout_1': 0.17172746258280688, 'learning_rate': 0.09492082695459397, 'optimizer': 'Adam'}. Best is trial 5 with value: 0.13924842526515324.
[I 2023-09-19 00:22:25,115] Trial 7 pruned.
[I 2023-09-19 00:22:25,282] Trial 8 pruned.
[I 2023-09-19 00:22:25,439] Trial 9 pruned.
Selected Catagories are:
['LPS_Nigericin_1.000_10.0_DMSO_0.025' 'Flagellin_0.100_DMSO_0.025']
The dimensions of the data are: (29330, 1276)
Number of total missing values across all columns: 29856
Data Subset Is Off
Wells held out for testing: ['M16' 'L22']
Wells to use for training, validation, and testing ['M17' 'L18' 'L19' 'M20' 'M21' 'L23']
Number of in features:  1251
Number of out features:  2
Binary_Classification
cpu
Validation Accuracy: 95.30834114339268
Validation Loss: 0.12675492964684965
Training Accuracy: 89.0930818346904
Training Loss: 0.20687428881724673
completed
