[NbConvertApp] WARNING | Config option `kernel_spec_manager_class` not recognized by `NbConvertApp`.
[NbConvertApp] Converting notebook ../notebooks/Hyperparameter_Optimization_model_binary.ipynb to script
[NbConvertApp] Writing 8579 bytes to Hyperparameter_Optimization_model_binary.py
cell_type: SHSY5Y control_name: Flagellin_1.000_DMSO_0.025 treatment_name: LPS_10.000_DMSO_0.025
[I 2023-09-19 01:09:43,324] A new study created in memory with name: no-name-f8279cb5-5a7e-445d-bdc8-d7bb419c1bce
[I 2023-09-19 01:09:52,827] Trial 0 finished with value: 0.6920379690329235 and parameters: {'n_layers': 3, 'n_units_l0': 6, 'dropout_0': 0.3217078664874965, 'n_units_l1': 3, 'dropout_1': 0.12484904889968564, 'n_units_l2': 7, 'dropout_2': 0.31323530403803596, 'learning_rate': 0.055827955419332075, 'optimizer': 'Adam'}. Best is trial 0 with value: 0.6920379690329235.
[I 2023-09-19 01:10:01,717] Trial 1 finished with value: 0.6706066815058391 and parameters: {'n_layers': 1, 'n_units_l0': 10, 'dropout_0': 0.18316039677299206, 'learning_rate': 0.044949524493740435, 'optimizer': 'RMSprop'}. Best is trial 1 with value: 0.6706066815058391.
[I 2023-09-19 01:10:10,909] Trial 2 finished with value: 0.5584164675076803 and parameters: {'n_layers': 2, 'n_units_l0': 7, 'dropout_0': 0.13536894310234165, 'n_units_l1': 7, 'dropout_1': 0.12787834242945526, 'learning_rate': 0.003951885875007701, 'optimizer': 'Adam'}. Best is trial 2 with value: 0.5584164675076803.
[I 2023-09-19 01:10:19,715] Trial 3 finished with value: 0.6003261856238047 and parameters: {'n_layers': 1, 'n_units_l0': 9, 'dropout_0': 0.3610505781872334, 'learning_rate': 0.03999369920794785, 'optimizer': 'SGD'}. Best is trial 2 with value: 0.5584164675076803.
[I 2023-09-19 01:10:28,698] Trial 4 finished with value: 0.6766768503189087 and parameters: {'n_layers': 2, 'n_units_l0': 6, 'dropout_0': 0.25060314350154267, 'n_units_l1': 2, 'dropout_1': 0.15490855818072083, 'learning_rate': 0.08574621599959713, 'optimizer': 'RMSprop'}. Best is trial 2 with value: 0.5584164675076803.
[I 2023-09-19 01:10:37,733] Trial 5 finished with value: 0.54851719836394 and parameters: {'n_layers': 2, 'n_units_l0': 5, 'dropout_0': 0.3243926172619578, 'n_units_l1': 7, 'dropout_1': 0.38706301998667614, 'learning_rate': 0.025860678228499273, 'optimizer': 'Adam'}. Best is trial 5 with value: 0.54851719836394.
[I 2023-09-19 01:10:37,900] Trial 6 pruned.
[I 2023-09-19 01:10:46,802] Trial 7 finished with value: 0.5566573441028595 and parameters: {'n_layers': 2, 'n_units_l0': 2, 'dropout_0': 0.10873319493785143, 'n_units_l1': 7, 'dropout_1': 0.11565625005316356, 'learning_rate': 0.02124292977106593, 'optimizer': 'RMSprop'}. Best is trial 5 with value: 0.54851719836394.
[I 2023-09-19 01:10:47,047] Trial 8 pruned.
[I 2023-09-19 01:10:47,218] Trial 9 pruned.
Selected Catagories are:
['LPS_10.000_DMSO_0.025' 'Flagellin_1.000_DMSO_0.025']
The dimensions of the data are: (32619, 1276)
Number of total missing values across all columns: 65238
Data Subset Is Off
Wells held out for testing: ['E21' 'M22']
Wells to use for training, validation, and testing ['E16' 'E17' 'E20' 'M18' 'M19' 'M23']
Number of in features:  1251
Number of out features:  2
Binary_Classification
cpu
Validation Accuracy: 73.32651391162028
Validation Loss: 0.5406201068560282
Training Accuracy: 72.10682492581603
Training Loss: 0.5234132083356381
completed
