[NbConvertApp] WARNING | Config option `kernel_spec_manager_class` not recognized by `NbConvertApp`.
[NbConvertApp] Converting notebook ../notebooks/Hyperparameter_Optimization_model_binary.ipynb to script
[NbConvertApp] Writing 8579 bytes to Hyperparameter_Optimization_model_binary.py
cell_type: SHSY5Y control_name: Thapsigargin_1.000_DMSO_0.025 treatment_name: LPS_1.000_DMSO_0.025
[I 2023-09-19 01:16:22,685] A new study created in memory with name: no-name-4184c963-76e8-4480-9f72-75f299697ff6
[I 2023-09-19 01:16:31,778] Trial 0 finished with value: 0.3684455953041712 and parameters: {'n_layers': 1, 'n_units_l0': 2, 'dropout_0': 0.10392264205254048, 'learning_rate': 0.0668502703783143, 'optimizer': 'RMSprop'}. Best is trial 0 with value: 0.3684455953041712.
[I 2023-09-19 01:16:40,804] Trial 1 finished with value: 0.5570716542005539 and parameters: {'n_layers': 1, 'n_units_l0': 3, 'dropout_0': 0.14797730679277926, 'learning_rate': 0.004616730239065384, 'optimizer': 'SGD'}. Best is trial 0 with value: 0.3684455953041712.
[I 2023-09-19 01:16:50,128] Trial 2 finished with value: 0.4151658833026886 and parameters: {'n_layers': 3, 'n_units_l0': 4, 'dropout_0': 0.36515251714629904, 'n_units_l1': 7, 'dropout_1': 0.3434010791994431, 'n_units_l2': 7, 'dropout_2': 0.2643806053384079, 'learning_rate': 0.05052597592923922, 'optimizer': 'SGD'}. Best is trial 0 with value: 0.3684455953041712.
[I 2023-09-19 01:16:59,735] Trial 3 finished with value: 0.438164672255516 and parameters: {'n_layers': 3, 'n_units_l0': 6, 'dropout_0': 0.22747178645475308, 'n_units_l1': 5, 'dropout_1': 0.3111395869467609, 'n_units_l2': 9, 'dropout_2': 0.18507813446620797, 'learning_rate': 0.05084156332940115, 'optimizer': 'SGD'}. Best is trial 0 with value: 0.3684455953041712.
[I 2023-09-19 01:17:08,927] Trial 4 finished with value: 0.3714818020661672 and parameters: {'n_layers': 1, 'n_units_l0': 10, 'dropout_0': 0.1729386086104705, 'learning_rate': 0.017312674336673436, 'optimizer': 'RMSprop'}. Best is trial 0 with value: 0.3684455953041712.
[I 2023-09-19 01:17:18,265] Trial 5 finished with value: 0.34558046321074165 and parameters: {'n_layers': 1, 'n_units_l0': 7, 'dropout_0': 0.24190234975901975, 'learning_rate': 0.07683040022615968, 'optimizer': 'Adam'}. Best is trial 5 with value: 0.34558046321074165.
[I 2023-09-19 01:17:18,528] Trial 6 pruned.
[I 2023-09-19 01:17:27,574] Trial 7 finished with value: 0.317908116877079 and parameters: {'n_layers': 1, 'n_units_l0': 10, 'dropout_0': 0.3205420205479521, 'learning_rate': 0.05222922825926771, 'optimizer': 'SGD'}. Best is trial 7 with value: 0.317908116877079.
[I 2023-09-19 01:17:36,520] Trial 8 pruned.
[I 2023-09-19 01:17:36,687] Trial 9 pruned.
Selected Catagories are:
['Thapsigargin_1.000_DMSO_0.025' 'LPS_1.000_DMSO_0.025']
The dimensions of the data are: (30224, 1276)
Number of total missing values across all columns: 60448
Data Subset Is Off
Wells held out for testing: ['D14' 'D20']
Wells to use for training, validation, and testing ['D15' 'D16' 'D17' 'D21' 'K14' 'K15']
Number of in features:  1251
Number of out features:  2
Binary_Classification
cpu
Validation Accuracy: 86.97451669595783
Validation Loss: 0.3138491398096085
Training Accuracy: 87.12905884292073
Training Loss: 0.3012977847849068
completed
