[NbConvertApp] WARNING | Config option `kernel_spec_manager_class` not recognized by `NbConvertApp`.
[NbConvertApp] Converting notebook ../notebooks/Hyperparameter_Optimization_model_binary.ipynb to script
[NbConvertApp] Writing 8579 bytes to Hyperparameter_Optimization_model_binary.py
cell_type: SHSY5Y control_name: LPS_1.000_DMSO_0.025 treatment_name: LPS_Nigericin_1.000_3.0_DMSO_0.025
[I 2023-09-19 00:57:15,195] A new study created in memory with name: no-name-f67bd618-882d-414a-9c6a-35b2312d0177
[I 2023-09-19 00:57:24,541] Trial 0 finished with value: 0.12563521325588226 and parameters: {'n_layers': 1, 'n_units_l0': 5, 'dropout_0': 0.35724019571504495, 'learning_rate': 0.07053762502634647, 'optimizer': 'Adam'}. Best is trial 0 with value: 0.12563521325588226.
[I 2023-09-19 00:57:34,015] Trial 1 finished with value: 0.3108454179763793 and parameters: {'n_layers': 2, 'n_units_l0': 8, 'dropout_0': 0.11935277297717789, 'n_units_l1': 8, 'dropout_1': 0.2353737280874085, 'learning_rate': 0.056490990598116374, 'optimizer': 'RMSprop'}. Best is trial 0 with value: 0.12563521325588226.
[I 2023-09-19 00:57:43,175] Trial 2 finished with value: 0.1335826030373573 and parameters: {'n_layers': 2, 'n_units_l0': 5, 'dropout_0': 0.17819263369095223, 'n_units_l1': 8, 'dropout_1': 0.33380417591852685, 'learning_rate': 0.09753824551056149, 'optimizer': 'SGD'}. Best is trial 0 with value: 0.12563521325588226.
[I 2023-09-19 00:57:52,225] Trial 3 finished with value: 0.20842935745914778 and parameters: {'n_layers': 2, 'n_units_l0': 5, 'dropout_0': 0.13362198516043913, 'n_units_l1': 9, 'dropout_1': 0.17314380051298273, 'learning_rate': 0.022061747987396244, 'optimizer': 'SGD'}. Best is trial 0 with value: 0.12563521325588226.
[I 2023-09-19 00:58:01,333] Trial 4 finished with value: 0.31046881675720217 and parameters: {'n_layers': 1, 'n_units_l0': 5, 'dropout_0': 0.1638723400329548, 'learning_rate': 0.09961881635718818, 'optimizer': 'RMSprop'}. Best is trial 0 with value: 0.12563521325588226.
[I 2023-09-19 00:58:10,400] Trial 5 finished with value: 0.17863408441344902 and parameters: {'n_layers': 1, 'n_units_l0': 4, 'dropout_0': 0.17454865207777503, 'learning_rate': 0.06557859198933826, 'optimizer': 'Adam'}. Best is trial 0 with value: 0.12563521325588226.
[I 2023-09-19 00:58:19,601] Trial 6 finished with value: 0.22073618561029434 and parameters: {'n_layers': 1, 'n_units_l0': 5, 'dropout_0': 0.18868321812360728, 'learning_rate': 0.05817799737886947, 'optimizer': 'RMSprop'}. Best is trial 0 with value: 0.12563521325588226.
[I 2023-09-19 00:58:20,031] Trial 7 pruned.
[I 2023-09-19 00:58:29,054] Trial 8 finished with value: 0.11337193076809246 and parameters: {'n_layers': 2, 'n_units_l0': 4, 'dropout_0': 0.12965900762923377, 'n_units_l1': 7, 'dropout_1': 0.23192558806642255, 'learning_rate': 0.09524568969535839, 'optimizer': 'SGD'}. Best is trial 8 with value: 0.11337193076809246.
[I 2023-09-19 00:58:38,547] Trial 9 finished with value: 0.11076043071846167 and parameters: {'n_layers': 2, 'n_units_l0': 5, 'dropout_0': 0.24372142005968386, 'n_units_l1': 3, 'dropout_1': 0.3376838108467446, 'learning_rate': 0.0758099347974504, 'optimizer': 'Adam'}. Best is trial 9 with value: 0.11076043071846167.
Selected Catagories are:
['LPS_1.000_DMSO_0.025' 'LPS_Nigericin_1.000_3.0_DMSO_0.025']
The dimensions of the data are: (30110, 1276)
Number of total missing values across all columns: 32916
Data Subset Is Off
Wells held out for testing: ['D20' 'L16']
Wells to use for training, validation, and testing ['D16' 'D17' 'D21' 'L17' 'L20' 'L21']
Number of in features:  1251
Number of out features:  2
Binary_Classification
cpu
Validation Accuracy: 95.32403240324032
Validation Loss: 0.21036215881506604
Training Accuracy: 89.7332432888739
Training Loss: 0.2691136464145448
completed
