[NbConvertApp] WARNING | Config option `kernel_spec_manager_class` not recognized by `NbConvertApp`.
[NbConvertApp] Converting notebook ../notebooks/Hyperparameter_Optimization_model_binary.ipynb to script
[NbConvertApp] Writing 8579 bytes to Hyperparameter_Optimization_model_binary.py
cell_type: SHSY5Y control_name: LPS_100.000_DMSO_0.025 treatment_name: LPS_10.000_DMSO_0.025
[I 2023-09-17 20:15:21,699] A new study created in memory with name: no-name-c374aabe-6685-4c74-b9da-f632a6a7b06b
[I 2023-09-17 20:15:30,321] Trial 0 finished with value: 0.35553599685430526 and parameters: {'n_layers': 1, 'n_units_l0': 9, 'dropout_0': 0.1340277328487184, 'learning_rate': 0.0790747799163646, 'optimizer': 'RMSprop'}. Best is trial 0 with value: 0.35553599685430526.
[I 2023-09-17 20:15:39,114] Trial 1 finished with value: 0.1999015400807063 and parameters: {'n_layers': 2, 'n_units_l0': 6, 'dropout_0': 0.39299632606826396, 'n_units_l1': 9, 'dropout_1': 0.37728107662841603, 'learning_rate': 0.06900331647643233, 'optimizer': 'Adam'}. Best is trial 1 with value: 0.1999015400807063.
[I 2023-09-17 20:15:47,515] Trial 2 finished with value: 0.2073611319065094 and parameters: {'n_layers': 1, 'n_units_l0': 9, 'dropout_0': 0.16121158796592058, 'learning_rate': 0.08118060563148971, 'optimizer': 'Adam'}. Best is trial 1 with value: 0.1999015400807063.
[I 2023-09-17 20:15:56,124] Trial 3 finished with value: 0.21209190020958585 and parameters: {'n_layers': 1, 'n_units_l0': 7, 'dropout_0': 0.23795681349754153, 'learning_rate': 0.03205838631121249, 'optimizer': 'RMSprop'}. Best is trial 1 with value: 0.1999015400807063.
[I 2023-09-17 20:16:04,651] Trial 4 finished with value: 0.22903703326980274 and parameters: {'n_layers': 2, 'n_units_l0': 6, 'dropout_0': 0.3424115945105992, 'n_units_l1': 10, 'dropout_1': 0.3027108364105278, 'learning_rate': 0.06535632973846094, 'optimizer': 'SGD'}. Best is trial 1 with value: 0.1999015400807063.
[I 2023-09-17 20:16:04,798] Trial 5 pruned.
[I 2023-09-17 20:16:13,705] Trial 6 finished with value: 0.17963355630636219 and parameters: {'n_layers': 2, 'n_units_l0': 7, 'dropout_0': 0.16272516985841395, 'n_units_l1': 9, 'dropout_1': 0.1271000606346186, 'learning_rate': 0.046693998929830144, 'optimizer': 'Adam'}. Best is trial 6 with value: 0.17963355630636219.
[I 2023-09-17 20:16:13,859] Trial 7 pruned.
[I 2023-09-17 20:16:14,018] Trial 8 pruned.
[I 2023-09-17 20:16:14,167] Trial 9 pruned.
Selected Catagories are:
['LPS_10.000_DMSO_0.025' 'LPS_100.000_DMSO_0.025']
The dimensions of the data are: (32797, 1276)
Number of total missing values across all columns: 65594
Data Subset Is Off
Wells held out for testing: ['E20' 'J16']
Wells to use for training, validation, and testing ['E16' 'E17' 'E21' 'J17' 'J20' 'J21']
Number of in features:  1251
Number of out features:  2
Binary_Classification
cpu
Validation Accuracy: 93.04606604158172
Validation Loss: 0.19226837138334907
Training Accuracy: 94.68746177370029
Training Loss: 0.1351446540430188
completed
