[NbConvertApp] WARNING | Config option `kernel_spec_manager_class` not recognized by `NbConvertApp`.
[NbConvertApp] Converting notebook ../notebooks/Hyperparameter_Optimization_model_binary.ipynb to script
[NbConvertApp] Writing 8579 bytes to Hyperparameter_Optimization_model_binary.py
cell_type: SHSY5Y control_name: LPS_10.000_DMSO_0.025 treatment_name: LPS_1.000_DMSO_0.025
[I 2023-09-17 20:19:35,706] A new study created in memory with name: no-name-c0cf406c-b64d-4dad-ace3-3c30c9eba17d
[I 2023-09-17 20:19:43,999] Trial 0 finished with value: 0.6807116595904033 and parameters: {'n_layers': 1, 'n_units_l0': 7, 'dropout_0': 0.26798361252530845, 'learning_rate': 0.03690697192719879, 'optimizer': 'SGD'}. Best is trial 0 with value: 0.6807116595904033.
[I 2023-09-17 20:19:52,675] Trial 1 finished with value: 0.6890488135814665 and parameters: {'n_layers': 3, 'n_units_l0': 3, 'dropout_0': 0.3738689229983404, 'n_units_l1': 8, 'dropout_1': 0.21116537723757367, 'n_units_l2': 7, 'dropout_2': 0.35786821274954606, 'learning_rate': 0.09443171829357162, 'optimizer': 'SGD'}. Best is trial 0 with value: 0.6807116595904033.
[I 2023-09-17 20:20:01,095] Trial 2 finished with value: 0.693882315158844 and parameters: {'n_layers': 2, 'n_units_l0': 5, 'dropout_0': 0.12909294366175003, 'n_units_l1': 10, 'dropout_1': 0.38504544168589605, 'learning_rate': 0.08162875124061882, 'optimizer': 'Adam'}. Best is trial 0 with value: 0.6807116595904033.
[I 2023-09-17 20:20:09,450] Trial 3 finished with value: 0.6730441526571909 and parameters: {'n_layers': 2, 'n_units_l0': 9, 'dropout_0': 0.21773095298402664, 'n_units_l1': 2, 'dropout_1': 0.13716623340474102, 'learning_rate': 0.0046768839464501714, 'optimizer': 'RMSprop'}. Best is trial 3 with value: 0.6730441526571909.
[I 2023-09-17 20:20:17,707] Trial 4 finished with value: 1.0285849996407825 and parameters: {'n_layers': 1, 'n_units_l0': 7, 'dropout_0': 0.23234053837924198, 'learning_rate': 0.09160327551778762, 'optimizer': 'RMSprop'}. Best is trial 3 with value: 0.6730441526571909.
[I 2023-09-17 20:20:18,948] Trial 5 pruned.
[I 2023-09-17 20:20:19,094] Trial 6 pruned.
[I 2023-09-17 20:20:19,245] Trial 7 pruned.
[I 2023-09-17 20:20:19,391] Trial 8 pruned.
[I 2023-09-17 20:20:27,585] Trial 9 finished with value: 0.6732219882806143 and parameters: {'n_layers': 2, 'n_units_l0': 5, 'dropout_0': 0.22959603816552665, 'n_units_l1': 8, 'dropout_1': 0.12764383175343313, 'learning_rate': 0.0876934473684132, 'optimizer': 'SGD'}. Best is trial 3 with value: 0.6730441526571909.
Selected Catagories are:
['LPS_1.000_DMSO_0.025' 'LPS_10.000_DMSO_0.025']
The dimensions of the data are: (33268, 1276)
Number of total missing values across all columns: 66536
Data Subset Is Off
Wells held out for testing: ['D20' 'E21']
Wells to use for training, validation, and testing ['D16' 'E16' 'D17' 'E17' 'E20' 'D21']
Number of in features:  1251
Number of out features:  2
Binary_Classification
cpu
Validation Accuracy: 60.75220529270249
Validation Loss: 0.671434728304545
Training Accuracy: 65.18120738066587
Training Loss: 0.6031143191456795
completed
