[NbConvertApp] WARNING | Config option `kernel_spec_manager_class` not recognized by `NbConvertApp`.
[NbConvertApp] Converting notebook ../notebooks/Hyperparameter_Optimization_model_binary.ipynb to script
[NbConvertApp] Writing 8579 bytes to Hyperparameter_Optimization_model_binary.py
cell_type: SHSY5Y control_name: LPS_Nigericin_1.000_3.0_DMSO_0.025 treatment_name: Flagellin_0.100_DMSO_0.025
[I 2023-09-19 00:19:45,500] A new study created in memory with name: no-name-da0f1705-e3d3-4db7-bb38-020b3fb72dd8
[I 2023-09-19 00:19:52,748] Trial 0 finished with value: 0.26539175296823186 and parameters: {'n_layers': 1, 'n_units_l0': 6, 'dropout_0': 0.3571532190579466, 'learning_rate': 0.06750167078423791, 'optimizer': 'RMSprop'}. Best is trial 0 with value: 0.26539175296823186.
[I 2023-09-19 00:20:00,267] Trial 1 finished with value: 0.12222155526280404 and parameters: {'n_layers': 3, 'n_units_l0': 6, 'dropout_0': 0.1093236313860206, 'n_units_l1': 5, 'dropout_1': 0.12867970886564972, 'n_units_l2': 9, 'dropout_2': 0.26510311655234153, 'learning_rate': 0.06550852882305996, 'optimizer': 'Adam'}. Best is trial 1 with value: 0.12222155526280404.
[I 2023-09-19 00:20:07,446] Trial 2 finished with value: 0.279296852350235 and parameters: {'n_layers': 1, 'n_units_l0': 3, 'dropout_0': 0.15084318671135374, 'learning_rate': 0.01658126489457052, 'optimizer': 'Adam'}. Best is trial 1 with value: 0.12222155526280404.
[I 2023-09-19 00:20:14,517] Trial 3 finished with value: 0.1629373813668887 and parameters: {'n_layers': 1, 'n_units_l0': 2, 'dropout_0': 0.21105752354816418, 'learning_rate': 0.06117305147504631, 'optimizer': 'Adam'}. Best is trial 1 with value: 0.12222155526280404.
[I 2023-09-19 00:20:21,870] Trial 4 finished with value: 0.4568926504254342 and parameters: {'n_layers': 2, 'n_units_l0': 6, 'dropout_0': 0.2288530040336384, 'n_units_l1': 10, 'dropout_1': 0.11901843314315055, 'learning_rate': 0.09818736856458658, 'optimizer': 'RMSprop'}. Best is trial 1 with value: 0.12222155526280404.
[I 2023-09-19 00:20:22,000] Trial 5 pruned.
[I 2023-09-19 00:20:29,500] Trial 6 finished with value: 0.21841158529122673 and parameters: {'n_layers': 3, 'n_units_l0': 5, 'dropout_0': 0.24970955735233663, 'n_units_l1': 3, 'dropout_1': 0.19122229592186782, 'n_units_l2': 3, 'dropout_2': 0.32394781820386026, 'learning_rate': 0.08939182574830926, 'optimizer': 'Adam'}. Best is trial 1 with value: 0.12222155526280404.
[I 2023-09-19 00:20:36,672] Trial 7 finished with value: 0.14001433851818243 and parameters: {'n_layers': 1, 'n_units_l0': 3, 'dropout_0': 0.10793903059266113, 'learning_rate': 0.08715567893097159, 'optimizer': 'Adam'}. Best is trial 1 with value: 0.12222155526280404.
[I 2023-09-19 00:20:36,795] Trial 8 pruned.
[I 2023-09-19 00:20:36,924] Trial 9 pruned.
Selected Catagories are:
['LPS_Nigericin_1.000_3.0_DMSO_0.025' 'Flagellin_0.100_DMSO_0.025']
The dimensions of the data are: (28580, 1276)
Number of total missing values across all columns: 29856
Data Subset Is Off
Wells held out for testing: ['L16' 'L22']
Wells to use for training, validation, and testing ['L17' 'L18' 'L19' 'L20' 'L21' 'L23']
Number of in features:  1251
Number of out features:  2
Binary_Classification
cpu
Validation Accuracy: 96.15540540540538
Validation Loss: 0.13525611586868766
Training Accuracy: 95.25609461742697
Training Loss: 0.11775099377421769
completed
