[NbConvertApp] WARNING | Config option `kernel_spec_manager_class` not recognized by `NbConvertApp`.
[NbConvertApp] Converting notebook ../notebooks/Hyperparameter_Optimization_model_binary.ipynb to script
[NbConvertApp] Writing 8579 bytes to Hyperparameter_Optimization_model_binary.py
cell_type: SHSY5Y control_name: LPS_Nigericin_1.000_10.0_DMSO_0.025 treatment_name: H2O2_100.000_DMSO_0.025
[I 2023-09-19 01:34:20,108] A new study created in memory with name: no-name-864977c9-dd59-4ab1-90cb-b414bf8ddbdb
[I 2023-09-19 01:34:33,301] Trial 0 finished with value: 0.6288181784749031 and parameters: {'n_layers': 3, 'n_units_l0': 10, 'dropout_0': 0.3742029765645605, 'n_units_l1': 4, 'dropout_1': 0.21691172631463268, 'n_units_l2': 5, 'dropout_2': 0.21156039473863028, 'learning_rate': 0.09755260478589321, 'optimizer': 'Adam'}. Best is trial 0 with value: 0.6288181784749031.
[I 2023-09-19 01:34:45,557] Trial 1 finished with value: 0.10435873329639435 and parameters: {'n_layers': 1, 'n_units_l0': 10, 'dropout_0': 0.28550604792381085, 'learning_rate': 0.00708705041183807, 'optimizer': 'Adam'}. Best is trial 1 with value: 0.10435873329639435.
[I 2023-09-19 01:34:57,865] Trial 2 finished with value: 0.2577812431007624 and parameters: {'n_layers': 2, 'n_units_l0': 4, 'dropout_0': 0.33927253781466693, 'n_units_l1': 3, 'dropout_1': 0.26491077871878455, 'learning_rate': 0.012406741014030087, 'optimizer': 'RMSprop'}. Best is trial 1 with value: 0.10435873329639435.
[I 2023-09-19 01:35:10,412] Trial 3 finished with value: 0.26881925471127033 and parameters: {'n_layers': 3, 'n_units_l0': 4, 'dropout_0': 0.35153173288032147, 'n_units_l1': 2, 'dropout_1': 0.18132487496402366, 'n_units_l2': 7, 'dropout_2': 0.16284512022037884, 'learning_rate': 0.04650634747895238, 'optimizer': 'RMSprop'}. Best is trial 1 with value: 0.10435873329639435.
[I 2023-09-19 01:35:23,289] Trial 4 finished with value: 0.11901357192546129 and parameters: {'n_layers': 3, 'n_units_l0': 6, 'dropout_0': 0.22057681598765744, 'n_units_l1': 9, 'dropout_1': 0.17697290269972632, 'n_units_l2': 10, 'dropout_2': 0.34701670014556263, 'learning_rate': 0.04398328949014647, 'optimizer': 'Adam'}. Best is trial 1 with value: 0.10435873329639435.
[I 2023-09-19 01:35:35,292] Trial 5 finished with value: 0.10368084214627743 and parameters: {'n_layers': 1, 'n_units_l0': 9, 'dropout_0': 0.1662753996313155, 'learning_rate': 0.0902542535373366, 'optimizer': 'SGD'}. Best is trial 5 with value: 0.10368084214627743.
[I 2023-09-19 01:35:35,522] Trial 6 pruned.
[I 2023-09-19 01:35:35,747] Trial 7 pruned.
[I 2023-09-19 01:35:35,974] Trial 8 pruned.
[I 2023-09-19 01:35:43,232] Trial 9 pruned.
Selected Catagories are:
['H2O2_100.000_DMSO_0.025' 'LPS_Nigericin_1.000_10.0_DMSO_0.025']
The dimensions of the data are: (41302, 1276)
Number of total missing values across all columns: 53800
Data Subset Is Off
Wells held out for testing: ['H22' 'M16']
Wells to use for training, validation, and testing ['H18' 'H19' 'H23' 'M17' 'I18' 'I19' 'M20' 'M21' 'I22' 'I23']
Number of in features:  1251
Number of out features:  2
Binary_Classification
cpu
Validation Accuracy: 96.49534114818154
Validation Loss: 0.10313384855166077
Training Accuracy: 96.04314167606162
Training Loss: 0.1033549530900739
completed
