[NbConvertApp] WARNING | Config option `kernel_spec_manager_class` not recognized by `NbConvertApp`.
[NbConvertApp] Converting notebook ../notebooks/Hyperparameter_Optimization_model_binary.ipynb to script
[NbConvertApp] Writing 8579 bytes to Hyperparameter_Optimization_model_binary.py
cell_type: SHSY5Y control_name: LPS_Nigericin_1.000_1.0_DMSO_0.025 treatment_name: LPS_Nigericin_1.000_3.0_DMSO_0.025
[I 2023-09-17 19:57:47,873] A new study created in memory with name: no-name-d88b9575-e213-45ff-a66a-801dfb95519e
[I 2023-09-17 19:57:57,523] Trial 0 finished with value: 0.40362017055352534 and parameters: {'n_layers': 3, 'n_units_l0': 2, 'dropout_0': 0.3609965862655292, 'n_units_l1': 9, 'dropout_1': 0.10676381246320506, 'n_units_l2': 6, 'dropout_2': 0.2839546705575843, 'learning_rate': 0.06819235228169504, 'optimizer': 'Adam'}. Best is trial 0 with value: 0.40362017055352534.
[I 2023-09-17 19:58:06,662] Trial 1 finished with value: 0.5796252346038817 and parameters: {'n_layers': 3, 'n_units_l0': 10, 'dropout_0': 0.2015379877293414, 'n_units_l1': 2, 'dropout_1': 0.26826852495109343, 'n_units_l2': 10, 'dropout_2': 0.3942714317146503, 'learning_rate': 0.01439323936667568, 'optimizer': 'SGD'}. Best is trial 0 with value: 0.40362017055352534.
[I 2023-09-17 19:58:15,759] Trial 2 finished with value: 0.5527619459231695 and parameters: {'n_layers': 3, 'n_units_l0': 9, 'dropout_0': 0.2194214633473947, 'n_units_l1': 5, 'dropout_1': 0.1093236727360199, 'n_units_l2': 6, 'dropout_2': 0.3067111460709254, 'learning_rate': 0.08657371899686589, 'optimizer': 'RMSprop'}. Best is trial 0 with value: 0.40362017055352534.
[I 2023-09-17 19:58:24,777] Trial 3 finished with value: 0.29384490052858986 and parameters: {'n_layers': 3, 'n_units_l0': 4, 'dropout_0': 0.12066989674461559, 'n_units_l1': 8, 'dropout_1': 0.37191733911802594, 'n_units_l2': 3, 'dropout_2': 0.3842978601654641, 'learning_rate': 0.08876262500983464, 'optimizer': 'SGD'}. Best is trial 3 with value: 0.29384490052858986.
[I 2023-09-17 19:58:33,889] Trial 4 finished with value: 0.20499812121192615 and parameters: {'n_layers': 2, 'n_units_l0': 8, 'dropout_0': 0.13975409990008222, 'n_units_l1': 5, 'dropout_1': 0.22815979778515938, 'learning_rate': 0.09438416162761988, 'optimizer': 'Adam'}. Best is trial 4 with value: 0.20499812121192615.
[I 2023-09-17 19:58:34,060] Trial 5 pruned.
[I 2023-09-17 19:58:43,173] Trial 6 finished with value: 0.2818968942761421 and parameters: {'n_layers': 2, 'n_units_l0': 7, 'dropout_0': 0.3085752032292393, 'n_units_l1': 2, 'dropout_1': 0.18818388857167268, 'learning_rate': 0.09267152987438404, 'optimizer': 'Adam'}. Best is trial 4 with value: 0.20499812121192615.
[I 2023-09-17 19:58:52,399] Trial 7 finished with value: 0.20736511518557868 and parameters: {'n_layers': 2, 'n_units_l0': 8, 'dropout_0': 0.1202394127190081, 'n_units_l1': 4, 'dropout_1': 0.36531656175328864, 'learning_rate': 0.039468323657976714, 'optimizer': 'Adam'}. Best is trial 4 with value: 0.20499812121192615.
[I 2023-09-17 19:59:01,417] Trial 8 finished with value: 0.2316047416627407 and parameters: {'n_layers': 1, 'n_units_l0': 10, 'dropout_0': 0.2545030308314139, 'learning_rate': 0.08124271704336211, 'optimizer': 'Adam'}. Best is trial 4 with value: 0.20499812121192615.
[I 2023-09-17 19:59:01,578] Trial 9 pruned.
Selected Catagories are:
['LPS_Nigericin_1.000_1.0_DMSO_0.025' 'LPS_Nigericin_1.000_3.0_DMSO_0.025']
The dimensions of the data are: (29870, 1276)
Number of total missing values across all columns: 0
Data Subset Is Off
Wells held out for testing: ['L16' 'K20']
Wells to use for training, validation, and testing ['K16' 'K17' 'L17' 'L20' 'K21' 'L21']
Number of in features:  1251
Number of out features:  2
Binary_Classification
cpu
Validation Accuracy: 90.30067720090294
Validation Loss: 0.2857563848296801
Training Accuracy: 90.15907423087779
Training Loss: 0.23244704542888533
completed
