[NbConvertApp] WARNING | Config option `kernel_spec_manager_class` not recognized by `NbConvertApp`.
[NbConvertApp] Converting notebook ../notebooks/Hyperparameter_Optimization_model_binary.ipynb to script
[NbConvertApp] Writing 8579 bytes to Hyperparameter_Optimization_model_binary.py
cell_type: PBMC control_name: H2O2_100.000_DMSO_0.025 treatment_name: LPS_0.100_DMSO_0.025
[I 2023-09-17 20:27:01,839] A new study created in memory with name: no-name-dcc3fdce-576e-4ba0-b45f-413299302209
[I 2023-09-17 20:28:56,220] Trial 0 finished with value: 0.3113010152708739 and parameters: {'n_layers': 1, 'n_units_l0': 6, 'dropout_0': 0.18072838690882778, 'learning_rate': 0.02092826825210591, 'optimizer': 'Adam'}. Best is trial 0 with value: 0.3113010152708739.
[I 2023-09-17 20:30:55,374] Trial 1 finished with value: 0.6277772229537368 and parameters: {'n_layers': 3, 'n_units_l0': 9, 'dropout_0': 0.20463458456673497, 'n_units_l1': 3, 'dropout_1': 0.2163604291206835, 'n_units_l2': 10, 'dropout_2': 0.34364981118913573, 'learning_rate': 0.057067561745667544, 'optimizer': 'RMSprop'}. Best is trial 0 with value: 0.3113010152708739.
[I 2023-09-17 20:32:52,681] Trial 2 finished with value: 0.42486212180927396 and parameters: {'n_layers': 3, 'n_units_l0': 8, 'dropout_0': 0.13998213815245336, 'n_units_l1': 3, 'dropout_1': 0.3477373988416505, 'n_units_l2': 9, 'dropout_2': 0.39977094990718254, 'learning_rate': 0.022691679297476144, 'optimizer': 'SGD'}. Best is trial 0 with value: 0.3113010152708739.
[I 2023-09-17 20:34:46,106] Trial 3 finished with value: 0.511530227176845 and parameters: {'n_layers': 1, 'n_units_l0': 7, 'dropout_0': 0.22290935623993846, 'learning_rate': 0.07311856951136338, 'optimizer': 'RMSprop'}. Best is trial 0 with value: 0.3113010152708739.
[I 2023-09-17 20:36:45,175] Trial 4 finished with value: 0.4206359761953354 and parameters: {'n_layers': 3, 'n_units_l0': 5, 'dropout_0': 0.14725580030158827, 'n_units_l1': 10, 'dropout_1': 0.2985743782912974, 'n_units_l2': 8, 'dropout_2': 0.16354109955202895, 'learning_rate': 0.05252369958742416, 'optimizer': 'Adam'}. Best is trial 0 with value: 0.3113010152708739.
[I 2023-09-17 20:36:47,329] Trial 5 pruned.
[I 2023-09-17 20:36:49,709] Trial 6 pruned.
[I 2023-09-17 20:36:52,073] Trial 7 pruned.
[I 2023-09-17 20:38:45,943] Trial 8 finished with value: 0.3448058062978089 and parameters: {'n_layers': 2, 'n_units_l0': 5, 'dropout_0': 0.18956338988255034, 'n_units_l1': 8, 'dropout_1': 0.30487911260450873, 'learning_rate': 0.005085719087052814, 'optimizer': 'RMSprop'}. Best is trial 0 with value: 0.3113010152708739.
[I 2023-09-17 20:40:36,128] Trial 9 finished with value: 0.3442297168821096 and parameters: {'n_layers': 1, 'n_units_l0': 5, 'dropout_0': 0.23158436189737644, 'learning_rate': 0.08041588731149679, 'optimizer': 'SGD'}. Best is trial 0 with value: 0.3113010152708739.
Selected Catagories are:
['LPS_0.100_DMSO_0.025' 'H2O2_100.000_DMSO_0.025']
The dimensions of the data are: (379133, 1270)
Number of total missing values across all columns: 758266
Data Subset Is Off
Wells held out for testing: ['C09' 'I10']
Wells to use for training, validation, and testing ['C02' 'C03' 'C08' 'H04' 'I04' 'H05' 'I05' 'H10' 'H11' 'I11']
Number of in features:  1245
Number of out features:  2
Binary_Classification
cpu
Validation Accuracy: 86.37904981431683
Validation Loss: 0.31174170665442946
Training Accuracy: 84.21733110298297
Training Loss: 0.33626825447797787
completed
