[NbConvertApp] WARNING | Config option `kernel_spec_manager_class` not recognized by `NbConvertApp`.
[NbConvertApp] Converting notebook ../notebooks/Hyperparameter_Optimization_model_binary.ipynb to script
[NbConvertApp] Writing 8579 bytes to Hyperparameter_Optimization_model_binary.py
cell_type: PBMC control_name: Flagellin_0.100_DMSO_0.025 treatment_name: LPS_0.100_DMSO_0.025
[I 2023-09-17 20:22:37,069] A new study created in memory with name: no-name-f36c46d8-3c52-449f-a5fc-9ce77bb696c7
[I 2023-09-17 20:23:37,226] Trial 0 finished with value: 0.4699870328692829 and parameters: {'n_layers': 1, 'n_units_l0': 9, 'dropout_0': 0.3369610682769921, 'learning_rate': 0.03164884098316035, 'optimizer': 'SGD'}. Best is trial 0 with value: 0.4699870328692829.
[I 2023-09-17 20:24:41,136] Trial 1 finished with value: 0.6671556301677927 and parameters: {'n_layers': 3, 'n_units_l0': 10, 'dropout_0': 0.29285480066829234, 'n_units_l1': 3, 'dropout_1': 0.3565662956584025, 'n_units_l2': 10, 'dropout_2': 0.24330620401475497, 'learning_rate': 0.03533972774264524, 'optimizer': 'RMSprop'}. Best is trial 0 with value: 0.4699870328692829.
[I 2023-09-17 20:25:41,458] Trial 2 finished with value: 0.47534271997563976 and parameters: {'n_layers': 1, 'n_units_l0': 3, 'dropout_0': 0.19679188041333118, 'learning_rate': 0.09380310465562375, 'optimizer': 'Adam'}. Best is trial 0 with value: 0.4699870328692829.
[I 2023-09-17 20:26:40,739] Trial 3 finished with value: 0.49921911769053506 and parameters: {'n_layers': 1, 'n_units_l0': 3, 'dropout_0': 0.39342380612638606, 'learning_rate': 0.09250123576448428, 'optimizer': 'SGD'}. Best is trial 0 with value: 0.4699870328692829.
[I 2023-09-17 20:27:43,006] Trial 4 finished with value: 0.49820037456119765 and parameters: {'n_layers': 3, 'n_units_l0': 6, 'dropout_0': 0.36243282936952714, 'n_units_l1': 6, 'dropout_1': 0.2345057763459816, 'n_units_l2': 7, 'dropout_2': 0.33633692734106224, 'learning_rate': 0.06502421504775509, 'optimizer': 'SGD'}. Best is trial 0 with value: 0.4699870328692829.
[I 2023-09-17 20:27:44,279] Trial 5 pruned.
[I 2023-09-17 20:27:56,193] Trial 6 pruned.
[I 2023-09-17 20:27:57,475] Trial 7 pruned.
[I 2023-09-17 20:28:57,175] Trial 8 finished with value: 0.44074374069185823 and parameters: {'n_layers': 1, 'n_units_l0': 8, 'dropout_0': 0.37774635702586623, 'learning_rate': 0.09325528422608205, 'optimizer': 'SGD'}. Best is trial 8 with value: 0.44074374069185823.
[I 2023-09-17 20:28:58,390] Trial 9 pruned.
Selected Catagories are:
['LPS_0.100_DMSO_0.025' 'Flagellin_0.100_DMSO_0.025']
The dimensions of the data are: (234512, 1270)
Number of total missing values across all columns: 469024
Data Subset Is Off
Wells held out for testing: ['C09' 'L10']
Wells to use for training, validation, and testing ['C02' 'C03' 'C08' 'L05' 'L11']
Number of in features:  1245
Number of out features:  2
Binary_Classification
cpu
Validation Accuracy: 79.3557268722467
Validation Loss: 0.44261317656320687
Training Accuracy: 76.00692946629343
Training Loss: 0.4756837742565242
completed
