[NbConvertApp] WARNING | Config option `kernel_spec_manager_class` not recognized by `NbConvertApp`.
[NbConvertApp] Converting notebook ../notebooks/Hyperparameter_Optimization_model_binary.ipynb to script
[NbConvertApp] Writing 8579 bytes to Hyperparameter_Optimization_model_binary.py
cell_type: PBMC control_name: Flagellin_0.100_DMSO_0.025 treatment_name: Thapsigargin_10.000_DMSO_0.025
[I 2023-09-19 01:26:56,575] A new study created in memory with name: no-name-d3eb0f15-2fa6-47f0-958a-863f1227f589
[I 2023-09-19 01:28:14,216] Trial 0 finished with value: 0.5549598606009233 and parameters: {'n_layers': 2, 'n_units_l0': 3, 'dropout_0': 0.16008578385619332, 'n_units_l1': 8, 'dropout_1': 0.11858800342376766, 'learning_rate': 0.09926033525265984, 'optimizer': 'RMSprop'}. Best is trial 0 with value: 0.5549598606009233.
[I 2023-09-19 01:29:32,662] Trial 1 finished with value: 0.33658052740912686 and parameters: {'n_layers': 3, 'n_units_l0': 5, 'dropout_0': 0.20195601151049997, 'n_units_l1': 7, 'dropout_1': 0.34179194305801763, 'n_units_l2': 4, 'dropout_2': 0.35600359585245633, 'learning_rate': 0.08599706009896586, 'optimizer': 'SGD'}. Best is trial 1 with value: 0.33658052740912686.
[I 2023-09-19 01:30:50,288] Trial 2 finished with value: 0.2306084898271059 and parameters: {'n_layers': 2, 'n_units_l0': 10, 'dropout_0': 0.3410280391158779, 'n_units_l1': 8, 'dropout_1': 0.37620463562166717, 'learning_rate': 0.09557357357352388, 'optimizer': 'SGD'}. Best is trial 2 with value: 0.2306084898271059.
[I 2023-09-19 01:32:06,261] Trial 3 finished with value: 0.22605625709420754 and parameters: {'n_layers': 1, 'n_units_l0': 9, 'dropout_0': 0.39782628145879917, 'learning_rate': 0.08884995937441248, 'optimizer': 'SGD'}. Best is trial 3 with value: 0.22605625709420754.
[I 2023-09-19 01:33:25,254] Trial 4 finished with value: 0.3339556018929732 and parameters: {'n_layers': 3, 'n_units_l0': 9, 'dropout_0': 0.20854666457404422, 'n_units_l1': 4, 'dropout_1': 0.2945321281349021, 'n_units_l2': 4, 'dropout_2': 0.12664684121936925, 'learning_rate': 0.026729282118885134, 'optimizer': 'SGD'}. Best is trial 3 with value: 0.22605625709420754.
[I 2023-09-19 01:33:28,423] Trial 5 pruned.
[I 2023-09-19 01:33:29,866] Trial 6 pruned.
[I 2023-09-19 01:34:47,367] Trial 7 finished with value: 0.3148132118582725 and parameters: {'n_layers': 2, 'n_units_l0': 4, 'dropout_0': 0.16353042285490457, 'n_units_l1': 6, 'dropout_1': 0.23239623082427543, 'learning_rate': 0.005166856076441873, 'optimizer': 'RMSprop'}. Best is trial 3 with value: 0.22605625709420754.
[I 2023-09-19 01:36:06,325] Trial 8 finished with value: 0.23987128463230636 and parameters: {'n_layers': 3, 'n_units_l0': 9, 'dropout_0': 0.15550763813705676, 'n_units_l1': 3, 'dropout_1': 0.33664506084813106, 'n_units_l2': 5, 'dropout_2': 0.2661731057039036, 'learning_rate': 0.0937562268125123, 'optimizer': 'SGD'}. Best is trial 3 with value: 0.22605625709420754.
[I 2023-09-19 01:37:23,191] Trial 9 finished with value: 0.2791162245524557 and parameters: {'n_layers': 1, 'n_units_l0': 5, 'dropout_0': 0.3543139608299688, 'learning_rate': 0.08205761539912404, 'optimizer': 'Adam'}. Best is trial 3 with value: 0.22605625709420754.
Selected Catagories are:
['Thapsigargin_10.000_DMSO_0.025' 'Flagellin_0.100_DMSO_0.025']
The dimensions of the data are: (262899, 1270)
Number of total missing values across all columns: 525798
Data Subset Is Off
Wells held out for testing: ['L06' 'L10']
Wells to use for training, validation, and testing ['E06' 'E07' 'L05' 'L07' 'L11']
Number of in features:  1245
Number of out features:  2
Binary_Classification
cpu
Validation Accuracy: 90.74813614262561
Validation Loss: 0.2342368010627596
Training Accuracy: 85.75857155398882
Training Loss: 0.29252252589036154
completed
