[NbConvertApp] WARNING | Config option `kernel_spec_manager_class` not recognized by `NbConvertApp`.
[NbConvertApp] Converting notebook ../notebooks/Hyperparameter_Optimization_model_binary.ipynb to script
[NbConvertApp] Writing 8579 bytes to Hyperparameter_Optimization_model_binary.py
cell_type: SHSY5Y control_name: LPS_Nigericin_1.000_3.0_DMSO_0.025 treatment_name: LPS_0.010_DMSO_0.025
[I 2023-09-19 01:21:49,525] A new study created in memory with name: no-name-84fa7a6c-f9ec-4a76-b15e-ce3d4413b6ba
[I 2023-09-19 01:21:58,063] Trial 0 finished with value: 0.13597325382133324 and parameters: {'n_layers': 3, 'n_units_l0': 8, 'dropout_0': 0.22456450430393932, 'n_units_l1': 8, 'dropout_1': 0.3631308075656855, 'n_units_l2': 6, 'dropout_2': 0.2334415914281567, 'learning_rate': 0.05351781274505994, 'optimizer': 'Adam'}. Best is trial 0 with value: 0.13597325382133324.
[I 2023-09-19 01:22:05,652] Trial 1 finished with value: 0.18042199671268463 and parameters: {'n_layers': 1, 'n_units_l0': 2, 'dropout_0': 0.37098125102232715, 'learning_rate': 0.0911581640496167, 'optimizer': 'SGD'}. Best is trial 0 with value: 0.13597325382133324.
[I 2023-09-19 01:22:13,541] Trial 2 finished with value: 0.1376857068638007 and parameters: {'n_layers': 1, 'n_units_l0': 7, 'dropout_0': 0.23230937564976592, 'learning_rate': 0.024812904119641835, 'optimizer': 'RMSprop'}. Best is trial 0 with value: 0.13597325382133324.
[I 2023-09-19 01:22:21,333] Trial 3 finished with value: 0.15606085871656733 and parameters: {'n_layers': 1, 'n_units_l0': 6, 'dropout_0': 0.2178418695935089, 'learning_rate': 0.09572504638099268, 'optimizer': 'Adam'}. Best is trial 0 with value: 0.13597325382133324.
[I 2023-09-19 01:22:29,621] Trial 4 finished with value: 0.3044761602083842 and parameters: {'n_layers': 3, 'n_units_l0': 2, 'dropout_0': 0.36314873719264285, 'n_units_l1': 2, 'dropout_1': 0.29845388319013283, 'n_units_l2': 9, 'dropout_2': 0.3233986914586723, 'learning_rate': 0.0544439842403835, 'optimizer': 'Adam'}. Best is trial 0 with value: 0.13597325382133324.
[I 2023-09-19 01:22:29,764] Trial 5 pruned.
[I 2023-09-19 01:22:29,902] Trial 6 pruned.
[I 2023-09-19 01:22:30,136] Trial 7 pruned.
[I 2023-09-19 01:22:30,280] Trial 8 pruned.
[I 2023-09-19 01:22:30,426] Trial 9 pruned.
Selected Catagories are:
['LPS_0.010_DMSO_0.025' 'LPS_Nigericin_1.000_3.0_DMSO_0.025']
The dimensions of the data are: (29511, 1276)
Number of total missing values across all columns: 31718
Data Subset Is Off
Wells held out for testing: ['B20' 'L16']
Wells to use for training, validation, and testing ['B16' 'B17' 'B21' 'L17' 'L20' 'L21']
Number of in features:  1251
Number of out features:  2
Binary_Classification
cpu
Validation Accuracy: 96.14596554850407
Validation Loss: 0.12934851820270218
Training Accuracy: 93.8053949903661
Training Loss: 0.13136027353505295
completed
