[NbConvertApp] WARNING | Config option `kernel_spec_manager_class` not recognized by `NbConvertApp`.
[NbConvertApp] Converting notebook ../notebooks/Hyperparameter_Optimization_model_binary.ipynb to script
[NbConvertApp] Writing 8579 bytes to Hyperparameter_Optimization_model_binary.py
cell_type: SHSY5Y control_name: LPS_100.000_DMSO_0.025 treatment_name: DMSO_0.100_DMSO_0.025
[I 2023-09-18 23:47:26,901] A new study created in memory with name: no-name-0abb51c7-b037-4836-a190-1a5f5848df33
[I 2023-09-18 23:47:44,707] Trial 0 finished with value: 0.15328507485985757 and parameters: {'n_layers': 2, 'n_units_l0': 10, 'dropout_0': 0.3127100530633423, 'n_units_l1': 4, 'dropout_1': 0.10996395015588234, 'learning_rate': 0.0961273084324662, 'optimizer': 'SGD'}. Best is trial 0 with value: 0.15328507485985757.
[I 2023-09-18 23:48:02,431] Trial 1 finished with value: 0.18903257769346238 and parameters: {'n_layers': 3, 'n_units_l0': 9, 'dropout_0': 0.3221343660540704, 'n_units_l1': 10, 'dropout_1': 0.3961490789059635, 'n_units_l2': 4, 'dropout_2': 0.3180302603562078, 'learning_rate': 0.07790353116703329, 'optimizer': 'SGD'}. Best is trial 0 with value: 0.15328507485985757.
[I 2023-09-18 23:48:20,617] Trial 2 finished with value: 0.17756282365322115 and parameters: {'n_layers': 2, 'n_units_l0': 7, 'dropout_0': 0.20744317143765797, 'n_units_l1': 4, 'dropout_1': 0.19617625233161776, 'learning_rate': 0.048577184520242504, 'optimizer': 'Adam'}. Best is trial 0 with value: 0.15328507485985757.
[I 2023-09-18 23:48:38,520] Trial 3 finished with value: 0.3258838589787484 and parameters: {'n_layers': 2, 'n_units_l0': 4, 'dropout_0': 0.3840204729445914, 'n_units_l1': 10, 'dropout_1': 0.10580128513773474, 'learning_rate': 0.09672354123487845, 'optimizer': 'Adam'}. Best is trial 0 with value: 0.15328507485985757.
[I 2023-09-18 23:48:56,475] Trial 4 finished with value: 0.18499209448695184 and parameters: {'n_layers': 2, 'n_units_l0': 4, 'dropout_0': 0.17930024775963066, 'n_units_l1': 5, 'dropout_1': 0.23768838660045666, 'learning_rate': 0.06917705672267847, 'optimizer': 'Adam'}. Best is trial 0 with value: 0.15328507485985757.
[I 2023-09-18 23:49:14,642] Trial 5 finished with value: 0.17317443114519118 and parameters: {'n_layers': 3, 'n_units_l0': 6, 'dropout_0': 0.24969047630347563, 'n_units_l1': 10, 'dropout_1': 0.2902330480641606, 'n_units_l2': 5, 'dropout_2': 0.2714901086992756, 'learning_rate': 0.050738964541588175, 'optimizer': 'Adam'}. Best is trial 0 with value: 0.15328507485985757.
[I 2023-09-18 23:49:32,538] Trial 6 finished with value: 0.17718352347612384 and parameters: {'n_layers': 2, 'n_units_l0': 8, 'dropout_0': 0.21594979147605176, 'n_units_l1': 8, 'dropout_1': 0.20493199649925817, 'learning_rate': 0.0438231428660926, 'optimizer': 'Adam'}. Best is trial 0 with value: 0.15328507485985757.
[I 2023-09-18 23:49:32,867] Trial 7 pruned.
[I 2023-09-18 23:49:33,192] Trial 8 pruned.
[I 2023-09-18 23:49:33,615] Trial 9 pruned.
Selected Catagories are:
['DMSO_0.100_DMSO_0.025' 'LPS_100.000_DMSO_0.025']
The dimensions of the data are: (51630, 1276)
Number of total missing values across all columns: 103260
Data Subset Is Off
Wells held out for testing: ['I14' 'J21']
Wells to use for training, validation, and testing ['B14' 'C14' 'B15' 'C15' 'J14' 'I15' 'J15' 'J16' 'J17' 'J20']
Number of in features:  1251
Number of out features:  2
Binary_Classification
cpu
Validation Accuracy: 94.85258964143426
Validation Loss: 0.1364521944820881
Training Accuracy: 93.21003134796237
Training Loss: 0.1598262003936938
completed
