[NbConvertApp] WARNING | Config option `kernel_spec_manager_class` not recognized by `NbConvertApp`.
[NbConvertApp] Converting notebook ../notebooks/Hyperparameter_Optimization_model_binary.ipynb to script
[NbConvertApp] Writing 8579 bytes to Hyperparameter_Optimization_model_binary.py
cell_type: SHSY5Y control_name: Flagellin_1.000_DMSO_0.025 treatment_name: LPS_Nigericin_1.000_3.0_DMSO_0.025
[I 2023-09-17 19:57:10,581] A new study created in memory with name: no-name-a688f5e6-c007-45af-a063-da6d1c84caaa
[I 2023-09-17 19:57:19,568] Trial 0 finished with value: 0.34735397746165586 and parameters: {'n_layers': 2, 'n_units_l0': 3, 'dropout_0': 0.2870181187725246, 'n_units_l1': 10, 'dropout_1': 0.12435047768560123, 'learning_rate': 0.06327420902695986, 'optimizer': 'RMSprop'}. Best is trial 0 with value: 0.34735397746165586.
[I 2023-09-17 19:57:28,471] Trial 1 finished with value: 0.15063908298810322 and parameters: {'n_layers': 2, 'n_units_l0': 3, 'dropout_0': 0.2712627710640044, 'n_units_l1': 4, 'dropout_1': 0.19248818947200308, 'learning_rate': 0.029371088851429156, 'optimizer': 'Adam'}. Best is trial 1 with value: 0.15063908298810322.
[I 2023-09-17 19:57:37,232] Trial 2 finished with value: 0.22588550150394437 and parameters: {'n_layers': 2, 'n_units_l0': 6, 'dropout_0': 0.366329310186845, 'n_units_l1': 2, 'dropout_1': 0.13194331507535945, 'learning_rate': 0.031704263333803974, 'optimizer': 'RMSprop'}. Best is trial 1 with value: 0.15063908298810322.
[I 2023-09-17 19:57:45,822] Trial 3 finished with value: 0.17904930392901103 and parameters: {'n_layers': 1, 'n_units_l0': 10, 'dropout_0': 0.3554898673224537, 'learning_rate': 0.03442855947575871, 'optimizer': 'RMSprop'}. Best is trial 1 with value: 0.15063908298810322.
[I 2023-09-17 19:57:54,304] Trial 4 finished with value: 0.20124148284395532 and parameters: {'n_layers': 1, 'n_units_l0': 3, 'dropout_0': 0.23422145804751626, 'learning_rate': 0.037646827301318374, 'optimizer': 'SGD'}. Best is trial 1 with value: 0.15063908298810322.
[I 2023-09-17 19:57:54,546] Trial 5 pruned.
[I 2023-09-17 19:57:54,703] Trial 6 pruned.
[I 2023-09-17 19:58:03,129] Trial 7 finished with value: 0.150507576217254 and parameters: {'n_layers': 1, 'n_units_l0': 5, 'dropout_0': 0.10725725611998538, 'learning_rate': 0.014437159367057868, 'optimizer': 'RMSprop'}. Best is trial 7 with value: 0.150507576217254.
[I 2023-09-17 19:58:03,287] Trial 8 pruned.
[I 2023-09-17 19:58:03,444] Trial 9 pruned.
Selected Catagories are:
['LPS_Nigericin_1.000_3.0_DMSO_0.025' 'Flagellin_1.000_DMSO_0.025']
The dimensions of the data are: (29461, 1276)
Number of total missing values across all columns: 31618
Data Subset Is Off
Wells held out for testing: ['L16' 'M22']
Wells to use for training, validation, and testing ['L17' 'M18' 'M19' 'L20' 'L21' 'M23']
Number of in features:  1251
Number of out features:  2
Binary_Classification
cpu
Validation Accuracy: 95.68139963167587
Validation Loss: 0.14949982941150666
Training Accuracy: 95.82660756433135
Training Loss: 0.0942524030846026
completed
