[NbConvertApp] WARNING | Config option `kernel_spec_manager_class` not recognized by `NbConvertApp`.
[NbConvertApp] Converting notebook ../notebooks/Hyperparameter_Optimization_model_binary.ipynb to script
[NbConvertApp] Writing 8579 bytes to Hyperparameter_Optimization_model_binary.py
cell_type: SHSY5Y control_name: Flagellin_0.100_DMSO_0.025 treatment_name: LPS_100.000_DMSO_0.025
[I 2023-09-19 01:05:41,945] A new study created in memory with name: no-name-5b6329c9-6ab4-440d-ba24-35bba8b88ed2
[I 2023-09-19 01:05:50,996] Trial 0 finished with value: 0.45280164231856657 and parameters: {'n_layers': 1, 'n_units_l0': 8, 'dropout_0': 0.17635813785038312, 'learning_rate': 0.05162745163665967, 'optimizer': 'RMSprop'}. Best is trial 0 with value: 0.45280164231856657.
[I 2023-09-19 01:06:00,226] Trial 1 finished with value: 0.16644550827642277 and parameters: {'n_layers': 2, 'n_units_l0': 7, 'dropout_0': 0.3621283247421615, 'n_units_l1': 3, 'dropout_1': 0.161213258807949, 'learning_rate': 0.011682064886777152, 'optimizer': 'RMSprop'}. Best is trial 1 with value: 0.16644550827642277.
[I 2023-09-19 01:06:09,433] Trial 2 finished with value: 0.6923951371510821 and parameters: {'n_layers': 3, 'n_units_l0': 3, 'dropout_0': 0.3877950839297726, 'n_units_l1': 2, 'dropout_1': 0.21266232479243075, 'n_units_l2': 9, 'dropout_2': 0.21204367453345765, 'learning_rate': 0.08607548179744738, 'optimizer': 'RMSprop'}. Best is trial 1 with value: 0.16644550827642277.
[I 2023-09-19 01:06:18,868] Trial 3 finished with value: 0.15719794193903605 and parameters: {'n_layers': 3, 'n_units_l0': 5, 'dropout_0': 0.24521200446067734, 'n_units_l1': 3, 'dropout_1': 0.20553769757504023, 'n_units_l2': 7, 'dropout_2': 0.2678468303375753, 'learning_rate': 0.006423304061182026, 'optimizer': 'Adam'}. Best is trial 3 with value: 0.15719794193903605.
[I 2023-09-19 01:06:27,880] Trial 4 finished with value: 0.1647496890028318 and parameters: {'n_layers': 1, 'n_units_l0': 7, 'dropout_0': 0.34261365362716234, 'learning_rate': 0.06692040465087042, 'optimizer': 'SGD'}. Best is trial 3 with value: 0.15719794193903605.
[I 2023-09-19 01:06:28,359] Trial 5 pruned.
[I 2023-09-19 01:06:37,149] Trial 6 pruned.
[I 2023-09-19 01:06:37,409] Trial 7 pruned.
[I 2023-09-19 01:06:37,580] Trial 8 pruned.
[I 2023-09-19 01:06:37,744] Trial 9 pruned.
Selected Catagories are:
['LPS_100.000_DMSO_0.025' 'Flagellin_0.100_DMSO_0.025']
The dimensions of the data are: (30915, 1276)
Number of total missing values across all columns: 61830
Data Subset Is Off
Wells held out for testing: ['J16' 'L22']
Wells to use for training, validation, and testing ['J17' 'L18' 'L19' 'J20' 'J21' 'L23']
Number of in features:  1251
Number of out features:  2
Binary_Classification
cpu
Validation Accuracy: 93.72045855379187
Validation Loss: 0.20481783623496694
Training Accuracy: 91.93396174411554
Training Loss: 0.23894815849630457
completed
