[NbConvertApp] WARNING | Config option `kernel_spec_manager_class` not recognized by `NbConvertApp`.
[NbConvertApp] Converting notebook ../notebooks/Hyperparameter_Optimization_model_binary.ipynb to script
[NbConvertApp] Writing 8579 bytes to Hyperparameter_Optimization_model_binary.py
cell_type: SHSY5Y control_name: LPS_0.100_DMSO_0.025 treatment_name: LPS_0.100_DMSO_0.025
[I 2023-09-19 01:19:49,424] A new study created in memory with name: no-name-5371b4e9-e38d-44c0-84b7-82e1077e466e
[I 2023-09-19 01:19:55,258] Trial 0 finished with value: 7.651661564529597e-05 and parameters: {'n_layers': 3, 'n_units_l0': 7, 'dropout_0': 0.2991993691849623, 'n_units_l1': 5, 'dropout_1': 0.34411710404808227, 'n_units_l2': 7, 'dropout_2': 0.15984630056696433, 'learning_rate': 0.05424092015113252, 'optimizer': 'Adam'}. Best is trial 0 with value: 7.651661564529597e-05.
[I 2023-09-19 01:20:00,899] Trial 1 finished with value: 0.1729464665427804 and parameters: {'n_layers': 3, 'n_units_l0': 7, 'dropout_0': 0.13305991882113122, 'n_units_l1': 6, 'dropout_1': 0.2513581475328338, 'n_units_l2': 3, 'dropout_2': 0.2686850338826835, 'learning_rate': 0.06922391272056856, 'optimizer': 'RMSprop'}. Best is trial 0 with value: 7.651661564529597e-05.
[I 2023-09-19 01:20:06,421] Trial 2 finished with value: 0.025647406866046368 and parameters: {'n_layers': 3, 'n_units_l0': 5, 'dropout_0': 0.38708808613222256, 'n_units_l1': 10, 'dropout_1': 0.11213985584492936, 'n_units_l2': 3, 'dropout_2': 0.34777688076250557, 'learning_rate': 0.037779983511363864, 'optimizer': 'RMSprop'}. Best is trial 0 with value: 7.651661564529597e-05.
[I 2023-09-19 01:20:11,562] Trial 3 finished with value: 0.0026852344028884547 and parameters: {'n_layers': 1, 'n_units_l0': 9, 'dropout_0': 0.20358600513632158, 'learning_rate': 0.03638061485485201, 'optimizer': 'SGD'}. Best is trial 0 with value: 7.651661564529597e-05.
[I 2023-09-19 01:20:16,934] Trial 4 finished with value: 4.790641828793523 and parameters: {'n_layers': 1, 'n_units_l0': 7, 'dropout_0': 0.1488082702196133, 'learning_rate': 0.04974690450312012, 'optimizer': 'RMSprop'}. Best is trial 0 with value: 7.651661564529597e-05.
[I 2023-09-19 01:20:22,562] Trial 5 finished with value: 7.78368582564326e-05 and parameters: {'n_layers': 3, 'n_units_l0': 7, 'dropout_0': 0.3323501213260015, 'n_units_l1': 2, 'dropout_1': 0.30014543018092843, 'n_units_l2': 4, 'dropout_2': 0.28491959950996193, 'learning_rate': 0.09398529285536257, 'optimizer': 'SGD'}. Best is trial 0 with value: 7.651661564529597e-05.
[I 2023-09-19 01:20:22,659] Trial 6 pruned.
[I 2023-09-19 01:20:27,960] Trial 7 finished with value: 0.0007766015321249143 and parameters: {'n_layers': 3, 'n_units_l0': 4, 'dropout_0': 0.3006636190967831, 'n_units_l1': 5, 'dropout_1': 0.1807490766199866, 'n_units_l2': 9, 'dropout_2': 0.16507556769135262, 'learning_rate': 0.0017729844237701542, 'optimizer': 'SGD'}. Best is trial 0 with value: 7.651661564529597e-05.
[I 2023-09-19 01:20:28,144] Trial 8 pruned.
[I 2023-09-19 01:20:28,251] Trial 9 pruned.
Selected Catagories are:
['LPS_0.100_DMSO_0.025']
The dimensions of the data are: (17510, 1276)
Number of total missing values across all columns: 35020
Data Subset Is Off
Wells held out for testing: ['C20']
Wells to use for training, validation, and testing ['C16' 'C17' 'C21']
Number of in features:  1251
Number of out features:  1
Regression
cpu
Validation Loss: 0.00011838538483778444
Training Loss: 0.0008422323039289091
completed
