[NbConvertApp] WARNING | Config option `kernel_spec_manager_class` not recognized by `NbConvertApp`.
[NbConvertApp] Converting notebook ../notebooks/Hyperparameter_Optimization_model_binary.ipynb to script
[NbConvertApp] Writing 8579 bytes to Hyperparameter_Optimization_model_binary.py
cell_type: PBMC control_name: Thapsigargin_1.000_DMSO_0.025 treatment_name: LPS_0.100_DMSO_0.025
[I 2023-09-17 20:26:43,907] A new study created in memory with name: no-name-00cf977c-3bb9-4670-b209-ce7b3f13c17b
[I 2023-09-17 20:28:06,760] Trial 0 finished with value: 0.4555300268259916 and parameters: {'n_layers': 3, 'n_units_l0': 10, 'dropout_0': 0.2928205507837691, 'n_units_l1': 6, 'dropout_1': 0.3046198406203351, 'n_units_l2': 6, 'dropout_2': 0.325372705826228, 'learning_rate': 0.07858764681490217, 'optimizer': 'SGD'}. Best is trial 0 with value: 0.4555300268259916.
[I 2023-09-17 20:29:24,543] Trial 1 finished with value: 0.5672129946405238 and parameters: {'n_layers': 1, 'n_units_l0': 2, 'dropout_0': 0.3864548796862325, 'learning_rate': 0.024476110751026944, 'optimizer': 'SGD'}. Best is trial 0 with value: 0.4555300268259916.
[I 2023-09-17 20:30:47,882] Trial 2 finished with value: 0.5284809439832514 and parameters: {'n_layers': 3, 'n_units_l0': 2, 'dropout_0': 0.2558655381325401, 'n_units_l1': 4, 'dropout_1': 0.11405433105373758, 'n_units_l2': 6, 'dropout_2': 0.2978358148831402, 'learning_rate': 0.0013374563625994898, 'optimizer': 'Adam'}. Best is trial 0 with value: 0.4555300268259916.
[I 2023-09-17 20:32:07,558] Trial 3 finished with value: 0.8051810158653694 and parameters: {'n_layers': 1, 'n_units_l0': 9, 'dropout_0': 0.3123931130528325, 'learning_rate': 0.06651573605524766, 'optimizer': 'RMSprop'}. Best is trial 0 with value: 0.4555300268259916.
[I 2023-09-17 20:33:31,904] Trial 4 finished with value: 0.6940874605829066 and parameters: {'n_layers': 3, 'n_units_l0': 9, 'dropout_0': 0.28817871116953503, 'n_units_l1': 2, 'dropout_1': 0.17099159432283545, 'n_units_l2': 5, 'dropout_2': 0.1409314154843238, 'learning_rate': 0.08906613218571467, 'optimizer': 'Adam'}. Best is trial 0 with value: 0.4555300268259916.
[I 2023-09-17 20:34:53,016] Trial 5 finished with value: 0.503123727386648 and parameters: {'n_layers': 2, 'n_units_l0': 2, 'dropout_0': 0.18215534245105086, 'n_units_l1': 8, 'dropout_1': 0.2775260569145234, 'learning_rate': 0.0030652450356921245, 'optimizer': 'Adam'}. Best is trial 0 with value: 0.4555300268259916.
[I 2023-09-17 20:36:12,656] Trial 6 finished with value: 0.4596892564946955 and parameters: {'n_layers': 1, 'n_units_l0': 3, 'dropout_0': 0.24322507689992323, 'learning_rate': 0.07324548197417573, 'optimizer': 'Adam'}. Best is trial 0 with value: 0.4555300268259916.
[I 2023-09-17 20:36:14,297] Trial 7 pruned.
[I 2023-09-17 20:36:15,969] Trial 8 pruned.
[I 2023-09-17 20:37:38,259] Trial 9 finished with value: 0.4661635428937999 and parameters: {'n_layers': 3, 'n_units_l0': 5, 'dropout_0': 0.15649535891845134, 'n_units_l1': 9, 'dropout_1': 0.339720107136257, 'n_units_l2': 10, 'dropout_2': 0.10562527015873541, 'learning_rate': 0.012333945005202128, 'optimizer': 'RMSprop'}. Best is trial 0 with value: 0.4555300268259916.
Selected Catagories are:
['LPS_0.100_DMSO_0.025' 'Thapsigargin_1.000_DMSO_0.025']
The dimensions of the data are: (287053, 1270)
Number of total missing values across all columns: 574106
Data Subset Is Off
Wells held out for testing: ['C08' 'K06']
Wells to use for training, validation, and testing ['C02' 'C03' 'C09' 'D06' 'D07' 'K07']
Number of in features:  1245
Number of out features:  2
Binary_Classification
cpu
Validation Accuracy: 77.70978301533857
Validation Loss: 0.46557450709017834
Training Accuracy: 75.64668607438065
Training Loss: 0.5069326452945554
completed
