[NbConvertApp] WARNING | Config option `kernel_spec_manager_class` not recognized by `NbConvertApp`.
[NbConvertApp] Converting notebook ../notebooks/Hyperparameter_Optimization_model_binary.ipynb to script
[NbConvertApp] Writing 8579 bytes to Hyperparameter_Optimization_model_binary.py
cell_type: PBMC control_name: LPS_Nigericin_1.000_3.0_DMSO_0.025 treatment_name: Thapsigargin_10.000_DMSO_0.025
[I 2023-09-17 20:31:30,902] A new study created in memory with name: no-name-ef71d4e5-eff2-44e7-9c0b-ed35dc88e3f8
[I 2023-09-17 20:33:24,165] Trial 0 finished with value: 0.06449781880069237 and parameters: {'n_layers': 3, 'n_units_l0': 8, 'dropout_0': 0.22451987431696258, 'n_units_l1': 9, 'dropout_1': 0.1415499894983167, 'n_units_l2': 10, 'dropout_2': 0.2448019344272286, 'learning_rate': 0.024652269345238453, 'optimizer': 'Adam'}. Best is trial 0 with value: 0.06449781880069237.
[I 2023-09-17 20:35:10,710] Trial 1 finished with value: 0.1055896573800307 and parameters: {'n_layers': 1, 'n_units_l0': 6, 'dropout_0': 0.26224056454143563, 'learning_rate': 0.05539422451297989, 'optimizer': 'RMSprop'}. Best is trial 0 with value: 0.06449781880069237.
[I 2023-09-17 20:37:01,700] Trial 2 finished with value: 0.07208967180779347 and parameters: {'n_layers': 2, 'n_units_l0': 7, 'dropout_0': 0.3433979020816058, 'n_units_l1': 5, 'dropout_1': 0.2203903978167661, 'learning_rate': 0.021634050677304294, 'optimizer': 'Adam'}. Best is trial 0 with value: 0.06449781880069237.
[I 2023-09-17 20:38:47,534] Trial 3 finished with value: 0.06119285595531647 and parameters: {'n_layers': 1, 'n_units_l0': 5, 'dropout_0': 0.12953753888504296, 'learning_rate': 0.015329236993279429, 'optimizer': 'RMSprop'}. Best is trial 3 with value: 0.06119285595531647.
[I 2023-09-17 20:40:35,788] Trial 4 finished with value: 0.06882791828507413 and parameters: {'n_layers': 2, 'n_units_l0': 8, 'dropout_0': 0.3365062056758553, 'n_units_l1': 6, 'dropout_1': 0.10086672754539738, 'learning_rate': 0.08757684673183193, 'optimizer': 'SGD'}. Best is trial 3 with value: 0.06119285595531647.
[I 2023-09-17 20:40:38,102] Trial 5 pruned.
[I 2023-09-17 20:40:40,267] Trial 6 pruned.
[I 2023-09-17 20:40:42,414] Trial 7 pruned.
[I 2023-09-17 20:40:44,591] Trial 8 pruned.
[I 2023-09-17 20:40:46,858] Trial 9 pruned.
Selected Catagories are:
['Thapsigargin_10.000_DMSO_0.025' 'LPS_Nigericin_1.000_3.0_DMSO_0.025']
The dimensions of the data are: (341245, 1270)
Number of total missing values across all columns: 333968
Data Subset Is Off
Wells held out for testing: ['L06' 'L09']
Wells to use for training, validation, and testing ['E06' 'E07' 'L02' 'L03' 'L07' 'L08']
Number of in features:  1245
Number of out features:  2
Binary_Classification
cpu
Validation Accuracy: 97.92900506554271
Validation Loss: 0.06026026101209796
Training Accuracy: 97.0371659343687
Training Loss: 0.07234155399535877
completed
