[NbConvertApp] WARNING | Config option `kernel_spec_manager_class` not recognized by `NbConvertApp`.
[NbConvertApp] Converting notebook ../notebooks/Hyperparameter_Optimization_model_binary.ipynb to script
[NbConvertApp] Writing 8579 bytes to Hyperparameter_Optimization_model_binary.py
cell_type: PBMC control_name: Flagellin_1.000_DMSO_0.025 treatment_name: Flagellin_0.100_DMSO_0.025
[I 2023-09-19 00:18:23,725] A new study created in memory with name: no-name-c520e612-0a6f-4ec7-9a8e-8b499c7f8220
[I 2023-09-19 00:19:19,202] Trial 0 finished with value: 0.6543613178389412 and parameters: {'n_layers': 3, 'n_units_l0': 2, 'dropout_0': 0.39877675655373224, 'n_units_l1': 3, 'dropout_1': 0.1145116059714828, 'n_units_l2': 10, 'dropout_2': 0.11442449683487585, 'learning_rate': 0.08045671793643344, 'optimizer': 'SGD'}. Best is trial 0 with value: 0.6543613178389412.
[I 2023-09-19 00:20:15,408] Trial 1 finished with value: 0.6930702114956719 and parameters: {'n_layers': 3, 'n_units_l0': 5, 'dropout_0': 0.1247738316292057, 'n_units_l1': 8, 'dropout_1': 0.231028514658531, 'n_units_l2': 8, 'dropout_2': 0.2230148267366951, 'learning_rate': 0.085147031280846, 'optimizer': 'RMSprop'}. Best is trial 0 with value: 0.6543613178389412.
[I 2023-09-19 00:21:10,532] Trial 2 finished with value: 0.6052973538637161 and parameters: {'n_layers': 3, 'n_units_l0': 5, 'dropout_0': 0.20347812530868375, 'n_units_l1': 3, 'dropout_1': 0.26853953274207487, 'n_units_l2': 2, 'dropout_2': 0.151846409727537, 'learning_rate': 0.08583252040452308, 'optimizer': 'SGD'}. Best is trial 2 with value: 0.6052973538637161.
[I 2023-09-19 00:22:08,978] Trial 3 finished with value: 0.5420081454515456 and parameters: {'n_layers': 3, 'n_units_l0': 7, 'dropout_0': 0.2623343621395975, 'n_units_l1': 2, 'dropout_1': 0.35106013954184545, 'n_units_l2': 5, 'dropout_2': 0.10845228671258762, 'learning_rate': 0.007352345122607859, 'optimizer': 'Adam'}. Best is trial 3 with value: 0.5420081454515456.
[I 2023-09-19 00:23:02,862] Trial 4 finished with value: 0.5326312330790929 and parameters: {'n_layers': 1, 'n_units_l0': 6, 'dropout_0': 0.38713337025699146, 'learning_rate': 0.08792186366681883, 'optimizer': 'SGD'}. Best is trial 4 with value: 0.5326312330790929.
[I 2023-09-19 00:23:03,995] Trial 5 pruned.
[I 2023-09-19 00:23:05,102] Trial 6 pruned.
[I 2023-09-19 00:24:02,567] Trial 7 finished with value: 0.5550886768954141 and parameters: {'n_layers': 3, 'n_units_l0': 7, 'dropout_0': 0.13737652550293514, 'n_units_l1': 7, 'dropout_1': 0.3961069465565794, 'n_units_l2': 3, 'dropout_2': 0.35384251974336467, 'learning_rate': 0.01104589586907178, 'optimizer': 'RMSprop'}. Best is trial 4 with value: 0.5326312330790929.
[I 2023-09-19 00:24:03,764] Trial 8 pruned.
[I 2023-09-19 00:25:01,140] Trial 9 finished with value: 0.5285553701860564 and parameters: {'n_layers': 3, 'n_units_l0': 10, 'dropout_0': 0.296498749037485, 'n_units_l1': 9, 'dropout_1': 0.35376327557875853, 'n_units_l2': 4, 'dropout_2': 0.16847270280168825, 'learning_rate': 0.0074762858949872675, 'optimizer': 'RMSprop'}. Best is trial 9 with value: 0.5285553701860564.
Selected Catagories are:
['Flagellin_0.100_DMSO_0.025' 'Flagellin_1.000_DMSO_0.025']
The dimensions of the data are: (200462, 1270)
Number of total missing values across all columns: 437540
Data Subset Is Off
Wells held out for testing: ['L10' 'M10']
Wells to use for training, validation, and testing ['L05' 'M05' 'L11' 'M11']
Number of in features:  1245
Number of out features:  2
Binary_Classification
cpu
Validation Accuracy: 74.00135145281179
Validation Loss: 0.5302530746800559
Training Accuracy: 72.44830725622518
Training Loss: 0.5489161448222455
completed
