[NbConvertApp] WARNING | Config option `kernel_spec_manager_class` not recognized by `NbConvertApp`.
[NbConvertApp] Converting notebook ../notebooks/Hyperparameter_Optimization_model_binary.ipynb to script
[NbConvertApp] Writing 8579 bytes to Hyperparameter_Optimization_model_binary.py
cell_type: PBMC control_name: LPS_10.000_DMSO_0.025 treatment_name: LPS_Nigericin_1.000_1.0_DMSO_0.025
[I 2023-09-19 00:53:49,895] A new study created in memory with name: no-name-43122a25-63af-43f8-ae3c-ef2845cd24e1
[I 2023-09-19 00:56:05,539] Trial 0 finished with value: 0.14193052331805228 and parameters: {'n_layers': 3, 'n_units_l0': 8, 'dropout_0': 0.23660351792298806, 'n_units_l1': 10, 'dropout_1': 0.1206583920764755, 'n_units_l2': 9, 'dropout_2': 0.18078040738097337, 'learning_rate': 0.044714636145055754, 'optimizer': 'Adam'}. Best is trial 0 with value: 0.14193052331805228.
[I 2023-09-19 00:58:20,602] Trial 1 finished with value: 0.13477960066497327 and parameters: {'n_layers': 2, 'n_units_l0': 10, 'dropout_0': 0.3129699904342135, 'n_units_l1': 9, 'dropout_1': 0.3799480784609016, 'learning_rate': 0.038885502204949934, 'optimizer': 'Adam'}. Best is trial 1 with value: 0.13477960066497327.
[I 2023-09-19 01:00:33,557] Trial 2 finished with value: 0.23684376570582394 and parameters: {'n_layers': 3, 'n_units_l0': 4, 'dropout_0': 0.11830970132573651, 'n_units_l1': 8, 'dropout_1': 0.11344080992372524, 'n_units_l2': 8, 'dropout_2': 0.19939051624874893, 'learning_rate': 0.03906536141077031, 'optimizer': 'RMSprop'}. Best is trial 1 with value: 0.13477960066497327.
[I 2023-09-19 01:02:47,591] Trial 3 finished with value: 0.20700179096460347 and parameters: {'n_layers': 3, 'n_units_l0': 2, 'dropout_0': 0.381585762793882, 'n_units_l1': 6, 'dropout_1': 0.1298606289772471, 'n_units_l2': 9, 'dropout_2': 0.14242172407038212, 'learning_rate': 0.0063789900957655805, 'optimizer': 'RMSprop'}. Best is trial 1 with value: 0.13477960066497327.
[I 2023-09-19 01:04:55,871] Trial 4 finished with value: 0.30652964727878573 and parameters: {'n_layers': 1, 'n_units_l0': 4, 'dropout_0': 0.24770133334108155, 'learning_rate': 0.0033143389359807647, 'optimizer': 'SGD'}. Best is trial 1 with value: 0.13477960066497327.
[I 2023-09-19 01:07:10,502] Trial 5 finished with value: 0.12211672808527946 and parameters: {'n_layers': 2, 'n_units_l0': 7, 'dropout_0': 0.17676761383163347, 'n_units_l1': 8, 'dropout_1': 0.3956416670220232, 'learning_rate': 0.024489814910399407, 'optimizer': 'Adam'}. Best is trial 5 with value: 0.12211672808527946.
[I 2023-09-19 01:07:13,166] Trial 6 pruned.
[I 2023-09-19 01:09:23,121] Trial 7 finished with value: 0.15568931999504568 and parameters: {'n_layers': 1, 'n_units_l0': 5, 'dropout_0': 0.35642210109027694, 'learning_rate': 0.036630828367286865, 'optimizer': 'Adam'}. Best is trial 5 with value: 0.12211672808527946.
[I 2023-09-19 01:11:38,407] Trial 8 finished with value: 0.49736287831217046 and parameters: {'n_layers': 2, 'n_units_l0': 10, 'dropout_0': 0.19689686469857004, 'n_units_l1': 6, 'dropout_1': 0.33265626314536234, 'learning_rate': 0.08139375752038785, 'optimizer': 'Adam'}. Best is trial 5 with value: 0.12211672808527946.
[I 2023-09-19 01:11:41,006] Trial 9 pruned.
Selected Catagories are:
['LPS_10.000_DMSO_0.025' 'LPS_Nigericin_1.000_1.0_DMSO_0.025']
The dimensions of the data are: (322503, 1270)
Number of total missing values across all columns: 312980
Data Subset Is Off
Wells held out for testing: ['E09' 'K08']
Wells to use for training, validation, and testing ['E02' 'E03' 'E08' 'K02' 'K03' 'K09']
Number of in features:  1245
Number of out features:  2
Binary_Classification
cpu
Validation Accuracy: 95.43611053397052
Validation Loss: 0.12207371313273907
Training Accuracy: 93.23506067154256
Training Loss: 0.1667282815177206
completed
