[NbConvertApp] WARNING | Config option `kernel_spec_manager_class` not recognized by `NbConvertApp`.
[NbConvertApp] Converting notebook ../notebooks/Hyperparameter_Optimization_model_binary.ipynb to script
[NbConvertApp] Writing 8579 bytes to Hyperparameter_Optimization_model_binary.py
cell_type: SHSY5Y control_name: H2O2_100.000_DMSO_0.025 treatment_name: LPS_0.100_DMSO_0.025
[I 2023-09-17 20:25:39,440] A new study created in memory with name: no-name-b5a45773-f0cc-4243-af35-9611d2df5447
[I 2023-09-17 20:25:55,059] Trial 0 finished with value: 0.5317752395570278 and parameters: {'n_layers': 2, 'n_units_l0': 8, 'dropout_0': 0.17333392786728435, 'n_units_l1': 7, 'dropout_1': 0.12773923727290437, 'learning_rate': 0.02299547070095777, 'optimizer': 'SGD'}. Best is trial 0 with value: 0.5317752395570278.
[I 2023-09-17 20:26:10,546] Trial 1 finished with value: 0.638057350218296 and parameters: {'n_layers': 3, 'n_units_l0': 4, 'dropout_0': 0.28459508603959394, 'n_units_l1': 6, 'dropout_1': 0.30580160331866263, 'n_units_l2': 9, 'dropout_2': 0.38893484713847815, 'learning_rate': 0.07040459112205845, 'optimizer': 'Adam'}. Best is trial 0 with value: 0.5317752395570278.
[I 2023-09-17 20:26:26,378] Trial 2 finished with value: 0.5545304608345032 and parameters: {'n_layers': 3, 'n_units_l0': 10, 'dropout_0': 0.1642429077925627, 'n_units_l1': 5, 'dropout_1': 0.36694540661578423, 'n_units_l2': 4, 'dropout_2': 0.29688317666913006, 'learning_rate': 0.08957083665657525, 'optimizer': 'Adam'}. Best is trial 0 with value: 0.5317752395570278.
[I 2023-09-17 20:26:41,246] Trial 3 finished with value: 0.5003119812905789 and parameters: {'n_layers': 1, 'n_units_l0': 6, 'dropout_0': 0.1588671565983175, 'learning_rate': 0.034090846799313304, 'optimizer': 'Adam'}. Best is trial 3 with value: 0.5003119812905789.
[I 2023-09-17 20:26:56,271] Trial 4 finished with value: 0.6237970691919327 and parameters: {'n_layers': 2, 'n_units_l0': 6, 'dropout_0': 0.2686739350461421, 'n_units_l1': 6, 'dropout_1': 0.1688056819749908, 'learning_rate': 0.06122837888459572, 'optimizer': 'RMSprop'}. Best is trial 3 with value: 0.5003119812905789.
[I 2023-09-17 20:27:11,752] Trial 5 finished with value: 0.4637541407346725 and parameters: {'n_layers': 2, 'n_units_l0': 7, 'dropout_0': 0.36580693423084576, 'n_units_l1': 8, 'dropout_1': 0.1063377203020802, 'learning_rate': 0.028686103510316432, 'optimizer': 'Adam'}. Best is trial 5 with value: 0.4637541407346725.
[I 2023-09-17 20:27:12,020] Trial 6 pruned.
[I 2023-09-17 20:27:27,041] Trial 7 finished with value: 0.49119000643491745 and parameters: {'n_layers': 2, 'n_units_l0': 9, 'dropout_0': 0.39006160436711457, 'n_units_l1': 10, 'dropout_1': 0.1548349533891205, 'learning_rate': 0.07058585555036273, 'optimizer': 'SGD'}. Best is trial 5 with value: 0.4637541407346725.
[I 2023-09-17 20:27:41,557] Trial 8 finished with value: 0.4782333554327488 and parameters: {'n_layers': 1, 'n_units_l0': 2, 'dropout_0': 0.1373758036132774, 'learning_rate': 0.06614572766621259, 'optimizer': 'SGD'}. Best is trial 5 with value: 0.4637541407346725.
[I 2023-09-17 20:27:56,703] Trial 9 finished with value: 0.48833407923579214 and parameters: {'n_layers': 2, 'n_units_l0': 8, 'dropout_0': 0.33550408419641453, 'n_units_l1': 10, 'dropout_1': 0.33775206564669635, 'learning_rate': 0.09073261590948815, 'optimizer': 'SGD'}. Best is trial 5 with value: 0.4637541407346725.
Selected Catagories are:
['LPS_0.100_DMSO_0.025' 'H2O2_100.000_DMSO_0.025']
The dimensions of the data are: (44410, 1276)
Number of total missing values across all columns: 88820
Data Subset Is Off
Wells held out for testing: ['C21' 'H22']
Wells to use for training, validation, and testing ['C16' 'C17' 'H18' 'H19' 'C20' 'H23' 'I18' 'I19' 'I22' 'I23']
Number of in features:  1251
Number of out features:  2
Binary_Classification
cpu
Validation Accuracy: 77.0
Validation Loss: 0.45860408812761305
Training Accuracy: 79.07359580052494
Training Loss: 0.4137661708634475
completed
