[NbConvertApp] WARNING | Config option `kernel_spec_manager_class` not recognized by `NbConvertApp`.
[NbConvertApp] Converting notebook ../notebooks/Hyperparameter_Optimization_model_binary.ipynb to script
[NbConvertApp] Writing 8579 bytes to Hyperparameter_Optimization_model_binary.py
cell_type: SHSY5Y control_name: Thapsigargin_10.000_DMSO_0.025 treatment_name: H2O2_100.000_DMSO_0.025
[I 2023-09-17 20:40:05,732] A new study created in memory with name: no-name-37bfdbcd-da67-4e11-98c0-a7dbb42d3805
[I 2023-09-17 20:40:16,813] Trial 0 finished with value: 0.21312566876411437 and parameters: {'n_layers': 1, 'n_units_l0': 8, 'dropout_0': 0.10898035526269934, 'learning_rate': 0.0632941122235308, 'optimizer': 'Adam'}. Best is trial 0 with value: 0.21312566876411437.
[I 2023-09-17 20:40:28,317] Trial 1 finished with value: 0.5143801333010196 and parameters: {'n_layers': 3, 'n_units_l0': 7, 'dropout_0': 0.1914278411276693, 'n_units_l1': 6, 'dropout_1': 0.3662383117959671, 'n_units_l2': 6, 'dropout_2': 0.37298329771355754, 'learning_rate': 0.08692234248684318, 'optimizer': 'RMSprop'}. Best is trial 0 with value: 0.21312566876411437.
[I 2023-09-17 20:40:38,965] Trial 2 finished with value: 0.2952460546791553 and parameters: {'n_layers': 1, 'n_units_l0': 5, 'dropout_0': 0.3530066382724867, 'learning_rate': 0.0566346087828615, 'optimizer': 'RMSprop'}. Best is trial 0 with value: 0.21312566876411437.
[I 2023-09-17 20:40:49,709] Trial 3 finished with value: 0.21422272488474847 and parameters: {'n_layers': 1, 'n_units_l0': 6, 'dropout_0': 0.13579690023965013, 'learning_rate': 0.03460993937734448, 'optimizer': 'SGD'}. Best is trial 0 with value: 0.21312566876411437.
[I 2023-09-17 20:41:00,662] Trial 4 finished with value: 0.40917459324002264 and parameters: {'n_layers': 1, 'n_units_l0': 10, 'dropout_0': 0.3448672413326047, 'learning_rate': 0.06824452286727982, 'optimizer': 'RMSprop'}. Best is trial 0 with value: 0.21312566876411437.
[I 2023-09-17 20:41:11,523] Trial 5 finished with value: 0.18631770115345717 and parameters: {'n_layers': 1, 'n_units_l0': 4, 'dropout_0': 0.12039926912551027, 'learning_rate': 0.005778034140052542, 'optimizer': 'Adam'}. Best is trial 5 with value: 0.18631770115345717.
[I 2023-09-17 20:41:11,808] Trial 6 pruned.
[I 2023-09-17 20:41:12,011] Trial 7 pruned.
[I 2023-09-17 20:41:12,204] Trial 8 pruned.
[I 2023-09-17 20:41:23,178] Trial 9 finished with value: 0.1769575021788478 and parameters: {'n_layers': 2, 'n_units_l0': 4, 'dropout_0': 0.1750076381528574, 'n_units_l1': 6, 'dropout_1': 0.2412743738415675, 'learning_rate': 0.0871905231301756, 'optimizer': 'SGD'}. Best is trial 9 with value: 0.1769575021788478.
Selected Catagories are:
['Thapsigargin_10.000_DMSO_0.025' 'H2O2_100.000_DMSO_0.025']
The dimensions of the data are: (40112, 1276)
Number of total missing values across all columns: 80224
Data Subset Is Off
Wells held out for testing: ['E14' 'H22']
Wells to use for training, validation, and testing ['E15' 'H18' 'H19' 'H23' 'L14' 'L15' 'I18' 'I19' 'I22' 'I23']
Number of in features:  1251
Number of out features:  2
Binary_Classification
cpu
Validation Accuracy: 93.36508912108175
Validation Loss: 0.2003790782764554
Training Accuracy: 90.95534890869965
Training Loss: 0.22650054224525337
completed
