[NbConvertApp] WARNING | Config option `kernel_spec_manager_class` not recognized by `NbConvertApp`.
[NbConvertApp] Converting notebook ../notebooks/Hyperparameter_Optimization_model_binary.ipynb to script
[NbConvertApp] Writing 8579 bytes to Hyperparameter_Optimization_model_binary.py
cell_type: SHSY5Y control_name: Thapsigargin_1.000_DMSO_0.025 treatment_name: LPS_10.000_DMSO_0.025
[I 2023-09-17 20:17:39,487] A new study created in memory with name: no-name-dd237c51-7445-4a0a-83cf-d7472c5bca5b
[I 2023-09-17 20:17:48,740] Trial 0 finished with value: 0.5559008675813675 and parameters: {'n_layers': 1, 'n_units_l0': 8, 'dropout_0': 0.2549791624736345, 'learning_rate': 0.0016406453316456353, 'optimizer': 'SGD'}. Best is trial 0 with value: 0.5559008675813675.
[I 2023-09-17 20:17:58,114] Trial 1 finished with value: 0.2600010621547699 and parameters: {'n_layers': 2, 'n_units_l0': 2, 'dropout_0': 0.1141516094646162, 'n_units_l1': 3, 'dropout_1': 0.20021728010762674, 'learning_rate': 0.0594805276841506, 'optimizer': 'Adam'}. Best is trial 1 with value: 0.2600010621547699.
[I 2023-09-17 20:18:07,406] Trial 2 finished with value: 0.26760587573051453 and parameters: {'n_layers': 2, 'n_units_l0': 2, 'dropout_0': 0.279668744776971, 'n_units_l1': 8, 'dropout_1': 0.1484442795407666, 'learning_rate': 0.05956468480614054, 'optimizer': 'Adam'}. Best is trial 1 with value: 0.2600010621547699.
[I 2023-09-17 20:18:16,978] Trial 3 finished with value: 0.44191516180833185 and parameters: {'n_layers': 3, 'n_units_l0': 8, 'dropout_0': 0.34887268030457147, 'n_units_l1': 8, 'dropout_1': 0.18263375984440688, 'n_units_l2': 7, 'dropout_2': 0.28775145770460286, 'learning_rate': 0.05175725255477367, 'optimizer': 'SGD'}. Best is trial 1 with value: 0.2600010621547699.
[I 2023-09-17 20:18:26,742] Trial 4 finished with value: 0.28960198700428014 and parameters: {'n_layers': 3, 'n_units_l0': 4, 'dropout_0': 0.3710221191149512, 'n_units_l1': 10, 'dropout_1': 0.29429373741255577, 'n_units_l2': 6, 'dropout_2': 0.14297210862031826, 'learning_rate': 0.0033594674873936533, 'optimizer': 'RMSprop'}. Best is trial 1 with value: 0.2600010621547699.
[I 2023-09-17 20:18:26,913] Trial 5 pruned.
[I 2023-09-17 20:18:27,171] Trial 6 pruned.
[I 2023-09-17 20:18:27,347] Trial 7 pruned.
[I 2023-09-17 20:18:27,513] Trial 8 pruned.
[I 2023-09-17 20:18:27,689] Trial 9 pruned.
Selected Catagories are:
['Thapsigargin_1.000_DMSO_0.025' 'LPS_10.000_DMSO_0.025']
The dimensions of the data are: (30576, 1276)
Number of total missing values across all columns: 61152
Data Subset Is Off
Wells held out for testing: ['D14' 'E20']
Wells to use for training, validation, and testing ['D15' 'E16' 'E17' 'E21' 'K14' 'K15']
Number of in features:  1251
Number of out features:  2
Binary_Classification
cpu
Validation Accuracy: 89.39852877542188
Validation Loss: 0.24907147685686748
Training Accuracy: 81.0556727803928
Training Loss: 0.3336989842276823
completed
