[NbConvertApp] WARNING | Config option `kernel_spec_manager_class` not recognized by `NbConvertApp`.
[NbConvertApp] Converting notebook ../notebooks/Hyperparameter_Optimization_model_binary.ipynb to script
[NbConvertApp] Writing 8579 bytes to Hyperparameter_Optimization_model_binary.py
cell_type: SHSY5Y control_name: LPS_Nigericin_1.000_10.0_DMSO_0.025 treatment_name: DMSO_0.100_DMSO_0.025
[I 2023-09-17 19:24:55,019] A new study created in memory with name: no-name-bd545dd4-4c5b-46e9-b448-c88505aea072
[I 2023-09-17 19:25:16,938] Trial 0 finished with value: 0.08541218561679123 and parameters: {'n_layers': 2, 'n_units_l0': 10, 'dropout_0': 0.1780578711862993, 'n_units_l1': 3, 'dropout_1': 0.35687578184737545, 'learning_rate': 0.08084571966428526, 'optimizer': 'SGD'}. Best is trial 0 with value: 0.08541218561679123.
[I 2023-09-17 19:25:35,917] Trial 1 finished with value: 0.33285625594854357 and parameters: {'n_layers': 1, 'n_units_l0': 3, 'dropout_0': 0.3612021745890538, 'learning_rate': 0.004930166543281012, 'optimizer': 'SGD'}. Best is trial 0 with value: 0.08541218561679123.
[I 2023-09-17 19:25:56,243] Trial 2 finished with value: 0.2484953637123108 and parameters: {'n_layers': 3, 'n_units_l0': 4, 'dropout_0': 0.3076000616589094, 'n_units_l1': 5, 'dropout_1': 0.384085803255537, 'n_units_l2': 10, 'dropout_2': 0.17779885786522176, 'learning_rate': 0.07881629449121919, 'optimizer': 'Adam'}. Best is trial 0 with value: 0.08541218561679123.
[I 2023-09-17 19:26:18,336] Trial 3 finished with value: 0.31866032731533056 and parameters: {'n_layers': 3, 'n_units_l0': 6, 'dropout_0': 0.38007904336825393, 'n_units_l1': 7, 'dropout_1': 0.3210137214335248, 'n_units_l2': 9, 'dropout_2': 0.3975651740232662, 'learning_rate': 0.08061383167127606, 'optimizer': 'RMSprop'}. Best is trial 0 with value: 0.08541218561679123.
[I 2023-09-17 19:26:39,612] Trial 4 finished with value: 0.06263672081381082 and parameters: {'n_layers': 1, 'n_units_l0': 5, 'dropout_0': 0.2490675145993077, 'learning_rate': 0.04401229899754303, 'optimizer': 'Adam'}. Best is trial 4 with value: 0.06263672081381082.
[I 2023-09-17 19:26:40,000] Trial 5 pruned.
[I 2023-09-17 19:27:02,128] Trial 6 finished with value: 0.12163203084468842 and parameters: {'n_layers': 2, 'n_units_l0': 9, 'dropout_0': 0.1427271516704377, 'n_units_l1': 9, 'dropout_1': 0.22400332809983045, 'learning_rate': 0.07176888811501717, 'optimizer': 'Adam'}. Best is trial 4 with value: 0.06263672081381082.
[I 2023-09-17 19:27:21,376] Trial 7 finished with value: 0.08663682030141352 and parameters: {'n_layers': 2, 'n_units_l0': 4, 'dropout_0': 0.1338012386453017, 'n_units_l1': 8, 'dropout_1': 0.39419079655227185, 'learning_rate': 0.006473505702287994, 'optimizer': 'RMSprop'}. Best is trial 4 with value: 0.06263672081381082.
[I 2023-09-17 19:27:21,751] Trial 8 pruned.
[I 2023-09-17 19:27:22,223] Trial 9 pruned.
Selected Catagories are:
['DMSO_0.100_DMSO_0.025' 'LPS_Nigericin_1.000_10.0_DMSO_0.025']
The dimensions of the data are: (50045, 1276)
Number of total missing values across all columns: 71286
Data Subset Is Off
Wells held out for testing: ['I14' 'M21']
Wells to use for training, validation, and testing ['B14' 'C14' 'B15' 'C15' 'J14' 'I15' 'J15' 'M16' 'M17' 'M20']
Number of in features:  1251
Number of out features:  2
Binary_Classification
cpu
Validation Accuracy: 97.63048166786484
Validation Loss: 0.08067914156615734
Training Accuracy: 96.12798849541613
Training Loss: 0.09797669498797726
completed
