[NbConvertApp] WARNING | Config option `kernel_spec_manager_class` not recognized by `NbConvertApp`.
[NbConvertApp] Converting notebook ../notebooks/Hyperparameter_Optimization_model_binary.ipynb to script
[NbConvertApp] Writing 8579 bytes to Hyperparameter_Optimization_model_binary.py
cell_type: PBMC control_name: LPS_1.000_DMSO_0.025 treatment_name: LPS_100.000_DMSO_0.025
[I 2023-09-19 01:10:26,275] A new study created in memory with name: no-name-5873664c-d01f-41be-896e-310eb3f53290
[I 2023-09-19 01:11:54,740] Trial 0 finished with value: 0.6889940499222797 and parameters: {'n_layers': 3, 'n_units_l0': 6, 'dropout_0': 0.3919499012651114, 'n_units_l1': 4, 'dropout_1': 0.37161685192897953, 'n_units_l2': 5, 'dropout_2': 0.31045314734893936, 'learning_rate': 0.06773044286630514, 'optimizer': 'RMSprop'}. Best is trial 0 with value: 0.6889940499222797.
[I 2023-09-19 01:13:21,688] Trial 1 finished with value: 0.5918293884526129 and parameters: {'n_layers': 2, 'n_units_l0': 8, 'dropout_0': 0.1457072540582002, 'n_units_l1': 8, 'dropout_1': 0.12393583014765236, 'learning_rate': 0.0622649911870365, 'optimizer': 'RMSprop'}. Best is trial 1 with value: 0.5918293884526129.
[I 2023-09-19 01:14:51,390] Trial 2 finished with value: 0.6883802994437839 and parameters: {'n_layers': 3, 'n_units_l0': 10, 'dropout_0': 0.21513099176401182, 'n_units_l1': 2, 'dropout_1': 0.26766175306059486, 'n_units_l2': 5, 'dropout_2': 0.29409380318876466, 'learning_rate': 0.052916670823959545, 'optimizer': 'Adam'}. Best is trial 1 with value: 0.5918293884526129.
[I 2023-09-19 01:16:16,039] Trial 3 finished with value: 0.49271754277789076 and parameters: {'n_layers': 1, 'n_units_l0': 10, 'dropout_0': 0.24183177098987138, 'learning_rate': 0.07807141167398035, 'optimizer': 'SGD'}. Best is trial 3 with value: 0.49271754277789076.
[I 2023-09-19 01:17:42,493] Trial 4 finished with value: 0.6151780628639719 and parameters: {'n_layers': 2, 'n_units_l0': 4, 'dropout_0': 0.28088484288607846, 'n_units_l1': 7, 'dropout_1': 0.2659922305980029, 'learning_rate': 0.08030622553081511, 'optimizer': 'Adam'}. Best is trial 3 with value: 0.49271754277789076.
[I 2023-09-19 01:19:07,348] Trial 5 finished with value: 0.5156875494252081 and parameters: {'n_layers': 1, 'n_units_l0': 3, 'dropout_0': 0.23286328159383546, 'learning_rate': 0.020778947021323987, 'optimizer': 'Adam'}. Best is trial 3 with value: 0.49271754277789076.
[I 2023-09-19 01:20:37,478] Trial 6 finished with value: 0.568704388089802 and parameters: {'n_layers': 3, 'n_units_l0': 8, 'dropout_0': 0.21488333296365789, 'n_units_l1': 8, 'dropout_1': 0.2677969716154226, 'n_units_l2': 7, 'dropout_2': 0.1954571858151745, 'learning_rate': 0.03201928660717862, 'optimizer': 'Adam'}. Best is trial 3 with value: 0.49271754277789076.
[I 2023-09-19 01:22:02,532] Trial 7 finished with value: 0.525648385182671 and parameters: {'n_layers': 2, 'n_units_l0': 8, 'dropout_0': 0.2117815617613452, 'n_units_l1': 4, 'dropout_1': 0.12576302060598973, 'learning_rate': 0.03383257249020751, 'optimizer': 'SGD'}. Best is trial 3 with value: 0.49271754277789076.
[I 2023-09-19 01:22:04,336] Trial 8 pruned.
[I 2023-09-19 01:23:27,287] Trial 9 finished with value: 0.5295200522308764 and parameters: {'n_layers': 1, 'n_units_l0': 4, 'dropout_0': 0.20285040198538645, 'learning_rate': 0.051878399214761804, 'optimizer': 'SGD'}. Best is trial 3 with value: 0.49271754277789076.
Selected Catagories are:
['LPS_1.000_DMSO_0.025' 'LPS_100.000_DMSO_0.025']
The dimensions of the data are: (298868, 1270)
Number of total missing values across all columns: 597736
Data Subset Is Off
Wells held out for testing: ['D08' 'J08']
Wells to use for training, validation, and testing ['D02' 'D03' 'D09' 'J02' 'J03' 'J09']
Number of in features:  1245
Number of out features:  2
Binary_Classification
cpu
Validation Accuracy: 74.82481751824817
Validation Loss: 0.49476773046928907
Training Accuracy: 73.74885947620389
Training Loss: 0.5028997498348858
completed
