[NbConvertApp] WARNING | Config option `kernel_spec_manager_class` not recognized by `NbConvertApp`.
[NbConvertApp] Converting notebook ../notebooks/Hyperparameter_Optimization_model_binary.ipynb to script
[NbConvertApp] Writing 8579 bytes to Hyperparameter_Optimization_model_binary.py
cell_type: SHSY5Y control_name: LPS_1.000_DMSO_0.025 treatment_name: Thapsigargin_1.000_DMSO_0.025
[I 2023-09-17 20:34:41,098] A new study created in memory with name: no-name-bd6e5c26-3597-4c52-8323-2cc6d78b078b
[I 2023-09-17 20:34:50,972] Trial 0 finished with value: 0.34036233266194654 and parameters: {'n_layers': 3, 'n_units_l0': 7, 'dropout_0': 0.1838846982518343, 'n_units_l1': 2, 'dropout_1': 0.12645430435695437, 'n_units_l2': 2, 'dropout_2': 0.12197316712716771, 'learning_rate': 0.061406773474764025, 'optimizer': 'Adam'}. Best is trial 0 with value: 0.34036233266194654.
[I 2023-09-17 20:35:00,133] Trial 1 finished with value: 0.28774979392687483 and parameters: {'n_layers': 2, 'n_units_l0': 2, 'dropout_0': 0.13452784042980603, 'n_units_l1': 5, 'dropout_1': 0.18573103195325205, 'learning_rate': 0.043120688228700535, 'optimizer': 'Adam'}. Best is trial 1 with value: 0.28774979392687483.
[I 2023-09-17 20:35:09,023] Trial 2 finished with value: 0.6014282355705898 and parameters: {'n_layers': 3, 'n_units_l0': 5, 'dropout_0': 0.2962646910458828, 'n_units_l1': 5, 'dropout_1': 0.17155017182424137, 'n_units_l2': 3, 'dropout_2': 0.33087524349515174, 'learning_rate': 0.01406549497334639, 'optimizer': 'SGD'}. Best is trial 1 with value: 0.28774979392687483.
[I 2023-09-17 20:35:17,897] Trial 3 finished with value: 0.32554026544094083 and parameters: {'n_layers': 2, 'n_units_l0': 2, 'dropout_0': 0.10890074457317866, 'n_units_l1': 4, 'dropout_1': 0.18202407114443928, 'learning_rate': 0.0780939187176277, 'optimizer': 'SGD'}. Best is trial 1 with value: 0.28774979392687483.
[I 2023-09-17 20:35:26,795] Trial 4 finished with value: 0.36153792709112165 and parameters: {'n_layers': 1, 'n_units_l0': 9, 'dropout_0': 0.21225217603210322, 'learning_rate': 0.04492603639719265, 'optimizer': 'Adam'}. Best is trial 1 with value: 0.28774979392687483.
[I 2023-09-17 20:35:26,966] Trial 5 pruned.
[I 2023-09-17 20:35:27,132] Trial 6 pruned.
[I 2023-09-17 20:35:27,300] Trial 7 pruned.
[I 2023-09-17 20:35:36,212] Trial 8 finished with value: 0.29623603155215583 and parameters: {'n_layers': 1, 'n_units_l0': 3, 'dropout_0': 0.27146492459929966, 'learning_rate': 0.041408664216749075, 'optimizer': 'Adam'}. Best is trial 1 with value: 0.28774979392687483.
[I 2023-09-17 20:35:36,380] Trial 9 pruned.
Selected Catagories are:
['Thapsigargin_1.000_DMSO_0.025' 'LPS_1.000_DMSO_0.025']
The dimensions of the data are: (30224, 1276)
Number of total missing values across all columns: 60448
Data Subset Is Off
Wells held out for testing: ['D14' 'D20']
Wells to use for training, validation, and testing ['D15' 'D16' 'D17' 'D21' 'K14' 'K15']
Number of in features:  1251
Number of out features:  2
Binary_Classification
cpu
Validation Accuracy: 88.67135325131808
Validation Loss: 0.2914483682314555
Training Accuracy: 84.70314817867148
Training Loss: 0.3144236454995055
completed
