[NbConvertApp] WARNING | Config option `kernel_spec_manager_class` not recognized by `NbConvertApp`.
[NbConvertApp] Converting notebook ../notebooks/Hyperparameter_Optimization_model_binary.ipynb to script
[NbConvertApp] Writing 8579 bytes to Hyperparameter_Optimization_model_binary.py
cell_type: PBMC control_name: LPS_10.000_DMSO_0.025 treatment_name: LPS_Nigericin_1.000_1.0_DMSO_0.025
[I 2023-09-17 19:53:15,711] A new study created in memory with name: no-name-66ffaa14-390e-417a-9684-9c583035e5ab
[I 2023-09-17 19:55:43,728] Trial 0 finished with value: 0.23632006063461306 and parameters: {'n_layers': 2, 'n_units_l0': 3, 'dropout_0': 0.17501675313937376, 'n_units_l1': 9, 'dropout_1': 0.12293240257765067, 'learning_rate': 0.0620472204352828, 'optimizer': 'RMSprop'}. Best is trial 0 with value: 0.23632006063461306.
[I 2023-09-17 19:58:08,724] Trial 1 finished with value: 0.15389898597598076 and parameters: {'n_layers': 2, 'n_units_l0': 4, 'dropout_0': 0.17363903325978614, 'n_units_l1': 9, 'dropout_1': 0.17816205186544887, 'learning_rate': 0.02760871152276877, 'optimizer': 'RMSprop'}. Best is trial 1 with value: 0.15389898597598076.
[I 2023-09-17 20:00:29,943] Trial 2 finished with value: 0.134183126989007 and parameters: {'n_layers': 1, 'n_units_l0': 6, 'dropout_0': 0.13200535830623647, 'learning_rate': 0.06869947016710962, 'optimizer': 'Adam'}. Best is trial 2 with value: 0.134183126989007.
[I 2023-09-17 20:03:04,389] Trial 3 finished with value: 0.1178712715446949 and parameters: {'n_layers': 3, 'n_units_l0': 10, 'dropout_0': 0.24847917310641396, 'n_units_l1': 10, 'dropout_1': 0.14070914050035013, 'n_units_l2': 6, 'dropout_2': 0.29059801965545473, 'learning_rate': 0.009200539053195822, 'optimizer': 'Adam'}. Best is trial 3 with value: 0.1178712715446949.
[I 2023-09-17 20:05:21,743] Trial 4 finished with value: 0.1500127967894077 and parameters: {'n_layers': 1, 'n_units_l0': 7, 'dropout_0': 0.34879561307493434, 'learning_rate': 0.0423122863784074, 'optimizer': 'SGD'}. Best is trial 3 with value: 0.1178712715446949.
[I 2023-09-17 20:05:24,738] Trial 5 pruned.
[I 2023-09-17 20:05:27,573] Trial 6 pruned.
[I 2023-09-17 20:05:30,465] Trial 7 pruned.
[I 2023-09-17 20:05:33,260] Trial 8 pruned.
[I 2023-09-17 20:05:36,085] Trial 9 pruned.
Selected Catagories are:
['LPS_10.000_DMSO_0.025' 'LPS_Nigericin_1.000_1.0_DMSO_0.025']
The dimensions of the data are: (322503, 1270)
Number of total missing values across all columns: 312980
Data Subset Is Off
Wells held out for testing: ['E09' 'K08']
Wells to use for training, validation, and testing ['E02' 'E03' 'E08' 'K02' 'K03' 'K09']
Number of in features:  1245
Number of out features:  2
Binary_Classification
cpu
Validation Accuracy: 95.66756700602537
Validation Loss: 0.11735625925660134
Training Accuracy: 93.75914228723404
Training Loss: 0.15751844913076243
completed
