[NbConvertApp] WARNING | Config option `kernel_spec_manager_class` not recognized by `NbConvertApp`.
[NbConvertApp] Converting notebook ../notebooks/Hyperparameter_Optimization_model_binary.ipynb to script
[NbConvertApp] Writing 8579 bytes to Hyperparameter_Optimization_model_binary.py
cell_type: PBMC control_name: Thapsigargin_1.000_DMSO_0.025 treatment_name: LPS_Nigericin_1.000_1.0_DMSO_0.025
[I 2023-09-17 19:55:45,685] A new study created in memory with name: no-name-2f760a0f-18dc-4854-8d60-3b1550995435
[I 2023-09-17 19:57:40,245] Trial 0 finished with value: 0.2528538211931785 and parameters: {'n_layers': 1, 'n_units_l0': 2, 'dropout_0': 0.252496554247566, 'learning_rate': 0.02267682683327654, 'optimizer': 'Adam'}. Best is trial 0 with value: 0.2528538211931785.
[I 2023-09-17 19:59:25,947] Trial 1 finished with value: 0.39359371960163125 and parameters: {'n_layers': 3, 'n_units_l0': 4, 'dropout_0': 0.1906656713765161, 'n_units_l1': 5, 'dropout_1': 0.3586062920124593, 'n_units_l2': 5, 'dropout_2': 0.20109226299468025, 'learning_rate': 0.05077559488170482, 'optimizer': 'Adam'}. Best is trial 0 with value: 0.2528538211931785.
[I 2023-09-17 20:01:12,735] Trial 2 finished with value: 0.2630980207398534 and parameters: {'n_layers': 3, 'n_units_l0': 3, 'dropout_0': 0.30722897059277765, 'n_units_l1': 8, 'dropout_1': 0.23765330338908222, 'n_units_l2': 4, 'dropout_2': 0.26800587789128993, 'learning_rate': 0.03450387865479854, 'optimizer': 'Adam'}. Best is trial 0 with value: 0.2528538211931785.
[I 2023-09-17 20:02:58,798] Trial 3 finished with value: 0.17923405350496371 and parameters: {'n_layers': 2, 'n_units_l0': 8, 'dropout_0': 0.2359824798451392, 'n_units_l1': 2, 'dropout_1': 0.2324739980711351, 'learning_rate': 0.022871636994112158, 'optimizer': 'RMSprop'}. Best is trial 3 with value: 0.17923405350496371.
[I 2023-09-17 20:04:34,234] Trial 4 finished with value: 0.3315206221987803 and parameters: {'n_layers': 1, 'n_units_l0': 2, 'dropout_0': 0.26729811423497407, 'learning_rate': 0.09917991644090557, 'optimizer': 'Adam'}. Best is trial 3 with value: 0.17923405350496371.
[I 2023-09-17 20:06:25,140] Trial 5 finished with value: 0.18793250676244497 and parameters: {'n_layers': 2, 'n_units_l0': 6, 'dropout_0': 0.1645747753486185, 'n_units_l1': 5, 'dropout_1': 0.27785528084320843, 'learning_rate': 0.03521949195127395, 'optimizer': 'Adam'}. Best is trial 3 with value: 0.17923405350496371.
[I 2023-09-17 20:06:27,272] Trial 6 pruned.
[I 2023-09-17 20:06:29,334] Trial 7 pruned.
[I 2023-09-17 20:08:04,465] Trial 8 finished with value: 0.23226279972741998 and parameters: {'n_layers': 1, 'n_units_l0': 4, 'dropout_0': 0.3500754861564265, 'learning_rate': 0.060331190269862625, 'optimizer': 'Adam'}. Best is trial 3 with value: 0.17923405350496371.
[I 2023-09-17 20:10:01,814] Trial 9 finished with value: 0.16543620699395734 and parameters: {'n_layers': 1, 'n_units_l0': 10, 'dropout_0': 0.3186145968375433, 'learning_rate': 0.03443769256616289, 'optimizer': 'Adam'}. Best is trial 9 with value: 0.16543620699395734.
Selected Catagories are:
['Thapsigargin_1.000_DMSO_0.025' 'LPS_Nigericin_1.000_1.0_DMSO_0.025']
The dimensions of the data are: (314469, 1270)
Number of total missing values across all columns: 296912
Data Subset Is Off
Wells held out for testing: ['K06' 'K09']
Wells to use for training, validation, and testing ['D06' 'D07' 'K02' 'K03' 'K07' 'K08']
Number of in features:  1245
Number of out features:  2
Binary_Classification
cpu
Validation Accuracy: 93.371201218996
Validation Loss: 0.1699684531055391
Training Accuracy: 90.96576864471342
Training Loss: 0.20626081919008984
completed
