[NbConvertApp] WARNING | Config option `kernel_spec_manager_class` not recognized by `NbConvertApp`.
[NbConvertApp] Converting notebook ../notebooks/Hyperparameter_Optimization_model_binary.ipynb to script
[NbConvertApp] Writing 8579 bytes to Hyperparameter_Optimization_model_binary.py
cell_type: SHSY5Y control_name: LPS_0.010_DMSO_0.025 treatment_name: H2O2_100.000_DMSO_0.025
[I 2023-09-19 01:35:20,380] A new study created in memory with name: no-name-51190fb3-574a-4a85-9139-f3acf31f7efe
[I 2023-09-19 01:35:34,738] Trial 0 finished with value: 0.6442486765980721 and parameters: {'n_layers': 3, 'n_units_l0': 4, 'dropout_0': 0.12031289729290166, 'n_units_l1': 7, 'dropout_1': 0.3886953121557185, 'n_units_l2': 2, 'dropout_2': 0.12794383854554955, 'learning_rate': 0.09977834833376133, 'optimizer': 'RMSprop'}. Best is trial 0 with value: 0.6442486765980721.
[I 2023-09-19 01:35:48,789] Trial 1 finished with value: 0.5170086784660817 and parameters: {'n_layers': 3, 'n_units_l0': 6, 'dropout_0': 0.15811020018690303, 'n_units_l1': 7, 'dropout_1': 0.3838579287023445, 'n_units_l2': 9, 'dropout_2': 0.12576755358122366, 'learning_rate': 0.0924406382229856, 'optimizer': 'SGD'}. Best is trial 1 with value: 0.5170086784660817.
[I 2023-09-19 01:36:02,877] Trial 2 finished with value: 0.4630176116526127 and parameters: {'n_layers': 2, 'n_units_l0': 6, 'dropout_0': 0.2825997895536273, 'n_units_l1': 8, 'dropout_1': 0.15059973917783626, 'learning_rate': 0.04509238054939532, 'optimizer': 'Adam'}. Best is trial 2 with value: 0.4630176116526127.
[I 2023-09-19 01:36:16,547] Trial 3 finished with value: 0.5219951435923577 and parameters: {'n_layers': 1, 'n_units_l0': 8, 'dropout_0': 0.17059778057249814, 'learning_rate': 0.09916830841826213, 'optimizer': 'Adam'}. Best is trial 2 with value: 0.4630176116526127.
[I 2023-09-19 01:36:30,617] Trial 4 finished with value: 0.6246335458755493 and parameters: {'n_layers': 2, 'n_units_l0': 6, 'dropout_0': 0.30659869893769987, 'n_units_l1': 10, 'dropout_1': 0.3368975960467968, 'learning_rate': 0.073918842005944, 'optimizer': 'Adam'}. Best is trial 2 with value: 0.4630176116526127.
[I 2023-09-19 01:36:30,878] Trial 5 pruned.
[I 2023-09-19 01:36:45,934] Trial 6 finished with value: 0.49259934946894646 and parameters: {'n_layers': 3, 'n_units_l0': 2, 'dropout_0': 0.21303624006486396, 'n_units_l1': 8, 'dropout_1': 0.2956764289928778, 'n_units_l2': 6, 'dropout_2': 0.33911596457987436, 'learning_rate': 0.03497898385510855, 'optimizer': 'Adam'}. Best is trial 2 with value: 0.4630176116526127.
[I 2023-09-19 01:37:00,063] Trial 7 finished with value: 0.45321619167923927 and parameters: {'n_layers': 1, 'n_units_l0': 2, 'dropout_0': 0.11280479240185215, 'learning_rate': 0.002592794345343692, 'optimizer': 'Adam'}. Best is trial 7 with value: 0.45321619167923927.
[I 2023-09-19 01:37:13,482] Trial 8 finished with value: 0.4929501165449619 and parameters: {'n_layers': 1, 'n_units_l0': 5, 'dropout_0': 0.16868589611359053, 'learning_rate': 0.040651087681896535, 'optimizer': 'RMSprop'}. Best is trial 7 with value: 0.45321619167923927.
[I 2023-09-19 01:37:27,044] Trial 9 finished with value: 0.5009624671936035 and parameters: {'n_layers': 1, 'n_units_l0': 9, 'dropout_0': 0.20180264625766547, 'learning_rate': 0.021026766675326918, 'optimizer': 'RMSprop'}. Best is trial 7 with value: 0.45321619167923927.
Selected Catagories are:
['LPS_0.010_DMSO_0.025' 'H2O2_100.000_DMSO_0.025']
The dimensions of the data are: (42759, 1276)
Number of total missing values across all columns: 85518
Data Subset Is Off
Wells held out for testing: ['B16' 'H22']
Wells to use for training, validation, and testing ['B17' 'H18' 'H19' 'B20' 'B21' 'H23' 'I18' 'I19' 'I22' 'I23']
Number of in features:  1251
Number of out features:  2
Binary_Classification
cpu
Validation Accuracy: 76.81492192018509
Validation Loss: 0.4536628410220146
Training Accuracy: 77.94187181433684
Training Loss: 0.4310880625035081
completed
