[NbConvertApp] WARNING | Config option `kernel_spec_manager_class` not recognized by `NbConvertApp`.
[NbConvertApp] Converting notebook ../notebooks/Hyperparameter_Optimization_model_binary.ipynb to script
[NbConvertApp] Writing 8579 bytes to Hyperparameter_Optimization_model_binary.py
cell_type: PBMC control_name: LPS_100.000_DMSO_0.025 treatment_name: LPS_0.100_DMSO_0.025
[I 2023-09-19 01:21:02,590] A new study created in memory with name: no-name-e0d1c340-f12c-4ee3-b1c7-4b6701b11f72
[I 2023-09-19 01:22:23,590] Trial 0 finished with value: 0.6732561853657599 and parameters: {'n_layers': 3, 'n_units_l0': 3, 'dropout_0': 0.19402151468387907, 'n_units_l1': 5, 'dropout_1': 0.2625906354523734, 'n_units_l2': 6, 'dropout_2': 0.1303064426933943, 'learning_rate': 0.026218111205954475, 'optimizer': 'SGD'}. Best is trial 0 with value: 0.6732561853657599.
[I 2023-09-19 01:23:44,289] Trial 1 finished with value: 0.6324877877857373 and parameters: {'n_layers': 2, 'n_units_l0': 10, 'dropout_0': 0.3604925009859653, 'n_units_l1': 5, 'dropout_1': 0.11959877421874579, 'learning_rate': 0.07650993706411492, 'optimizer': 'SGD'}. Best is trial 1 with value: 0.6324877877857373.
[I 2023-09-19 01:25:04,776] Trial 2 finished with value: 0.6473225906620854 and parameters: {'n_layers': 2, 'n_units_l0': 10, 'dropout_0': 0.17205725285414752, 'n_units_l1': 3, 'dropout_1': 0.32915792888727846, 'learning_rate': 0.06385620371960087, 'optimizer': 'SGD'}. Best is trial 1 with value: 0.6324877877857373.
[I 2023-09-19 01:26:27,685] Trial 3 finished with value: 0.6897488259750862 and parameters: {'n_layers': 3, 'n_units_l0': 3, 'dropout_0': 0.30688710947536263, 'n_units_l1': 2, 'dropout_1': 0.33524990194332804, 'n_units_l2': 5, 'dropout_2': 0.13426076383905813, 'learning_rate': 0.07020145770695788, 'optimizer': 'Adam'}. Best is trial 1 with value: 0.6324877877857373.
[I 2023-09-19 01:27:48,309] Trial 4 finished with value: 0.6642111166663791 and parameters: {'n_layers': 3, 'n_units_l0': 4, 'dropout_0': 0.30602632605241203, 'n_units_l1': 5, 'dropout_1': 0.3879943029444408, 'n_units_l2': 7, 'dropout_2': 0.13209989423536328, 'learning_rate': 0.07683802155105124, 'optimizer': 'SGD'}. Best is trial 1 with value: 0.6324877877857373.
[I 2023-09-19 01:27:56,313] Trial 5 pruned.
[I 2023-09-19 01:29:14,761] Trial 6 finished with value: 0.6477474543322689 and parameters: {'n_layers': 2, 'n_units_l0': 4, 'dropout_0': 0.327303768668987, 'n_units_l1': 2, 'dropout_1': 0.19885767119894365, 'learning_rate': 0.07456637790140054, 'optimizer': 'SGD'}. Best is trial 1 with value: 0.6324877877857373.
[I 2023-09-19 01:29:16,391] Trial 7 pruned.
[I 2023-09-19 01:29:18,056] Trial 8 pruned.
[I 2023-09-19 01:29:19,651] Trial 9 pruned.
Selected Catagories are:
['LPS_0.100_DMSO_0.025' 'LPS_100.000_DMSO_0.025']
The dimensions of the data are: (298032, 1270)
Number of total missing values across all columns: 596064
Data Subset Is Off
Wells held out for testing: ['C08' 'J08']
Wells to use for training, validation, and testing ['C02' 'C03' 'C09' 'J02' 'J03' 'J09']
Number of in features:  1245
Number of out features:  2
Binary_Classification
cpu
Validation Accuracy: 63.84878934088797
Validation Loss: 0.633435967227687
Training Accuracy: 62.31675520141655
Training Loss: 0.6413720325804547
completed
