[NbConvertApp] WARNING | Config option `kernel_spec_manager_class` not recognized by `NbConvertApp`.
[NbConvertApp] Converting notebook ../notebooks/Hyperparameter_Optimization_model_binary.ipynb to script
[NbConvertApp] Writing 8579 bytes to Hyperparameter_Optimization_model_binary.py
cell_type: SHSY5Y control_name: LPS_Nigericin_1.000_10.0_DMSO_0.025 treatment_name: LPS_Nigericin_1.000_3.0_DMSO_0.025
[I 2023-09-17 19:58:14,366] A new study created in memory with name: no-name-f742b8a8-414d-4181-8845-ab0be6b62526
[I 2023-09-17 19:58:21,177] Trial 0 finished with value: 0.7955747620264689 and parameters: {'n_layers': 1, 'n_units_l0': 7, 'dropout_0': 0.1346981658932353, 'learning_rate': 0.07089660630115628, 'optimizer': 'RMSprop'}. Best is trial 0 with value: 0.7955747620264689.
[I 2023-09-17 19:58:27,928] Trial 1 finished with value: 0.6986558711528779 and parameters: {'n_layers': 1, 'n_units_l0': 2, 'dropout_0': 0.3187848231207192, 'learning_rate': 0.07633003304218938, 'optimizer': 'RMSprop'}. Best is trial 1 with value: 0.6986558711528779.
[I 2023-09-17 19:58:34,601] Trial 2 finished with value: 0.6119723423322042 and parameters: {'n_layers': 1, 'n_units_l0': 2, 'dropout_0': 0.1632347508732675, 'learning_rate': 0.0853998295199736, 'optimizer': 'Adam'}. Best is trial 2 with value: 0.6119723423322042.
[I 2023-09-17 19:58:41,466] Trial 3 finished with value: 0.6988092442353566 and parameters: {'n_layers': 2, 'n_units_l0': 10, 'dropout_0': 0.3032158570593272, 'n_units_l1': 9, 'dropout_1': 0.39157382023190934, 'learning_rate': 0.07550022398414126, 'optimizer': 'RMSprop'}. Best is trial 2 with value: 0.6119723423322042.
[I 2023-09-17 19:58:48,875] Trial 4 finished with value: 0.6315637449423471 and parameters: {'n_layers': 3, 'n_units_l0': 7, 'dropout_0': 0.2341632975145714, 'n_units_l1': 9, 'dropout_1': 0.17666135040323688, 'n_units_l2': 7, 'dropout_2': 0.26098294562365654, 'learning_rate': 0.004615122743558416, 'optimizer': 'Adam'}. Best is trial 2 with value: 0.6119723423322042.
[I 2023-09-17 19:58:48,997] Trial 5 pruned.
[I 2023-09-17 19:58:56,169] Trial 6 finished with value: 0.6971293648084004 and parameters: {'n_layers': 3, 'n_units_l0': 9, 'dropout_0': 0.24693346721067666, 'n_units_l1': 10, 'dropout_1': 0.17732534707141712, 'n_units_l2': 7, 'dropout_2': 0.34055703906229806, 'learning_rate': 0.07025144812190515, 'optimizer': 'RMSprop'}. Best is trial 2 with value: 0.6119723423322042.
[I 2023-09-17 19:59:03,079] Trial 7 finished with value: 0.6105100059509279 and parameters: {'n_layers': 2, 'n_units_l0': 2, 'dropout_0': 0.30739648101284656, 'n_units_l1': 6, 'dropout_1': 0.2050986601153052, 'learning_rate': 0.015318076866136567, 'optimizer': 'Adam'}. Best is trial 7 with value: 0.6105100059509279.
[I 2023-09-17 19:59:03,213] Trial 8 pruned.
[I 2023-09-17 19:59:03,332] Trial 9 pruned.
Selected Catagories are:
['LPS_Nigericin_1.000_3.0_DMSO_0.025'
 'LPS_Nigericin_1.000_10.0_DMSO_0.025']
The dimensions of the data are: (28054, 1276)
Number of total missing values across all columns: 0
Data Subset Is Off
Wells held out for testing: ['L16' 'M20']
Wells to use for training, validation, and testing ['M16' 'L17' 'M17' 'L20' 'L21' 'M21']
Number of in features:  1251
Number of out features:  2
Binary_Classification
cpu
Validation Accuracy: 68.61005368472425
Validation Loss: 0.5962772576014201
Training Accuracy: 64.94936554416789
Training Loss: 0.5777416945205015
completed
