[NbConvertApp] WARNING | Config option `kernel_spec_manager_class` not recognized by `NbConvertApp`.
[NbConvertApp] Converting notebook ../notebooks/Hyperparameter_Optimization_model_binary.ipynb to script
[NbConvertApp] Writing 8579 bytes to Hyperparameter_Optimization_model_binary.py
cell_type: SHSY5Y control_name: LPS_Nigericin_1.000_3.0_DMSO_0.025 treatment_name: LPS_Nigericin_1.000_3.0_DMSO_0.025
[I 2023-09-19 00:55:54,557] A new study created in memory with name: no-name-a2e1e2e1-7399-4348-a69e-97372f1bebea
[I 2023-09-19 00:55:58,611] Trial 0 finished with value: 0.01123531912715407 and parameters: {'n_layers': 2, 'n_units_l0': 7, 'dropout_0': 0.3823724615169608, 'n_units_l1': 8, 'dropout_1': 0.270527720925606, 'learning_rate': 0.017023826606585645, 'optimizer': 'RMSprop'}. Best is trial 0 with value: 0.01123531912715407.
[I 2023-09-19 00:56:02,326] Trial 1 finished with value: 1.015112046301365 and parameters: {'n_layers': 2, 'n_units_l0': 8, 'dropout_0': 0.27385856863297303, 'n_units_l1': 5, 'dropout_1': 0.33886197606283375, 'learning_rate': 0.0655344296087984, 'optimizer': 'RMSprop'}. Best is trial 0 with value: 0.01123531912715407.
[I 2023-09-19 00:56:05,936] Trial 2 finished with value: 0.0011549872132422933 and parameters: {'n_layers': 1, 'n_units_l0': 2, 'dropout_0': 0.3969295646649543, 'learning_rate': 0.04770445645852297, 'optimizer': 'SGD'}. Best is trial 2 with value: 0.0011549872132422933.
[I 2023-09-19 00:56:09,735] Trial 3 finished with value: 0.00016866732788912487 and parameters: {'n_layers': 3, 'n_units_l0': 8, 'dropout_0': 0.18626532103018148, 'n_units_l1': 9, 'dropout_1': 0.20840331129457537, 'n_units_l2': 6, 'dropout_2': 0.34346563974411676, 'learning_rate': 0.06585137869425761, 'optimizer': 'SGD'}. Best is trial 3 with value: 0.00016866732788912487.
[I 2023-09-19 00:56:13,370] Trial 4 finished with value: 0.019542980757888843 and parameters: {'n_layers': 1, 'n_units_l0': 2, 'dropout_0': 0.39288180571469067, 'learning_rate': 0.07291425070556216, 'optimizer': 'RMSprop'}. Best is trial 3 with value: 0.00016866732788912487.
[I 2023-09-19 00:56:13,432] Trial 5 pruned.
[I 2023-09-19 00:56:17,128] Trial 6 finished with value: 0.001954120225343594 and parameters: {'n_layers': 1, 'n_units_l0': 7, 'dropout_0': 0.10529274256148063, 'learning_rate': 0.005674744045342167, 'optimizer': 'Adam'}. Best is trial 3 with value: 0.00016866732788912487.
[I 2023-09-19 00:56:17,193] Trial 7 pruned.
[I 2023-09-19 00:56:17,260] Trial 8 pruned.
[I 2023-09-19 00:56:17,325] Trial 9 pruned.
Selected Catagories are:
['LPS_Nigericin_1.000_3.0_DMSO_0.025']
The dimensions of the data are: (13652, 1276)
Number of total missing values across all columns: 0
Data Subset Is Off
Wells held out for testing: ['L21']
Wells to use for training, validation, and testing ['L16' 'L17' 'L20']
Number of in features:  1251
Number of out features:  1
Regression
cpu
Validation Loss: 8.920277437027835e-05
Training Loss: 0.001380591270992429
completed
