[NbConvertApp] WARNING | Config option `kernel_spec_manager_class` not recognized by `NbConvertApp`.
[NbConvertApp] Converting notebook ../notebooks/Hyperparameter_Optimization_model_binary.ipynb to script
[NbConvertApp] Writing 8579 bytes to Hyperparameter_Optimization_model_binary.py
cell_type: PBMC control_name: DMSO_0.100_DMSO_0.025 treatment_name: LPS_0.010_DMSO_0.025
[I 2023-09-19 01:21:48,565] A new study created in memory with name: no-name-3e52538d-7eeb-4501-863c-b7b7c7e113b1
[I 2023-09-19 01:23:52,110] Trial 0 finished with value: 0.3800346456170082 and parameters: {'n_layers': 1, 'n_units_l0': 6, 'dropout_0': 0.24182761003427977, 'learning_rate': 0.02678254196140684, 'optimizer': 'RMSprop'}. Best is trial 0 with value: 0.3800346456170082.
[I 2023-09-19 01:26:03,341] Trial 1 finished with value: 0.6550017330646515 and parameters: {'n_layers': 3, 'n_units_l0': 4, 'dropout_0': 0.35021660586118997, 'n_units_l1': 5, 'dropout_1': 0.24274794892404125, 'n_units_l2': 9, 'dropout_2': 0.19001097362958702, 'learning_rate': 0.07700085394833352, 'optimizer': 'Adam'}. Best is trial 0 with value: 0.3800346456170082.
[I 2023-09-19 01:28:12,396] Trial 2 finished with value: 0.38143067634105676 and parameters: {'n_layers': 3, 'n_units_l0': 3, 'dropout_0': 0.11018218915780781, 'n_units_l1': 2, 'dropout_1': 0.17763588788353224, 'n_units_l2': 7, 'dropout_2': 0.12417163644183096, 'learning_rate': 0.08625513097963278, 'optimizer': 'SGD'}. Best is trial 0 with value: 0.3800346456170082.
[I 2023-09-19 01:30:20,752] Trial 3 finished with value: 0.5993837164640428 and parameters: {'n_layers': 3, 'n_units_l0': 7, 'dropout_0': 0.3742914564430868, 'n_units_l1': 5, 'dropout_1': 0.13729944445465841, 'n_units_l2': 8, 'dropout_2': 0.3268631186148675, 'learning_rate': 0.002309838805089871, 'optimizer': 'SGD'}. Best is trial 0 with value: 0.3800346456170082.
[I 2023-09-19 01:32:27,087] Trial 4 finished with value: 0.3382178075710932 and parameters: {'n_layers': 2, 'n_units_l0': 7, 'dropout_0': 0.3450548763987138, 'n_units_l1': 6, 'dropout_1': 0.14593613750324344, 'learning_rate': 0.06275641015458414, 'optimizer': 'SGD'}. Best is trial 4 with value: 0.3382178075710932.
[I 2023-09-19 01:32:34,784] Trial 5 pruned.
[I 2023-09-19 01:33:10,938] Trial 6 pruned.
[I 2023-09-19 01:33:23,565] Trial 7 pruned.
[I 2023-09-19 01:33:39,372] Trial 8 pruned.
[I 2023-09-19 01:35:41,550] Trial 9 finished with value: 0.3335322485963504 and parameters: {'n_layers': 1, 'n_units_l0': 9, 'dropout_0': 0.32113802824329013, 'learning_rate': 0.03300939277112979, 'optimizer': 'SGD'}. Best is trial 9 with value: 0.3335322485963504.
Selected Catagories are:
['LPS_0.010_DMSO_0.025' 'DMSO_0.100_DMSO_0.025']
The dimensions of the data are: (358210, 1270)
Number of total missing values across all columns: 716420
Data Subset Is Off
Wells held out for testing: ['B09' 'J06']
Wells to use for training, validation, and testing ['B02' 'B03' 'B06' 'C06' 'B07' 'C07' 'B08' 'I06' 'I07' 'J07']
Number of in features:  1245
Number of out features:  2
Binary_Classification
cpu
Validation Accuracy: 85.11823715441902
Validation Loss: 0.3351697189410527
Training Accuracy: 83.12905570551104
Training Loss: 0.36819518839024895
completed
