[NbConvertApp] WARNING | Config option `kernel_spec_manager_class` not recognized by `NbConvertApp`.
[NbConvertApp] Converting notebook ../notebooks/Hyperparameter_Optimization_model_binary.ipynb to script
[NbConvertApp] Writing 8579 bytes to Hyperparameter_Optimization_model_binary.py
cell_type: PBMC control_name: LPS_Nigericin_1.000_3.0_DMSO_0.025 treatment_name: LPS_1.000_DMSO_0.025
[I 2023-09-19 01:15:40,767] A new study created in memory with name: no-name-22da884b-c2f2-4e78-abc8-89ba871dd723
[I 2023-09-19 01:17:14,035] Trial 0 finished with value: 0.2385113127384306 and parameters: {'n_layers': 1, 'n_units_l0': 9, 'dropout_0': 0.1484406132518763, 'learning_rate': 0.050931938589142196, 'optimizer': 'RMSprop'}. Best is trial 0 with value: 0.2385113127384306.
[I 2023-09-19 01:18:48,393] Trial 1 finished with value: 0.17221324755847456 and parameters: {'n_layers': 1, 'n_units_l0': 3, 'dropout_0': 0.19837757971398967, 'learning_rate': 0.009859082375999364, 'optimizer': 'RMSprop'}. Best is trial 1 with value: 0.17221324755847456.
[I 2023-09-19 01:20:24,254] Trial 2 finished with value: 0.15319831860307603 and parameters: {'n_layers': 2, 'n_units_l0': 5, 'dropout_0': 0.34861261909859953, 'n_units_l1': 5, 'dropout_1': 0.24685804038592027, 'learning_rate': 0.05645195929891911, 'optimizer': 'Adam'}. Best is trial 2 with value: 0.15319831860307603.
[I 2023-09-19 01:22:02,477] Trial 3 finished with value: 0.231483885961771 and parameters: {'n_layers': 3, 'n_units_l0': 6, 'dropout_0': 0.3140668308241804, 'n_units_l1': 3, 'dropout_1': 0.3739409773670691, 'n_units_l2': 6, 'dropout_2': 0.1878191693472848, 'learning_rate': 0.03429693099505892, 'optimizer': 'RMSprop'}. Best is trial 2 with value: 0.15319831860307603.
[I 2023-09-19 01:23:35,928] Trial 4 finished with value: 0.14661444604694845 and parameters: {'n_layers': 1, 'n_units_l0': 3, 'dropout_0': 0.23983454660792353, 'learning_rate': 0.0988477908779017, 'optimizer': 'SGD'}. Best is trial 4 with value: 0.14661444604694845.
[I 2023-09-19 01:23:39,673] Trial 5 pruned.
[I 2023-09-19 01:25:15,289] Trial 6 finished with value: 0.1751492470802041 and parameters: {'n_layers': 1, 'n_units_l0': 6, 'dropout_0': 0.20562825525752784, 'learning_rate': 0.09027340038462495, 'optimizer': 'Adam'}. Best is trial 4 with value: 0.14661444604694845.
[I 2023-09-19 01:25:17,201] Trial 7 pruned.
[I 2023-09-19 01:25:19,095] Trial 8 pruned.
[I 2023-09-19 01:25:21,125] Trial 9 pruned.
Selected Catagories are:
['LPS_1.000_DMSO_0.025' 'LPS_Nigericin_1.000_3.0_DMSO_0.025']
The dimensions of the data are: (313694, 1270)
Number of total missing values across all columns: 278866
Data Subset Is Off
Wells held out for testing: ['D09' 'L09']
Wells to use for training, validation, and testing ['D02' 'D03' 'D08' 'L02' 'L03' 'L08']
Number of in features:  1245
Number of out features:  2
Binary_Classification
cpu
Validation Accuracy: 93.67921385742838
Validation Loss: 0.15375704998970033
Training Accuracy: 91.07842769848953
Training Loss: 0.21121048178079835
completed
