[NbConvertApp] WARNING | Config option `kernel_spec_manager_class` not recognized by `NbConvertApp`.
[NbConvertApp] Converting notebook ../notebooks/Hyperparameter_Optimization_model_binary.ipynb to script
[NbConvertApp] Writing 8579 bytes to Hyperparameter_Optimization_model_binary.py
cell_type: SHSY5Y control_name: LPS_1.000_DMSO_0.025 treatment_name: LPS_10.000_DMSO_0.025
[I 2023-09-19 01:11:53,200] A new study created in memory with name: no-name-88f90930-89a4-4531-9dfb-669d8b0cb463
[I 2023-09-19 01:12:01,788] Trial 0 finished with value: 0.690630047718684 and parameters: {'n_layers': 2, 'n_units_l0': 2, 'dropout_0': 0.2119871581912235, 'n_units_l1': 7, 'dropout_1': 0.12191267870814909, 'learning_rate': 0.06989185494751463, 'optimizer': 'RMSprop'}. Best is trial 0 with value: 0.690630047718684.
[I 2023-09-19 01:12:10,373] Trial 1 finished with value: 0.7012746461232503 and parameters: {'n_layers': 2, 'n_units_l0': 9, 'dropout_0': 0.14498737996667985, 'n_units_l1': 6, 'dropout_1': 0.3306084283347426, 'learning_rate': 0.09608494434550578, 'optimizer': 'RMSprop'}. Best is trial 0 with value: 0.690630047718684.
[I 2023-09-19 01:12:19,004] Trial 2 finished with value: 0.6969058485825858 and parameters: {'n_layers': 3, 'n_units_l0': 9, 'dropout_0': 0.25711995563030343, 'n_units_l1': 3, 'dropout_1': 0.36410626644089295, 'n_units_l2': 2, 'dropout_2': 0.11737585813431237, 'learning_rate': 0.026704197935961883, 'optimizer': 'SGD'}. Best is trial 0 with value: 0.690630047718684.
[I 2023-09-19 01:12:27,646] Trial 3 finished with value: 0.6677281824747722 and parameters: {'n_layers': 2, 'n_units_l0': 2, 'dropout_0': 0.2247702682012544, 'n_units_l1': 7, 'dropout_1': 0.3192030445635936, 'learning_rate': 0.030672487125773886, 'optimizer': 'Adam'}. Best is trial 3 with value: 0.6677281824747722.
[I 2023-09-19 01:12:36,225] Trial 4 finished with value: 0.7456568503379821 and parameters: {'n_layers': 1, 'n_units_l0': 10, 'dropout_0': 0.16061522693475377, 'learning_rate': 0.046578759699017855, 'optimizer': 'Adam'}. Best is trial 3 with value: 0.6677281824747722.
[I 2023-09-19 01:12:38,114] Trial 5 pruned.
[I 2023-09-19 01:12:46,560] Trial 6 finished with value: 0.6687749179204306 and parameters: {'n_layers': 1, 'n_units_l0': 7, 'dropout_0': 0.2879100871202084, 'learning_rate': 0.06895191184250515, 'optimizer': 'SGD'}. Best is trial 3 with value: 0.6677281824747722.
[I 2023-09-19 01:12:48,502] Trial 7 pruned.
[I 2023-09-19 01:12:50,374] Trial 8 pruned.
[I 2023-09-19 01:12:52,168] Trial 9 pruned.
Selected Catagories are:
['LPS_1.000_DMSO_0.025' 'LPS_10.000_DMSO_0.025']
The dimensions of the data are: (33268, 1276)
Number of total missing values across all columns: 66536
Data Subset Is Off
Wells held out for testing: ['D20' 'E21']
Wells to use for training, validation, and testing ['D16' 'E16' 'D17' 'E17' 'E20' 'D21']
Number of in features:  1251
Number of out features:  2
Binary_Classification
cpu
Validation Accuracy: 56.62870890136326
Validation Loss: 0.6686659689744313
Training Accuracy: 57.374749298034494
Training Loss: 0.6507270879745484
completed
