[NbConvertApp] WARNING | Config option `kernel_spec_manager_class` not recognized by `NbConvertApp`.
[NbConvertApp] Converting notebook ../notebooks/Hyperparameter_Optimization_model_binary.ipynb to script
[NbConvertApp] Writing 8579 bytes to Hyperparameter_Optimization_model_binary.py
cell_type: SHSY5Y control_name: LPS_Nigericin_1.000_10.0_DMSO_0.025 treatment_name: LPS_Nigericin_1.000_1.0_DMSO_0.025
[I 2023-09-17 19:49:26,160] A new study created in memory with name: no-name-ced8c836-3941-4deb-9fe0-c1c876554fec
[I 2023-09-17 19:49:34,640] Trial 0 finished with value: 0.3878845594326655 and parameters: {'n_layers': 1, 'n_units_l0': 3, 'dropout_0': 0.21812077612249645, 'learning_rate': 0.059312887006271464, 'optimizer': 'RMSprop'}. Best is trial 0 with value: 0.3878845594326655.
[I 2023-09-17 19:49:43,431] Trial 1 finished with value: 0.3541747710108757 and parameters: {'n_layers': 3, 'n_units_l0': 6, 'dropout_0': 0.260450612003372, 'n_units_l1': 7, 'dropout_1': 0.10381531886512213, 'n_units_l2': 8, 'dropout_2': 0.21336268601579922, 'learning_rate': 0.06052037388440198, 'optimizer': 'SGD'}. Best is trial 1 with value: 0.3541747710108757.
[I 2023-09-17 19:49:51,839] Trial 2 finished with value: 0.2660070248444875 and parameters: {'n_layers': 2, 'n_units_l0': 9, 'dropout_0': 0.2060696372890109, 'n_units_l1': 9, 'dropout_1': 0.30758285096516347, 'learning_rate': 0.06719754557139977, 'optimizer': 'SGD'}. Best is trial 2 with value: 0.2660070248444875.
[I 2023-09-17 19:50:00,502] Trial 3 finished with value: 0.22837627629439042 and parameters: {'n_layers': 2, 'n_units_l0': 10, 'dropout_0': 0.34998814877510503, 'n_units_l1': 7, 'dropout_1': 0.2528983246574864, 'learning_rate': 0.049546250527201956, 'optimizer': 'Adam'}. Best is trial 3 with value: 0.22837627629439042.
[I 2023-09-17 19:50:09,120] Trial 4 finished with value: 0.64916876912117 and parameters: {'n_layers': 3, 'n_units_l0': 8, 'dropout_0': 0.3318615466746542, 'n_units_l1': 9, 'dropout_1': 0.3473694650005445, 'n_units_l2': 5, 'dropout_2': 0.1396777186292189, 'learning_rate': 0.009584087356206836, 'optimizer': 'SGD'}. Best is trial 3 with value: 0.22837627629439042.
[I 2023-09-17 19:50:09,279] Trial 5 pruned.
[I 2023-09-17 19:50:09,429] Trial 6 pruned.
[I 2023-09-17 19:50:18,048] Trial 7 finished with value: 0.22722352385520936 and parameters: {'n_layers': 2, 'n_units_l0': 4, 'dropout_0': 0.33245306844584177, 'n_units_l1': 6, 'dropout_1': 0.14627950288468436, 'learning_rate': 0.0556847807526126, 'optimizer': 'Adam'}. Best is trial 7 with value: 0.22722352385520936.
[I 2023-09-17 19:50:26,406] Trial 8 finished with value: 0.28131239821513493 and parameters: {'n_layers': 1, 'n_units_l0': 7, 'dropout_0': 0.2948122283847524, 'learning_rate': 0.03523134354981773, 'optimizer': 'SGD'}. Best is trial 7 with value: 0.22722352385520936.
[I 2023-09-17 19:50:34,622] Trial 9 finished with value: 0.21625835478305813 and parameters: {'n_layers': 1, 'n_units_l0': 4, 'dropout_0': 0.19197617201675743, 'learning_rate': 0.032666611501255834, 'optimizer': 'Adam'}. Best is trial 9 with value: 0.21625835478305813.
Selected Catagories are:
['LPS_Nigericin_1.000_1.0_DMSO_0.025'
 'LPS_Nigericin_1.000_10.0_DMSO_0.025']
The dimensions of the data are: (30620, 1276)
Number of total missing values across all columns: 0
Data Subset Is Off
Wells held out for testing: ['M16' 'K20']
Wells to use for training, validation, and testing ['K16' 'K17' 'M17' 'M20' 'K21' 'M21']
Number of in features:  1251
Number of out features:  2
Binary_Classification
cpu
Validation Accuracy: 91.07334211682037
Validation Loss: 0.22602270215749745
Training Accuracy: 91.25507851103546
Training Loss: 0.19110929124057294
completed
