[NbConvertApp] WARNING | Config option `kernel_spec_manager_class` not recognized by `NbConvertApp`.
[NbConvertApp] Converting notebook ../notebooks/Hyperparameter_Optimization_model_binary.ipynb to script
[NbConvertApp] Writing 8579 bytes to Hyperparameter_Optimization_model_binary.py
cell_type: PBMC control_name: LPS_Nigericin_1.000_3.0_DMSO_0.025 treatment_name: H2O2_100.000_DMSO_0.025
[I 2023-09-17 20:39:14,976] A new study created in memory with name: no-name-776b54ba-a9a2-4609-8868-dbcef3001f00
[I 2023-09-17 20:41:24,402] Trial 0 finished with value: 0.338732792919173 and parameters: {'n_layers': 3, 'n_units_l0': 6, 'dropout_0': 0.3096904400997057, 'n_units_l1': 5, 'dropout_1': 0.25444641246641, 'n_units_l2': 8, 'dropout_2': 0.3955847262586596, 'learning_rate': 0.03478714769004339, 'optimizer': 'RMSprop'}. Best is trial 0 with value: 0.338732792919173.
[I 2023-09-17 20:43:30,916] Trial 1 finished with value: 0.18306840867242397 and parameters: {'n_layers': 2, 'n_units_l0': 2, 'dropout_0': 0.21021066331116897, 'n_units_l1': 4, 'dropout_1': 0.2285591506808849, 'learning_rate': 0.06878173407705267, 'optimizer': 'Adam'}. Best is trial 1 with value: 0.18306840867242397.
[I 2023-09-17 20:45:43,961] Trial 2 finished with value: 0.11653143530382827 and parameters: {'n_layers': 3, 'n_units_l0': 10, 'dropout_0': 0.11333448522404355, 'n_units_l1': 5, 'dropout_1': 0.3871639854871811, 'n_units_l2': 4, 'dropout_2': 0.23504277355542005, 'learning_rate': 0.027077845180364928, 'optimizer': 'Adam'}. Best is trial 2 with value: 0.11653143530382827.
[I 2023-09-17 20:47:46,919] Trial 3 finished with value: 0.3095285619181745 and parameters: {'n_layers': 1, 'n_units_l0': 4, 'dropout_0': 0.33214268706937267, 'learning_rate': 0.08995909945944978, 'optimizer': 'RMSprop'}. Best is trial 2 with value: 0.11653143530382827.
[I 2023-09-17 20:49:55,287] Trial 4 finished with value: 0.18149535032756184 and parameters: {'n_layers': 2, 'n_units_l0': 3, 'dropout_0': 0.31422769550947394, 'n_units_l1': 7, 'dropout_1': 0.39110114489557535, 'learning_rate': 0.00494982344589954, 'optimizer': 'Adam'}. Best is trial 2 with value: 0.11653143530382827.
[I 2023-09-17 20:52:05,314] Trial 5 finished with value: 0.09813674895421545 and parameters: {'n_layers': 3, 'n_units_l0': 10, 'dropout_0': 0.23537895300994796, 'n_units_l1': 8, 'dropout_1': 0.3268765569350705, 'n_units_l2': 5, 'dropout_2': 0.1427239352170023, 'learning_rate': 0.09808918230048008, 'optimizer': 'SGD'}. Best is trial 5 with value: 0.09813674895421545.
[I 2023-09-17 20:52:07,775] Trial 6 pruned.
[I 2023-09-17 20:52:10,325] Trial 7 pruned.
[I 2023-09-17 20:52:12,748] Trial 8 pruned.
[I 2023-09-17 20:54:16,311] Trial 9 finished with value: 0.1517038699370973 and parameters: {'n_layers': 1, 'n_units_l0': 2, 'dropout_0': 0.1275118706828981, 'learning_rate': 0.08451763428273902, 'optimizer': 'Adam'}. Best is trial 5 with value: 0.09813674895421545.
Selected Catagories are:
['H2O2_100.000_DMSO_0.025' 'LPS_Nigericin_1.000_3.0_DMSO_0.025']
The dimensions of the data are: (414797, 1270)
Number of total missing values across all columns: 481072
Data Subset Is Off
Wells held out for testing: ['I10' 'L08']
Wells to use for training, validation, and testing ['H04' 'I04' 'H05' 'I05' 'H10' 'H11' 'I11' 'L02' 'L03' 'L09']
Number of in features:  1245
Number of out features:  2
Binary_Classification
cpu
Validation Accuracy: 95.93063413484208
Validation Loss: 0.12268455132842064
Training Accuracy: 94.46750797474604
Training Loss: 0.15334836708107857
completed
