[NbConvertApp] WARNING | Config option `kernel_spec_manager_class` not recognized by `NbConvertApp`.
[NbConvertApp] Converting notebook ../notebooks/Hyperparameter_Optimization_model_binary.ipynb to script
[NbConvertApp] Writing 8579 bytes to Hyperparameter_Optimization_model_binary.py
cell_type: PBMC control_name: LPS_Nigericin_1.000_1.0_DMSO_0.025 treatment_name: LPS_0.100_DMSO_0.025
[I 2023-09-17 20:23:19,597] A new study created in memory with name: no-name-a68f4a0f-dc13-4305-a1dc-0b98f87e0b21
[I 2023-09-17 20:24:55,831] Trial 0 finished with value: 0.30619999833728956 and parameters: {'n_layers': 1, 'n_units_l0': 3, 'dropout_0': 0.17743528975077183, 'learning_rate': 0.04763667692333383, 'optimizer': 'Adam'}. Best is trial 0 with value: 0.30619999833728956.
[I 2023-09-17 20:26:30,616] Trial 1 finished with value: 0.3281185740750769 and parameters: {'n_layers': 1, 'n_units_l0': 3, 'dropout_0': 0.2236587140702349, 'learning_rate': 0.04780947744894291, 'optimizer': 'RMSprop'}. Best is trial 0 with value: 0.30619999833728956.
[I 2023-09-17 20:28:06,158] Trial 2 finished with value: 0.28151217814372936 and parameters: {'n_layers': 1, 'n_units_l0': 8, 'dropout_0': 0.22500382337495295, 'learning_rate': 0.03184183568420945, 'optimizer': 'RMSprop'}. Best is trial 2 with value: 0.28151217814372936.
[I 2023-09-17 20:29:43,399] Trial 3 finished with value: 0.5766065403689509 and parameters: {'n_layers': 2, 'n_units_l0': 5, 'dropout_0': 0.2864164499603531, 'n_units_l1': 7, 'dropout_1': 0.22627342816845908, 'learning_rate': 0.09599655464537574, 'optimizer': 'Adam'}. Best is trial 2 with value: 0.28151217814372936.
[I 2023-09-17 20:31:19,031] Trial 4 finished with value: 0.2983581499690595 and parameters: {'n_layers': 1, 'n_units_l0': 3, 'dropout_0': 0.1786725884443207, 'learning_rate': 0.005667655225614786, 'optimizer': 'RMSprop'}. Best is trial 2 with value: 0.28151217814372936.
[I 2023-09-17 20:31:23,068] Trial 5 pruned.
[I 2023-09-17 20:31:24,895] Trial 6 pruned.
[I 2023-09-17 20:31:26,728] Trial 7 pruned.
[I 2023-09-17 20:31:28,507] Trial 8 pruned.
[I 2023-09-17 20:31:30,379] Trial 9 pruned.
Selected Catagories are:
['LPS_0.100_DMSO_0.025' 'LPS_Nigericin_1.000_1.0_DMSO_0.025']
The dimensions of the data are: (304610, 1270)
Number of total missing values across all columns: 277194
Data Subset Is Off
Wells held out for testing: ['C08' 'K08']
Wells to use for training, validation, and testing ['C02' 'C03' 'C09' 'K02' 'K03' 'K09']
Number of in features:  1245
Number of out features:  2
Binary_Classification
cpu
Validation Accuracy: 89.46181373832592
Validation Loss: 0.28552890443283574
Training Accuracy: 87.55037178067394
Training Loss: 0.3077424452000338
completed
