[NbConvertApp] WARNING | Config option `kernel_spec_manager_class` not recognized by `NbConvertApp`.
[NbConvertApp] Converting notebook ../notebooks/Hyperparameter_Optimization_model_binary.ipynb to script
[NbConvertApp] Writing 8579 bytes to Hyperparameter_Optimization_model_binary.py
cell_type: SHSY5Y control_name: LPS_Nigericin_1.000_1.0_DMSO_0.025 treatment_name: LPS_0.010_DMSO_0.025
[I 2023-09-17 20:26:56,895] A new study created in memory with name: no-name-2b63a682-56c7-4a3e-9414-a376c508e2ca
[I 2023-09-17 20:27:06,401] Trial 0 finished with value: 0.239982990026474 and parameters: {'n_layers': 3, 'n_units_l0': 10, 'dropout_0': 0.1065796874291065, 'n_units_l1': 7, 'dropout_1': 0.20130979642108013, 'n_units_l2': 5, 'dropout_2': 0.3004794312254189, 'learning_rate': 0.005412002414206462, 'optimizer': 'RMSprop'}. Best is trial 0 with value: 0.239982990026474.
[I 2023-09-17 20:27:14,692] Trial 1 finished with value: 0.27481830726067225 and parameters: {'n_layers': 2, 'n_units_l0': 2, 'dropout_0': 0.26830772575951634, 'n_units_l1': 10, 'dropout_1': 0.12875095639099277, 'learning_rate': 0.03141314156002505, 'optimizer': 'SGD'}. Best is trial 0 with value: 0.239982990026474.
[I 2023-09-17 20:27:23,311] Trial 2 finished with value: 0.20271434858441353 and parameters: {'n_layers': 1, 'n_units_l0': 7, 'dropout_0': 0.30346216571011914, 'learning_rate': 0.011337159414377308, 'optimizer': 'Adam'}. Best is trial 2 with value: 0.20271434858441353.
[I 2023-09-17 20:27:31,897] Trial 3 finished with value: 0.27263608331481615 and parameters: {'n_layers': 3, 'n_units_l0': 10, 'dropout_0': 0.3178506886669883, 'n_units_l1': 4, 'dropout_1': 0.20696866615261883, 'n_units_l2': 2, 'dropout_2': 0.149132228703512, 'learning_rate': 0.07450757023098967, 'optimizer': 'SGD'}. Best is trial 2 with value: 0.20271434858441353.
[I 2023-09-17 20:27:40,469] Trial 4 finished with value: 0.27654570470253625 and parameters: {'n_layers': 2, 'n_units_l0': 3, 'dropout_0': 0.10641183343696148, 'n_units_l1': 4, 'dropout_1': 0.2118453325384464, 'learning_rate': 0.03845802177214688, 'optimizer': 'RMSprop'}. Best is trial 2 with value: 0.20271434858441353.
[I 2023-09-17 20:27:48,777] Trial 5 finished with value: 0.16810174778103829 and parameters: {'n_layers': 1, 'n_units_l0': 7, 'dropout_0': 0.20011600448138472, 'learning_rate': 0.09358496357347078, 'optimizer': 'SGD'}. Best is trial 5 with value: 0.16810174778103829.
[I 2023-09-17 20:27:53,289] Trial 6 pruned.
[I 2023-09-17 20:27:53,530] Trial 7 pruned.
[I 2023-09-17 20:27:53,671] Trial 8 pruned.
[I 2023-09-17 20:28:02,247] Trial 9 finished with value: 0.2523114893833796 and parameters: {'n_layers': 2, 'n_units_l0': 10, 'dropout_0': 0.12923691349878091, 'n_units_l1': 3, 'dropout_1': 0.12161167717644158, 'learning_rate': 0.007181309240797837, 'optimizer': 'RMSprop'}. Best is trial 5 with value: 0.16810174778103829.
Selected Catagories are:
['LPS_0.010_DMSO_0.025' 'LPS_Nigericin_1.000_1.0_DMSO_0.025']
The dimensions of the data are: (32077, 1276)
Number of total missing values across all columns: 31718
Data Subset Is Off
Wells held out for testing: ['B20' 'K16']
Wells to use for training, validation, and testing ['B16' 'B17' 'B21' 'K17' 'K20' 'K21']
Number of in features:  1251
Number of out features:  2
Binary_Classification
cpu
Validation Accuracy: 93.42857142857143
Validation Loss: 0.1725345121820768
Training Accuracy: 94.03003314001657
Training Loss: 0.15556550765782592
completed
