[NbConvertApp] WARNING | Config option `kernel_spec_manager_class` not recognized by `NbConvertApp`.
[NbConvertApp] Converting notebook ../notebooks/Hyperparameter_Optimization_model_binary.ipynb to script
[NbConvertApp] Writing 8579 bytes to Hyperparameter_Optimization_model_binary.py
cell_type: PBMC control_name: DMSO_0.100_DMSO_0.025 treatment_name: LPS_Nigericin_1.000_3.0_DMSO_0.025
[I 2023-09-17 19:58:05,460] A new study created in memory with name: no-name-4068f473-018a-4ba0-b17a-3805e423d3f6
[I 2023-09-17 20:00:32,714] Trial 0 finished with value: 0.12991915794089437 and parameters: {'n_layers': 1, 'n_units_l0': 2, 'dropout_0': 0.2958012697781758, 'learning_rate': 0.04388369259389789, 'optimizer': 'SGD'}. Best is trial 0 with value: 0.12991915794089437.
[I 2023-09-17 20:03:12,560] Trial 1 finished with value: 0.4737484521092847 and parameters: {'n_layers': 3, 'n_units_l0': 7, 'dropout_0': 0.16500437561346215, 'n_units_l1': 9, 'dropout_1': 0.33509741954714833, 'n_units_l2': 5, 'dropout_2': 0.10439674018370522, 'learning_rate': 0.08957905198588192, 'optimizer': 'Adam'}. Best is trial 0 with value: 0.12991915794089437.
[I 2023-09-17 20:05:44,673] Trial 2 finished with value: 0.09222270590718835 and parameters: {'n_layers': 2, 'n_units_l0': 7, 'dropout_0': 0.31115514655246646, 'n_units_l1': 10, 'dropout_1': 0.34468682954673735, 'learning_rate': 0.021042671684132593, 'optimizer': 'RMSprop'}. Best is trial 2 with value: 0.09222270590718835.
[I 2023-09-17 20:08:21,876] Trial 3 finished with value: 0.07507110178470612 and parameters: {'n_layers': 3, 'n_units_l0': 6, 'dropout_0': 0.12575951529256613, 'n_units_l1': 4, 'dropout_1': 0.27229432105592055, 'n_units_l2': 4, 'dropout_2': 0.13570149417978514, 'learning_rate': 0.002341459031962127, 'optimizer': 'RMSprop'}. Best is trial 3 with value: 0.07507110178470612.
[I 2023-09-17 20:10:52,139] Trial 4 finished with value: 0.0741280415467918 and parameters: {'n_layers': 1, 'n_units_l0': 9, 'dropout_0': 0.2926173761756703, 'learning_rate': 0.013649249672983753, 'optimizer': 'Adam'}. Best is trial 4 with value: 0.0741280415467918.
[I 2023-09-17 20:10:55,443] Trial 5 pruned.
[I 2023-09-17 20:13:32,809] Trial 6 finished with value: 0.08560354299843312 and parameters: {'n_layers': 1, 'n_units_l0': 7, 'dropout_0': 0.33848847079859457, 'learning_rate': 0.015683206962069277, 'optimizer': 'RMSprop'}. Best is trial 4 with value: 0.0741280415467918.
[I 2023-09-17 20:13:35,553] Trial 7 pruned.
[I 2023-09-17 20:16:17,609] Trial 8 finished with value: 0.0854570268234238 and parameters: {'n_layers': 1, 'n_units_l0': 7, 'dropout_0': 0.3725006050865832, 'learning_rate': 0.014939502574628172, 'optimizer': 'Adam'}. Best is trial 4 with value: 0.0741280415467918.
[I 2023-09-17 20:16:20,669] Trial 9 pruned.
Selected Catagories are:
['DMSO_0.100_DMSO_0.025' 'LPS_Nigericin_1.000_3.0_DMSO_0.025']
The dimensions of the data are: (389391, 1270)
Number of total missing values across all columns: 430260
Data Subset Is Off
Wells held out for testing: ['J06' 'L08']
Wells to use for training, validation, and testing ['B06' 'C06' 'B07' 'C07' 'I06' 'I07' 'J07' 'L02' 'L03' 'L09']
Number of in features:  1245
Number of out features:  2
Binary_Classification
cpu
Validation Accuracy: 97.24628288219596
Validation Loss: 0.0762127632717602
Training Accuracy: 96.51226738044369
Training Loss: 0.09453986539283678
completed
