[NbConvertApp] WARNING | Config option `kernel_spec_manager_class` not recognized by `NbConvertApp`.
[NbConvertApp] Converting notebook ../notebooks/Hyperparameter_Optimization_model_binary.ipynb to script
[NbConvertApp] Writing 8579 bytes to Hyperparameter_Optimization_model_binary.py
cell_type: PBMC control_name: LPS_Nigericin_1.000_3.0_DMSO_0.025 treatment_name: LPS_Nigericin_1.000_10.0_DMSO_0.025
[I 2023-09-19 01:03:27,993] A new study created in memory with name: no-name-5ac497b5-36da-4327-b4a0-6bfc29746aa4
[I 2023-09-19 01:05:17,673] Trial 0 finished with value: 0.6152432053003991 and parameters: {'n_layers': 3, 'n_units_l0': 7, 'dropout_0': 0.10008646343974978, 'n_units_l1': 10, 'dropout_1': 0.10587556283699318, 'n_units_l2': 5, 'dropout_2': 0.32899846727973947, 'learning_rate': 0.07141498862562773, 'optimizer': 'SGD'}. Best is trial 0 with value: 0.6152432053003991.
[I 2023-09-19 01:07:06,313] Trial 1 finished with value: 0.623151633484023 and parameters: {'n_layers': 3, 'n_units_l0': 10, 'dropout_0': 0.35083902750820506, 'n_units_l1': 4, 'dropout_1': 0.2708458287273072, 'n_units_l2': 9, 'dropout_2': 0.19471248648928557, 'learning_rate': 0.0720709013755034, 'optimizer': 'SGD'}. Best is trial 0 with value: 0.6152432053003991.
[I 2023-09-19 01:08:49,615] Trial 2 finished with value: 0.6088757643529347 and parameters: {'n_layers': 1, 'n_units_l0': 6, 'dropout_0': 0.32965785408886217, 'learning_rate': 0.09100731601847435, 'optimizer': 'SGD'}. Best is trial 2 with value: 0.6088757643529347.
[I 2023-09-19 01:10:34,431] Trial 3 finished with value: 0.6645042591861315 and parameters: {'n_layers': 2, 'n_units_l0': 2, 'dropout_0': 0.29754941951904007, 'n_units_l1': 4, 'dropout_1': 0.383985967782591, 'learning_rate': 0.04252725662951397, 'optimizer': 'SGD'}. Best is trial 2 with value: 0.6088757643529347.
[I 2023-09-19 01:12:19,589] Trial 4 finished with value: 0.7039564157383782 and parameters: {'n_layers': 1, 'n_units_l0': 7, 'dropout_0': 0.2149681743374491, 'learning_rate': 0.08489099092468347, 'optimizer': 'RMSprop'}. Best is trial 2 with value: 0.6088757643529347.
[I 2023-09-19 01:12:21,815] Trial 5 pruned.
[I 2023-09-19 01:14:07,624] Trial 6 finished with value: 0.6008760734541075 and parameters: {'n_layers': 2, 'n_units_l0': 9, 'dropout_0': 0.2008168383847172, 'n_units_l1': 10, 'dropout_1': 0.3759323943204762, 'learning_rate': 0.0846487852032451, 'optimizer': 'SGD'}. Best is trial 6 with value: 0.6008760734541075.
[I 2023-09-19 01:14:09,794] Trial 7 pruned.
[I 2023-09-19 01:14:25,266] Trial 8 pruned.
[I 2023-09-19 01:16:08,613] Trial 9 finished with value: 0.6083731104220663 and parameters: {'n_layers': 1, 'n_units_l0': 9, 'dropout_0': 0.28939441931888227, 'learning_rate': 0.04907490974506032, 'optimizer': 'SGD'}. Best is trial 6 with value: 0.6008760734541075.
Selected Catagories are:
['LPS_Nigericin_1.000_3.0_DMSO_0.025'
 'LPS_Nigericin_1.000_10.0_DMSO_0.025']
The dimensions of the data are: (355427, 1270)
Number of total missing values across all columns: 0
Data Subset Is Off
Wells held out for testing: ['M08' 'L09']
Wells to use for training, validation, and testing ['L02' 'M02' 'L03' 'M03' 'L08' 'M09']
Number of in features:  1245
Number of out features:  2
Binary_Classification
cpu
Validation Accuracy: 66.15127586459019
Validation Loss: 0.6097035917639733
Training Accuracy: 63.80767367680257
Training Loss: 0.626759045107724
completed
