[NbConvertApp] WARNING | Config option `kernel_spec_manager_class` not recognized by `NbConvertApp`.
[NbConvertApp] Converting notebook ../notebooks/Hyperparameter_Optimization_model_binary.ipynb to script
[NbConvertApp] Writing 8579 bytes to Hyperparameter_Optimization_model_binary.py
cell_type: SHSY5Y control_name: LPS_0.100_DMSO_0.025 treatment_name: LPS_0.010_DMSO_0.025
[I 2023-09-19 01:23:20,420] A new study created in memory with name: no-name-8b0583e7-327c-4178-9fdd-33883411a051
[I 2023-09-19 01:23:29,450] Trial 0 finished with value: 0.6166957875092824 and parameters: {'n_layers': 2, 'n_units_l0': 2, 'dropout_0': 0.2706106006553496, 'n_units_l1': 4, 'dropout_1': 0.29805697794447483, 'learning_rate': 0.0033841638324039747, 'optimizer': 'RMSprop'}. Best is trial 0 with value: 0.6166957875092824.
[I 2023-09-19 01:23:38,040] Trial 1 finished with value: 0.7048629319667817 and parameters: {'n_layers': 1, 'n_units_l0': 5, 'dropout_0': 0.22524167598333483, 'learning_rate': 0.046098640741525344, 'optimizer': 'RMSprop'}. Best is trial 0 with value: 0.6166957875092824.
[I 2023-09-19 01:23:47,142] Trial 2 finished with value: 0.6354762121041617 and parameters: {'n_layers': 3, 'n_units_l0': 2, 'dropout_0': 0.35519783332552024, 'n_units_l1': 2, 'dropout_1': 0.13909674276849196, 'n_units_l2': 7, 'dropout_2': 0.3967196169275399, 'learning_rate': 0.017498580223586278, 'optimizer': 'Adam'}. Best is trial 0 with value: 0.6166957875092824.
[I 2023-09-19 01:23:55,701] Trial 3 finished with value: 0.6424075468381247 and parameters: {'n_layers': 1, 'n_units_l0': 3, 'dropout_0': 0.2699400055096425, 'learning_rate': 0.019281070287379652, 'optimizer': 'SGD'}. Best is trial 0 with value: 0.6166957875092824.
[I 2023-09-19 01:24:04,248] Trial 4 finished with value: 0.6085333327452342 and parameters: {'n_layers': 1, 'n_units_l0': 8, 'dropout_0': 0.33585538181040564, 'learning_rate': 0.0516702601942556, 'optimizer': 'SGD'}. Best is trial 4 with value: 0.6085333327452342.
[I 2023-09-19 01:24:04,492] Trial 5 pruned.
[I 2023-09-19 01:24:13,641] Trial 6 finished with value: 0.5990930302937826 and parameters: {'n_layers': 3, 'n_units_l0': 4, 'dropout_0': 0.3734088090921741, 'n_units_l1': 8, 'dropout_1': 0.3650929621350676, 'n_units_l2': 4, 'dropout_2': 0.17622954807645813, 'learning_rate': 0.00638142991426005, 'optimizer': 'Adam'}. Best is trial 6 with value: 0.5990930302937826.
[I 2023-09-19 01:24:13,882] Trial 7 pruned.
[I 2023-09-19 01:24:22,965] Trial 8 finished with value: 0.61479208389918 and parameters: {'n_layers': 3, 'n_units_l0': 5, 'dropout_0': 0.2840569271765637, 'n_units_l1': 2, 'dropout_1': 0.36753324958891986, 'n_units_l2': 5, 'dropout_2': 0.12737753270161353, 'learning_rate': 0.023989139872666727, 'optimizer': 'Adam'}. Best is trial 6 with value: 0.5990930302937826.
[I 2023-09-19 01:24:23,218] Trial 9 pruned.
Selected Catagories are:
['LPS_0.010_DMSO_0.025' 'LPS_0.100_DMSO_0.025']
The dimensions of the data are: (33369, 1276)
Number of total missing values across all columns: 66738
Data Subset Is Off
Wells held out for testing: ['B20' 'C21']
Wells to use for training, validation, and testing ['B16' 'C16' 'B17' 'C17' 'C20' 'B21']
Number of in features:  1251
Number of out features:  2
Binary_Classification
cpu
Validation Accuracy: 69.12728719172632
Validation Loss: 0.582488614320755
Training Accuracy: 65.9435050726079
Training Loss: 0.5863058946246192
completed
