[NbConvertApp] WARNING | Config option `kernel_spec_manager_class` not recognized by `NbConvertApp`.
[NbConvertApp] Converting notebook ../notebooks/Hyperparameter_Optimization_model_binary.ipynb to script
[NbConvertApp] Writing 8579 bytes to Hyperparameter_Optimization_model_binary.py
cell_type: SHSY5Y control_name: Thapsigargin_10.000_DMSO_0.025 treatment_name: Flagellin_0.100_DMSO_0.025
[I 2023-09-17 19:38:32,754] A new study created in memory with name: no-name-bb4d0c69-6197-4720-8ff5-0f31867f11ed
[I 2023-09-17 19:38:41,684] Trial 0 finished with value: 0.3607885461052258 and parameters: {'n_layers': 2, 'n_units_l0': 5, 'dropout_0': 0.23490238090917182, 'n_units_l1': 6, 'dropout_1': 0.17000320996199153, 'learning_rate': 0.09488637358212326, 'optimizer': 'SGD'}. Best is trial 0 with value: 0.3607885461052258.
[I 2023-09-17 19:38:50,252] Trial 1 finished with value: 0.6634470518430072 and parameters: {'n_layers': 3, 'n_units_l0': 4, 'dropout_0': 0.2403045137626402, 'n_units_l1': 7, 'dropout_1': 0.2711508956640288, 'n_units_l2': 9, 'dropout_2': 0.15591993144847882, 'learning_rate': 0.06843219906484625, 'optimizer': 'RMSprop'}. Best is trial 0 with value: 0.3607885461052258.
[I 2023-09-17 19:38:58,743] Trial 2 finished with value: 0.5319182282686232 and parameters: {'n_layers': 2, 'n_units_l0': 6, 'dropout_0': 0.2950850212507636, 'n_units_l1': 4, 'dropout_1': 0.11675855376958363, 'learning_rate': 0.06372816835347318, 'optimizer': 'RMSprop'}. Best is trial 0 with value: 0.3607885461052258.
[I 2023-09-17 19:39:07,246] Trial 3 finished with value: 0.2854296536246936 and parameters: {'n_layers': 2, 'n_units_l0': 7, 'dropout_0': 0.2738978896909057, 'n_units_l1': 9, 'dropout_1': 0.1225305685879315, 'learning_rate': 0.06978520867022411, 'optimizer': 'SGD'}. Best is trial 3 with value: 0.2854296536246936.
[I 2023-09-17 19:39:15,679] Trial 4 finished with value: 0.26247712075710294 and parameters: {'n_layers': 1, 'n_units_l0': 7, 'dropout_0': 0.3038625113168767, 'learning_rate': 0.050700699638519794, 'optimizer': 'Adam'}. Best is trial 4 with value: 0.26247712075710294.
[I 2023-09-17 19:39:24,319] Trial 5 finished with value: 0.2983129992087682 and parameters: {'n_layers': 2, 'n_units_l0': 10, 'dropout_0': 0.303769769210545, 'n_units_l1': 7, 'dropout_1': 0.18224093563027316, 'learning_rate': 0.06666369846245676, 'optimizer': 'Adam'}. Best is trial 4 with value: 0.26247712075710294.
[I 2023-09-17 19:39:24,475] Trial 6 pruned.
[I 2023-09-17 19:39:33,297] Trial 7 finished with value: 0.2840108154217402 and parameters: {'n_layers': 3, 'n_units_l0': 8, 'dropout_0': 0.17944694362305907, 'n_units_l1': 8, 'dropout_1': 0.19442386276589257, 'n_units_l2': 10, 'dropout_2': 0.1796921522694387, 'learning_rate': 0.007230328655421511, 'optimizer': 'Adam'}. Best is trial 4 with value: 0.26247712075710294.
[I 2023-09-17 19:39:41,402] Trial 8 finished with value: 0.22562177181243892 and parameters: {'n_layers': 1, 'n_units_l0': 9, 'dropout_0': 0.19204221318922432, 'learning_rate': 0.09470502019516926, 'optimizer': 'SGD'}. Best is trial 8 with value: 0.22562177181243892.
[I 2023-09-17 19:39:41,642] Trial 9 pruned.
Selected Catagories are:
['Thapsigargin_10.000_DMSO_0.025' 'Flagellin_0.100_DMSO_0.025']
The dimensions of the data are: (28140, 1276)
Number of total missing values across all columns: 56280
Data Subset Is Off
Wells held out for testing: ['E14' 'L22']
Wells to use for training, validation, and testing ['E15' 'L14' 'L15' 'L18' 'L19' 'L23']
Number of in features:  1251
Number of out features:  2
Binary_Classification
cpu
Validation Accuracy: 91.33333333333334
Validation Loss: 0.236812264919281
Training Accuracy: 92.61219290263877
Training Loss: 0.18511419233153853
completed
