[NbConvertApp] WARNING | Config option `kernel_spec_manager_class` not recognized by `NbConvertApp`.
[NbConvertApp] Converting notebook ../notebooks/Hyperparameter_Optimization_model_binary.ipynb to script
[NbConvertApp] Writing 8579 bytes to Hyperparameter_Optimization_model_binary.py
cell_type: SHSY5Y control_name: LPS_Nigericin_1.000_3.0_DMSO_0.025 treatment_name: LPS_Nigericin_1.000_3.0_DMSO_0.025
[I 2023-09-17 19:57:58,146] A new study created in memory with name: no-name-c3e46f1a-284a-4a05-abed-4deecca7d78a
[I 2023-09-17 19:58:01,910] Trial 0 finished with value: 0.002051378700271016 and parameters: {'n_layers': 1, 'n_units_l0': 5, 'dropout_0': 0.25856648111641445, 'learning_rate': 0.017631948522184387, 'optimizer': 'SGD'}. Best is trial 0 with value: 0.002051378700271016.
[I 2023-09-17 19:58:05,658] Trial 1 finished with value: 0.0008345702452447767 and parameters: {'n_layers': 1, 'n_units_l0': 5, 'dropout_0': 0.3457625254441691, 'learning_rate': 0.02889021426128794, 'optimizer': 'SGD'}. Best is trial 1 with value: 0.0008345702452447767.
[I 2023-09-17 19:58:09,545] Trial 2 finished with value: 0.05646592251257971 and parameters: {'n_layers': 3, 'n_units_l0': 10, 'dropout_0': 0.10158832346910818, 'n_units_l1': 8, 'dropout_1': 0.15253085780997, 'n_units_l2': 3, 'dropout_2': 0.18527675648220593, 'learning_rate': 0.05934199830441677, 'optimizer': 'RMSprop'}. Best is trial 1 with value: 0.0008345702452447767.
[I 2023-09-17 19:58:13,239] Trial 3 finished with value: 0.059505877954125104 and parameters: {'n_layers': 1, 'n_units_l0': 7, 'dropout_0': 0.28319482709948696, 'learning_rate': 0.07616342551560924, 'optimizer': 'Adam'}. Best is trial 1 with value: 0.0008345702452447767.
[I 2023-09-17 19:58:16,920] Trial 4 finished with value: 7.122149556835212e-05 and parameters: {'n_layers': 2, 'n_units_l0': 3, 'dropout_0': 0.356089150611097, 'n_units_l1': 7, 'dropout_1': 0.32504135984226823, 'learning_rate': 0.09407246693182993, 'optimizer': 'SGD'}. Best is trial 4 with value: 7.122149556835212e-05.
[I 2023-09-17 19:58:20,584] Trial 5 finished with value: 0.00017584805212504873 and parameters: {'n_layers': 2, 'n_units_l0': 2, 'dropout_0': 0.2366765540354075, 'n_units_l1': 5, 'dropout_1': 0.28812406813686703, 'learning_rate': 0.073847307068337, 'optimizer': 'Adam'}. Best is trial 4 with value: 7.122149556835212e-05.
[I 2023-09-17 19:58:20,730] Trial 6 pruned.
[I 2023-09-17 19:58:20,793] Trial 7 pruned.
[I 2023-09-17 19:58:24,513] Trial 8 finished with value: 6.830545171851554e-05 and parameters: {'n_layers': 3, 'n_units_l0': 4, 'dropout_0': 0.10154749541882997, 'n_units_l1': 7, 'dropout_1': 0.3145546892190071, 'n_units_l2': 6, 'dropout_2': 0.37347945067887767, 'learning_rate': 0.09925235432762594, 'optimizer': 'SGD'}. Best is trial 8 with value: 6.830545171851554e-05.
[I 2023-09-17 19:58:24,574] Trial 9 pruned.
Selected Catagories are:
['LPS_Nigericin_1.000_3.0_DMSO_0.025']
The dimensions of the data are: (13652, 1276)
Number of total missing values across all columns: 0
Data Subset Is Off
Wells held out for testing: ['L21']
Wells to use for training, validation, and testing ['L16' 'L17' 'L20']
Number of in features:  1251
Number of out features:  1
Regression
cpu
Validation Loss: 1.5664723562167638e-05
Training Loss: 0.0005829456805359869
completed
