[NbConvertApp] WARNING | Config option `kernel_spec_manager_class` not recognized by `NbConvertApp`.
[NbConvertApp] Converting notebook ../notebooks/Hyperparameter_Optimization_model_binary.ipynb to script
[NbConvertApp] Writing 8579 bytes to Hyperparameter_Optimization_model_binary.py
cell_type: SHSY5Y control_name: LPS_100.000_DMSO_0.025 treatment_name: Flagellin_0.100_DMSO_0.025
[I 2023-09-17 19:31:26,415] A new study created in memory with name: no-name-24f761cf-c6a5-4acd-9a0d-55f22125a6ca
[I 2023-09-17 19:31:35,390] Trial 0 finished with value: 0.20281197294592856 and parameters: {'n_layers': 2, 'n_units_l0': 2, 'dropout_0': 0.24665341854488088, 'n_units_l1': 4, 'dropout_1': 0.22783923731743055, 'learning_rate': 0.0980684227132343, 'optimizer': 'SGD'}. Best is trial 0 with value: 0.20281197294592856.
[I 2023-09-17 19:31:44,746] Trial 1 finished with value: 0.3097483264406522 and parameters: {'n_layers': 3, 'n_units_l0': 3, 'dropout_0': 0.39908330005892345, 'n_units_l1': 9, 'dropout_1': 0.32378357914118244, 'n_units_l2': 9, 'dropout_2': 0.23957651565442448, 'learning_rate': 0.053050713045482575, 'optimizer': 'Adam'}. Best is trial 0 with value: 0.20281197294592856.
[I 2023-09-17 19:31:53,513] Trial 2 finished with value: 0.22531918714443844 and parameters: {'n_layers': 1, 'n_units_l0': 10, 'dropout_0': 0.14413879959672488, 'learning_rate': 0.03644866810505687, 'optimizer': 'RMSprop'}. Best is trial 0 with value: 0.20281197294592856.
[I 2023-09-17 19:32:02,225] Trial 3 finished with value: 0.1974068193137646 and parameters: {'n_layers': 1, 'n_units_l0': 2, 'dropout_0': 0.2682426934932664, 'learning_rate': 0.0705792649015558, 'optimizer': 'SGD'}. Best is trial 3 with value: 0.1974068193137646.
[I 2023-09-17 19:32:11,334] Trial 4 finished with value: 0.15006240288416545 and parameters: {'n_layers': 2, 'n_units_l0': 9, 'dropout_0': 0.10465213168662185, 'n_units_l1': 9, 'dropout_1': 0.11109253470117583, 'learning_rate': 0.014170735430887963, 'optimizer': 'Adam'}. Best is trial 4 with value: 0.15006240288416545.
[I 2023-09-17 19:32:11,502] Trial 5 pruned.
[I 2023-09-17 19:32:20,687] Trial 6 finished with value: 0.15753856788078943 and parameters: {'n_layers': 1, 'n_units_l0': 7, 'dropout_0': 0.19142308389289797, 'learning_rate': 0.01687488473930491, 'optimizer': 'Adam'}. Best is trial 4 with value: 0.15006240288416545.
[I 2023-09-17 19:32:20,857] Trial 7 pruned.
[I 2023-09-17 19:32:21,025] Trial 8 pruned.
[I 2023-09-17 19:32:21,195] Trial 9 pruned.
Selected Catagories are:
['LPS_100.000_DMSO_0.025' 'Flagellin_0.100_DMSO_0.025']
The dimensions of the data are: (30915, 1276)
Number of total missing values across all columns: 61830
Data Subset Is Off
Wells held out for testing: ['J16' 'L22']
Wells to use for training, validation, and testing ['J17' 'L18' 'L19' 'J20' 'J21' 'L23']
Number of in features:  1251
Number of out features:  2
Binary_Classification
cpu
Validation Accuracy: 94.62610229276896
Validation Loss: 0.15572682296236354
Training Accuracy: 96.37263656909761
Training Loss: 0.09547551794663857
completed
