[NbConvertApp] WARNING | Config option `kernel_spec_manager_class` not recognized by `NbConvertApp`.
[NbConvertApp] Converting notebook ../notebooks/Hyperparameter_Optimization_model_binary.ipynb to script
[NbConvertApp] Writing 8579 bytes to Hyperparameter_Optimization_model_binary.py
cell_type: SHSY5Y control_name: LPS_Nigericin_1.000_1.0_DMSO_0.025 treatment_name: Flagellin_0.100_DMSO_0.025
[I 2023-09-19 00:17:56,924] A new study created in memory with name: no-name-1f9f9afc-bbea-4195-a97b-d307fa59ffa4
[I 2023-09-19 00:18:06,207] Trial 0 finished with value: 0.3681992441415787 and parameters: {'n_layers': 2, 'n_units_l0': 2, 'dropout_0': 0.2872031965069966, 'n_units_l1': 9, 'dropout_1': 0.3193198766611722, 'learning_rate': 0.07179791655121945, 'optimizer': 'Adam'}. Best is trial 0 with value: 0.3681992441415787.
[I 2023-09-19 00:18:15,226] Trial 1 finished with value: 0.2492772742112478 and parameters: {'n_layers': 1, 'n_units_l0': 10, 'dropout_0': 0.196125152238075, 'learning_rate': 0.057886181263943376, 'optimizer': 'Adam'}. Best is trial 1 with value: 0.2492772742112478.
[I 2023-09-19 00:18:24,206] Trial 2 finished with value: 0.48822222232818613 and parameters: {'n_layers': 1, 'n_units_l0': 7, 'dropout_0': 0.10731530315338329, 'learning_rate': 0.006885820522997851, 'optimizer': 'SGD'}. Best is trial 1 with value: 0.2492772742112478.
[I 2023-09-19 00:18:33,204] Trial 3 finished with value: 0.5730314036210378 and parameters: {'n_layers': 2, 'n_units_l0': 9, 'dropout_0': 0.3094033207457222, 'n_units_l1': 4, 'dropout_1': 0.3381074347161268, 'learning_rate': 0.07317062641228558, 'optimizer': 'RMSprop'}. Best is trial 1 with value: 0.2492772742112478.
[I 2023-09-19 00:18:42,356] Trial 4 finished with value: 0.4852761997779211 and parameters: {'n_layers': 2, 'n_units_l0': 2, 'dropout_0': 0.19646405909386624, 'n_units_l1': 10, 'dropout_1': 0.1494616354755601, 'learning_rate': 0.07297057742072638, 'optimizer': 'RMSprop'}. Best is trial 1 with value: 0.2492772742112478.
[I 2023-09-19 00:18:51,903] Trial 5 finished with value: 0.20565494030714035 and parameters: {'n_layers': 3, 'n_units_l0': 4, 'dropout_0': 0.12319243209841949, 'n_units_l1': 9, 'dropout_1': 0.3421160686977587, 'n_units_l2': 3, 'dropout_2': 0.2532051297265709, 'learning_rate': 0.003657912563686516, 'optimizer': 'Adam'}. Best is trial 5 with value: 0.20565494030714035.
[I 2023-09-19 00:19:00,863] Trial 6 finished with value: 0.20335185041030246 and parameters: {'n_layers': 1, 'n_units_l0': 4, 'dropout_0': 0.30363698920958326, 'learning_rate': 0.012023382456861428, 'optimizer': 'RMSprop'}. Best is trial 6 with value: 0.20335185041030246.
[I 2023-09-19 00:19:10,457] Trial 7 finished with value: 0.20759098107616109 and parameters: {'n_layers': 3, 'n_units_l0': 8, 'dropout_0': 0.15068465294603936, 'n_units_l1': 7, 'dropout_1': 0.3073388779459371, 'n_units_l2': 8, 'dropout_2': 0.10649054671405611, 'learning_rate': 0.032424810899422535, 'optimizer': 'Adam'}. Best is trial 6 with value: 0.20335185041030246.
[I 2023-09-19 00:19:10,708] Trial 8 pruned.
[I 2023-09-19 00:19:19,984] Trial 9 finished with value: 0.20550918395320575 and parameters: {'n_layers': 2, 'n_units_l0': 6, 'dropout_0': 0.3756651487114723, 'n_units_l1': 8, 'dropout_1': 0.2675648294164209, 'learning_rate': 0.03394033835843804, 'optimizer': 'Adam'}. Best is trial 6 with value: 0.20335185041030246.
Selected Catagories are:
['LPS_Nigericin_1.000_1.0_DMSO_0.025' 'Flagellin_0.100_DMSO_0.025']
The dimensions of the data are: (31146, 1276)
Number of total missing values across all columns: 29856
Data Subset Is Off
Wells held out for testing: ['K16' 'L22']
Wells to use for training, validation, and testing ['K17' 'L18' 'L19' 'K20' 'K21' 'L23']
Number of in features:  1251
Number of out features:  2
Binary_Classification
cpu
Validation Accuracy: 92.82719298245614
Validation Loss: 0.1986297076940536
Training Accuracy: 89.1634409781238
Training Loss: 0.2221577098181373
completed
