[NbConvertApp] WARNING | Config option `kernel_spec_manager_class` not recognized by `NbConvertApp`.
[NbConvertApp] Converting notebook ../notebooks/Hyperparameter_Optimization_model_binary.ipynb to script
[NbConvertApp] Writing 8579 bytes to Hyperparameter_Optimization_model_binary.py
cell_type: SHSY5Y control_name: LPS_10.000_DMSO_0.025 treatment_name: Flagellin_1.000_DMSO_0.025
[I 2023-09-17 19:45:21,806] A new study created in memory with name: no-name-089242aa-7eb2-4901-bb1d-aa69d1eda1fb
[I 2023-09-17 19:45:30,637] Trial 0 finished with value: 0.5852567851543427 and parameters: {'n_layers': 2, 'n_units_l0': 5, 'dropout_0': 0.3069542136048786, 'n_units_l1': 9, 'dropout_1': 0.2698945601698274, 'learning_rate': 0.021910697723813936, 'optimizer': 'RMSprop'}. Best is trial 0 with value: 0.5852567851543427.
[I 2023-09-17 19:45:39,466] Trial 1 finished with value: 0.5855563106139501 and parameters: {'n_layers': 2, 'n_units_l0': 3, 'dropout_0': 0.11809812070310698, 'n_units_l1': 10, 'dropout_1': 0.11143585444604287, 'learning_rate': 0.06661093099879185, 'optimizer': 'SGD'}. Best is trial 0 with value: 0.5852567851543427.
[I 2023-09-17 19:45:48,019] Trial 2 finished with value: 0.5525377619266509 and parameters: {'n_layers': 1, 'n_units_l0': 6, 'dropout_0': 0.37854804901454797, 'learning_rate': 0.0485441727426365, 'optimizer': 'Adam'}. Best is trial 2 with value: 0.5525377619266509.
[I 2023-09-17 19:45:56,989] Trial 3 finished with value: 0.6835797103246053 and parameters: {'n_layers': 3, 'n_units_l0': 3, 'dropout_0': 0.22644983773624666, 'n_units_l1': 2, 'dropout_1': 0.1228265765908613, 'n_units_l2': 5, 'dropout_2': 0.37229327714723115, 'learning_rate': 0.023249941294321865, 'optimizer': 'SGD'}. Best is trial 2 with value: 0.5525377619266509.
[I 2023-09-17 19:46:05,945] Trial 4 finished with value: 0.6921124239762624 and parameters: {'n_layers': 3, 'n_units_l0': 5, 'dropout_0': 0.20086352288418502, 'n_units_l1': 2, 'dropout_1': 0.2782405547628388, 'n_units_l2': 7, 'dropout_2': 0.29652956824012866, 'learning_rate': 0.09128601953903366, 'optimizer': 'Adam'}. Best is trial 2 with value: 0.5525377619266509.
[I 2023-09-17 19:46:06,105] Trial 5 pruned.
[I 2023-09-17 19:46:11,900] Trial 6 pruned.
[I 2023-09-17 19:46:19,925] Trial 7 pruned.
[I 2023-09-17 19:46:29,185] Trial 8 finished with value: 0.5498433889945349 and parameters: {'n_layers': 3, 'n_units_l0': 3, 'dropout_0': 0.1450548761731659, 'n_units_l1': 7, 'dropout_1': 0.20054822154132995, 'n_units_l2': 7, 'dropout_2': 0.16900120284173242, 'learning_rate': 0.03539225111122093, 'optimizer': 'Adam'}. Best is trial 8 with value: 0.5498433889945349.
[I 2023-09-17 19:46:37,769] Trial 9 finished with value: 0.5535839498043059 and parameters: {'n_layers': 1, 'n_units_l0': 3, 'dropout_0': 0.11110549662427166, 'learning_rate': 0.09934426142174689, 'optimizer': 'SGD'}. Best is trial 8 with value: 0.5498433889945349.
Selected Catagories are:
['LPS_10.000_DMSO_0.025' 'Flagellin_1.000_DMSO_0.025']
The dimensions of the data are: (32619, 1276)
Number of total missing values across all columns: 65238
Data Subset Is Off
Wells held out for testing: ['E21' 'M22']
Wells to use for training, validation, and testing ['E16' 'E17' 'E20' 'M18' 'M19' 'M23']
Number of in features:  1251
Number of out features:  2
Binary_Classification
cpu
Validation Accuracy: 71.2127659574468
Validation Loss: 0.5680734527111053
Training Accuracy: 73.97411235035302
Training Loss: 0.527018548130989
completed
