[NbConvertApp] WARNING | Config option `kernel_spec_manager_class` not recognized by `NbConvertApp`.
[NbConvertApp] Converting notebook ../notebooks/Hyperparameter_Optimization_model_binary.ipynb to script
[NbConvertApp] Writing 8579 bytes to Hyperparameter_Optimization_model_binary.py
cell_type: SHSY5Y control_name: Flagellin_0.100_DMSO_0.025 treatment_name: LPS_1.000_DMSO_0.025
[I 2023-09-17 20:17:55,403] A new study created in memory with name: no-name-15a30ded-2910-45b8-a86e-fb944ce70ca1
[I 2023-09-17 20:18:09,457] Trial 0 finished with value: 0.5814685384432474 and parameters: {'n_layers': 2, 'n_units_l0': 9, 'dropout_0': 0.28810532716710024, 'n_units_l1': 4, 'dropout_1': 0.1877265093709272, 'learning_rate': 0.013725075333717567, 'optimizer': 'RMSprop'}. Best is trial 0 with value: 0.5814685384432474.
[I 2023-09-17 20:18:22,129] Trial 1 finished with value: 0.5548322478930156 and parameters: {'n_layers': 1, 'n_units_l0': 7, 'dropout_0': 0.3538598958699608, 'learning_rate': 0.0014133641017636273, 'optimizer': 'RMSprop'}. Best is trial 1 with value: 0.5548322478930156.
[I 2023-09-17 20:18:33,667] Trial 2 finished with value: 0.6885557373364766 and parameters: {'n_layers': 3, 'n_units_l0': 3, 'dropout_0': 0.27945547196857845, 'n_units_l1': 5, 'dropout_1': 0.3363671728362331, 'n_units_l2': 7, 'dropout_2': 0.19132675985222009, 'learning_rate': 0.06574303199265284, 'optimizer': 'Adam'}. Best is trial 1 with value: 0.5548322478930156.
[I 2023-09-17 20:18:46,170] Trial 3 finished with value: 0.5489648429552715 and parameters: {'n_layers': 3, 'n_units_l0': 10, 'dropout_0': 0.3097550039981176, 'n_units_l1': 7, 'dropout_1': 0.12380423029789557, 'n_units_l2': 4, 'dropout_2': 0.18161658300470584, 'learning_rate': 0.027905409165246704, 'optimizer': 'Adam'}. Best is trial 3 with value: 0.5489648429552715.
[I 2023-09-17 20:18:57,178] Trial 4 finished with value: 0.5935392208894094 and parameters: {'n_layers': 1, 'n_units_l0': 3, 'dropout_0': 0.17835192054687377, 'learning_rate': 0.08958431431566757, 'optimizer': 'Adam'}. Best is trial 3 with value: 0.5489648429552715.
[I 2023-09-17 20:19:11,507] Trial 5 finished with value: 0.5627109241485596 and parameters: {'n_layers': 3, 'n_units_l0': 5, 'dropout_0': 0.2138017237190304, 'n_units_l1': 5, 'dropout_1': 0.3875016804711534, 'n_units_l2': 8, 'dropout_2': 0.29589433132372955, 'learning_rate': 0.0019264255705039467, 'optimizer': 'RMSprop'}. Best is trial 3 with value: 0.5489648429552715.
[I 2023-09-17 20:19:11,775] Trial 6 pruned.
[I 2023-09-17 20:19:22,822] Trial 7 finished with value: 0.5642003476619721 and parameters: {'n_layers': 1, 'n_units_l0': 4, 'dropout_0': 0.12645448152922462, 'learning_rate': 0.021357344865831508, 'optimizer': 'Adam'}. Best is trial 3 with value: 0.5489648429552715.
[I 2023-09-17 20:19:23,094] Trial 8 pruned.
[I 2023-09-17 20:19:23,297] Trial 9 pruned.
Selected Catagories are:
['LPS_1.000_DMSO_0.025' 'Flagellin_0.100_DMSO_0.025']
The dimensions of the data are: (31386, 1276)
Number of total missing values across all columns: 62772
Data Subset Is Off
Wells held out for testing: ['D21' 'L22']
Wells to use for training, validation, and testing ['D16' 'D17' 'D20' 'L18' 'L19' 'L23']
Number of in features:  1251
Number of out features:  2
Binary_Classification
cpu
Validation Accuracy: 71.78568366909559
Validation Loss: 0.5483643555641174
Training Accuracy: 74.89572393098275
Training Loss: 0.5034517359419872
completed
