[NbConvertApp] WARNING | Config option `kernel_spec_manager_class` not recognized by `NbConvertApp`.
[NbConvertApp] Converting notebook ../notebooks/Hyperparameter_Optimization_model_binary.ipynb to script
[NbConvertApp] Writing 8579 bytes to Hyperparameter_Optimization_model_binary.py
cell_type: SHSY5Y control_name: LPS_1.000_DMSO_0.025 treatment_name: LPS_0.100_DMSO_0.025
[I 2023-09-19 01:19:44,230] A new study created in memory with name: no-name-ad0efc4f-f869-4501-add8-1ab8e84aa2d4
[I 2023-09-19 01:20:00,371] Trial 0 finished with value: 0.6741621112823486 and parameters: {'n_layers': 3, 'n_units_l0': 6, 'dropout_0': 0.25787146310229203, 'n_units_l1': 8, 'dropout_1': 0.3468209140752141, 'n_units_l2': 10, 'dropout_2': 0.12879503671752277, 'learning_rate': 0.03244876159787072, 'optimizer': 'RMSprop'}. Best is trial 0 with value: 0.6741621112823486.
[I 2023-09-19 01:20:15,997] Trial 1 finished with value: 0.6358380373318989 and parameters: {'n_layers': 2, 'n_units_l0': 5, 'dropout_0': 0.28750011714988544, 'n_units_l1': 5, 'dropout_1': 0.2813390776930888, 'learning_rate': 0.00039784118270730416, 'optimizer': 'RMSprop'}. Best is trial 1 with value: 0.6358380373318989.
[I 2023-09-19 01:20:31,782] Trial 2 finished with value: 0.6429423125584921 and parameters: {'n_layers': 1, 'n_units_l0': 10, 'dropout_0': 0.2734289448627976, 'learning_rate': 0.011001680318280709, 'optimizer': 'Adam'}. Best is trial 1 with value: 0.6358380373318989.
[I 2023-09-19 01:20:47,929] Trial 3 finished with value: 0.6936132303873697 and parameters: {'n_layers': 3, 'n_units_l0': 9, 'dropout_0': 0.3365867239431288, 'n_units_l1': 5, 'dropout_1': 0.337915621414294, 'n_units_l2': 3, 'dropout_2': 0.146518966093198, 'learning_rate': 0.06774892755279459, 'optimizer': 'Adam'}. Best is trial 1 with value: 0.6358380373318989.
[I 2023-09-19 01:21:03,991] Trial 4 finished with value: 0.6916954990228017 and parameters: {'n_layers': 3, 'n_units_l0': 8, 'dropout_0': 0.2986184092150618, 'n_units_l1': 5, 'dropout_1': 0.29949107683877363, 'n_units_l2': 9, 'dropout_2': 0.39998553635261336, 'learning_rate': 0.044668873210867904, 'optimizer': 'Adam'}. Best is trial 1 with value: 0.6358380373318989.
[I 2023-09-19 01:21:20,076] Trial 5 finished with value: 0.6288912324110667 and parameters: {'n_layers': 3, 'n_units_l0': 4, 'dropout_0': 0.14788564947546545, 'n_units_l1': 6, 'dropout_1': 0.17781045989012734, 'n_units_l2': 8, 'dropout_2': 0.22872211447258123, 'learning_rate': 0.01164512844944892, 'optimizer': 'Adam'}. Best is trial 5 with value: 0.6288912324110667.
[I 2023-09-19 01:21:36,049] Trial 6 finished with value: 0.6395286440849304 and parameters: {'n_layers': 3, 'n_units_l0': 2, 'dropout_0': 0.3207155209872834, 'n_units_l1': 9, 'dropout_1': 0.12371662791210494, 'n_units_l2': 8, 'dropout_2': 0.3170025335806035, 'learning_rate': 0.005107115752507218, 'optimizer': 'RMSprop'}. Best is trial 5 with value: 0.6288912324110667.
[I 2023-09-19 01:21:36,338] Trial 7 pruned.
[I 2023-09-19 01:21:36,620] Trial 8 pruned.
[I 2023-09-19 01:21:36,998] Trial 9 pruned.
Selected Catagories are:
['LPS_0.100_DMSO_0.025' 'LPS_1.000_DMSO_0.025']
The dimensions of the data are: (33968, 1276)
Number of total missing values across all columns: 67936
Data Subset Is Off
Wells held out for testing: ['C20' 'D21']
Wells to use for training, validation, and testing ['C16' 'D16' 'C17' 'D17' 'D20' 'C21']
Number of in features:  1251
Number of out features:  2
Binary_Classification
cpu
Validation Accuracy: 66.82421875
Validation Loss: 0.6209859573841094
Training Accuracy: 69.596875
Training Loss: 0.5638104275010882
completed
