[NbConvertApp] WARNING | Config option `kernel_spec_manager_class` not recognized by `NbConvertApp`.
[NbConvertApp] Converting notebook ../notebooks/Hyperparameter_Optimization_model_binary.ipynb to script
[NbConvertApp] Writing 8579 bytes to Hyperparameter_Optimization_model_binary.py
cell_type: PBMC control_name: Thapsigargin_10.000_DMSO_0.025 treatment_name: LPS_0.010_DMSO_0.025
[I 2023-09-17 20:30:10,582] A new study created in memory with name: no-name-cc9f9cc7-afef-42d7-abec-debeca67cfb1
[I 2023-09-17 20:31:32,188] Trial 0 finished with value: 0.36773314341254865 and parameters: {'n_layers': 2, 'n_units_l0': 2, 'dropout_0': 0.22631076712316728, 'n_units_l1': 6, 'dropout_1': 0.2984494273470857, 'learning_rate': 0.0458858620993059, 'optimizer': 'Adam'}. Best is trial 0 with value: 0.36773314341254865.
[I 2023-09-17 20:32:53,039] Trial 1 finished with value: 0.6665234379664712 and parameters: {'n_layers': 2, 'n_units_l0': 6, 'dropout_0': 0.2790011282350449, 'n_units_l1': 8, 'dropout_1': 0.19585222024651677, 'learning_rate': 0.08892119303261271, 'optimizer': 'RMSprop'}. Best is trial 0 with value: 0.36773314341254865.
[I 2023-09-17 20:34:16,440] Trial 2 finished with value: 0.6714912374641584 and parameters: {'n_layers': 3, 'n_units_l0': 5, 'dropout_0': 0.26717444191293127, 'n_units_l1': 9, 'dropout_1': 0.32548900337411124, 'n_units_l2': 6, 'dropout_2': 0.34001545239644115, 'learning_rate': 0.09352663466676221, 'optimizer': 'Adam'}. Best is trial 0 with value: 0.36773314341254865.
[I 2023-09-17 20:35:35,562] Trial 3 finished with value: 0.3156585269648096 and parameters: {'n_layers': 1, 'n_units_l0': 7, 'dropout_0': 0.30985759072293106, 'learning_rate': 0.055579177853974045, 'optimizer': 'SGD'}. Best is trial 3 with value: 0.3156585269648096.
[I 2023-09-17 20:36:56,040] Trial 4 finished with value: 0.3328271848481635 and parameters: {'n_layers': 1, 'n_units_l0': 7, 'dropout_0': 0.35707719977400676, 'learning_rate': 0.08293306853044373, 'optimizer': 'Adam'}. Best is trial 3 with value: 0.3156585269648096.
[I 2023-09-17 20:36:59,250] Trial 5 pruned.
[I 2023-09-17 20:37:00,872] Trial 6 pruned.
[I 2023-09-17 20:37:02,481] Trial 7 pruned.
[I 2023-09-17 20:38:22,082] Trial 8 finished with value: 0.28956953811904657 and parameters: {'n_layers': 1, 'n_units_l0': 6, 'dropout_0': 0.1534643130965809, 'learning_rate': 0.062033008631476705, 'optimizer': 'Adam'}. Best is trial 8 with value: 0.28956953811904657.
[I 2023-09-17 20:38:25,299] Trial 9 pruned.
Selected Catagories are:
['LPS_0.010_DMSO_0.025' 'Thapsigargin_10.000_DMSO_0.025']
The dimensions of the data are: (310064, 1270)
Number of total missing values across all columns: 620128
Data Subset Is Off
Wells held out for testing: ['B08' 'L06']
Wells to use for training, validation, and testing ['B02' 'B03' 'B09' 'E06' 'E07' 'L07']
Number of in features:  1245
Number of out features:  2
Binary_Classification
cpu
Validation Accuracy: 87.50945874934314
Validation Loss: 0.2900278053853823
Training Accuracy: 85.5501532734837
Training Loss: 0.3127555966458686
completed
