[NbConvertApp] WARNING | Config option `kernel_spec_manager_class` not recognized by `NbConvertApp`.
[NbConvertApp] Converting notebook ../notebooks/Hyperparameter_Optimization_model_binary.ipynb to script
[NbConvertApp] Writing 8579 bytes to Hyperparameter_Optimization_model_binary.py
cell_type: PBMC control_name: LPS_Nigericin_1.000_1.0_DMSO_0.025 treatment_name: Flagellin_0.100_DMSO_0.025
[I 2023-09-19 00:20:51,978] A new study created in memory with name: no-name-24c04fbf-5c6f-498e-8e8d-968aaecbc750
[I 2023-09-19 00:22:09,679] Trial 0 finished with value: 0.3962266672598689 and parameters: {'n_layers': 3, 'n_units_l0': 2, 'dropout_0': 0.178688671036046, 'n_units_l1': 7, 'dropout_1': 0.22616152607078288, 'n_units_l2': 6, 'dropout_2': 0.14664296669457855, 'learning_rate': 0.0658557763818886, 'optimizer': 'Adam'}. Best is trial 0 with value: 0.3962266672598689.
[I 2023-09-19 00:23:24,625] Trial 1 finished with value: 0.15714652478694915 and parameters: {'n_layers': 3, 'n_units_l0': 5, 'dropout_0': 0.1984168994900692, 'n_units_l1': 9, 'dropout_1': 0.3749253524313769, 'n_units_l2': 8, 'dropout_2': 0.12755132234032523, 'learning_rate': 0.024705590764932214, 'optimizer': 'SGD'}. Best is trial 1 with value: 0.15714652478694915.
[I 2023-09-19 00:24:42,182] Trial 2 finished with value: 0.10246429723344351 and parameters: {'n_layers': 2, 'n_units_l0': 10, 'dropout_0': 0.388473622474402, 'n_units_l1': 4, 'dropout_1': 0.13551056812401058, 'learning_rate': 0.04018548344014175, 'optimizer': 'Adam'}. Best is trial 2 with value: 0.10246429723344351.
[I 2023-09-19 00:25:56,547] Trial 3 finished with value: 0.3527648902566809 and parameters: {'n_layers': 2, 'n_units_l0': 4, 'dropout_0': 0.12117695709978851, 'n_units_l1': 2, 'dropout_1': 0.2766681196101989, 'learning_rate': 0.004465805438585161, 'optimizer': 'SGD'}. Best is trial 2 with value: 0.10246429723344351.
[I 2023-09-19 00:27:10,814] Trial 4 finished with value: 0.15732522322943335 and parameters: {'n_layers': 2, 'n_units_l0': 5, 'dropout_0': 0.32490665534569074, 'n_units_l1': 9, 'dropout_1': 0.26147196577993187, 'learning_rate': 0.029744789073239457, 'optimizer': 'SGD'}. Best is trial 2 with value: 0.10246429723344351.
[I 2023-09-19 00:27:34,230] Trial 5 pruned.
[I 2023-09-19 00:27:35,692] Trial 6 pruned.
[I 2023-09-19 00:28:50,145] Trial 7 finished with value: 0.09367163082878842 and parameters: {'n_layers': 1, 'n_units_l0': 8, 'dropout_0': 0.27979901604754254, 'learning_rate': 0.006809274236931864, 'optimizer': 'RMSprop'}. Best is trial 7 with value: 0.09367163082878842.
[I 2023-09-19 00:30:05,367] Trial 8 finished with value: 0.10322649896144866 and parameters: {'n_layers': 1, 'n_units_l0': 9, 'dropout_0': 0.3383071358446511, 'learning_rate': 0.044183292334509607, 'optimizer': 'Adam'}. Best is trial 7 with value: 0.09367163082878842.
[I 2023-09-19 00:30:06,861] Trial 9 pruned.
Selected Catagories are:
['LPS_Nigericin_1.000_1.0_DMSO_0.025' 'Flagellin_0.100_DMSO_0.025']
The dimensions of the data are: (261928, 1270)
Number of total missing values across all columns: 191830
Data Subset Is Off
Wells held out for testing: ['K08' 'L10']
Wells to use for training, validation, and testing ['K02' 'K03' 'K09' 'L05' 'L11']
Number of in features:  1245
Number of out features:  2
Binary_Classification
cpu
Validation Accuracy: 96.53231454950654
Validation Loss: 0.09591026395559311
Training Accuracy: 95.17085983775645
Training Loss: 0.1273086701303918
completed
