[NbConvertApp] WARNING | Config option `kernel_spec_manager_class` not recognized by `NbConvertApp`.
[NbConvertApp] Converting notebook ../notebooks/Hyperparameter_Optimization_model_binary.ipynb to script
[NbConvertApp] Writing 8579 bytes to Hyperparameter_Optimization_model_binary.py
cell_type: SHSY5Y control_name: Flagellin_1.000_DMSO_0.025 treatment_name: LPS_Nigericin_1.000_1.0_DMSO_0.025
[I 2023-09-17 19:47:33,843] A new study created in memory with name: no-name-d67ec2b4-3dc0-40ae-a7c0-c2366017ecc9
[I 2023-09-17 19:47:42,723] Trial 0 finished with value: 0.631102245648702 and parameters: {'n_layers': 2, 'n_units_l0': 2, 'dropout_0': 0.25400603094186724, 'n_units_l1': 8, 'dropout_1': 0.306447627777529, 'learning_rate': 0.06585920100780789, 'optimizer': 'RMSprop'}. Best is trial 0 with value: 0.631102245648702.
[I 2023-09-17 19:47:51,757] Trial 1 finished with value: 0.6931589158376057 and parameters: {'n_layers': 3, 'n_units_l0': 3, 'dropout_0': 0.37299691762957854, 'n_units_l1': 4, 'dropout_1': 0.27194390677101554, 'n_units_l2': 10, 'dropout_2': 0.154734123459253, 'learning_rate': 0.07992206542216887, 'optimizer': 'RMSprop'}. Best is trial 0 with value: 0.631102245648702.
[I 2023-09-17 19:48:00,947] Trial 2 finished with value: 0.25245626221100487 and parameters: {'n_layers': 2, 'n_units_l0': 7, 'dropout_0': 0.22392494003208097, 'n_units_l1': 8, 'dropout_1': 0.24129989608517963, 'learning_rate': 0.04297535786558094, 'optimizer': 'Adam'}. Best is trial 2 with value: 0.25245626221100487.
[I 2023-09-17 19:48:09,799] Trial 3 finished with value: 0.2663289385040601 and parameters: {'n_layers': 2, 'n_units_l0': 4, 'dropout_0': 0.29051887643713525, 'n_units_l1': 2, 'dropout_1': 0.3609892010465775, 'learning_rate': 0.061565616148735014, 'optimizer': 'Adam'}. Best is trial 2 with value: 0.25245626221100487.
[I 2023-09-17 19:48:18,832] Trial 4 finished with value: 0.6255977944533031 and parameters: {'n_layers': 3, 'n_units_l0': 6, 'dropout_0': 0.16198509373139724, 'n_units_l1': 5, 'dropout_1': 0.1811384946259622, 'n_units_l2': 4, 'dropout_2': 0.39786462995040983, 'learning_rate': 0.02711119631513418, 'optimizer': 'SGD'}. Best is trial 2 with value: 0.25245626221100487.
[I 2023-09-17 19:48:18,997] Trial 5 pruned.
[I 2023-09-17 19:48:19,155] Trial 6 pruned.
[I 2023-09-17 19:48:27,742] Trial 7 finished with value: 0.20250587354103722 and parameters: {'n_layers': 1, 'n_units_l0': 5, 'dropout_0': 0.2993944425177992, 'learning_rate': 0.07050843845072746, 'optimizer': 'SGD'}. Best is trial 7 with value: 0.20250587354103722.
[I 2023-09-17 19:48:27,991] Trial 8 pruned.
[I 2023-09-17 19:48:28,147] Trial 9 pruned.
Selected Catagories are:
['LPS_Nigericin_1.000_1.0_DMSO_0.025' 'Flagellin_1.000_DMSO_0.025']
The dimensions of the data are: (32027, 1276)
Number of total missing values across all columns: 31618
Data Subset Is Off
Wells held out for testing: ['K16' 'M22']
Wells to use for training, validation, and testing ['K17' 'M18' 'M19' 'K20' 'K21' 'M23']
Number of in features:  1251
Number of out features:  2
Binary_Classification
cpu
Validation Accuracy: 93.50336134453781
Validation Loss: 0.19986481219530106
Training Accuracy: 91.83905872465593
Training Loss: 0.21384838108904664
completed
