[NbConvertApp] WARNING | Config option `kernel_spec_manager_class` not recognized by `NbConvertApp`.
[NbConvertApp] Converting notebook ../notebooks/Hyperparameter_Optimization_model_binary.ipynb to script
[NbConvertApp] Writing 8579 bytes to Hyperparameter_Optimization_model_binary.py
cell_type: SHSY5Y control_name: Flagellin_1.000_DMSO_0.025 treatment_name: LPS_0.010_DMSO_0.025
[I 2023-09-17 20:25:37,214] A new study created in memory with name: no-name-69c3e946-994e-403b-b812-10e4122c3fb1
[I 2023-09-17 20:25:51,414] Trial 0 finished with value: 0.5459377952416737 and parameters: {'n_layers': 1, 'n_units_l0': 3, 'dropout_0': 0.2673802254346245, 'learning_rate': 0.004399697082980222, 'optimizer': 'RMSprop'}. Best is trial 0 with value: 0.5459377952416737.
[I 2023-09-17 20:26:03,852] Trial 1 finished with value: 0.6935851045449575 and parameters: {'n_layers': 3, 'n_units_l0': 10, 'dropout_0': 0.3625859358193293, 'n_units_l1': 9, 'dropout_1': 0.2066000499696849, 'n_units_l2': 2, 'dropout_2': 0.3389915476659397, 'learning_rate': 0.05810288857496178, 'optimizer': 'RMSprop'}. Best is trial 0 with value: 0.5459377952416737.
[I 2023-09-17 20:26:16,914] Trial 2 finished with value: 0.6712770569324492 and parameters: {'n_layers': 3, 'n_units_l0': 2, 'dropout_0': 0.30372686672286603, 'n_units_l1': 3, 'dropout_1': 0.11246195794188506, 'n_units_l2': 4, 'dropout_2': 0.15901535405290373, 'learning_rate': 0.086885313035414, 'optimizer': 'Adam'}. Best is trial 0 with value: 0.5459377952416737.
[I 2023-09-17 20:26:30,484] Trial 3 finished with value: 0.6745993709564208 and parameters: {'n_layers': 3, 'n_units_l0': 10, 'dropout_0': 0.12634779413158928, 'n_units_l1': 8, 'dropout_1': 0.2901179182650989, 'n_units_l2': 6, 'dropout_2': 0.2980480063356513, 'learning_rate': 0.07445739670583965, 'optimizer': 'Adam'}. Best is trial 0 with value: 0.5459377952416737.
[I 2023-09-17 20:26:43,245] Trial 4 finished with value: 0.6877550252278646 and parameters: {'n_layers': 3, 'n_units_l0': 2, 'dropout_0': 0.3911621188356297, 'n_units_l1': 8, 'dropout_1': 0.2890942927442225, 'n_units_l2': 9, 'dropout_2': 0.2805718341220774, 'learning_rate': 0.044978348120879814, 'optimizer': 'RMSprop'}. Best is trial 0 with value: 0.5459377952416737.
[I 2023-09-17 20:26:55,917] Trial 5 finished with value: 0.5695964864889781 and parameters: {'n_layers': 1, 'n_units_l0': 6, 'dropout_0': 0.25174015917068404, 'learning_rate': 0.093544891553255, 'optimizer': 'Adam'}. Best is trial 0 with value: 0.5459377952416737.
[I 2023-09-17 20:26:56,162] Trial 6 pruned.
[I 2023-09-17 20:27:08,748] Trial 7 finished with value: 0.5788662286599477 and parameters: {'n_layers': 1, 'n_units_l0': 7, 'dropout_0': 0.2520558419399229, 'learning_rate': 0.0358972501361147, 'optimizer': 'SGD'}. Best is trial 0 with value: 0.5459377952416737.
[I 2023-09-17 20:27:08,982] Trial 8 pruned.
[I 2023-09-17 20:27:09,301] Trial 9 pruned.
Selected Catagories are:
['LPS_0.010_DMSO_0.025' 'Flagellin_1.000_DMSO_0.025']
The dimensions of the data are: (31668, 1276)
Number of total missing values across all columns: 63336
Data Subset Is Off
Wells held out for testing: ['B16' 'M22']
Wells to use for training, validation, and testing ['B17' 'B20' 'B21' 'M18' 'M19' 'M23']
Number of in features:  1251
Number of out features:  2
Binary_Classification
cpu
Validation Accuracy: 71.65004226542688
Validation Loss: 0.5543286991119385
Training Accuracy: 72.8372265088257
Training Loss: 0.5513691169964641
completed
