[NbConvertApp] WARNING | Config option `kernel_spec_manager_class` not recognized by `NbConvertApp`.
[NbConvertApp] Converting notebook ../notebooks/Hyperparameter_Optimization_model_binary.ipynb to script
[NbConvertApp] Writing 8579 bytes to Hyperparameter_Optimization_model_binary.py
cell_type: SHSY5Y control_name: LPS_Nigericin_1.000_10.0_DMSO_0.025 treatment_name: Thapsigargin_10.000_DMSO_0.025
[I 2023-09-19 01:26:28,313] A new study created in memory with name: no-name-6a528aed-c43d-4d3e-8ae9-ad2465ffd3b4
[I 2023-09-19 01:26:36,862] Trial 0 finished with value: 0.10816323061784107 and parameters: {'n_layers': 2, 'n_units_l0': 8, 'dropout_0': 0.20533906168934488, 'n_units_l1': 2, 'dropout_1': 0.16247492078900536, 'learning_rate': 0.013987492526263726, 'optimizer': 'Adam'}. Best is trial 0 with value: 0.10816323061784107.
[I 2023-09-19 01:26:45,739] Trial 1 finished with value: 0.23810717577735585 and parameters: {'n_layers': 2, 'n_units_l0': 10, 'dropout_0': 0.18796038358507802, 'n_units_l1': 5, 'dropout_1': 0.33883523280541394, 'learning_rate': 0.0656590142996749, 'optimizer': 'RMSprop'}. Best is trial 0 with value: 0.10816323061784107.
[I 2023-09-19 01:26:54,925] Trial 2 finished with value: 0.13230872770150504 and parameters: {'n_layers': 3, 'n_units_l0': 7, 'dropout_0': 0.23960513932715224, 'n_units_l1': 8, 'dropout_1': 0.2047014651640356, 'n_units_l2': 8, 'dropout_2': 0.3399716759617881, 'learning_rate': 0.09591318975791516, 'optimizer': 'SGD'}. Best is trial 0 with value: 0.10816323061784107.
[I 2023-09-19 01:27:04,056] Trial 3 finished with value: 0.08621267761103808 and parameters: {'n_layers': 3, 'n_units_l0': 10, 'dropout_0': 0.3617631002896291, 'n_units_l1': 9, 'dropout_1': 0.25703171840694217, 'n_units_l2': 7, 'dropout_2': 0.15362034796396565, 'learning_rate': 0.04560378420894965, 'optimizer': 'Adam'}. Best is trial 3 with value: 0.08621267761103808.
[I 2023-09-19 01:27:12,740] Trial 4 finished with value: 0.10008684904625019 and parameters: {'n_layers': 1, 'n_units_l0': 7, 'dropout_0': 0.12690918220718478, 'learning_rate': 0.038191428567870944, 'optimizer': 'Adam'}. Best is trial 3 with value: 0.08621267761103808.
[I 2023-09-19 01:27:12,899] Trial 5 pruned.
[I 2023-09-19 01:27:13,055] Trial 6 pruned.
[I 2023-09-19 01:27:13,204] Trial 7 pruned.
[I 2023-09-19 01:27:22,048] Trial 8 finished with value: 0.10417103052139284 and parameters: {'n_layers': 2, 'n_units_l0': 7, 'dropout_0': 0.26755575510279495, 'n_units_l1': 3, 'dropout_1': 0.16177461625556, 'learning_rate': 0.045518118808741306, 'optimizer': 'Adam'}. Best is trial 3 with value: 0.08621267761103808.
[I 2023-09-19 01:27:22,206] Trial 9 pruned.
Selected Catagories are:
['Thapsigargin_10.000_DMSO_0.025' 'LPS_Nigericin_1.000_10.0_DMSO_0.025']
The dimensions of the data are: (27614, 1276)
Number of total missing values across all columns: 26424
Data Subset Is Off
Wells held out for testing: ['E14' 'M20']
Wells to use for training, validation, and testing ['E15' 'L14' 'L15' 'M16' 'M17' 'M21']
Number of in features:  1251
Number of out features:  2
Binary_Classification
cpu
Validation Accuracy: 97.8214811181952
Validation Loss: 0.07400137220819791
Training Accuracy: 97.58952340060112
Training Loss: 0.06490177460672224
completed
