[NbConvertApp] WARNING | Config option `kernel_spec_manager_class` not recognized by `NbConvertApp`.
[NbConvertApp] Converting notebook ../notebooks/Hyperparameter_Optimization_model_binary.ipynb to script
[NbConvertApp] Writing 8579 bytes to Hyperparameter_Optimization_model_binary.py
cell_type: SHSY5Y control_name: LPS_1.000_DMSO_0.025 treatment_name: LPS_Nigericin_1.000_10.0_DMSO_0.025
[I 2023-09-19 01:02:17,915] A new study created in memory with name: no-name-9a092f5f-2ec6-473a-9a09-f9c16ef5a131
[I 2023-09-19 01:02:26,380] Trial 0 finished with value: 0.6927115364869435 and parameters: {'n_layers': 3, 'n_units_l0': 3, 'dropout_0': 0.3013924569714193, 'n_units_l1': 5, 'dropout_1': 0.12392582724566328, 'n_units_l2': 2, 'dropout_2': 0.29575502318873975, 'learning_rate': 0.07630702325054578, 'optimizer': 'Adam'}. Best is trial 0 with value: 0.6927115364869435.
[I 2023-09-19 01:02:33,993] Trial 1 finished with value: 0.17308886408805846 and parameters: {'n_layers': 1, 'n_units_l0': 6, 'dropout_0': 0.1440790785517379, 'learning_rate': 0.030108113823645054, 'optimizer': 'SGD'}. Best is trial 1 with value: 0.17308886408805846.
[I 2023-09-19 01:02:41,993] Trial 2 finished with value: 0.6917907734711966 and parameters: {'n_layers': 3, 'n_units_l0': 5, 'dropout_0': 0.3832793513664682, 'n_units_l1': 3, 'dropout_1': 0.29830126603170315, 'n_units_l2': 8, 'dropout_2': 0.3299395183696109, 'learning_rate': 0.05522918978082514, 'optimizer': 'RMSprop'}. Best is trial 1 with value: 0.17308886408805846.
[I 2023-09-19 01:02:49,609] Trial 3 finished with value: 0.14963898549477256 and parameters: {'n_layers': 1, 'n_units_l0': 4, 'dropout_0': 0.19556401008517182, 'learning_rate': 0.04691802459892227, 'optimizer': 'RMSprop'}. Best is trial 3 with value: 0.14963898549477256.
[I 2023-09-19 01:02:57,460] Trial 4 finished with value: 0.19991620029012364 and parameters: {'n_layers': 3, 'n_units_l0': 5, 'dropout_0': 0.19835590479224596, 'n_units_l1': 8, 'dropout_1': 0.11766755462943645, 'n_units_l2': 4, 'dropout_2': 0.39313809806607414, 'learning_rate': 0.0659646340264104, 'optimizer': 'SGD'}. Best is trial 3 with value: 0.14963898549477256.
[I 2023-09-19 01:02:57,693] Trial 5 pruned.
[I 2023-09-19 01:03:05,373] Trial 6 finished with value: 0.11738515677551428 and parameters: {'n_layers': 2, 'n_units_l0': 4, 'dropout_0': 0.21284899003165053, 'n_units_l1': 4, 'dropout_1': 0.2271230358622321, 'learning_rate': 0.01720056977523393, 'optimizer': 'RMSprop'}. Best is trial 6 with value: 0.11738515677551428.
[I 2023-09-19 01:03:05,513] Trial 7 pruned.
[I 2023-09-19 01:03:13,050] Trial 8 finished with value: 0.1262581924100717 and parameters: {'n_layers': 1, 'n_units_l0': 8, 'dropout_0': 0.24800167727147085, 'learning_rate': 0.05651225986827946, 'optimizer': 'SGD'}. Best is trial 6 with value: 0.11738515677551428.
[I 2023-09-19 01:03:13,190] Trial 9 pruned.
Selected Catagories are:
['LPS_1.000_DMSO_0.025' 'LPS_Nigericin_1.000_10.0_DMSO_0.025']
The dimensions of the data are: (30860, 1276)
Number of total missing values across all columns: 32916
Data Subset Is Off
Wells held out for testing: ['D20' 'M16']
Wells to use for training, validation, and testing ['D16' 'D17' 'D21' 'M17' 'M20' 'M21']
Number of in features:  1251
Number of out features:  2
Binary_Classification
cpu
Validation Accuracy: 95.52014010507881
Validation Loss: 0.14826045304536822
Training Accuracy: 92.66268885482812
Training Loss: 0.18495228995618068
completed
