[NbConvertApp] WARNING | Config option `kernel_spec_manager_class` not recognized by `NbConvertApp`.
[NbConvertApp] Converting notebook ../notebooks/Hyperparameter_Optimization_model_binary.ipynb to script
[NbConvertApp] Writing 8579 bytes to Hyperparameter_Optimization_model_binary.py
cell_type: PBMC control_name: Flagellin_1.000_DMSO_0.025 treatment_name: LPS_100.000_DMSO_0.025
[I 2023-09-17 20:10:13,824] A new study created in memory with name: no-name-3f52f6ba-0fce-4d88-91b0-7612a8a34356
[I 2023-09-17 20:11:40,377] Trial 0 finished with value: 0.6545254432559013 and parameters: {'n_layers': 3, 'n_units_l0': 8, 'dropout_0': 0.1841362307268387, 'n_units_l1': 7, 'dropout_1': 0.2561836183678904, 'n_units_l2': 8, 'dropout_2': 0.20530665619299607, 'learning_rate': 0.07411803719989267, 'optimizer': 'Adam'}. Best is trial 0 with value: 0.6545254432559013.
[I 2023-09-17 20:12:59,792] Trial 1 finished with value: 0.661547677218914 and parameters: {'n_layers': 1, 'n_units_l0': 2, 'dropout_0': 0.3213504281472038, 'learning_rate': 0.08248318966747581, 'optimizer': 'RMSprop'}. Best is trial 0 with value: 0.6545254432559013.
[I 2023-09-17 20:14:19,767] Trial 2 finished with value: 0.45521679401397713 and parameters: {'n_layers': 1, 'n_units_l0': 10, 'dropout_0': 0.28473055895149385, 'learning_rate': 0.04778172249968106, 'optimizer': 'SGD'}. Best is trial 2 with value: 0.45521679401397713.
[I 2023-09-17 20:15:39,910] Trial 3 finished with value: 0.6065090049505235 and parameters: {'n_layers': 1, 'n_units_l0': 5, 'dropout_0': 0.37580730246860905, 'learning_rate': 0.07421734781684507, 'optimizer': 'RMSprop'}. Best is trial 2 with value: 0.45521679401397713.
[I 2023-09-17 20:17:03,055] Trial 4 finished with value: 0.5526184194087982 and parameters: {'n_layers': 3, 'n_units_l0': 9, 'dropout_0': 0.14593357259371847, 'n_units_l1': 7, 'dropout_1': 0.37101631519642786, 'n_units_l2': 4, 'dropout_2': 0.14795359787607343, 'learning_rate': 0.014067580630780261, 'optimizer': 'SGD'}. Best is trial 2 with value: 0.45521679401397713.
[I 2023-09-17 20:18:23,871] Trial 5 finished with value: 0.4577312052547932 and parameters: {'n_layers': 1, 'n_units_l0': 6, 'dropout_0': 0.3300552720415886, 'learning_rate': 0.026479193939921666, 'optimizer': 'Adam'}. Best is trial 2 with value: 0.45521679401397713.
[I 2023-09-17 20:19:44,323] Trial 6 finished with value: 0.4226031668484211 and parameters: {'n_layers': 1, 'n_units_l0': 9, 'dropout_0': 0.1344304056518909, 'learning_rate': 0.02069041848100083, 'optimizer': 'Adam'}. Best is trial 6 with value: 0.4226031668484211.
[I 2023-09-17 20:21:07,172] Trial 7 finished with value: 0.515861871510744 and parameters: {'n_layers': 2, 'n_units_l0': 3, 'dropout_0': 0.22075054916656284, 'n_units_l1': 6, 'dropout_1': 0.10843569903029965, 'learning_rate': 0.00011747513242087205, 'optimizer': 'Adam'}. Best is trial 6 with value: 0.4226031668484211.
[I 2023-09-17 20:22:11,590] Trial 8 pruned.
[I 2023-09-17 20:23:32,209] Trial 9 finished with value: 0.46771386477351196 and parameters: {'n_layers': 1, 'n_units_l0': 8, 'dropout_0': 0.24455401138539068, 'learning_rate': 0.03135864426566261, 'optimizer': 'SGD'}. Best is trial 6 with value: 0.4226031668484211.
Selected Catagories are:
['LPS_100.000_DMSO_0.025' 'Flagellin_1.000_DMSO_0.025']
The dimensions of the data are: (263982, 1270)
Number of total missing values across all columns: 564580
Data Subset Is Off
Wells held out for testing: ['J08' 'M10']
Wells to use for training, validation, and testing ['J02' 'J03' 'J09' 'M05' 'M11']
Number of in features:  1245
Number of out features:  2
Binary_Classification
cpu
Validation Accuracy: 80.72929555497791
Validation Loss: 0.42433897411823274
Training Accuracy: 80.48236555645816
Training Loss: 0.4136510765862155
completed
