[NbConvertApp] WARNING | Config option `kernel_spec_manager_class` not recognized by `NbConvertApp`.
[NbConvertApp] Converting notebook ../notebooks/Hyperparameter_Optimization_model_binary.ipynb to script
[NbConvertApp] Writing 8579 bytes to Hyperparameter_Optimization_model_binary.py
cell_type: PBMC control_name: Thapsigargin_1.000_DMSO_0.025 treatment_name: Thapsigargin_1.000_DMSO_0.025
[I 2023-09-19 01:34:13,302] A new study created in memory with name: no-name-a35693a5-5bca-45e8-b92b-29d24851d1ce
[I 2023-09-19 01:34:52,767] Trial 0 finished with value: 2.5511685818690406e-05 and parameters: {'n_layers': 2, 'n_units_l0': 5, 'dropout_0': 0.31516676483716694, 'n_units_l1': 6, 'dropout_1': 0.2837888975963475, 'learning_rate': 0.06692034973444892, 'optimizer': 'SGD'}. Best is trial 0 with value: 2.5511685818690406e-05.
[I 2023-09-19 01:35:34,004] Trial 1 finished with value: 8.329546340865527e-06 and parameters: {'n_layers': 3, 'n_units_l0': 3, 'dropout_0': 0.26991789092524243, 'n_units_l1': 3, 'dropout_1': 0.1647522443455662, 'n_units_l2': 9, 'dropout_2': 0.3472832696624034, 'learning_rate': 0.0743763325911932, 'optimizer': 'SGD'}. Best is trial 1 with value: 8.329546340865527e-06.
[I 2023-09-19 01:36:13,148] Trial 2 finished with value: 0.001058841927671055 and parameters: {'n_layers': 2, 'n_units_l0': 3, 'dropout_0': 0.28474381628091183, 'n_units_l1': 10, 'dropout_1': 0.1492570122813282, 'learning_rate': 0.02981640131231492, 'optimizer': 'RMSprop'}. Best is trial 1 with value: 8.329546340865527e-06.
[I 2023-09-19 01:36:51,854] Trial 3 finished with value: 0.0005234487583345375 and parameters: {'n_layers': 2, 'n_units_l0': 9, 'dropout_0': 0.32111758817160246, 'n_units_l1': 2, 'dropout_1': 0.2566725793208542, 'learning_rate': 0.049191933256352405, 'optimizer': 'RMSprop'}. Best is trial 1 with value: 8.329546340865527e-06.
[I 2023-09-19 01:37:32,072] Trial 4 finished with value: 1.890170522692004e-09 and parameters: {'n_layers': 3, 'n_units_l0': 6, 'dropout_0': 0.34604970503846066, 'n_units_l1': 8, 'dropout_1': 0.3304544910978625, 'n_units_l2': 7, 'dropout_2': 0.12244473645826853, 'learning_rate': 0.041690653722322335, 'optimizer': 'Adam'}. Best is trial 4 with value: 1.890170522692004e-09.
[I 2023-09-19 01:37:32,804] Trial 5 pruned.
[I 2023-09-19 01:37:33,602] Trial 6 pruned.
[I 2023-09-19 01:38:13,485] Trial 7 finished with value: 3.107677536318162e-07 and parameters: {'n_layers': 2, 'n_units_l0': 10, 'dropout_0': 0.3576249006493126, 'n_units_l1': 7, 'dropout_1': 0.22457393525552716, 'learning_rate': 0.08737176338273925, 'optimizer': 'Adam'}. Best is trial 4 with value: 1.890170522692004e-09.
[I 2023-09-19 01:38:14,216] Trial 8 pruned.
[I 2023-09-19 01:38:52,683] Trial 9 finished with value: 3.6358976667549394e-07 and parameters: {'n_layers': 2, 'n_units_l0': 4, 'dropout_0': 0.19360005265028568, 'n_units_l1': 7, 'dropout_1': 0.1823734775795052, 'learning_rate': 0.04442532954581516, 'optimizer': 'Adam'}. Best is trial 4 with value: 1.890170522692004e-09.
Selected Catagories are:
['Thapsigargin_1.000_DMSO_0.025']
The dimensions of the data are: (148456, 1270)
Number of total missing values across all columns: 296912
Data Subset Is Off
Wells held out for testing: ['K07']
Wells to use for training, validation, and testing ['D06' 'D07' 'K06']
Number of in features:  1245
Number of out features:  1
Regression
cpu
Validation Loss: 2.1198995314063227e-09
Training Loss: 0.00013168648056442457
completed
