[NbConvertApp] WARNING | Config option `kernel_spec_manager_class` not recognized by `NbConvertApp`.
[NbConvertApp] Converting notebook ../notebooks/Hyperparameter_Optimization_model_binary.ipynb to script
[NbConvertApp] Writing 8579 bytes to Hyperparameter_Optimization_model_binary.py
cell_type: PBMC control_name: LPS_Nigericin_1.000_3.0_DMSO_0.025 treatment_name: LPS_0.100_DMSO_0.025
[I 2023-09-19 01:20:35,643] A new study created in memory with name: no-name-45427aba-653e-4ead-b13d-a9502fff951d
[I 2023-09-19 01:21:59,661] Trial 0 finished with value: 0.16131444968283176 and parameters: {'n_layers': 2, 'n_units_l0': 5, 'dropout_0': 0.22227141478819784, 'n_units_l1': 9, 'dropout_1': 0.12989393587794537, 'learning_rate': 0.019559110201538034, 'optimizer': 'RMSprop'}. Best is trial 0 with value: 0.16131444968283176.
[I 2023-09-19 01:23:23,957] Trial 1 finished with value: 0.3522145973021786 and parameters: {'n_layers': 2, 'n_units_l0': 2, 'dropout_0': 0.1384418804896547, 'n_units_l1': 8, 'dropout_1': 0.17010886739075126, 'learning_rate': 0.04410594659976941, 'optimizer': 'RMSprop'}. Best is trial 0 with value: 0.16131444968283176.
[I 2023-09-19 01:24:50,565] Trial 2 finished with value: 0.413125105102857 and parameters: {'n_layers': 3, 'n_units_l0': 8, 'dropout_0': 0.23016229211514733, 'n_units_l1': 10, 'dropout_1': 0.3767692316795689, 'n_units_l2': 5, 'dropout_2': 0.3214853305318379, 'learning_rate': 0.05377802983994787, 'optimizer': 'RMSprop'}. Best is trial 0 with value: 0.16131444968283176.
[I 2023-09-19 01:26:17,992] Trial 3 finished with value: 0.6835447569191456 and parameters: {'n_layers': 3, 'n_units_l0': 7, 'dropout_0': 0.153170044365575, 'n_units_l1': 3, 'dropout_1': 0.13099749129611793, 'n_units_l2': 5, 'dropout_2': 0.38583942414147543, 'learning_rate': 0.09925273139648476, 'optimizer': 'RMSprop'}. Best is trial 0 with value: 0.16131444968283176.
[I 2023-09-19 01:27:39,282] Trial 4 finished with value: 0.20564662343511977 and parameters: {'n_layers': 1, 'n_units_l0': 6, 'dropout_0': 0.27084384840473524, 'learning_rate': 0.012322630864164436, 'optimizer': 'SGD'}. Best is trial 0 with value: 0.16131444968283176.
[I 2023-09-19 01:29:03,796] Trial 5 finished with value: 0.18400476887201273 and parameters: {'n_layers': 2, 'n_units_l0': 8, 'dropout_0': 0.29109942108851067, 'n_units_l1': 8, 'dropout_1': 0.21137636662916487, 'learning_rate': 0.040581074447862006, 'optimizer': 'RMSprop'}. Best is trial 0 with value: 0.16131444968283176.
[I 2023-09-19 01:30:24,883] Trial 6 finished with value: 0.18062747277319435 and parameters: {'n_layers': 1, 'n_units_l0': 4, 'dropout_0': 0.2297555944812648, 'learning_rate': 0.05845513194100308, 'optimizer': 'SGD'}. Best is trial 0 with value: 0.16131444968283176.
[I 2023-09-19 01:31:50,968] Trial 7 finished with value: 0.16557450300703444 and parameters: {'n_layers': 3, 'n_units_l0': 8, 'dropout_0': 0.22550575733290307, 'n_units_l1': 8, 'dropout_1': 0.21331066756046457, 'n_units_l2': 7, 'dropout_2': 0.12836998275050343, 'learning_rate': 0.02596594056593244, 'optimizer': 'RMSprop'}. Best is trial 0 with value: 0.16131444968283176.
[I 2023-09-19 01:33:16,086] Trial 8 finished with value: 0.1779485149929921 and parameters: {'n_layers': 2, 'n_units_l0': 6, 'dropout_0': 0.1686196094146764, 'n_units_l1': 7, 'dropout_1': 0.11659244984327449, 'learning_rate': 0.07350206421637485, 'optimizer': 'Adam'}. Best is trial 0 with value: 0.16131444968283176.
[I 2023-09-19 01:33:17,760] Trial 9 pruned.
Selected Catagories are:
['LPS_0.100_DMSO_0.025' 'LPS_Nigericin_1.000_3.0_DMSO_0.025']
The dimensions of the data are: (312858, 1270)
Number of total missing values across all columns: 277194
Data Subset Is Off
Wells held out for testing: ['C09' 'L09']
Wells to use for training, validation, and testing ['C02' 'C03' 'C08' 'L02' 'L03' 'L08']
Number of in features:  1245
Number of out features:  2
Binary_Classification
cpu
Validation Accuracy: 93.30018991348386
Validation Loss: 0.1756429505224029
Training Accuracy: 91.60249430235501
Training Loss: 0.22984388126981886
completed
