[NbConvertApp] WARNING | Config option `kernel_spec_manager_class` not recognized by `NbConvertApp`.
[NbConvertApp] Converting notebook ../notebooks/Hyperparameter_Optimization_model_binary.ipynb to script
[NbConvertApp] Writing 8579 bytes to Hyperparameter_Optimization_model_binary.py
cell_type: PBMC control_name: LPS_0.100_DMSO_0.025 treatment_name: LPS_10.000_DMSO_0.025
[I 2023-09-19 01:13:29,175] A new study created in memory with name: no-name-18083c75-4c55-485f-9a5c-6fe4739a94d2
[I 2023-09-19 01:15:03,630] Trial 0 finished with value: 0.5761292984810742 and parameters: {'n_layers': 3, 'n_units_l0': 10, 'dropout_0': 0.1413804661326883, 'n_units_l1': 10, 'dropout_1': 0.18838065637705645, 'n_units_l2': 10, 'dropout_2': 0.20512714461586956, 'learning_rate': 0.04491175014891363, 'optimizer': 'SGD'}. Best is trial 0 with value: 0.5761292984810742.
[I 2023-09-19 01:16:40,972] Trial 1 finished with value: 0.6918515756455335 and parameters: {'n_layers': 3, 'n_units_l0': 7, 'dropout_0': 0.14466434926315647, 'n_units_l1': 8, 'dropout_1': 0.1003335557327614, 'n_units_l2': 10, 'dropout_2': 0.18798079153691993, 'learning_rate': 0.0908797715448967, 'optimizer': 'Adam'}. Best is trial 0 with value: 0.5761292984810742.
[I 2023-09-19 01:18:12,248] Trial 2 finished with value: 0.6929726313460958 and parameters: {'n_layers': 2, 'n_units_l0': 4, 'dropout_0': 0.3704096732947717, 'n_units_l1': 4, 'dropout_1': 0.18996540257115946, 'learning_rate': 0.09908318676719761, 'optimizer': 'RMSprop'}. Best is trial 0 with value: 0.5761292984810742.
[I 2023-09-19 01:19:41,338] Trial 3 finished with value: 0.593386173031547 and parameters: {'n_layers': 1, 'n_units_l0': 4, 'dropout_0': 0.3082706425712687, 'learning_rate': 0.048838974907569534, 'optimizer': 'SGD'}. Best is trial 0 with value: 0.5761292984810742.
[I 2023-09-19 01:21:15,919] Trial 4 finished with value: 0.6918912212957037 and parameters: {'n_layers': 2, 'n_units_l0': 10, 'dropout_0': 0.18812132167171902, 'n_units_l1': 4, 'dropout_1': 0.39514337115309783, 'learning_rate': 0.04741057202114374, 'optimizer': 'Adam'}. Best is trial 0 with value: 0.5761292984810742.
[I 2023-09-19 01:22:47,151] Trial 5 finished with value: 0.5960340360077945 and parameters: {'n_layers': 1, 'n_units_l0': 3, 'dropout_0': 0.3312316596325906, 'learning_rate': 0.08704174436217449, 'optimizer': 'SGD'}. Best is trial 0 with value: 0.5761292984810742.
[I 2023-09-19 01:22:49,030] Trial 6 pruned.
[I 2023-09-19 01:22:50,984] Trial 7 pruned.
[I 2023-09-19 01:22:52,838] Trial 8 pruned.
[I 2023-09-19 01:22:54,802] Trial 9 pruned.
Selected Catagories are:
['LPS_0.100_DMSO_0.025' 'LPS_10.000_DMSO_0.025']
The dimensions of the data are: (295087, 1270)
Number of total missing values across all columns: 590174
Data Subset Is Off
Wells held out for testing: ['C08' 'E08']
Wells to use for training, validation, and testing ['C02' 'C03' 'C09' 'E02' 'E03' 'E09']
Number of in features:  1245
Number of out features:  2
Binary_Classification
cpu
Validation Accuracy: 68.33322658859052
Validation Loss: 0.5852782664515755
Training Accuracy: 67.23347725388156
Training Loss: 0.5978425022125244
completed
