[NbConvertApp] WARNING | Config option `kernel_spec_manager_class` not recognized by `NbConvertApp`.
[NbConvertApp] Converting notebook ../notebooks/Hyperparameter_Optimization_model_binary.ipynb to script
[NbConvertApp] Writing 8579 bytes to Hyperparameter_Optimization_model_binary.py
cell_type: PBMC control_name: LPS_Nigericin_1.000_1.0_DMSO_0.025 treatment_name: Flagellin_1.000_DMSO_0.025
[I 2023-09-17 19:44:16,806] A new study created in memory with name: no-name-23594315-a5f9-47c0-aef4-cfabf5ae03a0
[I 2023-09-17 19:46:02,399] Trial 0 finished with value: 0.12763767252117394 and parameters: {'n_layers': 3, 'n_units_l0': 9, 'dropout_0': 0.10595671494137889, 'n_units_l1': 9, 'dropout_1': 0.10056560396637403, 'n_units_l2': 10, 'dropout_2': 0.12254911943212185, 'learning_rate': 0.028220179000326882, 'optimizer': 'RMSprop'}. Best is trial 0 with value: 0.12763767252117394.
[I 2023-09-17 19:47:32,968] Trial 1 finished with value: 0.16548293645679948 and parameters: {'n_layers': 2, 'n_units_l0': 3, 'dropout_0': 0.31477640549989394, 'n_units_l1': 5, 'dropout_1': 0.2820359757221367, 'learning_rate': 0.0573016234047056, 'optimizer': 'Adam'}. Best is trial 0 with value: 0.12763767252117394.
[I 2023-09-17 19:49:08,773] Trial 2 finished with value: 0.4657685779705644 and parameters: {'n_layers': 2, 'n_units_l0': 7, 'dropout_0': 0.1741378728591639, 'n_units_l1': 10, 'dropout_1': 0.1277575775871497, 'learning_rate': 0.08961565640341919, 'optimizer': 'Adam'}. Best is trial 0 with value: 0.12763767252117394.
[I 2023-09-17 19:50:48,239] Trial 3 finished with value: 0.14174670724570754 and parameters: {'n_layers': 2, 'n_units_l0': 6, 'dropout_0': 0.15374930328398567, 'n_units_l1': 9, 'dropout_1': 0.16740571044766184, 'learning_rate': 0.08599797747189941, 'optimizer': 'Adam'}. Best is trial 0 with value: 0.12763767252117394.
[I 2023-09-17 19:52:27,715] Trial 4 finished with value: 0.1937113206386566 and parameters: {'n_layers': 3, 'n_units_l0': 9, 'dropout_0': 0.14410655540810674, 'n_units_l1': 6, 'dropout_1': 0.31919258545702006, 'n_units_l2': 6, 'dropout_2': 0.29126672872133647, 'learning_rate': 0.05230480000121137, 'optimizer': 'Adam'}. Best is trial 0 with value: 0.12763767252117394.
[I 2023-09-17 19:52:29,805] Trial 5 pruned.
[I 2023-09-17 19:52:31,178] Trial 6 pruned.
[I 2023-09-17 19:52:33,142] Trial 7 pruned.
[I 2023-09-17 19:52:35,132] Trial 8 pruned.
[I 2023-09-17 19:52:36,991] Trial 9 pruned.
Selected Catagories are:
['LPS_Nigericin_1.000_1.0_DMSO_0.025' 'Flagellin_1.000_DMSO_0.025']
The dimensions of the data are: (270560, 1270)
Number of total missing values across all columns: 245710
Data Subset Is Off
Wells held out for testing: ['K08' 'M10']
Wells to use for training, validation, and testing ['K02' 'K03' 'K09' 'M05' 'M11']
Number of in features:  1245
Number of out features:  2
Binary_Classification
cpu
Validation Accuracy: 94.80826260353818
Validation Loss: 0.14856237921118734
Training Accuracy: 93.39636461249376
Training Loss: 0.1758664881898339
completed
