[NbConvertApp] WARNING | Config option `kernel_spec_manager_class` not recognized by `NbConvertApp`.
[NbConvertApp] Converting notebook ../notebooks/Hyperparameter_Optimization_model_binary.ipynb to script
[NbConvertApp] Writing 8579 bytes to Hyperparameter_Optimization_model_binary.py
cell_type: PBMC control_name: LPS_1.000_DMSO_0.025 treatment_name: LPS_10.000_DMSO_0.025
[I 2023-09-17 20:16:51,331] A new study created in memory with name: no-name-db713579-7732-44c3-be52-65d259c8953a
[I 2023-09-17 20:18:41,871] Trial 0 finished with value: 0.4469828062707727 and parameters: {'n_layers': 2, 'n_units_l0': 9, 'dropout_0': 0.26304031884213885, 'n_units_l1': 6, 'dropout_1': 0.3157805128779586, 'learning_rate': 0.04279153833365588, 'optimizer': 'SGD'}. Best is trial 0 with value: 0.4469828062707727.
[I 2023-09-17 20:20:26,528] Trial 1 finished with value: 0.4224598279324446 and parameters: {'n_layers': 1, 'n_units_l0': 7, 'dropout_0': 0.17220175988533276, 'learning_rate': 0.0405048133937648, 'optimizer': 'Adam'}. Best is trial 1 with value: 0.4224598279324446.
[I 2023-09-17 20:22:06,159] Trial 2 finished with value: 0.5439497515830126 and parameters: {'n_layers': 2, 'n_units_l0': 5, 'dropout_0': 0.3782386268677358, 'n_units_l1': 2, 'dropout_1': 0.2626632209087075, 'learning_rate': 0.02917245421118875, 'optimizer': 'RMSprop'}. Best is trial 1 with value: 0.4224598279324446.
[I 2023-09-17 20:23:54,325] Trial 3 finished with value: 0.39991514203223316 and parameters: {'n_layers': 1, 'n_units_l0': 10, 'dropout_0': 0.22116269299706534, 'learning_rate': 0.004986826920971832, 'optimizer': 'Adam'}. Best is trial 3 with value: 0.39991514203223316.
[I 2023-09-17 20:25:32,258] Trial 4 finished with value: 0.4594115068695762 and parameters: {'n_layers': 3, 'n_units_l0': 8, 'dropout_0': 0.1474808037773315, 'n_units_l1': 7, 'dropout_1': 0.13720483304253703, 'n_units_l2': 4, 'dropout_2': 0.20355393755693013, 'learning_rate': 0.048346045050289395, 'optimizer': 'SGD'}. Best is trial 3 with value: 0.39991514203223316.
[I 2023-09-17 20:27:08,849] Trial 5 finished with value: 0.4261360341581431 and parameters: {'n_layers': 1, 'n_units_l0': 6, 'dropout_0': 0.2211939658787998, 'learning_rate': 0.020600032845284548, 'optimizer': 'Adam'}. Best is trial 3 with value: 0.39991514203223316.
[I 2023-09-17 20:27:10,678] Trial 6 pruned.
[I 2023-09-17 20:27:12,485] Trial 7 pruned.
[I 2023-09-17 20:27:14,016] Trial 8 pruned.
[I 2023-09-17 20:27:15,687] Trial 9 pruned.
Selected Catagories are:
['LPS_1.000_DMSO_0.025' 'LPS_10.000_DMSO_0.025']
The dimensions of the data are: (295923, 1270)
Number of total missing values across all columns: 591846
Data Subset Is Off
Wells held out for testing: ['D08' 'E08']
Wells to use for training, validation, and testing ['D02' 'E02' 'D03' 'E03' 'D09' 'E09']
Number of in features:  1245
Number of out features:  2
Binary_Classification
cpu
Validation Accuracy: 81.01416456993756
Validation Loss: 0.40247341126203545
Training Accuracy: 80.04792218760011
Training Loss: 0.4076970156853975
completed
