[NbConvertApp] WARNING | Config option `kernel_spec_manager_class` not recognized by `NbConvertApp`.
[NbConvertApp] Converting notebook ../notebooks/Hyperparameter_Optimization_model_binary.ipynb to script
[NbConvertApp] Writing 8579 bytes to Hyperparameter_Optimization_model_binary.py
cell_type: SHSY5Y control_name: LPS_0.010_DMSO_0.025 treatment_name: LPS_0.100_DMSO_0.025
[I 2023-09-19 01:20:00,941] A new study created in memory with name: no-name-8b026849-7ee4-40b8-a790-01ce0c866a54
[I 2023-09-19 01:20:09,547] Trial 0 finished with value: 0.6517882895469665 and parameters: {'n_layers': 2, 'n_units_l0': 3, 'dropout_0': 0.24735241899646257, 'n_units_l1': 3, 'dropout_1': 0.1275504182036093, 'learning_rate': 0.04462927500552467, 'optimizer': 'SGD'}. Best is trial 0 with value: 0.6517882895469665.
[I 2023-09-19 01:20:18,481] Trial 1 finished with value: 0.6923547867933909 and parameters: {'n_layers': 3, 'n_units_l0': 9, 'dropout_0': 0.33161422527143003, 'n_units_l1': 8, 'dropout_1': 0.28762172102959815, 'n_units_l2': 3, 'dropout_2': 0.2936123085871565, 'learning_rate': 0.047001556243260884, 'optimizer': 'RMSprop'}. Best is trial 0 with value: 0.6517882895469665.
[I 2023-09-19 01:20:27,675] Trial 2 finished with value: 0.5912791713078817 and parameters: {'n_layers': 3, 'n_units_l0': 7, 'dropout_0': 0.3990890975305946, 'n_units_l1': 9, 'dropout_1': 0.27584779176680374, 'n_units_l2': 7, 'dropout_2': 0.39938971647744725, 'learning_rate': 0.01589793748966177, 'optimizer': 'Adam'}. Best is trial 2 with value: 0.5912791713078817.
[I 2023-09-19 01:20:36,377] Trial 3 finished with value: 0.7220780595143637 and parameters: {'n_layers': 2, 'n_units_l0': 9, 'dropout_0': 0.152893193719396, 'n_units_l1': 9, 'dropout_1': 0.19350354821063845, 'learning_rate': 0.06024668907276851, 'optimizer': 'RMSprop'}. Best is trial 2 with value: 0.5912791713078817.
[I 2023-09-19 01:20:44,949] Trial 4 finished with value: 0.6519858169555665 and parameters: {'n_layers': 2, 'n_units_l0': 7, 'dropout_0': 0.2840629702506292, 'n_units_l1': 4, 'dropout_1': 0.1636425989762182, 'learning_rate': 0.040577953423798996, 'optimizer': 'SGD'}. Best is trial 2 with value: 0.5912791713078817.
[I 2023-09-19 01:20:53,702] Trial 5 finished with value: 0.621490459839503 and parameters: {'n_layers': 2, 'n_units_l0': 10, 'dropout_0': 0.11165101650214704, 'n_units_l1': 10, 'dropout_1': 0.11725310262834975, 'learning_rate': 0.04729955860024367, 'optimizer': 'SGD'}. Best is trial 2 with value: 0.5912791713078817.
[I 2023-09-19 01:20:58,434] Trial 6 pruned.
[I 2023-09-19 01:20:59,427] Trial 7 pruned.
[I 2023-09-19 01:21:01,010] Trial 8 pruned.
[I 2023-09-19 01:21:01,238] Trial 9 pruned.
Selected Catagories are:
['LPS_0.010_DMSO_0.025' 'LPS_0.100_DMSO_0.025']
The dimensions of the data are: (33369, 1276)
Number of total missing values across all columns: 66738
Data Subset Is Off
Wells held out for testing: ['B20' 'C21']
Wells to use for training, validation, and testing ['B16' 'C16' 'B17' 'C17' 'C20' 'B21']
Number of in features:  1251
Number of out features:  2
Binary_Classification
cpu
Validation Accuracy: 68.21638822593476
Validation Loss: 0.6012459683418274
Training Accuracy: 68.03729858762682
Training Loss: 0.598428146867525
completed
