[NbConvertApp] WARNING | Config option `kernel_spec_manager_class` not recognized by `NbConvertApp`.
[NbConvertApp] Converting notebook ../notebooks/Hyperparameter_Optimization_model_binary.ipynb to script
[NbConvertApp] Writing 8579 bytes to Hyperparameter_Optimization_model_binary.py
cell_type: SHSY5Y control_name: Thapsigargin_1.000_DMSO_0.025 treatment_name: LPS_Nigericin_1.000_10.0_DMSO_0.025
[I 2023-09-17 20:08:34,994] A new study created in memory with name: no-name-fb4f6625-be32-4fda-ad85-7822ceb598cb
[I 2023-09-17 20:08:42,595] Trial 0 finished with value: 0.15793776338299118 and parameters: {'n_layers': 2, 'n_units_l0': 4, 'dropout_0': 0.23431052448751144, 'n_units_l1': 2, 'dropout_1': 0.14286128087894245, 'learning_rate': 0.08575954115742393, 'optimizer': 'Adam'}. Best is trial 0 with value: 0.15793776338299118.
[I 2023-09-17 20:08:49,920] Trial 1 finished with value: 0.25883092770973837 and parameters: {'n_layers': 3, 'n_units_l0': 5, 'dropout_0': 0.3483175733972496, 'n_units_l1': 9, 'dropout_1': 0.2871662113184465, 'n_units_l2': 6, 'dropout_2': 0.13951084660081234, 'learning_rate': 0.0524938073017084, 'optimizer': 'SGD'}. Best is trial 0 with value: 0.15793776338299118.
[I 2023-09-17 20:08:57,278] Trial 2 finished with value: 0.19193673849105838 and parameters: {'n_layers': 2, 'n_units_l0': 7, 'dropout_0': 0.28914885422494424, 'n_units_l1': 5, 'dropout_1': 0.3733562408513733, 'learning_rate': 0.03533026718051, 'optimizer': 'SGD'}. Best is trial 0 with value: 0.15793776338299118.
[I 2023-09-17 20:09:04,272] Trial 3 finished with value: 0.3708948657910029 and parameters: {'n_layers': 1, 'n_units_l0': 6, 'dropout_0': 0.16497869173525476, 'learning_rate': 0.004838670894070414, 'optimizer': 'SGD'}. Best is trial 0 with value: 0.15793776338299118.
[I 2023-09-17 20:09:11,343] Trial 4 finished with value: 0.14720349289476872 and parameters: {'n_layers': 1, 'n_units_l0': 4, 'dropout_0': 0.24146945375096737, 'learning_rate': 0.07508096772805334, 'optimizer': 'Adam'}. Best is trial 4 with value: 0.14720349289476872.
[I 2023-09-17 20:09:18,526] Trial 5 finished with value: 0.10767424784600736 and parameters: {'n_layers': 2, 'n_units_l0': 4, 'dropout_0': 0.19357390464456187, 'n_units_l1': 6, 'dropout_1': 0.1798806980961589, 'learning_rate': 0.08657018884002635, 'optimizer': 'SGD'}. Best is trial 5 with value: 0.10767424784600736.
[I 2023-09-17 20:09:18,654] Trial 6 pruned.
[I 2023-09-17 20:09:26,372] Trial 7 finished with value: 0.14658167521158855 and parameters: {'n_layers': 3, 'n_units_l0': 9, 'dropout_0': 0.18454405100240623, 'n_units_l1': 9, 'dropout_1': 0.2838425988918233, 'n_units_l2': 9, 'dropout_2': 0.28361308053307177, 'learning_rate': 0.013008592430843216, 'optimizer': 'Adam'}. Best is trial 5 with value: 0.10767424784600736.
[I 2023-09-17 20:09:34,068] Trial 8 finished with value: 0.15869926864902179 and parameters: {'n_layers': 3, 'n_units_l0': 10, 'dropout_0': 0.3244419828738701, 'n_units_l1': 5, 'dropout_1': 0.15408454861589083, 'n_units_l2': 4, 'dropout_2': 0.23298491462030535, 'learning_rate': 0.008607126995465305, 'optimizer': 'Adam'}. Best is trial 5 with value: 0.10767424784600736.
[I 2023-09-17 20:09:34,202] Trial 9 pruned.
Selected Catagories are:
['Thapsigargin_1.000_DMSO_0.025' 'LPS_Nigericin_1.000_10.0_DMSO_0.025']
The dimensions of the data are: (28168, 1276)
Number of total missing values across all columns: 27532
Data Subset Is Off
Wells held out for testing: ['D14' 'M20']
Wells to use for training, validation, and testing ['D15' 'K14' 'K15' 'M16' 'M17' 'M21']
Number of in features:  1251
Number of out features:  2
Binary_Classification
cpu
Validation Accuracy: 97.31526390870185
Validation Loss: 0.14530590136845906
Training Accuracy: 96.55397051830718
Training Loss: 0.1289656251625103
completed
