[NbConvertApp] WARNING | Config option `kernel_spec_manager_class` not recognized by `NbConvertApp`.
[NbConvertApp] Converting notebook ../notebooks/Hyperparameter_Optimization_model_binary.ipynb to script
[NbConvertApp] Writing 8579 bytes to Hyperparameter_Optimization_model_binary.py
cell_type: PBMC control_name: LPS_Nigericin_1.000_1.0_DMSO_0.025 treatment_name: LPS_0.010_DMSO_0.025
[I 2023-09-17 20:28:00,841] A new study created in memory with name: no-name-5a7ba467-83f1-41f3-a0f2-f38c0adf50f8
[I 2023-09-17 20:29:30,372] Trial 0 finished with value: 0.337561988979578 and parameters: {'n_layers': 1, 'n_units_l0': 9, 'dropout_0': 0.3402985242046418, 'learning_rate': 0.009198275549151478, 'optimizer': 'SGD'}. Best is trial 0 with value: 0.337561988979578.
[I 2023-09-17 20:31:04,014] Trial 1 finished with value: 0.2603966169059277 and parameters: {'n_layers': 2, 'n_units_l0': 10, 'dropout_0': 0.3185478655840879, 'n_units_l1': 7, 'dropout_1': 0.11507238669361505, 'learning_rate': 0.010041947512340318, 'optimizer': 'RMSprop'}. Best is trial 1 with value: 0.2603966169059277.
[I 2023-09-17 20:32:35,342] Trial 2 finished with value: 0.41723826941102743 and parameters: {'n_layers': 1, 'n_units_l0': 7, 'dropout_0': 0.22485881378257375, 'learning_rate': 0.053453927657647435, 'optimizer': 'RMSprop'}. Best is trial 1 with value: 0.2603966169059277.
[I 2023-09-17 20:34:05,399] Trial 3 finished with value: 0.3079134576767683 and parameters: {'n_layers': 1, 'n_units_l0': 3, 'dropout_0': 0.1399324036069213, 'learning_rate': 0.03146367869573269, 'optimizer': 'RMSprop'}. Best is trial 1 with value: 0.2603966169059277.
[I 2023-09-17 20:35:36,385] Trial 4 finished with value: 0.3172205504775047 and parameters: {'n_layers': 2, 'n_units_l0': 4, 'dropout_0': 0.39250602902318665, 'n_units_l1': 10, 'dropout_1': 0.14101689418403118, 'learning_rate': 0.09377914471641936, 'optimizer': 'SGD'}. Best is trial 1 with value: 0.2603966169059277.
[I 2023-09-17 20:35:38,242] Trial 5 pruned.
[I 2023-09-17 20:37:09,053] Trial 6 finished with value: 0.2827966930096348 and parameters: {'n_layers': 1, 'n_units_l0': 4, 'dropout_0': 0.26462492230657975, 'learning_rate': 0.02560619512705319, 'optimizer': 'Adam'}. Best is trial 1 with value: 0.2603966169059277.
[I 2023-09-17 20:37:14,870] Trial 7 pruned.
[I 2023-09-17 20:37:16,782] Trial 8 pruned.
[I 2023-09-17 20:37:18,623] Trial 9 pruned.
Selected Catagories are:
['LPS_0.010_DMSO_0.025' 'LPS_Nigericin_1.000_1.0_DMSO_0.025']
The dimensions of the data are: (309093, 1270)
Number of total missing values across all columns: 286160
Data Subset Is Off
Wells held out for testing: ['B08' 'K08']
Wells to use for training, validation, and testing ['B02' 'B03' 'B09' 'K02' 'K03' 'K09']
Number of in features:  1245
Number of out features:  2
Binary_Classification
cpu
Validation Accuracy: 89.47917655690303
Validation Loss: 0.25872582983225584
Training Accuracy: 88.31226870084049
Training Loss: 0.28324263901479785
completed
