[NbConvertApp] WARNING | Config option `kernel_spec_manager_class` not recognized by `NbConvertApp`.
[NbConvertApp] Converting notebook ../notebooks/Hyperparameter_Optimization_model_binary.ipynb to script
[NbConvertApp] Writing 8579 bytes to Hyperparameter_Optimization_model_binary.py
cell_type: PBMC control_name: LPS_0.010_DMSO_0.025 treatment_name: LPS_10.000_DMSO_0.025
[I 2023-09-19 01:13:41,335] A new study created in memory with name: no-name-e19e3281-0fe2-45e9-be60-3361621bd2ee
[I 2023-09-19 01:15:00,178] Trial 0 finished with value: 0.6920876105453658 and parameters: {'n_layers': 2, 'n_units_l0': 10, 'dropout_0': 0.3754359740895533, 'n_units_l1': 4, 'dropout_1': 0.2647330390667698, 'learning_rate': 0.06562775017786023, 'optimizer': 'RMSprop'}. Best is trial 0 with value: 0.6920876105453658.
[I 2023-09-19 01:16:17,249] Trial 1 finished with value: 0.5060824753927147 and parameters: {'n_layers': 3, 'n_units_l0': 5, 'dropout_0': 0.1479470639241125, 'n_units_l1': 6, 'dropout_1': 0.3441172145167512, 'n_units_l2': 2, 'dropout_2': 0.12387295431614313, 'learning_rate': 0.09344525560634498, 'optimizer': 'SGD'}. Best is trial 1 with value: 0.5060824753927147.
[I 2023-09-19 01:17:38,070] Trial 2 finished with value: 0.6906132965502532 and parameters: {'n_layers': 3, 'n_units_l0': 7, 'dropout_0': 0.3330880202347998, 'n_units_l1': 8, 'dropout_1': 0.3986167834021085, 'n_units_l2': 10, 'dropout_2': 0.16048050355980137, 'learning_rate': 0.057993260254805536, 'optimizer': 'RMSprop'}. Best is trial 1 with value: 0.5060824753927147.
[I 2023-09-19 01:18:53,760] Trial 3 finished with value: 0.4718147295454274 and parameters: {'n_layers': 1, 'n_units_l0': 5, 'dropout_0': 0.12544010882639278, 'learning_rate': 0.07842307886850165, 'optimizer': 'Adam'}. Best is trial 3 with value: 0.4718147295454274.
[I 2023-09-19 01:20:11,202] Trial 4 finished with value: 0.6711154641794123 and parameters: {'n_layers': 2, 'n_units_l0': 4, 'dropout_0': 0.2523630897152157, 'n_units_l1': 4, 'dropout_1': 0.3120812259912715, 'learning_rate': 0.07347532900673495, 'optimizer': 'Adam'}. Best is trial 3 with value: 0.4718147295454274.
[I 2023-09-19 01:20:14,441] Trial 5 pruned.
[I 2023-09-19 01:21:31,691] Trial 6 finished with value: 0.4701192437824996 and parameters: {'n_layers': 1, 'n_units_l0': 10, 'dropout_0': 0.3099222482237447, 'learning_rate': 0.032402245166690324, 'optimizer': 'RMSprop'}. Best is trial 6 with value: 0.4701192437824996.
[I 2023-09-19 01:22:45,823] Trial 7 finished with value: 0.5035719851048097 and parameters: {'n_layers': 1, 'n_units_l0': 2, 'dropout_0': 0.3177962326350454, 'learning_rate': 0.05812159930517329, 'optimizer': 'SGD'}. Best is trial 6 with value: 0.4701192437824996.
[I 2023-09-19 01:24:01,373] Trial 8 finished with value: 0.468569318237512 and parameters: {'n_layers': 1, 'n_units_l0': 6, 'dropout_0': 0.3817004803809062, 'learning_rate': 0.088278807430029, 'optimizer': 'SGD'}. Best is trial 8 with value: 0.468569318237512.
[I 2023-09-19 01:24:02,919] Trial 9 pruned.
Selected Catagories are:
['LPS_0.010_DMSO_0.025' 'LPS_10.000_DMSO_0.025']
The dimensions of the data are: (299570, 1270)
Number of total missing values across all columns: 599140
Data Subset Is Off
Wells held out for testing: ['B08' 'E08']
Wells to use for training, validation, and testing ['B02' 'B03' 'B09' 'E02' 'E03' 'E09']
Number of in features:  1245
Number of out features:  2
Binary_Classification
cpu
Validation Accuracy: 77.89627419063122
Validation Loss: 0.45900474905967714
Training Accuracy: 74.5437475978386
Training Loss: 0.49466727867301574
completed
