[NbConvertApp] WARNING | Config option `kernel_spec_manager_class` not recognized by `NbConvertApp`.
[NbConvertApp] Converting notebook ../notebooks/Hyperparameter_Optimization_model_binary.ipynb to script
[NbConvertApp] Writing 8579 bytes to Hyperparameter_Optimization_model_binary.py
cell_type: PBMC control_name: LPS_0.010_DMSO_0.025 treatment_name: H2O2_100.000_DMSO_0.025
[I 2023-09-17 20:41:20,058] A new study created in memory with name: no-name-5d455be0-1684-4718-8784-83545d44c5ed
[I 2023-09-17 20:43:18,579] Trial 0 finished with value: 0.4238149417564273 and parameters: {'n_layers': 3, 'n_units_l0': 6, 'dropout_0': 0.28200134728211523, 'n_units_l1': 9, 'dropout_1': 0.18094384872200664, 'n_units_l2': 2, 'dropout_2': 0.2950906876586436, 'learning_rate': 0.00981497220135155, 'optimizer': 'Adam'}. Best is trial 0 with value: 0.4238149417564273.
[I 2023-09-17 20:45:09,421] Trial 1 finished with value: 0.28882590212859216 and parameters: {'n_layers': 1, 'n_units_l0': 8, 'dropout_0': 0.1564349756481404, 'learning_rate': 0.04425705621625051, 'optimizer': 'SGD'}. Best is trial 1 with value: 0.28882590212859216.
[I 2023-09-17 20:47:00,476] Trial 2 finished with value: 0.2974354811850935 and parameters: {'n_layers': 1, 'n_units_l0': 6, 'dropout_0': 0.16686572939499233, 'learning_rate': 0.0943240090368637, 'optimizer': 'SGD'}. Best is trial 1 with value: 0.28882590212859216.
[I 2023-09-17 20:48:55,805] Trial 3 finished with value: 0.47220073008909824 and parameters: {'n_layers': 3, 'n_units_l0': 9, 'dropout_0': 0.32604190137948774, 'n_units_l1': 5, 'dropout_1': 0.3339795892361583, 'n_units_l2': 3, 'dropout_2': 0.3996769341149481, 'learning_rate': 0.04664175815158499, 'optimizer': 'SGD'}. Best is trial 1 with value: 0.28882590212859216.
[I 2023-09-17 20:50:48,379] Trial 4 finished with value: 0.2675772341061384 and parameters: {'n_layers': 1, 'n_units_l0': 9, 'dropout_0': 0.10296399499779729, 'learning_rate': 0.03918155194174729, 'optimizer': 'Adam'}. Best is trial 4 with value: 0.2675772341061384.
[I 2023-09-17 20:50:50,513] Trial 5 pruned.
[I 2023-09-17 20:50:52,950] Trial 6 pruned.
[I 2023-09-17 20:50:55,164] Trial 7 pruned.
[I 2023-09-17 20:50:57,721] Trial 8 pruned.
[I 2023-09-17 20:51:22,653] Trial 9 pruned.
Selected Catagories are:
['LPS_0.010_DMSO_0.025' 'H2O2_100.000_DMSO_0.025']
The dimensions of the data are: (383616, 1270)
Number of total missing values across all columns: 767232
Data Subset Is Off
Wells held out for testing: ['B09' 'I10']
Wells to use for training, validation, and testing ['B02' 'B03' 'B08' 'H04' 'I04' 'H05' 'I05' 'H10' 'H11' 'I11']
Number of in features:  1245
Number of out features:  2
Binary_Classification
cpu
Validation Accuracy: 88.34750682524243
Validation Loss: 0.2681126420479268
Training Accuracy: 87.52279823639246
Training Loss: 0.27422103346679727
completed
