[NbConvertApp] WARNING | Config option `kernel_spec_manager_class` not recognized by `NbConvertApp`.
[NbConvertApp] Converting notebook ../notebooks/Hyperparameter_Optimization_model_binary.ipynb to script
[NbConvertApp] Writing 8579 bytes to Hyperparameter_Optimization_model_binary.py
cell_type: SHSY5Y control_name: LPS_1.000_DMSO_0.025 treatment_name: Flagellin_1.000_DMSO_0.025
[I 2023-09-17 19:45:37,469] A new study created in memory with name: no-name-53a3495e-7daa-479e-a186-8e8f0fe3f24a
[I 2023-09-17 19:45:48,719] Trial 0 finished with value: 0.6443457833925882 and parameters: {'n_layers': 3, 'n_units_l0': 10, 'dropout_0': 0.17275648463337873, 'n_units_l1': 2, 'dropout_1': 0.21349180691398018, 'n_units_l2': 4, 'dropout_2': 0.2800971748135816, 'learning_rate': 0.043662751448156324, 'optimizer': 'Adam'}. Best is trial 0 with value: 0.6443457833925882.
[I 2023-09-17 19:45:58,562] Trial 1 finished with value: 0.5969672890504201 and parameters: {'n_layers': 1, 'n_units_l0': 5, 'dropout_0': 0.2813119688454868, 'learning_rate': 0.09316633633849883, 'optimizer': 'Adam'}. Best is trial 1 with value: 0.5969672890504201.
[I 2023-09-17 19:46:08,657] Trial 2 finished with value: 0.6927180842558542 and parameters: {'n_layers': 3, 'n_units_l0': 2, 'dropout_0': 0.164314418662185, 'n_units_l1': 7, 'dropout_1': 0.20000494725864143, 'n_units_l2': 7, 'dropout_2': 0.30709883601886323, 'learning_rate': 0.0751983486372492, 'optimizer': 'RMSprop'}. Best is trial 1 with value: 0.5969672890504201.
[I 2023-09-17 19:46:18,879] Trial 3 finished with value: 0.6872269411881764 and parameters: {'n_layers': 3, 'n_units_l0': 10, 'dropout_0': 0.3967493318688877, 'n_units_l1': 5, 'dropout_1': 0.11356332718245815, 'n_units_l2': 10, 'dropout_2': 0.17801622982023957, 'learning_rate': 0.0121452894967487, 'optimizer': 'SGD'}. Best is trial 1 with value: 0.5969672890504201.
[I 2023-09-17 19:46:28,917] Trial 4 finished with value: 0.5824298846721649 and parameters: {'n_layers': 2, 'n_units_l0': 6, 'dropout_0': 0.15050576381518183, 'n_units_l1': 6, 'dropout_1': 0.1393732798148237, 'learning_rate': 0.031189578225186546, 'optimizer': 'Adam'}. Best is trial 4 with value: 0.5824298846721649.
[I 2023-09-17 19:46:39,032] Trial 5 finished with value: 0.5644905797640483 and parameters: {'n_layers': 2, 'n_units_l0': 3, 'dropout_0': 0.2213627187550068, 'n_units_l1': 6, 'dropout_1': 0.3703167709942198, 'learning_rate': 0.017305959646399124, 'optimizer': 'Adam'}. Best is trial 5 with value: 0.5644905797640483.
[I 2023-09-17 19:46:49,229] Trial 6 finished with value: 0.601949383020401 and parameters: {'n_layers': 2, 'n_units_l0': 6, 'dropout_0': 0.3418184259951156, 'n_units_l1': 4, 'dropout_1': 0.35818523736769203, 'learning_rate': 0.042109390352193216, 'optimizer': 'Adam'}. Best is trial 5 with value: 0.5644905797640483.
[I 2023-09-17 19:46:49,406] Trial 7 pruned.
[I 2023-09-17 19:46:49,592] Trial 8 pruned.
[I 2023-09-17 19:46:59,652] Trial 9 finished with value: 0.5687194184462229 and parameters: {'n_layers': 1, 'n_units_l0': 8, 'dropout_0': 0.2734920205842542, 'learning_rate': 0.003688946111149672, 'optimizer': 'Adam'}. Best is trial 5 with value: 0.5644905797640483.
Selected Catagories are:
['LPS_1.000_DMSO_0.025' 'Flagellin_1.000_DMSO_0.025']
The dimensions of the data are: (32267, 1276)
Number of total missing values across all columns: 64534
Data Subset Is Off
Wells held out for testing: ['D21' 'M22']
Wells to use for training, validation, and testing ['D16' 'D17' 'D20' 'M18' 'M19' 'M23']
Number of in features:  1251
Number of out features:  2
Binary_Classification
cpu
Validation Accuracy: 70.74147143444307
Validation Loss: 0.5650471607844034
Training Accuracy: 71.05606083962797
Training Loss: 0.5436878928244114
completed
