[NbConvertApp] WARNING | Config option `kernel_spec_manager_class` not recognized by `NbConvertApp`.
[NbConvertApp] Converting notebook ../notebooks/Hyperparameter_Optimization_model_binary.ipynb to script
[NbConvertApp] Writing 8579 bytes to Hyperparameter_Optimization_model_binary.py
cell_type: SHSY5Y control_name: LPS_1.000_DMSO_0.025 treatment_name: LPS_1.000_DMSO_0.025
[I 2023-09-19 01:15:31,213] A new study created in memory with name: no-name-31631133-ff06-4e31-99fd-904a86bea995
[I 2023-09-19 01:15:35,256] Trial 0 finished with value: 0.033854249222390324 and parameters: {'n_layers': 1, 'n_units_l0': 4, 'dropout_0': 0.11113719173555023, 'learning_rate': 0.09544194871870226, 'optimizer': 'Adam'}. Best is trial 0 with value: 0.033854249222390324.
[I 2023-09-19 01:15:39,348] Trial 1 finished with value: 0.20665844379924236 and parameters: {'n_layers': 1, 'n_units_l0': 6, 'dropout_0': 0.27127622216612735, 'learning_rate': 0.03252829781705508, 'optimizer': 'RMSprop'}. Best is trial 0 with value: 0.033854249222390324.
[I 2023-09-19 01:15:43,598] Trial 2 finished with value: 0.14902778060000854 and parameters: {'n_layers': 3, 'n_units_l0': 10, 'dropout_0': 0.3664857830982031, 'n_units_l1': 5, 'dropout_1': 0.11952333845040572, 'n_units_l2': 7, 'dropout_2': 0.1555436463071244, 'learning_rate': 0.02965793549681902, 'optimizer': 'RMSprop'}. Best is trial 0 with value: 0.033854249222390324.
[I 2023-09-19 01:15:47,789] Trial 3 finished with value: 0.007045551201734508 and parameters: {'n_layers': 3, 'n_units_l0': 5, 'dropout_0': 0.35286943818274263, 'n_units_l1': 7, 'dropout_1': 0.3735494915111618, 'n_units_l2': 9, 'dropout_2': 0.2123992808626908, 'learning_rate': 0.0955373784343173, 'optimizer': 'RMSprop'}. Best is trial 3 with value: 0.007045551201734508.
[I 2023-09-19 01:15:51,959] Trial 4 finished with value: 0.00015433691416831153 and parameters: {'n_layers': 3, 'n_units_l0': 10, 'dropout_0': 0.36435638296067907, 'n_units_l1': 6, 'dropout_1': 0.3179636438629103, 'n_units_l2': 3, 'dropout_2': 0.1421762834770218, 'learning_rate': 0.05811910484663538, 'optimizer': 'SGD'}. Best is trial 4 with value: 0.00015433691416831153.
[I 2023-09-19 01:15:55,965] Trial 5 finished with value: 0.008177413016443074 and parameters: {'n_layers': 1, 'n_units_l0': 3, 'dropout_0': 0.21782952951244383, 'learning_rate': 0.04043633580384786, 'optimizer': 'Adam'}. Best is trial 4 with value: 0.00015433691416831153.
[I 2023-09-19 01:15:56,037] Trial 6 pruned.
[I 2023-09-19 01:16:00,029] Trial 7 finished with value: 0.001264555080269929 and parameters: {'n_layers': 1, 'n_units_l0': 6, 'dropout_0': 0.2881864149444305, 'learning_rate': 0.0875372975701484, 'optimizer': 'SGD'}. Best is trial 4 with value: 0.00015433691416831153.
[I 2023-09-19 01:16:04,187] Trial 8 finished with value: 0.0005355534482077758 and parameters: {'n_layers': 2, 'n_units_l0': 7, 'dropout_0': 0.2159521930418184, 'n_units_l1': 7, 'dropout_1': 0.3668723448629856, 'learning_rate': 0.0925067728218546, 'optimizer': 'Adam'}. Best is trial 4 with value: 0.00015433691416831153.
[I 2023-09-19 01:16:08,123] Trial 9 finished with value: 0.006366910194046795 and parameters: {'n_layers': 1, 'n_units_l0': 8, 'dropout_0': 0.31137788722908566, 'learning_rate': 0.011050180076021682, 'optimizer': 'SGD'}. Best is trial 4 with value: 0.00015433691416831153.
Selected Catagories are:
['LPS_1.000_DMSO_0.025']
The dimensions of the data are: (16458, 1276)
Number of total missing values across all columns: 32916
Data Subset Is Off
Wells held out for testing: ['D20']
Wells to use for training, validation, and testing ['D16' 'D17' 'D21']
Number of in features:  1251
Number of out features:  1
Regression
cpu
Validation Loss: 0.00037082562059367777
Training Loss: 0.00156380270171212
completed
