[NbConvertApp] WARNING | Config option `kernel_spec_manager_class` not recognized by `NbConvertApp`.
[NbConvertApp] Converting notebook ../notebooks/Hyperparameter_Optimization_model_binary.ipynb to script
[NbConvertApp] Writing 8579 bytes to Hyperparameter_Optimization_model_binary.py
cell_type: SHSY5Y control_name: Thapsigargin_1.000_DMSO_0.025 treatment_name: H2O2_100.000_DMSO_0.025
[I 2023-09-17 20:40:12,013] A new study created in memory with name: no-name-23d447f3-b37f-4bf0-a027-476461688b6e
[I 2023-09-17 20:40:25,982] Trial 0 finished with value: 0.25554534159600734 and parameters: {'n_layers': 1, 'n_units_l0': 2, 'dropout_0': 0.17201100090296492, 'learning_rate': 0.09733454005960553, 'optimizer': 'SGD'}. Best is trial 0 with value: 0.25554534159600734.
[I 2023-09-17 20:40:39,914] Trial 1 finished with value: 0.2918431170284748 and parameters: {'n_layers': 2, 'n_units_l0': 8, 'dropout_0': 0.24849663701590047, 'n_units_l1': 3, 'dropout_1': 0.3770719071019266, 'learning_rate': 0.024188868783317337, 'optimizer': 'Adam'}. Best is trial 0 with value: 0.25554534159600734.
[I 2023-09-17 20:40:53,638] Trial 2 finished with value: 0.37039415195584297 and parameters: {'n_layers': 2, 'n_units_l0': 10, 'dropout_0': 0.16081446456209225, 'n_units_l1': 9, 'dropout_1': 0.35284368449841574, 'learning_rate': 0.05940949585319407, 'optimizer': 'RMSprop'}. Best is trial 0 with value: 0.25554534159600734.
[I 2023-09-17 20:41:06,759] Trial 3 finished with value: 0.46670880660414693 and parameters: {'n_layers': 1, 'n_units_l0': 4, 'dropout_0': 0.11419281212562876, 'learning_rate': 0.005765421381906268, 'optimizer': 'SGD'}. Best is trial 0 with value: 0.25554534159600734.
[I 2023-09-17 20:41:20,176] Trial 4 finished with value: 0.3352285301685333 and parameters: {'n_layers': 1, 'n_units_l0': 8, 'dropout_0': 0.3396337927187483, 'learning_rate': 0.056682864723816104, 'optimizer': 'RMSprop'}. Best is trial 0 with value: 0.25554534159600734.
[I 2023-09-17 20:41:20,516] Trial 5 pruned.
[I 2023-09-17 20:41:20,778] Trial 6 pruned.
[I 2023-09-17 20:41:24,896] Trial 7 pruned.
[I 2023-09-17 20:41:25,242] Trial 8 pruned.
[I 2023-09-17 20:41:38,652] Trial 9 finished with value: 0.22294143192470073 and parameters: {'n_layers': 1, 'n_units_l0': 4, 'dropout_0': 0.2690314393591661, 'learning_rate': 0.04149923928505499, 'optimizer': 'Adam'}. Best is trial 9 with value: 0.22294143192470073.
Selected Catagories are:
['Thapsigargin_1.000_DMSO_0.025' 'H2O2_100.000_DMSO_0.025']
The dimensions of the data are: (40666, 1276)
Number of total missing values across all columns: 81332
Data Subset Is Off
Wells held out for testing: ['D14' 'H22']
Wells to use for training, validation, and testing ['D15' 'H18' 'H19' 'H23' 'K14' 'K15' 'I18' 'I19' 'I22' 'I23']
Number of in features:  1251
Number of out features:  2
Binary_Classification
cpu
Validation Accuracy: 91.40705031636034
Validation Loss: 0.2194889087229967
Training Accuracy: 90.4355197227141
Training Loss: 0.22811384771709087
completed
