[NbConvertApp] WARNING | Config option `kernel_spec_manager_class` not recognized by `NbConvertApp`.
[NbConvertApp] Converting notebook ../notebooks/Hyperparameter_Optimization_model_binary.ipynb to script
[NbConvertApp] Writing 8579 bytes to Hyperparameter_Optimization_model_binary.py
cell_type: PBMC control_name: LPS_10.000_DMSO_0.025 treatment_name: LPS_Nigericin_1.000_10.0_DMSO_0.025
[I 2023-09-17 20:08:56,774] A new study created in memory with name: no-name-e05ff2e2-0d78-4720-b32e-fa79d59d829c
[I 2023-09-17 20:10:40,814] Trial 0 finished with value: 0.1181060887813568 and parameters: {'n_layers': 2, 'n_units_l0': 3, 'dropout_0': 0.10822184453028884, 'n_units_l1': 9, 'dropout_1': 0.2784305537193712, 'learning_rate': 0.00491408144889299, 'optimizer': 'RMSprop'}. Best is trial 0 with value: 0.1181060887813568.
[I 2023-09-17 20:12:24,222] Trial 1 finished with value: 0.10167315133512021 and parameters: {'n_layers': 2, 'n_units_l0': 6, 'dropout_0': 0.14969997018285977, 'n_units_l1': 8, 'dropout_1': 0.2719020262703401, 'learning_rate': 0.003635443419473388, 'optimizer': 'RMSprop'}. Best is trial 1 with value: 0.10167315133512021.
[I 2023-09-17 20:14:08,401] Trial 2 finished with value: 0.13255951883792877 and parameters: {'n_layers': 2, 'n_units_l0': 6, 'dropout_0': 0.19051690177923225, 'n_units_l1': 5, 'dropout_1': 0.14866702413679483, 'learning_rate': 0.0737965131525211, 'optimizer': 'Adam'}. Best is trial 1 with value: 0.10167315133512021.
[I 2023-09-17 20:15:55,938] Trial 3 finished with value: 0.6255445927381514 and parameters: {'n_layers': 3, 'n_units_l0': 3, 'dropout_0': 0.2977808633471046, 'n_units_l1': 4, 'dropout_1': 0.1622253016346399, 'n_units_l2': 5, 'dropout_2': 0.349303110448984, 'learning_rate': 0.08809892369146967, 'optimizer': 'Adam'}. Best is trial 1 with value: 0.10167315133512021.
[I 2023-09-17 20:17:42,158] Trial 4 finished with value: 0.12619650541543959 and parameters: {'n_layers': 2, 'n_units_l0': 10, 'dropout_0': 0.23067390587243147, 'n_units_l1': 9, 'dropout_1': 0.14549595486401692, 'learning_rate': 0.07362604737961027, 'optimizer': 'Adam'}. Best is trial 1 with value: 0.10167315133512021.
[I 2023-09-17 20:17:44,099] Trial 5 pruned.
[I 2023-09-17 20:17:46,288] Trial 6 pruned.
[I 2023-09-17 20:17:48,331] Trial 7 pruned.
[I 2023-09-17 20:17:50,454] Trial 8 pruned.
[I 2023-09-17 20:18:03,372] Trial 9 pruned.
Selected Catagories are:
['LPS_10.000_DMSO_0.025' 'LPS_Nigericin_1.000_10.0_DMSO_0.025']
The dimensions of the data are: (337656, 1270)
Number of total missing values across all columns: 312980
Data Subset Is Off
Wells held out for testing: ['E09' 'M09']
Wells to use for training, validation, and testing ['E02' 'E03' 'E08' 'M02' 'M03' 'M08']
Number of in features:  1245
Number of out features:  2
Binary_Classification
cpu
Validation Accuracy: 96.58289095108806
Validation Loss: 0.10229599889516829
Training Accuracy: 95.62471949953144
Training Loss: 0.1344004639975651
completed
