[NbConvertApp] WARNING | Config option `kernel_spec_manager_class` not recognized by `NbConvertApp`.
[NbConvertApp] Converting notebook ../notebooks/Hyperparameter_Optimization_model_binary.ipynb to script
[NbConvertApp] Writing 8579 bytes to Hyperparameter_Optimization_model_binary.py
cell_type: PBMC control_name: LPS_Nigericin_1.000_3.0_DMSO_0.025 treatment_name: LPS_Nigericin_1.000_1.0_DMSO_0.025
[I 2023-09-17 19:50:34,545] A new study created in memory with name: no-name-085b5526-8fce-498a-bb0b-df8cf461bd4d
[I 2023-09-17 19:52:08,389] Trial 0 finished with value: 0.6922689478485674 and parameters: {'n_layers': 3, 'n_units_l0': 8, 'dropout_0': 0.19402709462273487, 'n_units_l1': 3, 'dropout_1': 0.3749937341978744, 'n_units_l2': 2, 'dropout_2': 0.10952989490775161, 'learning_rate': 0.07448072091809359, 'optimizer': 'RMSprop'}. Best is trial 0 with value: 0.6922689478485674.
[I 2023-09-17 19:53:42,364] Trial 1 finished with value: 0.6859309236208597 and parameters: {'n_layers': 2, 'n_units_l0': 7, 'dropout_0': 0.2912865638557506, 'n_units_l1': 5, 'dropout_1': 0.2597777186897551, 'learning_rate': 0.0794845222972461, 'optimizer': 'Adam'}. Best is trial 1 with value: 0.6859309236208597.
[I 2023-09-17 19:55:12,902] Trial 2 finished with value: 0.5675686908651282 and parameters: {'n_layers': 2, 'n_units_l0': 5, 'dropout_0': 0.29712513072841396, 'n_units_l1': 10, 'dropout_1': 0.1600073757972006, 'learning_rate': 0.035075678336766634, 'optimizer': 'RMSprop'}. Best is trial 2 with value: 0.5675686908651282.
[I 2023-09-17 19:56:46,485] Trial 3 finished with value: 0.6417728853225708 and parameters: {'n_layers': 2, 'n_units_l0': 7, 'dropout_0': 0.2612356532363881, 'n_units_l1': 9, 'dropout_1': 0.17709912319500382, 'learning_rate': 0.03928742991624732, 'optimizer': 'RMSprop'}. Best is trial 2 with value: 0.5675686908651282.
[I 2023-09-17 19:58:17,508] Trial 4 finished with value: 0.5195879788310439 and parameters: {'n_layers': 1, 'n_units_l0': 10, 'dropout_0': 0.26554197433720694, 'learning_rate': 0.01910766578312813, 'optimizer': 'SGD'}. Best is trial 4 with value: 0.5195879788310439.
[I 2023-09-17 19:59:52,650] Trial 5 finished with value: 0.5624155589827784 and parameters: {'n_layers': 3, 'n_units_l0': 2, 'dropout_0': 0.16283587003455216, 'n_units_l1': 6, 'dropout_1': 0.2552681866752585, 'n_units_l2': 3, 'dropout_2': 0.12421043913475983, 'learning_rate': 0.026276632243239676, 'optimizer': 'Adam'}. Best is trial 4 with value: 0.5195879788310439.
[I 2023-09-17 20:01:28,842] Trial 6 finished with value: 0.49354000696429495 and parameters: {'n_layers': 3, 'n_units_l0': 10, 'dropout_0': 0.2259332041457646, 'n_units_l1': 7, 'dropout_1': 0.3774170872547129, 'n_units_l2': 10, 'dropout_2': 0.21067574118524213, 'learning_rate': 0.003317779389004381, 'optimizer': 'RMSprop'}. Best is trial 6 with value: 0.49354000696429495.
[I 2023-09-17 20:03:03,923] Trial 7 finished with value: 0.4776529104621322 and parameters: {'n_layers': 3, 'n_units_l0': 8, 'dropout_0': 0.12420008580956193, 'n_units_l1': 9, 'dropout_1': 0.3209644703958551, 'n_units_l2': 6, 'dropout_2': 0.16921695391527442, 'learning_rate': 0.0011844859732938143, 'optimizer': 'RMSprop'}. Best is trial 7 with value: 0.4776529104621322.
[I 2023-09-17 20:04:37,286] Trial 8 finished with value: 0.5627231470523057 and parameters: {'n_layers': 2, 'n_units_l0': 6, 'dropout_0': 0.39276686282214246, 'n_units_l1': 7, 'dropout_1': 0.17330406423572053, 'learning_rate': 0.05030646321228859, 'optimizer': 'Adam'}. Best is trial 7 with value: 0.4776529104621322.
[I 2023-09-17 20:04:39,145] Trial 9 pruned.
Selected Catagories are:
['LPS_Nigericin_1.000_1.0_DMSO_0.025' 'LPS_Nigericin_1.000_3.0_DMSO_0.025']
The dimensions of the data are: (340274, 1270)
Number of total missing values across all columns: 0
Data Subset Is Off
Wells held out for testing: ['K08' 'L09']
Wells to use for training, validation, and testing ['K02' 'K03' 'K09' 'L02' 'L03' 'L08']
Number of in features:  1245
Number of out features:  2
Binary_Classification
cpu
Validation Accuracy: 76.11192121235257
Validation Loss: 0.478657071104756
Training Accuracy: 75.46196938463888
Training Loss: 0.4969462773629597
completed
