[NbConvertApp] WARNING | Config option `kernel_spec_manager_class` not recognized by `NbConvertApp`.
[NbConvertApp] Converting notebook ../notebooks/Hyperparameter_Optimization_model_binary.ipynb to script
[NbConvertApp] Writing 8579 bytes to Hyperparameter_Optimization_model_binary.py
cell_type: SHSY5Y control_name: Flagellin_1.000_DMSO_0.025 treatment_name: LPS_Nigericin_1.000_10.0_DMSO_0.025
[I 2023-09-17 20:06:44,283] A new study created in memory with name: no-name-43d19b57-9fda-4a4a-b899-dd55c1d13b57
[I 2023-09-17 20:06:52,366] Trial 0 finished with value: 0.21355506961544357 and parameters: {'n_layers': 1, 'n_units_l0': 8, 'dropout_0': 0.3943770087600035, 'learning_rate': 0.033263701627264594, 'optimizer': 'SGD'}. Best is trial 0 with value: 0.21355506961544357.
[I 2023-09-17 20:07:00,886] Trial 1 finished with value: 0.13533258641759555 and parameters: {'n_layers': 1, 'n_units_l0': 3, 'dropout_0': 0.2485571250250109, 'learning_rate': 0.0033462388868158643, 'optimizer': 'Adam'}. Best is trial 1 with value: 0.13533258641759555.
[I 2023-09-17 20:07:09,692] Trial 2 finished with value: 0.12482648372650146 and parameters: {'n_layers': 3, 'n_units_l0': 7, 'dropout_0': 0.13856285568380192, 'n_units_l1': 10, 'dropout_1': 0.31254995103708616, 'n_units_l2': 3, 'dropout_2': 0.2719690853239907, 'learning_rate': 0.013653495880613304, 'optimizer': 'RMSprop'}. Best is trial 2 with value: 0.12482648372650146.
[I 2023-09-17 20:07:18,053] Trial 3 finished with value: 0.17148381014664968 and parameters: {'n_layers': 1, 'n_units_l0': 3, 'dropout_0': 0.24363704068273673, 'learning_rate': 0.03947909543944466, 'optimizer': 'RMSprop'}. Best is trial 2 with value: 0.12482648372650146.
[I 2023-09-17 20:07:26,766] Trial 4 finished with value: 0.2588388279080391 and parameters: {'n_layers': 3, 'n_units_l0': 10, 'dropout_0': 0.2931368213358676, 'n_units_l1': 6, 'dropout_1': 0.19180732420751645, 'n_units_l2': 8, 'dropout_2': 0.318555563866465, 'learning_rate': 0.0349175656525326, 'optimizer': 'RMSprop'}. Best is trial 2 with value: 0.12482648372650146.
[I 2023-09-17 20:07:26,993] Trial 5 pruned.
[I 2023-09-17 20:07:27,849] Trial 6 pruned.
[I 2023-09-17 20:07:27,993] Trial 7 pruned.
[I 2023-09-17 20:07:28,134] Trial 8 pruned.
[I 2023-09-17 20:07:28,371] Trial 9 pruned.
Selected Catagories are:
['LPS_Nigericin_1.000_10.0_DMSO_0.025' 'Flagellin_1.000_DMSO_0.025']
The dimensions of the data are: (30211, 1276)
Number of total missing values across all columns: 31618
Data Subset Is Off
Wells held out for testing: ['M16' 'M22']
Wells to use for training, validation, and testing ['M17' 'M18' 'M19' 'M20' 'M21' 'M23']
Number of in features:  1251
Number of out features:  2
Binary_Classification
cpu
Validation Accuracy: 95.14234556848702
Validation Loss: 0.17276863252123198
Training Accuracy: 90.01175153889203
Training Loss: 0.20453685140444175
completed
