[NbConvertApp] WARNING | Config option `kernel_spec_manager_class` not recognized by `NbConvertApp`.
[NbConvertApp] Converting notebook ../notebooks/Hyperparameter_Optimization_model_binary.ipynb to script
[NbConvertApp] Writing 8579 bytes to Hyperparameter_Optimization_model_binary.py
cell_type: PBMC control_name: LPS_Nigericin_1.000_1.0_DMSO_0.025 treatment_name: LPS_0.100_DMSO_0.025
[I 2023-09-19 01:19:55,257] A new study created in memory with name: no-name-4bbc50d6-fd4e-477e-b9df-2755547f22a1
[I 2023-09-19 01:21:32,169] Trial 0 finished with value: 0.3083282850488372 and parameters: {'n_layers': 3, 'n_units_l0': 5, 'dropout_0': 0.12383934991931017, 'n_units_l1': 8, 'dropout_1': 0.17285219341420285, 'n_units_l2': 6, 'dropout_2': 0.15079392677379705, 'learning_rate': 0.026761772019741406, 'optimizer': 'SGD'}. Best is trial 0 with value: 0.3083282850488372.
[I 2023-09-19 01:23:09,264] Trial 1 finished with value: 0.2561005806275036 and parameters: {'n_layers': 1, 'n_units_l0': 7, 'dropout_0': 0.12229264312106887, 'learning_rate': 0.07492999809444871, 'optimizer': 'Adam'}. Best is trial 1 with value: 0.2561005806275036.
[I 2023-09-19 01:24:44,004] Trial 2 finished with value: 0.30522747126610383 and parameters: {'n_layers': 1, 'n_units_l0': 4, 'dropout_0': 0.24776156889981107, 'learning_rate': 0.03304863002032891, 'optimizer': 'RMSprop'}. Best is trial 1 with value: 0.2561005806275036.
[I 2023-09-19 01:26:19,842] Trial 3 finished with value: 0.35434373088504956 and parameters: {'n_layers': 1, 'n_units_l0': 8, 'dropout_0': 0.24116590147969877, 'learning_rate': 0.05279916009943301, 'optimizer': 'RMSprop'}. Best is trial 1 with value: 0.2561005806275036.
[I 2023-09-19 01:28:00,065] Trial 4 finished with value: 0.6889972842776259 and parameters: {'n_layers': 3, 'n_units_l0': 7, 'dropout_0': 0.22504798616293314, 'n_units_l1': 3, 'dropout_1': 0.3978996940993046, 'n_units_l2': 3, 'dropout_2': 0.15798234011196138, 'learning_rate': 0.08571988719550502, 'optimizer': 'RMSprop'}. Best is trial 1 with value: 0.2561005806275036.
[I 2023-09-19 01:28:02,055] Trial 5 pruned.
[I 2023-09-19 01:29:37,243] Trial 6 finished with value: 0.24530519738145493 and parameters: {'n_layers': 1, 'n_units_l0': 9, 'dropout_0': 0.30937787357129465, 'learning_rate': 0.035360150869573344, 'optimizer': 'Adam'}. Best is trial 6 with value: 0.24530519738145493.
[I 2023-09-19 01:29:39,266] Trial 7 pruned.
[I 2023-09-19 01:29:41,322] Trial 8 pruned.
[I 2023-09-19 01:29:43,289] Trial 9 pruned.
Selected Catagories are:
['LPS_0.100_DMSO_0.025' 'LPS_Nigericin_1.000_1.0_DMSO_0.025']
The dimensions of the data are: (304610, 1270)
Number of total missing values across all columns: 277194
Data Subset Is Off
Wells held out for testing: ['C08' 'K08']
Wells to use for training, validation, and testing ['C02' 'C03' 'C09' 'K02' 'K03' 'K09']
Number of in features:  1245
Number of out features:  2
Binary_Classification
cpu
Validation Accuracy: 90.1759622937942
Validation Loss: 0.24350393405427107
Training Accuracy: 86.65101714609916
Training Loss: 0.29591809836256766
completed
