[NbConvertApp] WARNING | Config option `kernel_spec_manager_class` not recognized by `NbConvertApp`.
[NbConvertApp] Converting notebook ../notebooks/Hyperparameter_Optimization_model_binary.ipynb to script
[NbConvertApp] Writing 8579 bytes to Hyperparameter_Optimization_model_binary.py
cell_type: PBMC control_name: LPS_1.000_DMSO_0.025 treatment_name: Flagellin_1.000_DMSO_0.025
[I 2023-09-17 19:46:50,096] A new study created in memory with name: no-name-99933216-cf34-461e-893f-1cf8fe4fcd05
[I 2023-09-17 19:48:05,016] Trial 0 finished with value: 0.5827504586842325 and parameters: {'n_layers': 3, 'n_units_l0': 7, 'dropout_0': 0.39104508352802536, 'n_units_l1': 9, 'dropout_1': 0.19484292532895164, 'n_units_l2': 5, 'dropout_2': 0.10307481590801251, 'learning_rate': 0.050013893664152424, 'optimizer': 'SGD'}. Best is trial 0 with value: 0.5827504586842325.
[I 2023-09-17 19:49:20,075] Trial 1 finished with value: 0.5640953567955228 and parameters: {'n_layers': 2, 'n_units_l0': 3, 'dropout_0': 0.298034184436172, 'n_units_l1': 3, 'dropout_1': 0.1338477206292878, 'learning_rate': 0.06546416927113162, 'optimizer': 'Adam'}. Best is trial 1 with value: 0.5640953567955228.
[I 2023-09-17 19:50:34,999] Trial 2 finished with value: 0.6753226974937651 and parameters: {'n_layers': 2, 'n_units_l0': 3, 'dropout_0': 0.18472245353786454, 'n_units_l1': 2, 'dropout_1': 0.3440324121197593, 'learning_rate': 0.07927377882584638, 'optimizer': 'Adam'}. Best is trial 1 with value: 0.5640953567955228.
[I 2023-09-17 19:51:49,017] Trial 3 finished with value: 0.6797946984900369 and parameters: {'n_layers': 2, 'n_units_l0': 4, 'dropout_0': 0.16327319645317862, 'n_units_l1': 5, 'dropout_1': 0.30929042869715395, 'learning_rate': 0.046310896819465555, 'optimizer': 'RMSprop'}. Best is trial 1 with value: 0.5640953567955228.
[I 2023-09-17 19:53:03,247] Trial 4 finished with value: 0.6749230842457876 and parameters: {'n_layers': 3, 'n_units_l0': 8, 'dropout_0': 0.2522938807274213, 'n_units_l1': 2, 'dropout_1': 0.2253219992497322, 'n_units_l2': 2, 'dropout_2': 0.36712123677148567, 'learning_rate': 0.08522206673866135, 'optimizer': 'SGD'}. Best is trial 1 with value: 0.5640953567955228.
[I 2023-09-17 19:54:16,823] Trial 5 finished with value: 0.586293441719479 and parameters: {'n_layers': 3, 'n_units_l0': 5, 'dropout_0': 0.33249110140210403, 'n_units_l1': 10, 'dropout_1': 0.16014983574853847, 'n_units_l2': 5, 'dropout_2': 0.1412829055253323, 'learning_rate': 0.06347139475974775, 'optimizer': 'SGD'}. Best is trial 1 with value: 0.5640953567955228.
[I 2023-09-17 19:54:18,328] Trial 6 pruned.
[I 2023-09-17 19:54:19,749] Trial 7 pruned.
[I 2023-09-17 19:54:21,329] Trial 8 pruned.
[I 2023-09-17 19:55:36,130] Trial 9 finished with value: 0.5034007518159018 and parameters: {'n_layers': 2, 'n_units_l0': 7, 'dropout_0': 0.1681048247721171, 'n_units_l1': 9, 'dropout_1': 0.37480410972449785, 'learning_rate': 0.030986079843653414, 'optimizer': 'Adam'}. Best is trial 9 with value: 0.5034007518159018.
Selected Catagories are:
['LPS_1.000_DMSO_0.025' 'Flagellin_1.000_DMSO_0.025']
The dimensions of the data are: (243980, 1270)
Number of total missing values across all columns: 524576
Data Subset Is Off
Wells held out for testing: ['D09' 'M10']
Wells to use for training, validation, and testing ['D02' 'D03' 'D08' 'M05' 'M11']
Number of in features:  1245
Number of out features:  2
Binary_Classification
cpu
Validation Accuracy: 75.26769478651168
Validation Loss: 0.5383575598067708
Training Accuracy: 72.83020306576799
Training Loss: 0.5538620384356805
completed
