[NbConvertApp] WARNING | Config option `kernel_spec_manager_class` not recognized by `NbConvertApp`.
[NbConvertApp] Converting notebook ../notebooks/Hyperparameter_Optimization_model_binary.ipynb to script
[NbConvertApp] Writing 8579 bytes to Hyperparameter_Optimization_model_binary.py
cell_type: PBMC control_name: LPS_10.000_DMSO_0.025 treatment_name: LPS_0.010_DMSO_0.025
[I 2023-09-19 01:24:56,954] A new study created in memory with name: no-name-991a0542-0281-4a88-bce5-83819f948f24
[I 2023-09-19 01:26:13,369] Trial 0 finished with value: 0.6135857065864232 and parameters: {'n_layers': 3, 'n_units_l0': 2, 'dropout_0': 0.2597223266938343, 'n_units_l1': 2, 'dropout_1': 0.14385817816899943, 'n_units_l2': 9, 'dropout_2': 0.31279163998019266, 'learning_rate': 0.03680280223044872, 'optimizer': 'SGD'}. Best is trial 0 with value: 0.6135857065864232.
[I 2023-09-19 01:27:30,321] Trial 1 finished with value: 0.4515179399044617 and parameters: {'n_layers': 2, 'n_units_l0': 10, 'dropout_0': 0.21005486935578552, 'n_units_l1': 7, 'dropout_1': 0.3900519395452716, 'learning_rate': 0.04936010869820509, 'optimizer': 'SGD'}. Best is trial 1 with value: 0.4515179399044617.
[I 2023-09-19 01:28:45,817] Trial 2 finished with value: 0.7648872248245323 and parameters: {'n_layers': 1, 'n_units_l0': 6, 'dropout_0': 0.10905020302013135, 'learning_rate': 0.0891996203780621, 'optimizer': 'RMSprop'}. Best is trial 1 with value: 0.4515179399044617.
[I 2023-09-19 01:30:01,505] Trial 3 finished with value: 0.4332110403154208 and parameters: {'n_layers': 1, 'n_units_l0': 7, 'dropout_0': 0.11549070005573911, 'learning_rate': 0.07542929599077082, 'optimizer': 'SGD'}. Best is trial 3 with value: 0.4332110403154208.
[I 2023-09-19 01:31:16,217] Trial 4 finished with value: 0.5656099045276642 and parameters: {'n_layers': 1, 'n_units_l0': 4, 'dropout_0': 0.33971034115934395, 'learning_rate': 0.0651672735480889, 'optimizer': 'RMSprop'}. Best is trial 3 with value: 0.4332110403154208.
[I 2023-09-19 01:31:17,925] Trial 5 pruned.
[I 2023-09-19 01:32:35,338] Trial 6 finished with value: 0.46589538957761684 and parameters: {'n_layers': 2, 'n_units_l0': 7, 'dropout_0': 0.20750359224332515, 'n_units_l1': 5, 'dropout_1': 0.3376660720098889, 'learning_rate': 0.09561454574252519, 'optimizer': 'SGD'}. Best is trial 3 with value: 0.4332110403154208.
[I 2023-09-19 01:32:36,869] Trial 7 pruned.
[I 2023-09-19 01:32:38,475] Trial 8 pruned.
[I 2023-09-19 01:32:39,897] Trial 9 pruned.
Selected Catagories are:
['LPS_0.010_DMSO_0.025' 'LPS_10.000_DMSO_0.025']
The dimensions of the data are: (299570, 1270)
Number of total missing values across all columns: 599140
Data Subset Is Off
Wells held out for testing: ['B08' 'E08']
Wells to use for training, validation, and testing ['B02' 'B03' 'B09' 'E02' 'E03' 'E09']
Number of in features:  1245
Number of out features:  2
Binary_Classification
cpu
Validation Accuracy: 79.22210164586724
Validation Loss: 0.43412509031917745
Training Accuracy: 78.31532183310348
Training Loss: 0.43774627349807715
completed
