[NbConvertApp] WARNING | Config option `kernel_spec_manager_class` not recognized by `NbConvertApp`.
[NbConvertApp] Converting notebook ../notebooks/Hyperparameter_Optimization_model_binary.ipynb to script
[NbConvertApp] Writing 8579 bytes to Hyperparameter_Optimization_model_binary.py
cell_type: SHSY5Y control_name: LPS_Nigericin_1.000_10.0_DMSO_0.025 treatment_name: LPS_10.000_DMSO_0.025
[I 2023-09-19 01:11:10,169] A new study created in memory with name: no-name-7e8e4280-d42d-4483-9cdd-4d5ea2ecf068
[I 2023-09-19 01:11:18,879] Trial 0 finished with value: 0.15184960439801215 and parameters: {'n_layers': 1, 'n_units_l0': 4, 'dropout_0': 0.16698588132954723, 'learning_rate': 0.039111435203995626, 'optimizer': 'RMSprop'}. Best is trial 0 with value: 0.15184960439801215.
[I 2023-09-19 01:11:27,797] Trial 1 finished with value: 0.16355039263765014 and parameters: {'n_layers': 2, 'n_units_l0': 2, 'dropout_0': 0.29702148304198955, 'n_units_l1': 6, 'dropout_1': 0.39796690350007, 'learning_rate': 0.04007166181141119, 'optimizer': 'Adam'}. Best is trial 0 with value: 0.15184960439801215.
[I 2023-09-19 01:11:36,191] Trial 2 finished with value: 0.1937704306344191 and parameters: {'n_layers': 1, 'n_units_l0': 5, 'dropout_0': 0.10422013041780825, 'learning_rate': 0.03264497347460828, 'optimizer': 'SGD'}. Best is trial 0 with value: 0.15184960439801215.
[I 2023-09-19 01:11:44,679] Trial 3 finished with value: 0.4984430276354155 and parameters: {'n_layers': 1, 'n_units_l0': 9, 'dropout_0': 0.24535131320293177, 'learning_rate': 0.08498527822277449, 'optimizer': 'RMSprop'}. Best is trial 0 with value: 0.15184960439801215.
[I 2023-09-19 01:11:53,195] Trial 4 finished with value: 0.2995599224170049 and parameters: {'n_layers': 1, 'n_units_l0': 2, 'dropout_0': 0.37089483929924083, 'learning_rate': 0.06845764618796908, 'optimizer': 'SGD'}. Best is trial 0 with value: 0.15184960439801215.
[I 2023-09-19 01:12:02,398] Trial 5 finished with value: 0.17107456455628076 and parameters: {'n_layers': 3, 'n_units_l0': 7, 'dropout_0': 0.23323883680872987, 'n_units_l1': 7, 'dropout_1': 0.23148870318195536, 'n_units_l2': 3, 'dropout_2': 0.15435360278932375, 'learning_rate': 0.06749129257300317, 'optimizer': 'Adam'}. Best is trial 0 with value: 0.15184960439801215.
[I 2023-09-19 01:12:02,561] Trial 6 pruned.
[I 2023-09-19 01:12:11,303] Trial 7 finished with value: 0.1308477078874906 and parameters: {'n_layers': 2, 'n_units_l0': 3, 'dropout_0': 0.2562409724552474, 'n_units_l1': 2, 'dropout_1': 0.3045850159185114, 'learning_rate': 0.03534538387384564, 'optimizer': 'Adam'}. Best is trial 7 with value: 0.1308477078874906.
[I 2023-09-19 01:12:11,548] Trial 8 pruned.
[I 2023-09-19 01:12:11,705] Trial 9 pruned.
Selected Catagories are:
['LPS_10.000_DMSO_0.025' 'LPS_Nigericin_1.000_10.0_DMSO_0.025']
The dimensions of the data are: (31212, 1276)
Number of total missing values across all columns: 33620
Data Subset Is Off
Wells held out for testing: ['E20' 'M16']
Wells to use for training, validation, and testing ['E16' 'E17' 'E21' 'M17' 'M20' 'M21']
Number of in features:  1251
Number of out features:  2
Binary_Classification
cpu
Validation Accuracy: 95.52134540750323
Validation Loss: 0.1340059130390485
Training Accuracy: 76.34673854447438
Training Loss: 0.34696039388054295
completed
