[NbConvertApp] WARNING | Config option `kernel_spec_manager_class` not recognized by `NbConvertApp`.
[NbConvertApp] Converting notebook ../notebooks/Hyperparameter_Optimization_model_binary.ipynb to script
[NbConvertApp] Writing 8579 bytes to Hyperparameter_Optimization_model_binary.py
cell_type: SHSY5Y control_name: LPS_10.000_DMSO_0.025 treatment_name: LPS_1.000_DMSO_0.025
[I 2023-09-19 01:15:10,275] A new study created in memory with name: no-name-65e12925-3957-4bc9-a1d5-6a4f7966e321
[I 2023-09-19 01:15:19,615] Trial 0 finished with value: 0.6936191856861115 and parameters: {'n_layers': 3, 'n_units_l0': 8, 'dropout_0': 0.21510035052267057, 'n_units_l1': 6, 'dropout_1': 0.11874206030970678, 'n_units_l2': 4, 'dropout_2': 0.31976853554995655, 'learning_rate': 0.06404326616336822, 'optimizer': 'Adam'}. Best is trial 0 with value: 0.6936191856861115.
[I 2023-09-19 01:15:28,244] Trial 1 finished with value: 0.7404157141844432 and parameters: {'n_layers': 1, 'n_units_l0': 8, 'dropout_0': 0.15628979617092906, 'learning_rate': 0.031124843944672107, 'optimizer': 'RMSprop'}. Best is trial 0 with value: 0.6936191856861115.
[I 2023-09-19 01:15:36,659] Trial 2 finished with value: 0.6808580426375072 and parameters: {'n_layers': 1, 'n_units_l0': 9, 'dropout_0': 0.1535794706244394, 'learning_rate': 0.019789097211955105, 'optimizer': 'SGD'}. Best is trial 2 with value: 0.6808580426375072.
[I 2023-09-19 01:15:45,603] Trial 3 finished with value: 0.6823884816964467 and parameters: {'n_layers': 2, 'n_units_l0': 6, 'dropout_0': 0.39772617011505074, 'n_units_l1': 8, 'dropout_1': 0.2754755473720376, 'learning_rate': 0.029782729590167683, 'optimizer': 'RMSprop'}. Best is trial 2 with value: 0.6808580426375072.
[I 2023-09-19 01:15:54,254] Trial 4 finished with value: 0.6993677155176798 and parameters: {'n_layers': 2, 'n_units_l0': 2, 'dropout_0': 0.10298730464902979, 'n_units_l1': 6, 'dropout_1': 0.12279467270591896, 'learning_rate': 0.07519100003342198, 'optimizer': 'RMSprop'}. Best is trial 2 with value: 0.6808580426375072.
[I 2023-09-19 01:16:03,513] Trial 5 finished with value: 0.6912249131997428 and parameters: {'n_layers': 3, 'n_units_l0': 7, 'dropout_0': 0.2790667987370468, 'n_units_l1': 9, 'dropout_1': 0.3971195859165222, 'n_units_l2': 8, 'dropout_2': 0.29262859802483987, 'learning_rate': 0.06098495145566155, 'optimizer': 'SGD'}. Best is trial 2 with value: 0.6808580426375072.
[I 2023-09-19 01:16:12,563] Trial 6 finished with value: 0.6876270441214244 and parameters: {'n_layers': 2, 'n_units_l0': 8, 'dropout_0': 0.11373229588740724, 'n_units_l1': 3, 'dropout_1': 0.30739489059333847, 'learning_rate': 0.0316273427845905, 'optimizer': 'Adam'}. Best is trial 2 with value: 0.6808580426375072.
[I 2023-09-19 01:16:12,799] Trial 7 pruned.
[I 2023-09-19 01:16:21,328] Trial 8 finished with value: 0.6594179582595827 and parameters: {'n_layers': 1, 'n_units_l0': 3, 'dropout_0': 0.16477372330523, 'learning_rate': 0.07339183289734402, 'optimizer': 'SGD'}. Best is trial 8 with value: 0.6594179582595827.
[I 2023-09-19 01:16:30,181] Trial 9 finished with value: 0.676717358827591 and parameters: {'n_layers': 1, 'n_units_l0': 6, 'dropout_0': 0.28038256259060745, 'learning_rate': 0.010830245292528795, 'optimizer': 'Adam'}. Best is trial 8 with value: 0.6594179582595827.
Selected Catagories are:
['LPS_1.000_DMSO_0.025' 'LPS_10.000_DMSO_0.025']
The dimensions of the data are: (33268, 1276)
Number of total missing values across all columns: 66536
Data Subset Is Off
Wells held out for testing: ['D20' 'E21']
Wells to use for training, validation, and testing ['D16' 'E16' 'D17' 'E17' 'E20' 'D21']
Number of in features:  1251
Number of out features:  2
Binary_Classification
cpu
Validation Accuracy: 58.793905372894955
Validation Loss: 0.6605684316158295
Training Accuracy: 60.36251504211793
Training Loss: 0.6387768436670304
completed
