[NbConvertApp] WARNING | Config option `kernel_spec_manager_class` not recognized by `NbConvertApp`.
[NbConvertApp] Converting notebook ../notebooks/Hyperparameter_Optimization_model_binary.ipynb to script
[NbConvertApp] Writing 8579 bytes to Hyperparameter_Optimization_model_binary.py
cell_type: SHSY5Y control_name: Thapsigargin_1.000_DMSO_0.025 treatment_name: LPS_100.000_DMSO_0.025
[I 2023-09-17 20:12:53,440] A new study created in memory with name: no-name-a0e4dd4d-edc1-4531-ae66-fb25dbda61c3
[I 2023-09-17 20:13:01,996] Trial 0 finished with value: 0.2452641714115938 and parameters: {'n_layers': 2, 'n_units_l0': 3, 'dropout_0': 0.16430363896506855, 'n_units_l1': 3, 'dropout_1': 0.21638736712297116, 'learning_rate': 0.022990303245986745, 'optimizer': 'SGD'}. Best is trial 0 with value: 0.2452641714115938.
[I 2023-09-17 20:13:10,530] Trial 1 finished with value: 0.3898776300748189 and parameters: {'n_layers': 3, 'n_units_l0': 5, 'dropout_0': 0.25644414190665965, 'n_units_l1': 5, 'dropout_1': 0.36830749056061285, 'n_units_l2': 2, 'dropout_2': 0.34680950999223625, 'learning_rate': 0.06823021421783515, 'optimizer': 'SGD'}. Best is trial 0 with value: 0.2452641714115938.
[I 2023-09-17 20:13:18,872] Trial 2 finished with value: 0.16480582853158313 and parameters: {'n_layers': 1, 'n_units_l0': 9, 'dropout_0': 0.3062260397179847, 'learning_rate': 0.014364498944736244, 'optimizer': 'RMSprop'}. Best is trial 2 with value: 0.16480582853158313.
[I 2023-09-17 20:13:27,507] Trial 3 finished with value: 0.32992067853609724 and parameters: {'n_layers': 2, 'n_units_l0': 2, 'dropout_0': 0.27953621069154866, 'n_units_l1': 2, 'dropout_1': 0.10328722436574483, 'learning_rate': 0.032723168946914204, 'optimizer': 'SGD'}. Best is trial 2 with value: 0.16480582853158313.
[I 2023-09-17 20:13:36,336] Trial 4 finished with value: 0.1421139729519685 and parameters: {'n_layers': 3, 'n_units_l0': 6, 'dropout_0': 0.14674851469160033, 'n_units_l1': 3, 'dropout_1': 0.10068159218196197, 'n_units_l2': 7, 'dropout_2': 0.14873085423605117, 'learning_rate': 0.018947168630836127, 'optimizer': 'RMSprop'}. Best is trial 4 with value: 0.1421139729519685.
[I 2023-09-17 20:13:45,225] Trial 5 finished with value: 0.1827331877251466 and parameters: {'n_layers': 2, 'n_units_l0': 7, 'dropout_0': 0.10319216040170305, 'n_units_l1': 7, 'dropout_1': 0.3467513551479921, 'learning_rate': 0.007869098928256687, 'optimizer': 'Adam'}. Best is trial 4 with value: 0.1421139729519685.
[I 2023-09-17 20:13:53,700] Trial 6 finished with value: 0.1754445067544778 and parameters: {'n_layers': 1, 'n_units_l0': 10, 'dropout_0': 0.2549532979037502, 'learning_rate': 0.029439933261066874, 'optimizer': 'RMSprop'}. Best is trial 4 with value: 0.1421139729519685.
[I 2023-09-17 20:13:53,942] Trial 7 pruned.
[I 2023-09-17 20:13:54,098] Trial 8 pruned.
[I 2023-09-17 20:14:02,581] Trial 9 finished with value: 0.16178286388516427 and parameters: {'n_layers': 1, 'n_units_l0': 8, 'dropout_0': 0.24103052711175785, 'learning_rate': 0.010371838239264809, 'optimizer': 'Adam'}. Best is trial 4 with value: 0.1421139729519685.
Selected Catagories are:
['Thapsigargin_1.000_DMSO_0.025' 'LPS_100.000_DMSO_0.025']
The dimensions of the data are: (29753, 1276)
Number of total missing values across all columns: 59506
Data Subset Is Off
Wells held out for testing: ['D14' 'J20']
Wells to use for training, validation, and testing ['D15' 'K14' 'K15' 'J16' 'J17' 'J21']
Number of in features:  1251
Number of out features:  2
Binary_Classification
cpu
Validation Accuracy: 95.66535260621987
Validation Loss: 0.16931463231643043
Training Accuracy: 97.2364472675501
Training Loss: 0.08680884543218113
completed
