[NbConvertApp] WARNING | Config option `kernel_spec_manager_class` not recognized by `NbConvertApp`.
[NbConvertApp] Converting notebook ../notebooks/Hyperparameter_Optimization_model_binary.ipynb to script
[NbConvertApp] Writing 8579 bytes to Hyperparameter_Optimization_model_binary.py
cell_type: SHSY5Y control_name: LPS_Nigericin_1.000_3.0_DMSO_0.025 treatment_name: LPS_1.000_DMSO_0.025
[I 2023-09-17 20:18:24,682] A new study created in memory with name: no-name-e3b84847-4f79-4428-8cab-6f09640c5909
[I 2023-09-17 20:18:33,424] Trial 0 finished with value: 0.1236322581768036 and parameters: {'n_layers': 1, 'n_units_l0': 6, 'dropout_0': 0.24383881631877832, 'learning_rate': 0.0173544257670829, 'optimizer': 'RMSprop'}. Best is trial 0 with value: 0.1236322581768036.
[I 2023-09-17 20:18:42,138] Trial 1 finished with value: 0.2715918851892154 and parameters: {'n_layers': 2, 'n_units_l0': 3, 'dropout_0': 0.3757400307044323, 'n_units_l1': 2, 'dropout_1': 0.10502657677898064, 'learning_rate': 0.09692303773255287, 'optimizer': 'SGD'}. Best is trial 0 with value: 0.1236322581768036.
[I 2023-09-17 20:18:50,743] Trial 2 finished with value: 0.12401242064932981 and parameters: {'n_layers': 1, 'n_units_l0': 6, 'dropout_0': 0.3698584978848358, 'learning_rate': 0.0886410884570162, 'optimizer': 'Adam'}. Best is trial 0 with value: 0.1236322581768036.
[I 2023-09-17 20:18:59,527] Trial 3 finished with value: 0.10932987769444784 and parameters: {'n_layers': 2, 'n_units_l0': 6, 'dropout_0': 0.27527633672725527, 'n_units_l1': 7, 'dropout_1': 0.13590744054460274, 'learning_rate': 0.038944304376517865, 'optimizer': 'Adam'}. Best is trial 3 with value: 0.10932987769444784.
[I 2023-09-17 20:19:08,173] Trial 4 finished with value: 0.2717121719320615 and parameters: {'n_layers': 1, 'n_units_l0': 3, 'dropout_0': 0.26294108441919917, 'learning_rate': 0.002163988620774314, 'optimizer': 'Adam'}. Best is trial 3 with value: 0.10932987769444784.
[I 2023-09-17 20:19:08,327] Trial 5 pruned.
[I 2023-09-17 20:19:08,569] Trial 6 pruned.
[I 2023-09-17 20:19:08,738] Trial 7 pruned.
[I 2023-09-17 20:19:08,890] Trial 8 pruned.
[I 2023-09-17 20:19:09,048] Trial 9 pruned.
Selected Catagories are:
['LPS_1.000_DMSO_0.025' 'LPS_Nigericin_1.000_3.0_DMSO_0.025']
The dimensions of the data are: (30110, 1276)
Number of total missing values across all columns: 32916
Data Subset Is Off
Wells held out for testing: ['D20' 'L16']
Wells to use for training, validation, and testing ['D16' 'D17' 'D21' 'L17' 'L20' 'L21']
Number of in features:  1251
Number of out features:  2
Binary_Classification
cpu
Validation Accuracy: 95.87578757875788
Validation Loss: 0.11709151178598404
Training Accuracy: 94.46890652259553
Training Loss: 0.10416551924414107
completed
