[NbConvertApp] WARNING | Config option `kernel_spec_manager_class` not recognized by `NbConvertApp`.
[NbConvertApp] Converting notebook ../notebooks/Hyperparameter_Optimization_model_binary.ipynb to script
[NbConvertApp] Writing 8579 bytes to Hyperparameter_Optimization_model_binary.py
cell_type: SHSY5Y control_name: Thapsigargin_10.000_DMSO_0.025 treatment_name: LPS_1.000_DMSO_0.025
[I 2023-09-19 01:16:21,564] A new study created in memory with name: no-name-00451dd1-b806-4ed0-80be-5c4750102620
[I 2023-09-19 01:16:30,574] Trial 0 finished with value: 0.6729458379745483 and parameters: {'n_layers': 3, 'n_units_l0': 10, 'dropout_0': 0.1633069615927285, 'n_units_l1': 10, 'dropout_1': 0.18103299865288475, 'n_units_l2': 10, 'dropout_2': 0.28051582532823816, 'learning_rate': 0.09638486264360731, 'optimizer': 'RMSprop'}. Best is trial 0 with value: 0.6729458379745483.
[I 2023-09-19 01:16:39,123] Trial 1 finished with value: 0.32295144806305565 and parameters: {'n_layers': 3, 'n_units_l0': 3, 'dropout_0': 0.21836781045000664, 'n_units_l1': 4, 'dropout_1': 0.1932757343514991, 'n_units_l2': 3, 'dropout_2': 0.10799003548497188, 'learning_rate': 0.067755565489232, 'optimizer': 'SGD'}. Best is trial 1 with value: 0.32295144806305565.
[I 2023-09-19 01:16:47,790] Trial 2 finished with value: 0.6863928059736888 and parameters: {'n_layers': 3, 'n_units_l0': 4, 'dropout_0': 0.13309312757253933, 'n_units_l1': 6, 'dropout_1': 0.2835134004989651, 'n_units_l2': 7, 'dropout_2': 0.3891523598036426, 'learning_rate': 0.06603284560367555, 'optimizer': 'RMSprop'}. Best is trial 1 with value: 0.32295144806305565.
[I 2023-09-19 01:16:56,238] Trial 3 finished with value: 0.29590217302242916 and parameters: {'n_layers': 1, 'n_units_l0': 3, 'dropout_0': 0.2524114502711847, 'learning_rate': 0.05436164661961312, 'optimizer': 'RMSprop'}. Best is trial 3 with value: 0.29590217302242916.
[I 2023-09-19 01:17:04,361] Trial 4 finished with value: 0.25058383464813233 and parameters: {'n_layers': 1, 'n_units_l0': 5, 'dropout_0': 0.3076599300417887, 'learning_rate': 0.03875242014190711, 'optimizer': 'RMSprop'}. Best is trial 4 with value: 0.25058383464813233.
[I 2023-09-19 01:17:12,791] Trial 5 finished with value: 0.2786100925008456 and parameters: {'n_layers': 2, 'n_units_l0': 6, 'dropout_0': 0.3697298109102426, 'n_units_l1': 10, 'dropout_1': 0.12520617973292164, 'learning_rate': 0.04833216533347475, 'optimizer': 'SGD'}. Best is trial 4 with value: 0.25058383464813233.
[I 2023-09-19 01:17:12,952] Trial 6 pruned.
[I 2023-09-19 01:17:13,098] Trial 7 pruned.
[I 2023-09-19 01:17:21,536] Trial 8 finished with value: 0.23522836973269778 and parameters: {'n_layers': 1, 'n_units_l0': 9, 'dropout_0': 0.2707637281609714, 'learning_rate': 0.0123695462761852, 'optimizer': 'Adam'}. Best is trial 8 with value: 0.23522836973269778.
[I 2023-09-19 01:17:29,820] Trial 9 finished with value: 0.2669526780645053 and parameters: {'n_layers': 1, 'n_units_l0': 10, 'dropout_0': 0.22129307419036945, 'learning_rate': 0.028988014048981485, 'optimizer': 'Adam'}. Best is trial 8 with value: 0.23522836973269778.
Selected Catagories are:
['Thapsigargin_10.000_DMSO_0.025' 'LPS_1.000_DMSO_0.025']
The dimensions of the data are: (29670, 1276)
Number of total missing values across all columns: 59340
Data Subset Is Off
Wells held out for testing: ['E14' 'D20']
Wells to use for training, validation, and testing ['E15' 'D16' 'D17' 'D21' 'L14' 'L15']
Number of in features:  1251
Number of out features:  2
Binary_Classification
cpu
Validation Accuracy: 92.43690637720489
Validation Loss: 0.26163633217414217
Training Accuracy: 94.07216378237754
Training Loss: 0.12562272779229613
completed
