[NbConvertApp] WARNING | Config option `kernel_spec_manager_class` not recognized by `NbConvertApp`.
[NbConvertApp] Converting notebook ../notebooks/Hyperparameter_Optimization_model_binary.ipynb to script
[NbConvertApp] Writing 8579 bytes to Hyperparameter_Optimization_model_binary.py
cell_type: PBMC control_name: LPS_Nigericin_1.000_1.0_DMSO_0.025 treatment_name: DMSO_0.100_DMSO_0.025
[I 2023-09-17 19:25:22,350] A new study created in memory with name: no-name-3a2ce8c6-e5b5-4ddc-9ee5-93f0fc184dfb
[I 2023-09-17 19:27:42,411] Trial 0 finished with value: 0.6736318270117044 and parameters: {'n_layers': 3, 'n_units_l0': 4, 'dropout_0': 0.3776854017478031, 'n_units_l1': 6, 'dropout_1': 0.1375278644384748, 'n_units_l2': 10, 'dropout_2': 0.3594036978415407, 'learning_rate': 0.037605831212560135, 'optimizer': 'RMSprop'}. Best is trial 0 with value: 0.6736318270117044.
[I 2023-09-17 19:30:01,202] Trial 1 finished with value: 0.6176193823851645 and parameters: {'n_layers': 3, 'n_units_l0': 9, 'dropout_0': 0.3191819057200598, 'n_units_l1': 10, 'dropout_1': 0.36098121804485195, 'n_units_l2': 8, 'dropout_2': 0.2862539982073175, 'learning_rate': 0.06558609116762913, 'optimizer': 'RMSprop'}. Best is trial 1 with value: 0.6176193823851645.
[I 2023-09-17 19:32:18,726] Trial 2 finished with value: 0.28757409038953485 and parameters: {'n_layers': 3, 'n_units_l0': 5, 'dropout_0': 0.37226171151104115, 'n_units_l1': 9, 'dropout_1': 0.32881726423253704, 'n_units_l2': 7, 'dropout_2': 0.10681892905151207, 'learning_rate': 0.019692771460312543, 'optimizer': 'RMSprop'}. Best is trial 2 with value: 0.28757409038953485.
[I 2023-09-17 19:34:34,878] Trial 3 finished with value: 0.6062584587372839 and parameters: {'n_layers': 2, 'n_units_l0': 7, 'dropout_0': 0.23826097734818666, 'n_units_l1': 2, 'dropout_1': 0.3745920460141071, 'learning_rate': 0.05413107995302686, 'optimizer': 'RMSprop'}. Best is trial 2 with value: 0.28757409038953485.
[I 2023-09-17 19:36:52,975] Trial 4 finished with value: 0.6734737990796567 and parameters: {'n_layers': 3, 'n_units_l0': 6, 'dropout_0': 0.2641997179841611, 'n_units_l1': 8, 'dropout_1': 0.3240724022536081, 'n_units_l2': 10, 'dropout_2': 0.39788939236053955, 'learning_rate': 0.06552163090226718, 'optimizer': 'RMSprop'}. Best is trial 2 with value: 0.28757409038953485.
[I 2023-09-17 19:39:08,069] Trial 5 finished with value: 0.24447915744036436 and parameters: {'n_layers': 2, 'n_units_l0': 7, 'dropout_0': 0.31645165389762586, 'n_units_l1': 5, 'dropout_1': 0.17404665286098425, 'learning_rate': 0.01729051476316347, 'optimizer': 'SGD'}. Best is trial 5 with value: 0.24447915744036436.
[I 2023-09-17 19:41:26,767] Trial 6 finished with value: 0.44664578362368046 and parameters: {'n_layers': 3, 'n_units_l0': 5, 'dropout_0': 0.15917935010006432, 'n_units_l1': 9, 'dropout_1': 0.3656296055923901, 'n_units_l2': 7, 'dropout_2': 0.32483935176826206, 'learning_rate': 0.05360817396496463, 'optimizer': 'Adam'}. Best is trial 5 with value: 0.24447915744036436.
[I 2023-09-17 19:41:29,521] Trial 7 pruned.
[I 2023-09-17 19:43:44,365] Trial 8 finished with value: 0.22172126630321146 and parameters: {'n_layers': 1, 'n_units_l0': 10, 'dropout_0': 0.2918822599958467, 'learning_rate': 0.07354587150087451, 'optimizer': 'Adam'}. Best is trial 8 with value: 0.22172126630321146.
[I 2023-09-17 19:43:47,108] Trial 9 pruned.
Selected Catagories are:
['DMSO_0.100_DMSO_0.025' 'LPS_Nigericin_1.000_1.0_DMSO_0.025']
The dimensions of the data are: (381143, 1270)
Number of total missing values across all columns: 430260
Data Subset Is Off
Wells held out for testing: ['J06' 'K08']
Wells to use for training, validation, and testing ['B06' 'C06' 'B07' 'C07' 'I06' 'I07' 'K02' 'K03' 'J07' 'K09']
Number of in features:  1245
Number of out features:  2
Binary_Classification
cpu
Validation Accuracy: 91.42747530291888
Validation Loss: 0.21699102393351496
Training Accuracy: 89.10531006342342
Training Loss: 0.25510396199872293
completed
