[NbConvertApp] WARNING | Config option `kernel_spec_manager_class` not recognized by `NbConvertApp`.
[NbConvertApp] Converting notebook ../notebooks/Hyperparameter_Optimization_model_binary.ipynb to script
[NbConvertApp] Writing 8579 bytes to Hyperparameter_Optimization_model_binary.py
cell_type: PBMC control_name: LPS_Nigericin_1.000_1.0_DMSO_0.025 treatment_name: Thapsigargin_1.000_DMSO_0.025
[I 2023-09-17 20:34:28,760] A new study created in memory with name: no-name-92f36c9e-6536-4c91-ba4b-5b2d3e4ebb63
[I 2023-09-17 20:35:53,340] Trial 0 finished with value: 0.18225645906602342 and parameters: {'n_layers': 2, 'n_units_l0': 9, 'dropout_0': 0.1227533917405301, 'n_units_l1': 10, 'dropout_1': 0.2570104429442076, 'learning_rate': 0.0574104081202537, 'optimizer': 'Adam'}. Best is trial 0 with value: 0.18225645906602342.
[I 2023-09-17 20:37:13,839] Trial 1 finished with value: 0.16957341587791838 and parameters: {'n_layers': 1, 'n_units_l0': 6, 'dropout_0': 0.17841596111394592, 'learning_rate': 0.011185561255087769, 'optimizer': 'RMSprop'}. Best is trial 1 with value: 0.16957341587791838.
[I 2023-09-17 20:38:39,270] Trial 2 finished with value: 0.15281521489222843 and parameters: {'n_layers': 2, 'n_units_l0': 10, 'dropout_0': 0.213507945619429, 'n_units_l1': 7, 'dropout_1': 0.3486034179492874, 'learning_rate': 0.012830539227756593, 'optimizer': 'Adam'}. Best is trial 2 with value: 0.15281521489222843.
[I 2023-09-17 20:40:04,267] Trial 3 finished with value: 0.6929825456937155 and parameters: {'n_layers': 3, 'n_units_l0': 3, 'dropout_0': 0.3454467348114387, 'n_units_l1': 6, 'dropout_1': 0.35016942058399114, 'n_units_l2': 10, 'dropout_2': 0.290858722398851, 'learning_rate': 0.09948709210539643, 'optimizer': 'RMSprop'}. Best is trial 2 with value: 0.15281521489222843.
[I 2023-09-17 20:41:25,908] Trial 4 finished with value: 0.20718068612118565 and parameters: {'n_layers': 2, 'n_units_l0': 5, 'dropout_0': 0.3167696847180045, 'n_units_l1': 3, 'dropout_1': 0.2879781436523087, 'learning_rate': 0.008068502903474157, 'optimizer': 'RMSprop'}. Best is trial 2 with value: 0.15281521489222843.
[I 2023-09-17 20:41:27,578] Trial 5 pruned.
[I 2023-09-17 20:41:29,128] Trial 6 pruned.
[I 2023-09-17 20:41:30,811] Trial 7 pruned.
[I 2023-09-17 20:41:32,446] Trial 8 pruned.
[I 2023-09-17 20:41:34,089] Trial 9 pruned.
Selected Catagories are:
['Thapsigargin_1.000_DMSO_0.025' 'LPS_Nigericin_1.000_1.0_DMSO_0.025']
The dimensions of the data are: (314469, 1270)
Number of total missing values across all columns: 296912
Data Subset Is Off
Wells held out for testing: ['K06' 'K09']
Wells to use for training, validation, and testing ['D06' 'D07' 'K02' 'K03' 'K07' 'K08']
Number of in features:  1245
Number of out features:  2
Binary_Classification
cpu
Validation Accuracy: 94.20426648607467
Validation Loss: 0.15138550398250422
Training Accuracy: 92.72305934140356
Training Loss: 0.1928435367542705
completed
