[NbConvertApp] WARNING | Config option `kernel_spec_manager_class` not recognized by `NbConvertApp`.
[NbConvertApp] Converting notebook ../notebooks/Hyperparameter_Optimization_model_binary.ipynb to script
[NbConvertApp] Writing 8579 bytes to Hyperparameter_Optimization_model_binary.py
cell_type: PBMC control_name: Thapsigargin_1.000_DMSO_0.025 treatment_name: Thapsigargin_1.000_DMSO_0.025
[I 2023-09-17 20:36:38,168] A new study created in memory with name: no-name-54db6c61-56f7-463f-a36b-1eff0ce312f6
[I 2023-09-17 20:37:34,443] Trial 0 finished with value: 6.920784056483051e-07 and parameters: {'n_layers': 2, 'n_units_l0': 5, 'dropout_0': 0.22694688785003106, 'n_units_l1': 3, 'dropout_1': 0.2856093233286907, 'learning_rate': 0.05742009335152502, 'optimizer': 'Adam'}. Best is trial 0 with value: 6.920784056483051e-07.
[I 2023-09-17 20:38:36,287] Trial 1 finished with value: 5.602761204927567e-08 and parameters: {'n_layers': 3, 'n_units_l0': 10, 'dropout_0': 0.27719220843140735, 'n_units_l1': 9, 'dropout_1': 0.12294587056184096, 'n_units_l2': 6, 'dropout_2': 0.16264472104989486, 'learning_rate': 0.06788935187193161, 'optimizer': 'Adam'}. Best is trial 1 with value: 5.602761204927567e-08.
[I 2023-09-17 20:39:32,411] Trial 2 finished with value: 0.7931062634380808 and parameters: {'n_layers': 3, 'n_units_l0': 7, 'dropout_0': 0.12400467616875002, 'n_units_l1': 7, 'dropout_1': 0.15102329627620237, 'n_units_l2': 10, 'dropout_2': 0.3375051419707469, 'learning_rate': 0.09963141722386173, 'optimizer': 'RMSprop'}. Best is trial 1 with value: 5.602761204927567e-08.
[I 2023-09-17 20:40:24,296] Trial 3 finished with value: 14.659135727246573 and parameters: {'n_layers': 1, 'n_units_l0': 10, 'dropout_0': 0.29689914506297965, 'learning_rate': 0.0831910489947644, 'optimizer': 'Adam'}. Best is trial 1 with value: 5.602761204927567e-08.
[I 2023-09-17 20:41:16,408] Trial 4 finished with value: 9.573820198934476 and parameters: {'n_layers': 1, 'n_units_l0': 10, 'dropout_0': 0.2643978262316863, 'learning_rate': 0.07594094749106438, 'optimizer': 'RMSprop'}. Best is trial 1 with value: 5.602761204927567e-08.
[I 2023-09-17 20:42:05,502] Trial 5 finished with value: 3.872356430252663e-05 and parameters: {'n_layers': 1, 'n_units_l0': 8, 'dropout_0': 0.1373661246805393, 'learning_rate': 0.011181007174545142, 'optimizer': 'Adam'}. Best is trial 1 with value: 5.602761204927567e-08.
[I 2023-09-17 20:42:59,426] Trial 6 finished with value: 0.00015925580772371345 and parameters: {'n_layers': 2, 'n_units_l0': 6, 'dropout_0': 0.2838144176029199, 'n_units_l1': 9, 'dropout_1': 0.2786939940625821, 'learning_rate': 0.006361069547155176, 'optimizer': 'RMSprop'}. Best is trial 1 with value: 5.602761204927567e-08.
[I 2023-09-17 20:43:57,507] Trial 7 finished with value: 7.074863301774961e-05 and parameters: {'n_layers': 2, 'n_units_l0': 9, 'dropout_0': 0.36729597038192563, 'n_units_l1': 7, 'dropout_1': 0.21192483493407432, 'learning_rate': 0.0338800882269689, 'optimizer': 'SGD'}. Best is trial 1 with value: 5.602761204927567e-08.
[I 2023-09-17 20:44:43,737] Trial 8 finished with value: 1.711250486447501e-05 and parameters: {'n_layers': 3, 'n_units_l0': 3, 'dropout_0': 0.10171087184756683, 'n_units_l1': 5, 'dropout_1': 0.11872078332057931, 'n_units_l2': 3, 'dropout_2': 0.11014724325683947, 'learning_rate': 0.06264803929186934, 'optimizer': 'SGD'}. Best is trial 1 with value: 5.602761204927567e-08.
[I 2023-09-17 20:45:37,389] Trial 9 finished with value: 3.268050915910926e-07 and parameters: {'n_layers': 2, 'n_units_l0': 10, 'dropout_0': 0.19947959833032816, 'n_units_l1': 5, 'dropout_1': 0.1380480864063683, 'learning_rate': 0.05574558474986112, 'optimizer': 'Adam'}. Best is trial 1 with value: 5.602761204927567e-08.
Selected Catagories are:
['Thapsigargin_1.000_DMSO_0.025']
The dimensions of the data are: (148456, 1270)
Number of total missing values across all columns: 296912
Data Subset Is Off
Wells held out for testing: ['K07']
Wells to use for training, validation, and testing ['D06' 'D07' 'K06']
Number of in features:  1245
Number of out features:  1
Regression
cpu
Validation Loss: 9.203360213024986e-08
Training Loss: 0.0016875482548922057
completed
