[NbConvertApp] WARNING | Config option `kernel_spec_manager_class` not recognized by `NbConvertApp`.
[NbConvertApp] Converting notebook ../notebooks/Hyperparameter_Optimization_model_binary.ipynb to script
[NbConvertApp] Writing 8579 bytes to Hyperparameter_Optimization_model_binary.py
cell_type: PBMC control_name: LPS_10.000_DMSO_0.025 treatment_name: Flagellin_1.000_DMSO_0.025
[I 2023-09-17 19:46:13,832] A new study created in memory with name: no-name-fd70b113-a2ca-409e-a87b-2f05429456d7
[I 2023-09-17 19:47:53,853] Trial 0 finished with value: 0.5631017867828672 and parameters: {'n_layers': 3, 'n_units_l0': 7, 'dropout_0': 0.16942868740146597, 'n_units_l1': 10, 'dropout_1': 0.2124510957860703, 'n_units_l2': 5, 'dropout_2': 0.2503877715167195, 'learning_rate': 0.07434342988653808, 'optimizer': 'SGD'}. Best is trial 0 with value: 0.5631017867828672.
[I 2023-09-17 19:49:11,348] Trial 1 finished with value: 0.663491444273999 and parameters: {'n_layers': 2, 'n_units_l0': 4, 'dropout_0': 0.31897940139580705, 'n_units_l1': 10, 'dropout_1': 0.331881813497664, 'learning_rate': 0.06482831463988913, 'optimizer': 'RMSprop'}. Best is trial 0 with value: 0.5631017867828672.
[I 2023-09-17 19:50:28,198] Trial 2 finished with value: 0.5435502517850775 and parameters: {'n_layers': 3, 'n_units_l0': 7, 'dropout_0': 0.17582588337054522, 'n_units_l1': 8, 'dropout_1': 0.24183806050341114, 'n_units_l2': 3, 'dropout_2': 0.25670290974855414, 'learning_rate': 0.06027883751643648, 'optimizer': 'SGD'}. Best is trial 2 with value: 0.5435502517850775.
[I 2023-09-17 19:51:47,667] Trial 3 finished with value: 0.5253756745238054 and parameters: {'n_layers': 3, 'n_units_l0': 8, 'dropout_0': 0.39051334005108274, 'n_units_l1': 10, 'dropout_1': 0.24361370585871056, 'n_units_l2': 3, 'dropout_2': 0.1608076860849183, 'learning_rate': 0.017375294025716324, 'optimizer': 'Adam'}. Best is trial 3 with value: 0.5253756745238054.
[I 2023-09-17 19:53:07,685] Trial 4 finished with value: 0.5043768282940513 and parameters: {'n_layers': 1, 'n_units_l0': 9, 'dropout_0': 0.2974416680472882, 'learning_rate': 0.09124749673659886, 'optimizer': 'SGD'}. Best is trial 4 with value: 0.5043768282940513.
[I 2023-09-17 19:53:09,222] Trial 5 pruned.
[I 2023-09-17 19:53:10,720] Trial 6 pruned.
[I 2023-09-17 19:53:12,282] Trial 7 pruned.
[I 2023-09-17 19:53:13,789] Trial 8 pruned.
[I 2023-09-17 19:53:15,296] Trial 9 pruned.
Selected Catagories are:
['LPS_10.000_DMSO_0.025' 'Flagellin_1.000_DMSO_0.025']
The dimensions of the data are: (261037, 1270)
Number of total missing values across all columns: 558690
Data Subset Is Off
Wells held out for testing: ['E09' 'M10']
Wells to use for training, validation, and testing ['E02' 'E03' 'E08' 'M05' 'M11']
Number of in features:  1245
Number of out features:  2
Binary_Classification
cpu
Validation Accuracy: 75.19123914333495
Validation Loss: 0.5012052953556965
Training Accuracy: 74.39217510924097
Training Loss: 0.5101190492890826
completed
