[NbConvertApp] WARNING | Config option `kernel_spec_manager_class` not recognized by `NbConvertApp`.
[NbConvertApp] Converting notebook ../notebooks/Hyperparameter_Optimization_model_binary.ipynb to script
[NbConvertApp] Writing 8579 bytes to Hyperparameter_Optimization_model_binary.py
cell_type: SHSY5Y control_name: Thapsigargin_1.000_DMSO_0.025 treatment_name: Thapsigargin_10.000_DMSO_0.025
[I 2023-09-19 01:27:59,317] A new study created in memory with name: no-name-688972af-5ef8-4170-b814-6206ce8a7217
[I 2023-09-19 01:28:08,130] Trial 0 finished with value: 0.6413971426089604 and parameters: {'n_layers': 1, 'n_units_l0': 10, 'dropout_0': 0.15111434013664238, 'learning_rate': 0.08980452154522842, 'optimizer': 'Adam'}. Best is trial 0 with value: 0.6413971426089604.
[I 2023-09-19 01:28:16,424] Trial 1 finished with value: 0.5663112127780914 and parameters: {'n_layers': 1, 'n_units_l0': 4, 'dropout_0': 0.2280879554332389, 'learning_rate': 0.03207873188771235, 'optimizer': 'SGD'}. Best is trial 1 with value: 0.5663112127780914.
[I 2023-09-19 01:28:24,610] Trial 2 finished with value: 0.5368603001038234 and parameters: {'n_layers': 1, 'n_units_l0': 4, 'dropout_0': 0.30500894198431117, 'learning_rate': 0.04231308404328479, 'optimizer': 'SGD'}. Best is trial 2 with value: 0.5368603001038234.
[I 2023-09-19 01:28:33,324] Trial 3 finished with value: 0.6511975548664728 and parameters: {'n_layers': 2, 'n_units_l0': 10, 'dropout_0': 0.34413287679608595, 'n_units_l1': 6, 'dropout_1': 0.38466608755996967, 'learning_rate': 0.07018581050740168, 'optimizer': 'RMSprop'}. Best is trial 2 with value: 0.5368603001038234.
[I 2023-09-19 01:28:41,902] Trial 4 finished with value: 0.5369156152009964 and parameters: {'n_layers': 2, 'n_units_l0': 4, 'dropout_0': 0.24973845502560987, 'n_units_l1': 9, 'dropout_1': 0.35192861629576744, 'learning_rate': 0.047607856565065075, 'optimizer': 'Adam'}. Best is trial 2 with value: 0.5368603001038234.
[I 2023-09-19 01:28:42,052] Trial 5 pruned.
[I 2023-09-19 01:28:50,747] Trial 6 finished with value: 0.5083599154154459 and parameters: {'n_layers': 2, 'n_units_l0': 9, 'dropout_0': 0.2498884536571652, 'n_units_l1': 3, 'dropout_1': 0.38773269723954173, 'learning_rate': 0.026783964511397803, 'optimizer': 'Adam'}. Best is trial 6 with value: 0.5083599154154459.
[I 2023-09-19 01:28:51,559] Trial 7 pruned.
[I 2023-09-19 01:28:51,702] Trial 8 pruned.
[I 2023-09-19 01:29:00,500] Trial 9 finished with value: 0.501269443233808 and parameters: {'n_layers': 2, 'n_units_l0': 10, 'dropout_0': 0.3072410290987671, 'n_units_l1': 2, 'dropout_1': 0.24697981319800116, 'learning_rate': 0.013694751796948845, 'optimizer': 'Adam'}. Best is trial 9 with value: 0.501269443233808.
Selected Catagories are:
['Thapsigargin_1.000_DMSO_0.025' 'Thapsigargin_10.000_DMSO_0.025']
The dimensions of the data are: (26978, 1276)
Number of total missing values across all columns: 53956
Data Subset Is Off
Wells held out for testing: ['E14' 'K14']
Wells to use for training, validation, and testing ['D14' 'D15' 'E15' 'L14' 'K15' 'L15']
Number of in features:  1251
Number of out features:  2
Binary_Classification
cpu
Validation Accuracy: 72.87599206349206
Validation Loss: 0.5790242532889048
Training Accuracy: 76.30316938535012
Training Loss: 0.4814305671874215
completed
