[NbConvertApp] WARNING | Config option `kernel_spec_manager_class` not recognized by `NbConvertApp`.
[NbConvertApp] Converting notebook ../notebooks/Hyperparameter_Optimization_model_binary.ipynb to script
[NbConvertApp] Writing 8579 bytes to Hyperparameter_Optimization_model_binary.py
cell_type: SHSY5Y control_name: Thapsigargin_10.000_DMSO_0.025 treatment_name: LPS_0.100_DMSO_0.025
[I 2023-09-17 20:25:00,424] A new study created in memory with name: no-name-0ba37d7e-30af-4933-a5b0-6a267530e5f7
[I 2023-09-17 20:25:09,763] Trial 0 finished with value: 0.2748034959038098 and parameters: {'n_layers': 2, 'n_units_l0': 7, 'dropout_0': 0.10799930703860795, 'n_units_l1': 5, 'dropout_1': 0.277130129220557, 'learning_rate': 0.08978170167890002, 'optimizer': 'Adam'}. Best is trial 0 with value: 0.2748034959038098.
[I 2023-09-17 20:25:18,628] Trial 1 finished with value: 0.4199356538057327 and parameters: {'n_layers': 1, 'n_units_l0': 9, 'dropout_0': 0.13905283023402445, 'learning_rate': 0.03808808443698165, 'optimizer': 'RMSprop'}. Best is trial 0 with value: 0.2748034959038098.
[I 2023-09-17 20:25:27,581] Trial 2 finished with value: 0.19995027899742124 and parameters: {'n_layers': 1, 'n_units_l0': 10, 'dropout_0': 0.3295149325823279, 'learning_rate': 0.07077822147592118, 'optimizer': 'SGD'}. Best is trial 2 with value: 0.19995027899742124.
[I 2023-09-17 20:25:36,989] Trial 3 finished with value: 0.31276012778282164 and parameters: {'n_layers': 3, 'n_units_l0': 7, 'dropout_0': 0.29023619445628496, 'n_units_l1': 5, 'dropout_1': 0.35947207721870955, 'n_units_l2': 2, 'dropout_2': 0.26161848478834393, 'learning_rate': 0.012490215472491187, 'optimizer': 'Adam'}. Best is trial 2 with value: 0.19995027899742124.
[I 2023-09-17 20:25:46,083] Trial 4 finished with value: 0.3437980983654658 and parameters: {'n_layers': 2, 'n_units_l0': 7, 'dropout_0': 0.3297924361087048, 'n_units_l1': 6, 'dropout_1': 0.12761732540964027, 'learning_rate': 0.0490961415692773, 'optimizer': 'RMSprop'}. Best is trial 2 with value: 0.19995027899742124.
[I 2023-09-17 20:25:46,329] Trial 5 pruned.
[I 2023-09-17 20:25:55,271] Trial 6 finished with value: 0.290948811173439 and parameters: {'n_layers': 1, 'n_units_l0': 8, 'dropout_0': 0.14167024885511476, 'learning_rate': 0.023331544622361363, 'optimizer': 'Adam'}. Best is trial 2 with value: 0.19995027899742124.
[I 2023-09-17 20:26:04,415] Trial 7 finished with value: 0.19039520551760986 and parameters: {'n_layers': 2, 'n_units_l0': 3, 'dropout_0': 0.2965619893633836, 'n_units_l1': 8, 'dropout_1': 0.18027001644518248, 'learning_rate': 0.030498110338708643, 'optimizer': 'Adam'}. Best is trial 7 with value: 0.19039520551760986.
[I 2023-09-17 20:26:13,489] Trial 8 finished with value: 0.2573887023329735 and parameters: {'n_layers': 1, 'n_units_l0': 9, 'dropout_0': 0.14367737172746914, 'learning_rate': 0.01906108683631577, 'optimizer': 'Adam'}. Best is trial 7 with value: 0.19039520551760986.
[I 2023-09-17 20:26:13,661] Trial 9 pruned.
Selected Catagories are:
['Thapsigargin_10.000_DMSO_0.025' 'LPS_0.100_DMSO_0.025']
The dimensions of the data are: (30722, 1276)
Number of total missing values across all columns: 61444
Data Subset Is Off
Wells held out for testing: ['E14' 'C20']
Wells to use for training, validation, and testing ['E15' 'C16' 'C17' 'C21' 'L14' 'L15']
Number of in features:  1251
Number of out features:  2
Binary_Classification
cpu
Validation Accuracy: 89.5166083916084
Validation Loss: 0.24844361553589503
Training Accuracy: 86.11757635360324
Training Loss: 0.2758969988634712
completed
