[NbConvertApp] WARNING | Config option `kernel_spec_manager_class` not recognized by `NbConvertApp`.
[NbConvertApp] Converting notebook ../notebooks/Hyperparameter_Optimization_model_binary.ipynb to script
[NbConvertApp] Writing 8579 bytes to Hyperparameter_Optimization_model_binary.py
cell_type: SHSY5Y control_name: LPS_Nigericin_1.000_10.0_DMSO_0.025 treatment_name: LPS_Nigericin_1.000_10.0_DMSO_0.025
[I 2023-09-19 01:01:19,711] A new study created in memory with name: no-name-a3882674-c261-4bfa-9103-d228e4b09c0d
[I 2023-09-19 01:01:24,250] Trial 0 finished with value: 0.027223306088366143 and parameters: {'n_layers': 3, 'n_units_l0': 5, 'dropout_0': 0.37491185857738984, 'n_units_l1': 7, 'dropout_1': 0.2850810513602203, 'n_units_l2': 5, 'dropout_2': 0.20859199055716168, 'learning_rate': 0.07737970660994631, 'optimizer': 'RMSprop'}. Best is trial 0 with value: 0.027223306088366143.
[I 2023-09-19 01:01:28,564] Trial 1 finished with value: 0.017863133224653504 and parameters: {'n_layers': 1, 'n_units_l0': 10, 'dropout_0': 0.18374427584998215, 'learning_rate': 0.054626189301591584, 'optimizer': 'Adam'}. Best is trial 1 with value: 0.017863133224653504.
[I 2023-09-19 01:01:33,184] Trial 2 finished with value: 0.011025307486564629 and parameters: {'n_layers': 2, 'n_units_l0': 3, 'dropout_0': 0.18855521878273473, 'n_units_l1': 8, 'dropout_1': 0.2089180515984645, 'learning_rate': 0.07083561061363458, 'optimizer': 'Adam'}. Best is trial 2 with value: 0.011025307486564629.
[I 2023-09-19 01:01:37,214] Trial 3 finished with value: 0.5017183374031446 and parameters: {'n_layers': 1, 'n_units_l0': 4, 'dropout_0': 0.3026665855156397, 'learning_rate': 0.06264849867339654, 'optimizer': 'RMSprop'}. Best is trial 2 with value: 0.011025307486564629.
[I 2023-09-19 01:01:41,651] Trial 4 finished with value: 0.00037047112672097956 and parameters: {'n_layers': 3, 'n_units_l0': 2, 'dropout_0': 0.3311603337243222, 'n_units_l1': 7, 'dropout_1': 0.1510061879095974, 'n_units_l2': 3, 'dropout_2': 0.1637467332204519, 'learning_rate': 0.02858067011513489, 'optimizer': 'Adam'}. Best is trial 4 with value: 0.00037047112672097956.
[I 2023-09-19 01:01:45,751] Trial 5 finished with value: 0.004830985246808268 and parameters: {'n_layers': 1, 'n_units_l0': 5, 'dropout_0': 0.3625420312725297, 'learning_rate': 0.08007936803791099, 'optimizer': 'Adam'}. Best is trial 4 with value: 0.00037047112672097956.
[I 2023-09-19 01:01:50,040] Trial 6 finished with value: 5.3633969137081295e-05 and parameters: {'n_layers': 3, 'n_units_l0': 10, 'dropout_0': 0.3612926979805542, 'n_units_l1': 10, 'dropout_1': 0.12296995133571081, 'n_units_l2': 7, 'dropout_2': 0.3116480542438771, 'learning_rate': 0.09467851658934878, 'optimizer': 'SGD'}. Best is trial 6 with value: 5.3633969137081295e-05.
[I 2023-09-19 01:01:54,428] Trial 7 finished with value: 0.003510207616700427 and parameters: {'n_layers': 2, 'n_units_l0': 7, 'dropout_0': 0.2971117663698125, 'n_units_l1': 8, 'dropout_1': 0.2548235266731388, 'learning_rate': 0.04402175132674479, 'optimizer': 'Adam'}. Best is trial 6 with value: 5.3633969137081295e-05.
[I 2023-09-19 01:01:58,840] Trial 8 finished with value: 4.414050389000134e-05 and parameters: {'n_layers': 3, 'n_units_l0': 4, 'dropout_0': 0.2102339623191532, 'n_units_l1': 4, 'dropout_1': 0.38935594919938965, 'n_units_l2': 7, 'dropout_2': 0.22845026151292808, 'learning_rate': 0.06322013142295038, 'optimizer': 'Adam'}. Best is trial 8 with value: 4.414050389000134e-05.
[I 2023-09-19 01:02:03,331] Trial 9 finished with value: 0.00023770335123117546 and parameters: {'n_layers': 3, 'n_units_l0': 8, 'dropout_0': 0.30541859180266573, 'n_units_l1': 7, 'dropout_1': 0.2657465061888583, 'n_units_l2': 4, 'dropout_2': 0.1715396150509373, 'learning_rate': 0.0627958809208888, 'optimizer': 'SGD'}. Best is trial 8 with value: 4.414050389000134e-05.
Selected Catagories are:
['LPS_Nigericin_1.000_10.0_DMSO_0.025']
The dimensions of the data are: (14402, 1276)
Number of total missing values across all columns: 0
Data Subset Is Off
Wells held out for testing: ['M20']
Wells to use for training, validation, and testing ['M16' 'M17' 'M21']
Number of in features:  1251
Number of out features:  1
Regression
cpu
Validation Loss: 1.8607569554305747e-05
Training Loss: 3.953668143414158e-05
completed
