[NbConvertApp] WARNING | Config option `kernel_spec_manager_class` not recognized by `NbConvertApp`.
[NbConvertApp] Converting notebook ../notebooks/Hyperparameter_Optimization_model_binary.ipynb to script
[NbConvertApp] Writing 8579 bytes to Hyperparameter_Optimization_model_binary.py
cell_type: SHSY5Y control_name: LPS_Nigericin_1.000_1.0_DMSO_0.025 treatment_name: LPS_Nigericin_1.000_3.0_DMSO_0.025
[I 2023-09-19 00:54:49,712] A new study created in memory with name: no-name-af6bee13-98f3-40f1-a6d4-d5ea9b75e622
[I 2023-09-19 00:54:59,347] Trial 0 finished with value: 0.40656848669052126 and parameters: {'n_layers': 3, 'n_units_l0': 10, 'dropout_0': 0.23791166658762616, 'n_units_l1': 9, 'dropout_1': 0.34405905959110633, 'n_units_l2': 3, 'dropout_2': 0.39426418550150855, 'learning_rate': 0.05413493154210606, 'optimizer': 'SGD'}. Best is trial 0 with value: 0.40656848669052126.
[I 2023-09-19 00:55:08,348] Trial 1 finished with value: 0.3307561358809471 and parameters: {'n_layers': 1, 'n_units_l0': 8, 'dropout_0': 0.22267108306705746, 'learning_rate': 0.042324378219595414, 'optimizer': 'SGD'}. Best is trial 1 with value: 0.3307561358809471.
[I 2023-09-19 00:55:17,461] Trial 2 finished with value: 0.2544780991474787 and parameters: {'n_layers': 1, 'n_units_l0': 3, 'dropout_0': 0.3216737403808255, 'learning_rate': 0.03591928259294599, 'optimizer': 'RMSprop'}. Best is trial 2 with value: 0.2544780991474787.
[I 2023-09-19 00:55:26,467] Trial 3 finished with value: 0.3322484123706817 and parameters: {'n_layers': 1, 'n_units_l0': 9, 'dropout_0': 0.1031830251532248, 'learning_rate': 0.052383412701351814, 'optimizer': 'RMSprop'}. Best is trial 2 with value: 0.2544780991474787.
[I 2023-09-19 00:55:35,825] Trial 4 finished with value: 0.4376905584335327 and parameters: {'n_layers': 3, 'n_units_l0': 8, 'dropout_0': 0.27720715028603404, 'n_units_l1': 2, 'dropout_1': 0.10262453097187764, 'n_units_l2': 9, 'dropout_2': 0.359952106579023, 'learning_rate': 0.037045001240405266, 'optimizer': 'RMSprop'}. Best is trial 2 with value: 0.2544780991474787.
[I 2023-09-19 00:55:45,516] Trial 5 finished with value: 0.19229416047533354 and parameters: {'n_layers': 3, 'n_units_l0': 10, 'dropout_0': 0.18783411592863913, 'n_units_l1': 5, 'dropout_1': 0.2767727045559964, 'n_units_l2': 5, 'dropout_2': 0.2539784552945481, 'learning_rate': 0.022556097779413028, 'optimizer': 'Adam'}. Best is trial 5 with value: 0.19229416047533354.
[I 2023-09-19 00:55:45,686] Trial 6 pruned.
[I 2023-09-19 00:55:55,086] Trial 7 finished with value: 0.18766890004277229 and parameters: {'n_layers': 2, 'n_units_l0': 7, 'dropout_0': 0.20410677569900895, 'n_units_l1': 5, 'dropout_1': 0.19150662068523205, 'learning_rate': 0.024887019043978227, 'optimizer': 'Adam'}. Best is trial 7 with value: 0.18766890004277229.
[I 2023-09-19 00:55:55,340] Trial 8 pruned.
[I 2023-09-19 00:55:55,521] Trial 9 pruned.
Selected Catagories are:
['LPS_Nigericin_1.000_1.0_DMSO_0.025' 'LPS_Nigericin_1.000_3.0_DMSO_0.025']
The dimensions of the data are: (29870, 1276)
Number of total missing values across all columns: 0
Data Subset Is Off
Wells held out for testing: ['L16' 'K20']
Wells to use for training, validation, and testing ['K16' 'K17' 'L17' 'L20' 'K21' 'L21']
Number of in features:  1251
Number of out features:  2
Binary_Classification
cpu
Validation Accuracy: 91.90699774266368
Validation Loss: 0.22710654954115547
Training Accuracy: 93.79023426474738
Training Loss: 0.16604625519778995
completed
