[NbConvertApp] WARNING | Config option `kernel_spec_manager_class` not recognized by `NbConvertApp`.
[NbConvertApp] Converting notebook ../notebooks/Hyperparameter_Optimization_model_binary.ipynb to script
[NbConvertApp] Writing 8579 bytes to Hyperparameter_Optimization_model_binary.py
cell_type: PBMC control_name: Flagellin_1.000_DMSO_0.025 treatment_name: LPS_0.100_DMSO_0.025
[I 2023-09-17 20:23:31,926] A new study created in memory with name: no-name-d2c4a506-efff-45b6-8447-b804185a675c
[I 2023-09-17 20:24:44,099] Trial 0 finished with value: 0.5247744823164411 and parameters: {'n_layers': 1, 'n_units_l0': 3, 'dropout_0': 0.25700486291678415, 'learning_rate': 0.013613170194623473, 'optimizer': 'RMSprop'}. Best is trial 0 with value: 0.5247744823164411.
[I 2023-09-17 20:25:55,229] Trial 1 finished with value: 0.5306251755025652 and parameters: {'n_layers': 1, 'n_units_l0': 3, 'dropout_0': 0.1612732236073931, 'learning_rate': 0.030114738387849387, 'optimizer': 'SGD'}. Best is trial 0 with value: 0.5247744823164411.
[I 2023-09-17 20:27:08,433] Trial 2 finished with value: 0.5379365825321938 and parameters: {'n_layers': 3, 'n_units_l0': 4, 'dropout_0': 0.2993299194954274, 'n_units_l1': 7, 'dropout_1': 0.35998902422112067, 'n_units_l2': 8, 'dropout_2': 0.10336687549624621, 'learning_rate': 0.08525914923303764, 'optimizer': 'SGD'}. Best is trial 0 with value: 0.5247744823164411.
[I 2023-09-17 20:28:19,248] Trial 3 finished with value: 0.5008932572272089 and parameters: {'n_layers': 2, 'n_units_l0': 5, 'dropout_0': 0.17373166420807437, 'n_units_l1': 6, 'dropout_1': 0.17946827898174916, 'learning_rate': 0.09751773710206095, 'optimizer': 'SGD'}. Best is trial 3 with value: 0.5008932572272089.
[I 2023-09-17 20:29:31,788] Trial 4 finished with value: 0.5700431997908486 and parameters: {'n_layers': 3, 'n_units_l0': 5, 'dropout_0': 0.29314173170986035, 'n_units_l1': 5, 'dropout_1': 0.34765050134075826, 'n_units_l2': 8, 'dropout_2': 0.292418473623824, 'learning_rate': 0.07541695020618734, 'optimizer': 'SGD'}. Best is trial 3 with value: 0.5008932572272089.
[I 2023-09-17 20:29:33,187] Trial 5 pruned.
[I 2023-09-17 20:29:37,555] Trial 6 pruned.
[I 2023-09-17 20:29:39,043] Trial 7 pruned.
[I 2023-09-17 20:29:40,469] Trial 8 pruned.
[I 2023-09-17 20:30:52,963] Trial 9 finished with value: 0.5007485557264751 and parameters: {'n_layers': 2, 'n_units_l0': 10, 'dropout_0': 0.10331428876995838, 'n_units_l1': 5, 'dropout_1': 0.22670302770164236, 'learning_rate': 0.011264817904149516, 'optimizer': 'RMSprop'}. Best is trial 9 with value: 0.5007485557264751.
Selected Catagories are:
['LPS_0.100_DMSO_0.025' 'Flagellin_1.000_DMSO_0.025']
The dimensions of the data are: (243144, 1270)
Number of total missing values across all columns: 522904
Data Subset Is Off
Wells held out for testing: ['C09' 'M10']
Wells to use for training, validation, and testing ['C02' 'C03' 'C08' 'M05' 'M11']
Number of in features:  1245
Number of out features:  2
Binary_Classification
cpu
Validation Accuracy: 76.31578330206379
Validation Loss: 0.4965331958731015
Training Accuracy: 75.77054827149003
Training Loss: 0.4834222017152466
completed
