[NbConvertApp] WARNING | Config option `kernel_spec_manager_class` not recognized by `NbConvertApp`.
[NbConvertApp] Converting notebook ../notebooks/Hyperparameter_Optimization_model_binary.ipynb to script
[NbConvertApp] Writing 8579 bytes to Hyperparameter_Optimization_model_binary.py
cell_type: SHSY5Y control_name: Flagellin_0.100_DMSO_0.025 treatment_name: LPS_Nigericin_1.000_3.0_DMSO_0.025
[I 2023-09-19 00:54:19,812] A new study created in memory with name: no-name-3ac79d59-d9ed-4b75-9ed4-8ca3dfc5c318
[I 2023-09-19 00:54:27,588] Trial 0 finished with value: 0.6929974814256034 and parameters: {'n_layers': 3, 'n_units_l0': 3, 'dropout_0': 0.36770744773301, 'n_units_l1': 2, 'dropout_1': 0.2827405362995234, 'n_units_l2': 10, 'dropout_2': 0.20211227654752068, 'learning_rate': 0.08501811922576033, 'optimizer': 'RMSprop'}. Best is trial 0 with value: 0.6929974814256034.
[I 2023-09-19 00:54:34,755] Trial 1 finished with value: 0.2831152908007304 and parameters: {'n_layers': 2, 'n_units_l0': 5, 'dropout_0': 0.16069053791125812, 'n_units_l1': 4, 'dropout_1': 0.2948985180150103, 'learning_rate': 0.00044986810094054853, 'optimizer': 'Adam'}. Best is trial 1 with value: 0.2831152908007304.
[I 2023-09-19 00:54:42,035] Trial 2 finished with value: 0.3355852042635282 and parameters: {'n_layers': 2, 'n_units_l0': 4, 'dropout_0': 0.2353077992183498, 'n_units_l1': 7, 'dropout_1': 0.2817018611452178, 'learning_rate': 0.025328570625196556, 'optimizer': 'SGD'}. Best is trial 1 with value: 0.2831152908007304.
[I 2023-09-19 00:54:49,042] Trial 3 finished with value: 0.17715277453263603 and parameters: {'n_layers': 1, 'n_units_l0': 6, 'dropout_0': 0.1934121478508361, 'learning_rate': 0.045001832570998865, 'optimizer': 'SGD'}. Best is trial 3 with value: 0.17715277453263603.
[I 2023-09-19 00:54:56,236] Trial 4 finished with value: 0.2876317569365104 and parameters: {'n_layers': 1, 'n_units_l0': 9, 'dropout_0': 0.338799445539144, 'learning_rate': 0.07982952680860352, 'optimizer': 'RMSprop'}. Best is trial 3 with value: 0.17715277453263603.
[I 2023-09-19 00:54:58,177] Trial 5 pruned.
[I 2023-09-19 00:55:04,049] Trial 6 pruned.
[I 2023-09-19 00:55:11,602] Trial 7 finished with value: 0.1938901291290919 and parameters: {'n_layers': 2, 'n_units_l0': 3, 'dropout_0': 0.34780949603731676, 'n_units_l1': 8, 'dropout_1': 0.39204802976819453, 'learning_rate': 0.0801304654356729, 'optimizer': 'Adam'}. Best is trial 3 with value: 0.17715277453263603.
[I 2023-09-19 00:55:11,736] Trial 8 pruned.
[I 2023-09-19 00:55:19,079] Trial 9 finished with value: 0.1136452973385652 and parameters: {'n_layers': 1, 'n_units_l0': 8, 'dropout_0': 0.26120964261281204, 'learning_rate': 0.004825163899871631, 'optimizer': 'Adam'}. Best is trial 9 with value: 0.1136452973385652.
Selected Catagories are:
['LPS_Nigericin_1.000_3.0_DMSO_0.025' 'Flagellin_0.100_DMSO_0.025']
The dimensions of the data are: (28580, 1276)
Number of total missing values across all columns: 29856
Data Subset Is Off
Wells held out for testing: ['L16' 'L22']
Wells to use for training, validation, and testing ['L17' 'L18' 'L19' 'L20' 'L21' 'L23']
Number of in features:  1251
Number of out features:  2
Binary_Classification
cpu
Validation Accuracy: 96.03764478764481
Validation Loss: 0.13484994942943254
Training Accuracy: 96.10258266956312
Training Loss: 0.08836719935869469
completed
