[NbConvertApp] WARNING | Config option `kernel_spec_manager_class` not recognized by `NbConvertApp`.
[NbConvertApp] Converting notebook ../notebooks/Hyperparameter_Optimization_model_binary.ipynb to script
[NbConvertApp] Writing 8579 bytes to Hyperparameter_Optimization_model_binary.py
cell_type: PBMC control_name: LPS_0.010_DMSO_0.025 treatment_name: Flagellin_1.000_DMSO_0.025
[I 2023-09-17 19:47:30,188] A new study created in memory with name: no-name-a1c34c58-2479-4d03-8946-a5ff4e1be73a
[I 2023-09-17 19:48:45,448] Trial 0 finished with value: 0.4521952154901293 and parameters: {'n_layers': 1, 'n_units_l0': 10, 'dropout_0': 0.38868013488127284, 'learning_rate': 0.04484981673606359, 'optimizer': 'Adam'}. Best is trial 0 with value: 0.4521952154901293.
[I 2023-09-17 19:50:01,242] Trial 1 finished with value: 0.4623187234004339 and parameters: {'n_layers': 2, 'n_units_l0': 6, 'dropout_0': 0.2560942705693454, 'n_units_l1': 3, 'dropout_1': 0.1482061148079093, 'learning_rate': 0.005332516023175772, 'optimizer': 'Adam'}. Best is trial 0 with value: 0.4521952154901293.
[I 2023-09-17 19:51:16,835] Trial 2 finished with value: 0.4679679129852189 and parameters: {'n_layers': 1, 'n_units_l0': 7, 'dropout_0': 0.25373362606046346, 'learning_rate': 0.08118099042938985, 'optimizer': 'Adam'}. Best is trial 0 with value: 0.4521952154901293.
[I 2023-09-17 19:52:35,180] Trial 3 finished with value: 0.6716701620154911 and parameters: {'n_layers': 3, 'n_units_l0': 10, 'dropout_0': 0.34074761171486945, 'n_units_l1': 4, 'dropout_1': 0.2781800662638664, 'n_units_l2': 9, 'dropout_2': 0.12753038129935101, 'learning_rate': 0.041718970990128265, 'optimizer': 'Adam'}. Best is trial 0 with value: 0.4521952154901293.
[I 2023-09-17 19:53:48,401] Trial 4 finished with value: 0.5872145480910937 and parameters: {'n_layers': 1, 'n_units_l0': 8, 'dropout_0': 0.34487452662344126, 'learning_rate': 0.04786854347503164, 'optimizer': 'RMSprop'}. Best is trial 0 with value: 0.4521952154901293.
[I 2023-09-17 19:53:49,957] Trial 5 pruned.
[I 2023-09-17 19:53:51,418] Trial 6 pruned.
[I 2023-09-17 19:53:53,027] Trial 7 pruned.
[I 2023-09-17 19:53:54,529] Trial 8 pruned.
[I 2023-09-17 19:53:56,077] Trial 9 pruned.
Selected Catagories are:
['LPS_0.010_DMSO_0.025' 'Flagellin_1.000_DMSO_0.025']
The dimensions of the data are: (247627, 1270)
Number of total missing values across all columns: 531870
Data Subset Is Off
Wells held out for testing: ['B09' 'M10']
Wells to use for training, validation, and testing ['B02' 'B03' 'B08' 'M05' 'M11']
Number of in features:  1245
Number of out features:  2
Binary_Classification
cpu
Validation Accuracy: 79.64064001809238
Validation Loss: 0.44624222831593613
Training Accuracy: 77.9921692239192
Training Loss: 0.4699070989246099
completed
