[NbConvertApp] WARNING | Config option `kernel_spec_manager_class` not recognized by `NbConvertApp`.
[NbConvertApp] Converting notebook ../notebooks/Hyperparameter_Optimization_model_binary.ipynb to script
[NbConvertApp] Writing 8579 bytes to Hyperparameter_Optimization_model_binary.py
cell_type: PBMC control_name: Flagellin_1.000_DMSO_0.025 treatment_name: Thapsigargin_10.000_DMSO_0.025
[I 2023-09-19 01:26:44,031] A new study created in memory with name: no-name-0d6ead38-63c7-4236-a024-55951c7ed1e2
[I 2023-09-19 01:27:52,431] Trial 0 finished with value: 0.28738888120651246 and parameters: {'n_layers': 3, 'n_units_l0': 8, 'dropout_0': 0.2936446697710656, 'n_units_l1': 10, 'dropout_1': 0.1349783728382545, 'n_units_l2': 10, 'dropout_2': 0.3664033134042567, 'learning_rate': 0.002308479823025228, 'optimizer': 'RMSprop'}. Best is trial 0 with value: 0.28738888120651246.
[I 2023-09-19 01:29:00,372] Trial 1 finished with value: 0.2609098572880029 and parameters: {'n_layers': 3, 'n_units_l0': 10, 'dropout_0': 0.13162484083629217, 'n_units_l1': 10, 'dropout_1': 0.2191191571028489, 'n_units_l2': 2, 'dropout_2': 0.17818684645298188, 'learning_rate': 0.07429554237878684, 'optimizer': 'SGD'}. Best is trial 1 with value: 0.2609098572880029.
[I 2023-09-19 01:30:05,706] Trial 2 finished with value: 0.32924086630344396 and parameters: {'n_layers': 1, 'n_units_l0': 3, 'dropout_0': 0.3371513353365755, 'learning_rate': 0.04675993845697178, 'optimizer': 'Adam'}. Best is trial 1 with value: 0.2609098572880029.
[I 2023-09-19 01:31:09,279] Trial 3 finished with value: 0.35933747315406805 and parameters: {'n_layers': 1, 'n_units_l0': 2, 'dropout_0': 0.14130143167867504, 'learning_rate': 0.0027927781007785627, 'optimizer': 'RMSprop'}. Best is trial 1 with value: 0.2609098572880029.
[I 2023-09-19 01:32:19,246] Trial 4 finished with value: 0.2739377666264773 and parameters: {'n_layers': 3, 'n_units_l0': 7, 'dropout_0': 0.12709166309984962, 'n_units_l1': 4, 'dropout_1': 0.3076513877271696, 'n_units_l2': 6, 'dropout_2': 0.38206349947900387, 'learning_rate': 0.014808879853707555, 'optimizer': 'Adam'}. Best is trial 1 with value: 0.2609098572880029.
[I 2023-09-19 01:32:47,744] Trial 5 pruned.
[I 2023-09-19 01:32:49,103] Trial 6 pruned.
[I 2023-09-19 01:32:50,353] Trial 7 pruned.
[I 2023-09-19 01:32:51,669] Trial 8 pruned.
[I 2023-09-19 01:32:52,922] Trial 9 pruned.
Selected Catagories are:
['Thapsigargin_10.000_DMSO_0.025' 'Flagellin_1.000_DMSO_0.025']
The dimensions of the data are: (271531, 1270)
Number of total missing values across all columns: 579678
Data Subset Is Off
Wells held out for testing: ['L06' 'M10']
Wells to use for training, validation, and testing ['E06' 'E07' 'M05' 'L07' 'M11']
Number of in features:  1245
Number of out features:  2
Binary_Classification
cpu
Validation Accuracy: 87.28845653644073
Validation Loss: 0.3474664507806301
Training Accuracy: 77.67862345229425
Training Loss: 0.4471512701023708
completed
