[NbConvertApp] WARNING | Config option `kernel_spec_manager_class` not recognized by `NbConvertApp`.
[NbConvertApp] Converting notebook ../notebooks/Hyperparameter_Optimization_model_binary.ipynb to script
[NbConvertApp] Writing 8579 bytes to Hyperparameter_Optimization_model_binary.py
cell_type: PBMC control_name: LPS_Nigericin_1.000_3.0_DMSO_0.025 treatment_name: LPS_0.010_DMSO_0.025
[I 2023-09-17 20:28:21,503] A new study created in memory with name: no-name-50fc686d-4507-4b5c-a36a-e4f5a140a4eb
[I 2023-09-17 20:29:46,389] Trial 0 finished with value: 0.27185807735919953 and parameters: {'n_layers': 1, 'n_units_l0': 8, 'dropout_0': 0.3672637164645808, 'learning_rate': 0.06696832255206765, 'optimizer': 'RMSprop'}. Best is trial 0 with value: 0.27185807735919953.
[I 2023-09-17 20:31:11,729] Trial 1 finished with value: 0.16031638918519023 and parameters: {'n_layers': 1, 'n_units_l0': 8, 'dropout_0': 0.22346000629379137, 'learning_rate': 0.08573024584781627, 'optimizer': 'Adam'}. Best is trial 1 with value: 0.16031638918519023.
[I 2023-09-17 20:32:37,318] Trial 2 finished with value: 0.16362997520565986 and parameters: {'n_layers': 2, 'n_units_l0': 9, 'dropout_0': 0.20308921969973331, 'n_units_l1': 7, 'dropout_1': 0.10898047035039235, 'learning_rate': 0.019676858140704773, 'optimizer': 'SGD'}. Best is trial 1 with value: 0.16031638918519023.
[I 2023-09-17 20:34:03,645] Trial 3 finished with value: 0.12496700458526609 and parameters: {'n_layers': 1, 'n_units_l0': 10, 'dropout_0': 0.14267840272786061, 'learning_rate': 0.011676205092459296, 'optimizer': 'RMSprop'}. Best is trial 3 with value: 0.12496700458526609.
[I 2023-09-17 20:35:34,711] Trial 4 finished with value: 0.5307149865150452 and parameters: {'n_layers': 3, 'n_units_l0': 10, 'dropout_0': 0.2646659727561876, 'n_units_l1': 3, 'dropout_1': 0.11493827411913247, 'n_units_l2': 9, 'dropout_2': 0.11919863228517699, 'learning_rate': 0.09011119295280587, 'optimizer': 'Adam'}. Best is trial 3 with value: 0.12496700458526609.
[I 2023-09-17 20:35:36,291] Trial 5 pruned.
[I 2023-09-17 20:35:38,178] Trial 6 pruned.
[I 2023-09-17 20:35:39,858] Trial 7 pruned.
[I 2023-09-17 20:37:06,901] Trial 8 finished with value: 0.11969236681461336 and parameters: {'n_layers': 2, 'n_units_l0': 9, 'dropout_0': 0.1619094348229704, 'n_units_l1': 4, 'dropout_1': 0.12466922548697615, 'learning_rate': 0.006635711058847514, 'optimizer': 'Adam'}. Best is trial 8 with value: 0.11969236681461336.
[I 2023-09-17 20:38:30,727] Trial 9 finished with value: 0.1551014524638653 and parameters: {'n_layers': 1, 'n_units_l0': 4, 'dropout_0': 0.20061277204689365, 'learning_rate': 0.0088433932239222, 'optimizer': 'RMSprop'}. Best is trial 8 with value: 0.11969236681461336.
Selected Catagories are:
['LPS_0.010_DMSO_0.025' 'LPS_Nigericin_1.000_3.0_DMSO_0.025']
The dimensions of the data are: (317341, 1270)
Number of total missing values across all columns: 286160
Data Subset Is Off
Wells held out for testing: ['B09' 'L09']
Wells to use for training, validation, and testing ['B02' 'B03' 'B08' 'L02' 'L03' 'L08']
Number of in features:  1245
Number of out features:  2
Binary_Classification
cpu
Validation Accuracy: 95.4053031860226
Validation Loss: 0.12180032300353051
Training Accuracy: 94.49891058581707
Training Loss: 0.14209730308713056
completed
