[NbConvertApp] WARNING | Config option `kernel_spec_manager_class` not recognized by `NbConvertApp`.
[NbConvertApp] Converting notebook ../notebooks/Hyperparameter_Optimization_model_binary.ipynb to script
[NbConvertApp] Writing 8579 bytes to Hyperparameter_Optimization_model_binary.py
cell_type: SHSY5Y control_name: LPS_Nigericin_1.000_1.0_DMSO_0.025 treatment_name: H2O2_100.000_DMSO_0.025
[I 2023-09-17 20:37:27,804] A new study created in memory with name: no-name-8f4e77c7-3b24-4cd4-9fcd-db7b2e5010d7
[I 2023-09-17 20:37:41,243] Trial 0 finished with value: 0.2710682136565447 and parameters: {'n_layers': 2, 'n_units_l0': 4, 'dropout_0': 0.14491254218159363, 'n_units_l1': 6, 'dropout_1': 0.39701497710123435, 'learning_rate': 0.02944285454524826, 'optimizer': 'Adam'}. Best is trial 0 with value: 0.2710682136565447.
[I 2023-09-17 20:37:54,356] Trial 1 finished with value: 0.38241544604301453 and parameters: {'n_layers': 2, 'n_units_l0': 2, 'dropout_0': 0.36524933214195765, 'n_units_l1': 9, 'dropout_1': 0.28956547908553565, 'learning_rate': 0.020631957900417556, 'optimizer': 'RMSprop'}. Best is trial 0 with value: 0.2710682136565447.
[I 2023-09-17 20:38:07,099] Trial 2 finished with value: 0.25430046431720255 and parameters: {'n_layers': 1, 'n_units_l0': 2, 'dropout_0': 0.10034139016212079, 'learning_rate': 0.07932120440122283, 'optimizer': 'SGD'}. Best is trial 2 with value: 0.25430046431720255.
[I 2023-09-17 20:38:20,672] Trial 3 finished with value: 0.41373659670352936 and parameters: {'n_layers': 3, 'n_units_l0': 8, 'dropout_0': 0.33049220611961955, 'n_units_l1': 4, 'dropout_1': 0.3835911997420336, 'n_units_l2': 5, 'dropout_2': 0.1124723894569435, 'learning_rate': 0.06888170482778352, 'optimizer': 'RMSprop'}. Best is trial 2 with value: 0.25430046431720255.
[I 2023-09-17 20:38:34,073] Trial 4 finished with value: 0.37701165705919265 and parameters: {'n_layers': 2, 'n_units_l0': 9, 'dropout_0': 0.26404739353803186, 'n_units_l1': 10, 'dropout_1': 0.1123992327429604, 'learning_rate': 0.09395540224408712, 'optimizer': 'Adam'}. Best is trial 2 with value: 0.25430046431720255.
[I 2023-09-17 20:38:34,317] Trial 5 pruned.
[I 2023-09-17 20:38:47,707] Trial 6 finished with value: 0.3430322489887476 and parameters: {'n_layers': 2, 'n_units_l0': 9, 'dropout_0': 0.1994963262030569, 'n_units_l1': 2, 'dropout_1': 0.1550659849166484, 'learning_rate': 0.003662239509875595, 'optimizer': 'Adam'}. Best is trial 2 with value: 0.25430046431720255.
[I 2023-09-17 20:38:47,948] Trial 7 pruned.
[I 2023-09-17 20:38:48,185] Trial 8 pruned.
[I 2023-09-17 20:38:48,430] Trial 9 pruned.
Selected Catagories are:
['H2O2_100.000_DMSO_0.025' 'LPS_Nigericin_1.000_1.0_DMSO_0.025']
The dimensions of the data are: (43118, 1276)
Number of total missing values across all columns: 53800
Data Subset Is Off
Wells held out for testing: ['H22' 'K16']
Wells to use for training, validation, and testing ['H18' 'H19' 'H23' 'K17' 'I18' 'I19' 'K20' 'K21' 'I22' 'I23']
Number of in features:  1251
Number of out features:  2
Binary_Classification
cpu
Validation Accuracy: 90.60581629714943
Validation Loss: 0.2515762246400118
Training Accuracy: 88.4452444380445
Training Loss: 0.2596299650626523
completed
