[NbConvertApp] WARNING | Config option `kernel_spec_manager_class` not recognized by `NbConvertApp`.
[NbConvertApp] Converting notebook ../notebooks/Hyperparameter_Optimization_model_binary.ipynb to script
[NbConvertApp] Writing 8579 bytes to Hyperparameter_Optimization_model_binary.py
cell_type: PBMC control_name: LPS_100.000_DMSO_0.025 treatment_name: LPS_Nigericin_1.000_10.0_DMSO_0.025
[I 2023-09-19 01:03:14,297] A new study created in memory with name: no-name-dbc349ea-e97b-4043-a2e4-4f4660582afe
[I 2023-09-19 01:04:58,058] Trial 0 finished with value: 0.20145894943521572 and parameters: {'n_layers': 3, 'n_units_l0': 9, 'dropout_0': 0.3685741633766262, 'n_units_l1': 2, 'dropout_1': 0.26501868958571606, 'n_units_l2': 8, 'dropout_2': 0.3680405553185897, 'learning_rate': 0.025743253547112613, 'optimizer': 'Adam'}. Best is trial 0 with value: 0.20145894943521572.
[I 2023-09-19 01:06:37,061] Trial 1 finished with value: 0.6180080030056146 and parameters: {'n_layers': 2, 'n_units_l0': 2, 'dropout_0': 0.10349400687242184, 'n_units_l1': 5, 'dropout_1': 0.13821061792805087, 'learning_rate': 0.09011966756681979, 'optimizer': 'RMSprop'}. Best is trial 0 with value: 0.20145894943521572.
[I 2023-09-19 01:08:17,682] Trial 2 finished with value: 0.18494703283676736 and parameters: {'n_layers': 2, 'n_units_l0': 7, 'dropout_0': 0.1510572588378312, 'n_units_l1': 7, 'dropout_1': 0.20170454045819583, 'learning_rate': 0.051652351440114624, 'optimizer': 'SGD'}. Best is trial 2 with value: 0.18494703283676736.
[I 2023-09-19 01:09:55,934] Trial 3 finished with value: 0.2804642697137136 and parameters: {'n_layers': 1, 'n_units_l0': 3, 'dropout_0': 0.37172929116951414, 'learning_rate': 0.014678038259353004, 'optimizer': 'SGD'}. Best is trial 2 with value: 0.18494703283676736.
[I 2023-09-19 01:11:33,889] Trial 4 finished with value: 0.25009072983494174 and parameters: {'n_layers': 1, 'n_units_l0': 10, 'dropout_0': 0.14493804080137573, 'learning_rate': 0.00779375535968922, 'optimizer': 'SGD'}. Best is trial 2 with value: 0.18494703283676736.
[I 2023-09-19 01:11:39,934] Trial 5 pruned.
[I 2023-09-19 01:13:19,147] Trial 6 finished with value: 0.19242902457714078 and parameters: {'n_layers': 1, 'n_units_l0': 7, 'dropout_0': 0.2883984105168949, 'learning_rate': 0.02099585531010461, 'optimizer': 'RMSprop'}. Best is trial 2 with value: 0.18494703283676736.
[I 2023-09-19 01:14:06,997] Trial 7 pruned.
[I 2023-09-19 01:14:22,795] Trial 8 pruned.
[I 2023-09-19 01:14:24,884] Trial 9 pruned.
Selected Catagories are:
['LPS_100.000_DMSO_0.025' 'LPS_Nigericin_1.000_10.0_DMSO_0.025']
The dimensions of the data are: (340601, 1270)
Number of total missing values across all columns: 318870
Data Subset Is Off
Wells held out for testing: ['J08' 'M09']
Wells to use for training, validation, and testing ['J02' 'J03' 'J09' 'M02' 'M03' 'M08']
Number of in features:  1245
Number of out features:  2
Binary_Classification
cpu
Validation Accuracy: 93.12874876847289
Validation Loss: 0.1812710619775148
Training Accuracy: 91.47867424652947
Training Loss: 0.21637043346618787
completed
