[NbConvertApp] WARNING | Config option `kernel_spec_manager_class` not recognized by `NbConvertApp`.
[NbConvertApp] Converting notebook ../notebooks/Hyperparameter_Optimization_model_binary.ipynb to script
[NbConvertApp] Writing 8579 bytes to Hyperparameter_Optimization_model_binary.py
cell_type: SHSY5Y control_name: DMSO_0.100_DMSO_0.025 treatment_name: LPS_Nigericin_1.000_10.0_DMSO_0.025
[I 2023-09-17 20:04:29,689] A new study created in memory with name: no-name-e044de7e-3e45-4d57-a658-952666263f4e
[I 2023-09-17 20:04:45,949] Trial 0 finished with value: 0.1899696349203587 and parameters: {'n_layers': 3, 'n_units_l0': 6, 'dropout_0': 0.19789229224464344, 'n_units_l1': 8, 'dropout_1': 0.22967956418444468, 'n_units_l2': 2, 'dropout_2': 0.32017284019152487, 'learning_rate': 0.029415106662708503, 'optimizer': 'RMSprop'}. Best is trial 0 with value: 0.1899696349203587.
[I 2023-09-17 20:05:02,071] Trial 1 finished with value: 0.3247954498529434 and parameters: {'n_layers': 3, 'n_units_l0': 5, 'dropout_0': 0.30985406096729495, 'n_units_l1': 8, 'dropout_1': 0.3797339454059767, 'n_units_l2': 10, 'dropout_2': 0.13913529831238156, 'learning_rate': 0.09319268038335354, 'optimizer': 'Adam'}. Best is trial 0 with value: 0.1899696349203587.
[I 2023-09-17 20:05:18,449] Trial 2 finished with value: 0.12082748614251614 and parameters: {'n_layers': 3, 'n_units_l0': 7, 'dropout_0': 0.3576461983993664, 'n_units_l1': 10, 'dropout_1': 0.1276998628773983, 'n_units_l2': 6, 'dropout_2': 0.30663433319561245, 'learning_rate': 0.012434378827797632, 'optimizer': 'RMSprop'}. Best is trial 2 with value: 0.12082748614251614.
[I 2023-09-17 20:05:33,715] Trial 3 finished with value: 0.1362410428225994 and parameters: {'n_layers': 1, 'n_units_l0': 10, 'dropout_0': 0.17069516110757657, 'learning_rate': 0.037093279859551465, 'optimizer': 'RMSprop'}. Best is trial 2 with value: 0.12082748614251614.
[I 2023-09-17 20:05:49,497] Trial 4 finished with value: 0.10234926185011864 and parameters: {'n_layers': 2, 'n_units_l0': 3, 'dropout_0': 0.2769359938796838, 'n_units_l1': 2, 'dropout_1': 0.2040039149402363, 'learning_rate': 0.06931499081979778, 'optimizer': 'Adam'}. Best is trial 4 with value: 0.10234926185011864.
[I 2023-09-17 20:05:49,770] Trial 5 pruned.
[I 2023-09-17 20:05:50,061] Trial 6 pruned.
[I 2023-09-17 20:06:05,475] Trial 7 finished with value: 0.08525330930948255 and parameters: {'n_layers': 1, 'n_units_l0': 6, 'dropout_0': 0.3425126464327631, 'learning_rate': 0.06454029637991592, 'optimizer': 'Adam'}. Best is trial 7 with value: 0.08525330930948255.
[I 2023-09-17 20:06:05,846] Trial 8 pruned.
[I 2023-09-17 20:06:06,202] Trial 9 pruned.
Selected Catagories are:
['DMSO_0.100_DMSO_0.025' 'LPS_Nigericin_1.000_10.0_DMSO_0.025']
The dimensions of the data are: (50045, 1276)
Number of total missing values across all columns: 71286
Data Subset Is Off
Wells held out for testing: ['I14' 'M21']
Wells to use for training, validation, and testing ['B14' 'C14' 'B15' 'C15' 'J14' 'I15' 'J15' 'M16' 'M17' 'M20']
Number of in features:  1251
Number of out features:  2
Binary_Classification
cpu
Validation Accuracy: 96.61011262880423
Validation Loss: 0.09886539134383203
Training Accuracy: 92.90310983282401
Training Loss: 0.14260618587627133
completed
