[NbConvertApp] WARNING | Config option `kernel_spec_manager_class` not recognized by `NbConvertApp`.
[NbConvertApp] Converting notebook ../notebooks/Hyperparameter_Optimization_model_binary.ipynb to script
[NbConvertApp] Writing 8579 bytes to Hyperparameter_Optimization_model_binary.py
cell_type: SHSY5Y control_name: DMSO_0.100_DMSO_0.025 treatment_name: LPS_0.100_DMSO_0.025
[I 2023-09-17 20:21:10,587] A new study created in memory with name: no-name-0b504240-d80a-489a-8d38-34a2c8ed61d5
[I 2023-09-17 20:21:25,844] Trial 0 finished with value: 0.6134285724163056 and parameters: {'n_layers': 2, 'n_units_l0': 6, 'dropout_0': 0.3849336992144562, 'n_units_l1': 2, 'dropout_1': 0.2240607314765335, 'learning_rate': 0.06500479847146984, 'optimizer': 'Adam'}. Best is trial 0 with value: 0.6134285724163056.
[I 2023-09-17 20:21:40,511] Trial 1 finished with value: 0.6064919822216034 and parameters: {'n_layers': 2, 'n_units_l0': 8, 'dropout_0': 0.2588482435646998, 'n_units_l1': 6, 'dropout_1': 0.3878176780769427, 'learning_rate': 0.020520275786103742, 'optimizer': 'SGD'}. Best is trial 1 with value: 0.6064919822216034.
[I 2023-09-17 20:21:56,131] Trial 2 finished with value: 0.6135994393825531 and parameters: {'n_layers': 3, 'n_units_l0': 7, 'dropout_0': 0.19485450708028373, 'n_units_l1': 3, 'dropout_1': 0.3935853742460266, 'n_units_l2': 5, 'dropout_2': 0.3656325141372653, 'learning_rate': 0.04956950939801588, 'optimizer': 'Adam'}. Best is trial 1 with value: 0.6064919822216034.
[I 2023-09-17 20:22:11,303] Trial 3 finished with value: 0.6130238261222839 and parameters: {'n_layers': 3, 'n_units_l0': 4, 'dropout_0': 0.34667719970760835, 'n_units_l1': 7, 'dropout_1': 0.3313338164789731, 'n_units_l2': 8, 'dropout_2': 0.15984227189534223, 'learning_rate': 0.07682549890437115, 'optimizer': 'Adam'}. Best is trial 1 with value: 0.6064919822216034.
[I 2023-09-17 20:22:26,746] Trial 4 finished with value: 0.6256430926322936 and parameters: {'n_layers': 3, 'n_units_l0': 10, 'dropout_0': 0.23059050105340803, 'n_units_l1': 10, 'dropout_1': 0.345372005712347, 'n_units_l2': 3, 'dropout_2': 0.30347469150646084, 'learning_rate': 0.08361594049817309, 'optimizer': 'RMSprop'}. Best is trial 1 with value: 0.6064919822216034.
[I 2023-09-17 20:22:42,347] Trial 5 finished with value: 0.6134913008213043 and parameters: {'n_layers': 3, 'n_units_l0': 7, 'dropout_0': 0.22923857427493557, 'n_units_l1': 7, 'dropout_1': 0.30585211299298354, 'n_units_l2': 8, 'dropout_2': 0.18514285306804057, 'learning_rate': 0.052168210067872395, 'optimizer': 'Adam'}. Best is trial 1 with value: 0.6064919822216034.
[I 2023-09-17 20:22:42,619] Trial 6 pruned.
[I 2023-09-17 20:22:42,969] Trial 7 pruned.
[I 2023-09-17 20:22:43,230] Trial 8 pruned.
[I 2023-09-17 20:22:57,963] Trial 9 finished with value: 0.5648183312416077 and parameters: {'n_layers': 2, 'n_units_l0': 5, 'dropout_0': 0.2160861685691804, 'n_units_l1': 4, 'dropout_1': 0.11710635153619031, 'learning_rate': 0.010014714429473085, 'optimizer': 'Adam'}. Best is trial 9 with value: 0.5648183312416077.
Selected Catagories are:
['DMSO_0.100_DMSO_0.025' 'LPS_0.100_DMSO_0.025']
The dimensions of the data are: (53153, 1276)
Number of total missing values across all columns: 106306
Data Subset Is Off
Wells held out for testing: ['C20' 'I14']
Wells to use for training, validation, and testing ['B14' 'C14' 'B15' 'C15' 'C16' 'C17' 'C21' 'J14' 'I15' 'J15']
Number of in features:  1251
Number of out features:  2
Binary_Classification
cpu
Validation Accuracy: 71.31722880583409
Validation Loss: 0.5596216979026795
Training Accuracy: 72.87394574880328
Training Loss: 0.5264243712359005
completed
