[NbConvertApp] WARNING | Config option `kernel_spec_manager_class` not recognized by `NbConvertApp`.
[NbConvertApp] Converting notebook ../notebooks/Hyperparameter_Optimization_model_binary.ipynb to script
[NbConvertApp] Writing 8579 bytes to Hyperparameter_Optimization_model_binary.py
cell_type: PBMC control_name: LPS_Nigericin_1.000_3.0_DMSO_0.025 treatment_name: LPS_0.010_DMSO_0.025
[I 2023-09-19 01:23:23,828] A new study created in memory with name: no-name-ad5e05ca-0fb1-4bd0-a1cb-cb339639c91a
[I 2023-09-19 01:24:50,949] Trial 0 finished with value: 0.5209954713344573 and parameters: {'n_layers': 2, 'n_units_l0': 5, 'dropout_0': 0.3901388115348541, 'n_units_l1': 10, 'dropout_1': 0.3551501492714476, 'learning_rate': 0.07879455639616494, 'optimizer': 'RMSprop'}. Best is trial 0 with value: 0.5209954713344573.
[I 2023-09-19 01:26:16,709] Trial 1 finished with value: 0.13623707653284073 and parameters: {'n_layers': 1, 'n_units_l0': 10, 'dropout_0': 0.3364133663520456, 'learning_rate': 0.07057363825243546, 'optimizer': 'SGD'}. Best is trial 1 with value: 0.13623707653284073.
[I 2023-09-19 01:27:44,469] Trial 2 finished with value: 0.30718794845342634 and parameters: {'n_layers': 3, 'n_units_l0': 2, 'dropout_0': 0.28131445992593473, 'n_units_l1': 5, 'dropout_1': 0.2543373828677417, 'n_units_l2': 6, 'dropout_2': 0.2349725911771334, 'learning_rate': 0.007385616140358105, 'optimizer': 'SGD'}. Best is trial 1 with value: 0.13623707653284073.
[I 2023-09-19 01:29:09,443] Trial 3 finished with value: 0.20472103623151777 and parameters: {'n_layers': 2, 'n_units_l0': 4, 'dropout_0': 0.3590009508609774, 'n_units_l1': 2, 'dropout_1': 0.13700391260727673, 'learning_rate': 0.05575003313360054, 'optimizer': 'SGD'}. Best is trial 1 with value: 0.13623707653284073.
[I 2023-09-19 01:30:37,459] Trial 4 finished with value: 0.5945905840158462 and parameters: {'n_layers': 3, 'n_units_l0': 2, 'dropout_0': 0.30278334052990774, 'n_units_l1': 9, 'dropout_1': 0.3817162022724825, 'n_units_l2': 8, 'dropout_2': 0.36675140320894284, 'learning_rate': 0.0012240283758657585, 'optimizer': 'SGD'}. Best is trial 1 with value: 0.13623707653284073.
[I 2023-09-19 01:30:39,308] Trial 5 pruned.
[I 2023-09-19 01:30:41,069] Trial 6 pruned.
[I 2023-09-19 01:31:51,144] Trial 7 pruned.
[I 2023-09-19 01:33:17,859] Trial 8 finished with value: 0.24697462869882586 and parameters: {'n_layers': 2, 'n_units_l0': 3, 'dropout_0': 0.2612949776646207, 'n_units_l1': 3, 'dropout_1': 0.3289571215596665, 'learning_rate': 0.02799391462642883, 'optimizer': 'SGD'}. Best is trial 1 with value: 0.13623707653284073.
[I 2023-09-19 01:33:19,594] Trial 9 pruned.
Selected Catagories are:
['LPS_0.010_DMSO_0.025' 'LPS_Nigericin_1.000_3.0_DMSO_0.025']
The dimensions of the data are: (317341, 1270)
Number of total missing values across all columns: 286160
Data Subset Is Off
Wells held out for testing: ['B09' 'L09']
Wells to use for training, validation, and testing ['B02' 'B03' 'B08' 'L02' 'L03' 'L08']
Number of in features:  1245
Number of out features:  2
Binary_Classification
cpu
Validation Accuracy: 94.85105858170607
Validation Loss: 0.1376106716156006
Training Accuracy: 93.43169578622818
Training Loss: 0.16659802156457534
completed
