[NbConvertApp] WARNING | Config option `kernel_spec_manager_class` not recognized by `NbConvertApp`.
[NbConvertApp] Converting notebook ../notebooks/Hyperparameter_Optimization_model_binary.ipynb to script
[NbConvertApp] Writing 8579 bytes to Hyperparameter_Optimization_model_binary.py
cell_type: SHSY5Y control_name: LPS_Nigericin_1.000_10.0_DMSO_0.025 treatment_name: LPS_10.000_DMSO_0.025
[I 2023-09-17 20:15:02,360] A new study created in memory with name: no-name-abc3d08b-54a7-4cb6-9b75-966c2d1d4f02
[I 2023-09-17 20:15:10,805] Trial 0 finished with value: 0.20903145814935367 and parameters: {'n_layers': 1, 'n_units_l0': 7, 'dropout_0': 0.27597822667630445, 'learning_rate': 0.028123762387893998, 'optimizer': 'SGD'}. Best is trial 0 with value: 0.20903145814935367.
[I 2023-09-17 20:15:19,235] Trial 1 finished with value: 0.14406117672721544 and parameters: {'n_layers': 1, 'n_units_l0': 10, 'dropout_0': 0.38636540357837923, 'learning_rate': 0.04319078948622668, 'optimizer': 'RMSprop'}. Best is trial 1 with value: 0.14406117672721544.
[I 2023-09-17 20:15:28,206] Trial 2 finished with value: 0.4395042436321577 and parameters: {'n_layers': 3, 'n_units_l0': 8, 'dropout_0': 0.297557137363434, 'n_units_l1': 8, 'dropout_1': 0.16910352833169134, 'n_units_l2': 3, 'dropout_2': 0.16853820707428147, 'learning_rate': 0.07113547880412399, 'optimizer': 'RMSprop'}. Best is trial 1 with value: 0.14406117672721544.
[I 2023-09-17 20:15:36,338] Trial 3 finished with value: 0.23372808277606963 and parameters: {'n_layers': 1, 'n_units_l0': 2, 'dropout_0': 0.37416287006370286, 'learning_rate': 0.03190456456393671, 'optimizer': 'RMSprop'}. Best is trial 1 with value: 0.14406117672721544.
[I 2023-09-17 20:15:44,924] Trial 4 finished with value: 0.4869262603918712 and parameters: {'n_layers': 3, 'n_units_l0': 10, 'dropout_0': 0.14409656888976838, 'n_units_l1': 3, 'dropout_1': 0.3536001110977549, 'n_units_l2': 7, 'dropout_2': 0.37996924486804917, 'learning_rate': 0.023949654930444732, 'optimizer': 'SGD'}. Best is trial 1 with value: 0.14406117672721544.
[I 2023-09-17 20:15:53,950] Trial 5 finished with value: 0.15799758121371268 and parameters: {'n_layers': 3, 'n_units_l0': 9, 'dropout_0': 0.3173876236779901, 'n_units_l1': 4, 'dropout_1': 0.3421032099221496, 'n_units_l2': 10, 'dropout_2': 0.38084884948410824, 'learning_rate': 0.0184798482992364, 'optimizer': 'RMSprop'}. Best is trial 1 with value: 0.14406117672721544.
[I 2023-09-17 20:16:02,844] Trial 6 finished with value: 0.11126839399337768 and parameters: {'n_layers': 3, 'n_units_l0': 8, 'dropout_0': 0.26914785781170447, 'n_units_l1': 8, 'dropout_1': 0.18321468200317875, 'n_units_l2': 2, 'dropout_2': 0.17735079125217512, 'learning_rate': 0.06032558518529034, 'optimizer': 'Adam'}. Best is trial 6 with value: 0.11126839399337768.
[I 2023-09-17 20:16:11,813] Trial 7 finished with value: 0.15166791240374247 and parameters: {'n_layers': 3, 'n_units_l0': 10, 'dropout_0': 0.11075807409635452, 'n_units_l1': 2, 'dropout_1': 0.2660513002683239, 'n_units_l2': 9, 'dropout_2': 0.18267797671003813, 'learning_rate': 0.04499267400269466, 'optimizer': 'Adam'}. Best is trial 6 with value: 0.11126839399337768.
[I 2023-09-17 20:16:11,974] Trial 8 pruned.
[I 2023-09-17 20:16:20,584] Trial 9 finished with value: 0.10197090076903503 and parameters: {'n_layers': 2, 'n_units_l0': 6, 'dropout_0': 0.19061586084664411, 'n_units_l1': 4, 'dropout_1': 0.1278516480020201, 'learning_rate': 0.007291581929513784, 'optimizer': 'Adam'}. Best is trial 9 with value: 0.10197090076903503.
Selected Catagories are:
['LPS_10.000_DMSO_0.025' 'LPS_Nigericin_1.000_10.0_DMSO_0.025']
The dimensions of the data are: (31212, 1276)
Number of total missing values across all columns: 33620
Data Subset Is Off
Wells held out for testing: ['E20' 'M16']
Wells to use for training, validation, and testing ['E16' 'E17' 'E21' 'M17' 'M20' 'M21']
Number of in features:  1251
Number of out features:  2
Binary_Classification
cpu
Validation Accuracy: 96.82276843467011
Validation Loss: 0.11665931885441144
Training Accuracy: 96.62350404312667
Training Loss: 0.08469902742654084
completed
