[NbConvertApp] WARNING | Config option `kernel_spec_manager_class` not recognized by `NbConvertApp`.
[NbConvertApp] Converting notebook ../notebooks/Hyperparameter_Optimization_model_binary.ipynb to script
[NbConvertApp] Writing 8579 bytes to Hyperparameter_Optimization_model_binary.py
cell_type: SHSY5Y control_name: LPS_10.000_DMSO_0.025 treatment_name: LPS_10.000_DMSO_0.025
[I 2023-09-17 20:15:24,256] A new study created in memory with name: no-name-1c1bbf58-ecaf-4f77-8d46-4dab18b02df3
[I 2023-09-17 20:15:29,256] Trial 0 finished with value: 0.0008820642314822181 and parameters: {'n_layers': 1, 'n_units_l0': 7, 'dropout_0': 0.2795708153349382, 'learning_rate': 0.08477952999274485, 'optimizer': 'SGD'}. Best is trial 0 with value: 0.0008820642314822181.
[I 2023-09-17 20:15:33,930] Trial 1 finished with value: 0.049954231054088395 and parameters: {'n_layers': 1, 'n_units_l0': 8, 'dropout_0': 0.3864376206339678, 'learning_rate': 0.08612538050588656, 'optimizer': 'Adam'}. Best is trial 0 with value: 0.0008820642314822181.
[I 2023-09-17 20:15:38,828] Trial 2 finished with value: 4.721984513202577e-05 and parameters: {'n_layers': 3, 'n_units_l0': 8, 'dropout_0': 0.2371722428474711, 'n_units_l1': 3, 'dropout_1': 0.24667023180528955, 'n_units_l2': 10, 'dropout_2': 0.23300984754401058, 'learning_rate': 0.036271182587906126, 'optimizer': 'Adam'}. Best is trial 2 with value: 4.721984513202577e-05.
[I 2023-09-17 20:15:43,612] Trial 3 finished with value: 7.135867534543649e-05 and parameters: {'n_layers': 3, 'n_units_l0': 9, 'dropout_0': 0.1700242312615985, 'n_units_l1': 2, 'dropout_1': 0.24324678966387636, 'n_units_l2': 5, 'dropout_2': 0.2441826251019966, 'learning_rate': 0.09701434913406719, 'optimizer': 'SGD'}. Best is trial 2 with value: 4.721984513202577e-05.
[I 2023-09-17 20:15:48,401] Trial 4 finished with value: 4.475887424899898e-42 and parameters: {'n_layers': 2, 'n_units_l0': 4, 'dropout_0': 0.34501648084151526, 'n_units_l1': 2, 'dropout_1': 0.29821199513530694, 'learning_rate': 0.0698948827288018, 'optimizer': 'RMSprop'}. Best is trial 4 with value: 4.475887424899898e-42.
[I 2023-09-17 20:15:48,483] Trial 5 pruned.
[I 2023-09-17 20:15:48,568] Trial 6 pruned.
[I 2023-09-17 20:15:48,656] Trial 7 pruned.
[I 2023-09-17 20:15:48,823] Trial 8 pruned.
[I 2023-09-17 20:15:53,556] Trial 9 finished with value: 4.590266934698468e-06 and parameters: {'n_layers': 2, 'n_units_l0': 2, 'dropout_0': 0.3005960803495933, 'n_units_l1': 2, 'dropout_1': 0.3394686759973697, 'learning_rate': 0.07316897681820687, 'optimizer': 'Adam'}. Best is trial 4 with value: 4.475887424899898e-42.
Selected Catagories are:
['LPS_10.000_DMSO_0.025']
The dimensions of the data are: (16810, 1276)
Number of total missing values across all columns: 33620
Data Subset Is Off
Wells held out for testing: ['E20']
Wells to use for training, validation, and testing ['E16' 'E17' 'E21']
Number of in features:  1251
Number of out features:  1
Regression
cpu
Validation Loss: 0.05217864770932237
Training Loss: 29.857170550298733
completed
