[NbConvertApp] WARNING | Config option `kernel_spec_manager_class` not recognized by `NbConvertApp`.
[NbConvertApp] Converting notebook ../notebooks/Hyperparameter_Optimization_model_binary.ipynb to script
[NbConvertApp] Writing 8579 bytes to Hyperparameter_Optimization_model_binary.py
cell_type: PBMC control_name: LPS_0.010_DMSO_0.025 treatment_name: Thapsigargin_1.000_DMSO_0.025
[I 2023-09-19 01:32:46,735] A new study created in memory with name: no-name-1465b5ba-edf3-42cd-b9db-8449df208b5b
[I 2023-09-19 01:34:16,819] Trial 0 finished with value: 0.40080811524933035 and parameters: {'n_layers': 1, 'n_units_l0': 10, 'dropout_0': 0.11176048018898828, 'learning_rate': 0.03967143884102232, 'optimizer': 'RMSprop'}. Best is trial 0 with value: 0.40080811524933035.
[I 2023-09-19 01:35:47,351] Trial 1 finished with value: 0.4569088400493969 and parameters: {'n_layers': 2, 'n_units_l0': 4, 'dropout_0': 0.15432660647919022, 'n_units_l1': 7, 'dropout_1': 0.20675878678612633, 'learning_rate': 0.0355236968181779, 'optimizer': 'SGD'}. Best is trial 0 with value: 0.40080811524933035.
[I 2023-09-19 01:37:20,154] Trial 2 finished with value: 0.6931506528637625 and parameters: {'n_layers': 2, 'n_units_l0': 10, 'dropout_0': 0.16726417518125733, 'n_units_l1': 4, 'dropout_1': 0.2963478602730222, 'learning_rate': 0.08030248393137389, 'optimizer': 'Adam'}. Best is trial 0 with value: 0.40080811524933035.
[I 2023-09-19 01:38:49,391] Trial 3 finished with value: 0.6066741334850138 and parameters: {'n_layers': 2, 'n_units_l0': 3, 'dropout_0': 0.36149639886113816, 'n_units_l1': 2, 'dropout_1': 0.12510317991058376, 'learning_rate': 0.0057429902173088115, 'optimizer': 'SGD'}. Best is trial 0 with value: 0.40080811524933035.
[I 2023-09-19 01:40:22,262] Trial 4 finished with value: 0.6305789450623773 and parameters: {'n_layers': 3, 'n_units_l0': 5, 'dropout_0': 0.2106268505260406, 'n_units_l1': 5, 'dropout_1': 0.36107788567567767, 'n_units_l2': 9, 'dropout_2': 0.22651682042150592, 'learning_rate': 0.06334265020916895, 'optimizer': 'Adam'}. Best is trial 0 with value: 0.40080811524933035.
[I 2023-09-19 01:41:53,183] Trial 5 finished with value: 0.4274213821237738 and parameters: {'n_layers': 2, 'n_units_l0': 3, 'dropout_0': 0.17873594583815347, 'n_units_l1': 5, 'dropout_1': 0.16734739980864022, 'learning_rate': 0.011651215791121777, 'optimizer': 'RMSprop'}. Best is trial 0 with value: 0.40080811524933035.
[I 2023-09-19 01:41:54,982] Trial 6 pruned.
[I 2023-09-19 01:41:56,870] Trial 7 pruned.
[I 2023-09-19 01:43:26,781] Trial 8 finished with value: 0.5954934905063022 and parameters: {'n_layers': 1, 'n_units_l0': 10, 'dropout_0': 0.32446662553525507, 'learning_rate': 0.04314378132301385, 'optimizer': 'RMSprop'}. Best is trial 0 with value: 0.40080811524933035.
[I 2023-09-19 01:44:59,599] Trial 9 finished with value: 0.3117536468126557 and parameters: {'n_layers': 2, 'n_units_l0': 10, 'dropout_0': 0.23716107545330556, 'n_units_l1': 9, 'dropout_1': 0.22073599953091894, 'learning_rate': 0.0217704184254611, 'optimizer': 'Adam'}. Best is trial 9 with value: 0.3117536468126557.
Selected Catagories are:
['LPS_0.010_DMSO_0.025' 'Thapsigargin_1.000_DMSO_0.025']
The dimensions of the data are: (291536, 1270)
Number of total missing values across all columns: 583072
Data Subset Is Off
Wells held out for testing: ['B08' 'K06']
Wells to use for training, validation, and testing ['B02' 'B03' 'B09' 'D06' 'D07' 'K07']
Number of in features:  1245
Number of out features:  2
Binary_Classification
cpu
Validation Accuracy: 86.15784852825655
Validation Loss: 0.31583432885733514
Training Accuracy: 84.47302238267147
Training Loss: 0.34961478333192303
completed
