[NbConvertApp] WARNING | Config option `kernel_spec_manager_class` not recognized by `NbConvertApp`.
[NbConvertApp] Converting notebook ../notebooks/Hyperparameter_Optimization_model_binary.ipynb to script
[NbConvertApp] Writing 8579 bytes to Hyperparameter_Optimization_model_binary.py
cell_type: SHSY5Y control_name: LPS_100.000_DMSO_0.025 treatment_name: LPS_Nigericin_1.000_1.0_DMSO_0.025
[I 2023-09-19 00:50:55,743] A new study created in memory with name: no-name-3cf0674c-b2b9-44bb-95b3-a54e5aab83aa
[I 2023-09-19 00:51:04,479] Trial 0 finished with value: 0.12821745683749516 and parameters: {'n_layers': 3, 'n_units_l0': 9, 'dropout_0': 0.1330584391702424, 'n_units_l1': 3, 'dropout_1': 0.10871705514303959, 'n_units_l2': 5, 'dropout_2': 0.2716133543010336, 'learning_rate': 0.02940058472643775, 'optimizer': 'Adam'}. Best is trial 0 with value: 0.12821745683749516.
[I 2023-09-19 00:51:12,814] Trial 1 finished with value: 0.21939515694975856 and parameters: {'n_layers': 2, 'n_units_l0': 7, 'dropout_0': 0.1687985854323547, 'n_units_l1': 3, 'dropout_1': 0.2822196458425548, 'learning_rate': 0.04729451066787259, 'optimizer': 'RMSprop'}. Best is trial 0 with value: 0.12821745683749516.
[I 2023-09-19 00:51:21,084] Trial 2 finished with value: 0.6933918170134226 and parameters: {'n_layers': 3, 'n_units_l0': 6, 'dropout_0': 0.2710132969256947, 'n_units_l1': 2, 'dropout_1': 0.31794024990837355, 'n_units_l2': 3, 'dropout_2': 0.3195394333499585, 'learning_rate': 0.03958085255451758, 'optimizer': 'RMSprop'}. Best is trial 0 with value: 0.12821745683749516.
[I 2023-09-19 00:51:29,274] Trial 3 finished with value: 0.20953323252499104 and parameters: {'n_layers': 2, 'n_units_l0': 5, 'dropout_0': 0.2837810707902345, 'n_units_l1': 7, 'dropout_1': 0.23309540194756037, 'learning_rate': 0.05340066630737134, 'optimizer': 'RMSprop'}. Best is trial 0 with value: 0.12821745683749516.
[I 2023-09-19 00:51:37,190] Trial 4 finished with value: 0.09949455824991067 and parameters: {'n_layers': 1, 'n_units_l0': 4, 'dropout_0': 0.19247493577366603, 'learning_rate': 0.00500924377806883, 'optimizer': 'Adam'}. Best is trial 4 with value: 0.09949455824991067.
[I 2023-09-19 00:51:45,550] Trial 5 finished with value: 0.15264952016373476 and parameters: {'n_layers': 2, 'n_units_l0': 9, 'dropout_0': 0.39064768544479334, 'n_units_l1': 5, 'dropout_1': 0.11365120125486311, 'learning_rate': 0.014422610448114263, 'optimizer': 'Adam'}. Best is trial 4 with value: 0.09949455824991067.
[I 2023-09-19 00:51:45,692] Trial 6 pruned.
[I 2023-09-19 00:51:49,093] Trial 7 pruned.
[I 2023-09-19 00:51:49,243] Trial 8 pruned.
[I 2023-09-19 00:51:57,225] Trial 9 finished with value: 0.10000757962465286 and parameters: {'n_layers': 1, 'n_units_l0': 8, 'dropout_0': 0.14594563785128337, 'learning_rate': 0.07029771512876638, 'optimizer': 'SGD'}. Best is trial 4 with value: 0.09949455824991067.
Selected Catagories are:
['LPS_100.000_DMSO_0.025' 'LPS_Nigericin_1.000_1.0_DMSO_0.025']
The dimensions of the data are: (32205, 1276)
Number of total missing values across all columns: 31974
Data Subset Is Off
Wells held out for testing: ['K16' 'J20']
Wells to use for training, validation, and testing ['J16' 'J17' 'K17' 'K20' 'J21' 'K21']
Number of in features:  1251
Number of out features:  2
Binary_Classification
cpu
Validation Accuracy: 97.48810500410173
Validation Loss: 0.11927478646238646
Training Accuracy: 97.57057858022159
Training Loss: 0.0755343874040991
completed
