[NbConvertApp] WARNING | Config option `kernel_spec_manager_class` not recognized by `NbConvertApp`.
[NbConvertApp] Converting notebook ../notebooks/Hyperparameter_Optimization_model_binary.ipynb to script
[NbConvertApp] Writing 8579 bytes to Hyperparameter_Optimization_model_binary.py
cell_type: PBMC control_name: DMSO_0.100_DMSO_0.025 treatment_name: Thapsigargin_1.000_DMSO_0.025
[I 2023-09-19 01:29:43,445] A new study created in memory with name: no-name-68182516-ab41-4846-8dce-368432b77aa1
[I 2023-09-19 01:31:53,839] Trial 0 finished with value: 0.4398431488275529 and parameters: {'n_layers': 3, 'n_units_l0': 9, 'dropout_0': 0.21305032071135105, 'n_units_l1': 3, 'dropout_1': 0.37501981950859276, 'n_units_l2': 6, 'dropout_2': 0.16876995495719793, 'learning_rate': 0.01528279244661358, 'optimizer': 'Adam'}. Best is trial 0 with value: 0.4398431488275529.
[I 2023-09-19 01:34:01,697] Trial 1 finished with value: 0.4377228599389394 and parameters: {'n_layers': 2, 'n_units_l0': 8, 'dropout_0': 0.330135410772602, 'n_units_l1': 2, 'dropout_1': 0.1314870076384121, 'learning_rate': 0.02294737516528121, 'optimizer': 'Adam'}. Best is trial 1 with value: 0.4377228599389394.
[I 2023-09-19 01:36:10,698] Trial 2 finished with value: 0.6589577990372976 and parameters: {'n_layers': 3, 'n_units_l0': 5, 'dropout_0': 0.34255061952382226, 'n_units_l1': 7, 'dropout_1': 0.15483401207107234, 'n_units_l2': 10, 'dropout_2': 0.3833483160878627, 'learning_rate': 0.09777385522393957, 'optimizer': 'Adam'}. Best is trial 1 with value: 0.4377228599389394.
[I 2023-09-19 01:38:16,817] Trial 3 finished with value: 0.6558868632713954 and parameters: {'n_layers': 2, 'n_units_l0': 3, 'dropout_0': 0.28720989068587927, 'n_units_l1': 7, 'dropout_1': 0.3483029970000792, 'learning_rate': 0.05372262950069223, 'optimizer': 'RMSprop'}. Best is trial 1 with value: 0.4377228599389394.
[I 2023-09-19 01:40:22,491] Trial 4 finished with value: 0.4931408020853996 and parameters: {'n_layers': 3, 'n_units_l0': 5, 'dropout_0': 0.10772242311928577, 'n_units_l1': 7, 'dropout_1': 0.37611200459048477, 'n_units_l2': 8, 'dropout_2': 0.37788551251160263, 'learning_rate': 0.022757914263292482, 'optimizer': 'SGD'}. Best is trial 1 with value: 0.4377228599389394.
[I 2023-09-19 01:40:25,116] Trial 5 pruned.
[I 2023-09-19 01:41:26,917] Trial 6 pruned.
[I 2023-09-19 01:43:28,130] Trial 7 finished with value: 0.4382873905499776 and parameters: {'n_layers': 1, 'n_units_l0': 5, 'dropout_0': 0.36016187951075185, 'learning_rate': 0.07271976775400645, 'optimizer': 'SGD'}. Best is trial 1 with value: 0.4377228599389394.
[I 2023-09-19 01:43:30,606] Trial 8 pruned.
[I 2023-09-19 01:45:29,305] Trial 9 pruned.
Selected Catagories are:
['DMSO_0.100_DMSO_0.025' 'Thapsigargin_1.000_DMSO_0.025']
The dimensions of the data are: (363586, 1270)
Number of total missing values across all columns: 727172
Data Subset Is Off
Wells held out for testing: ['J06' 'K07']
Wells to use for training, validation, and testing ['B06' 'C06' 'B07' 'C07' 'D06' 'D07' 'I06' 'I07' 'K06' 'J07']
Number of in features:  1245
Number of out features:  2
Binary_Classification
cpu
Validation Accuracy: 81.40938288212544
Validation Loss: 0.4084531142115593
Training Accuracy: 75.33305027388104
Training Loss: 0.47437665064545237
completed
