[NbConvertApp] WARNING | Config option `kernel_spec_manager_class` not recognized by `NbConvertApp`.
[NbConvertApp] Converting notebook ../notebooks/Hyperparameter_Optimization_model_binary.ipynb to script
[NbConvertApp] Writing 8579 bytes to Hyperparameter_Optimization_model_binary.py
cell_type: SHSY5Y control_name: LPS_10.000_DMSO_0.025 treatment_name: LPS_Nigericin_1.000_1.0_DMSO_0.025
[I 2023-09-17 19:51:06,781] A new study created in memory with name: no-name-5deb586c-9a0d-4dee-9feb-fbc9ceee530e
[I 2023-09-17 19:51:16,150] Trial 0 finished with value: 0.2490434460838636 and parameters: {'n_layers': 3, 'n_units_l0': 5, 'dropout_0': 0.1694884257379808, 'n_units_l1': 4, 'dropout_1': 0.18751241529094154, 'n_units_l2': 7, 'dropout_2': 0.143237681590213, 'learning_rate': 0.09867019641876097, 'optimizer': 'SGD'}. Best is trial 0 with value: 0.2490434460838636.
[I 2023-09-17 19:51:25,518] Trial 1 finished with value: 0.3124727116028468 and parameters: {'n_layers': 2, 'n_units_l0': 2, 'dropout_0': 0.11169008899914218, 'n_units_l1': 2, 'dropout_1': 0.38432522135576697, 'learning_rate': 0.020667833529070083, 'optimizer': 'RMSprop'}. Best is trial 0 with value: 0.2490434460838636.
[I 2023-09-17 19:51:34,881] Trial 2 finished with value: 0.31638542115688323 and parameters: {'n_layers': 3, 'n_units_l0': 8, 'dropout_0': 0.23976144921916595, 'n_units_l1': 2, 'dropout_1': 0.15206953920692698, 'n_units_l2': 4, 'dropout_2': 0.3352931508062854, 'learning_rate': 0.020378497793692874, 'optimizer': 'RMSprop'}. Best is trial 0 with value: 0.2490434460838636.
[I 2023-09-17 19:51:44,145] Trial 3 finished with value: 0.3335866932074228 and parameters: {'n_layers': 3, 'n_units_l0': 2, 'dropout_0': 0.1863758110965421, 'n_units_l1': 5, 'dropout_1': 0.22112178790541323, 'n_units_l2': 5, 'dropout_2': 0.3852989427193467, 'learning_rate': 0.09183329685319441, 'optimizer': 'SGD'}. Best is trial 0 with value: 0.2490434460838636.
[I 2023-09-17 19:51:53,165] Trial 4 finished with value: 0.29529214908679324 and parameters: {'n_layers': 1, 'n_units_l0': 10, 'dropout_0': 0.23183579848485966, 'learning_rate': 0.02413288969154238, 'optimizer': 'RMSprop'}. Best is trial 0 with value: 0.2490434460838636.
[I 2023-09-17 19:51:53,421] Trial 5 pruned.
[I 2023-09-17 19:51:53,588] Trial 6 pruned.
[I 2023-09-17 19:52:02,525] Trial 7 finished with value: 0.23188679635524753 and parameters: {'n_layers': 1, 'n_units_l0': 7, 'dropout_0': 0.3931441101163021, 'learning_rate': 0.015989291594273706, 'optimizer': 'RMSprop'}. Best is trial 7 with value: 0.23188679635524753.
[I 2023-09-17 19:52:02,778] Trial 8 pruned.
[I 2023-09-17 19:52:02,935] Trial 9 pruned.
Selected Catagories are:
['LPS_10.000_DMSO_0.025' 'LPS_Nigericin_1.000_1.0_DMSO_0.025']
The dimensions of the data are: (33028, 1276)
Number of total missing values across all columns: 33620
Data Subset Is Off
Wells held out for testing: ['E20' 'K16']
Wells to use for training, validation, and testing ['E16' 'E17' 'E21' 'K17' 'K20' 'K21']
Number of in features:  1251
Number of out features:  2
Binary_Classification
cpu
Validation Accuracy: 93.84178498985801
Validation Loss: 0.22869753460089368
Training Accuracy: 93.33319809311288
Training Loss: 0.17447157359123228
completed
