[NbConvertApp] WARNING | Config option `kernel_spec_manager_class` not recognized by `NbConvertApp`.
[NbConvertApp] Converting notebook ../notebooks/Hyperparameter_Optimization_model_binary.ipynb to script
[NbConvertApp] Writing 8579 bytes to Hyperparameter_Optimization_model_binary.py
cell_type: PBMC control_name: Thapsigargin_10.000_DMSO_0.025 treatment_name: DMSO_0.100_DMSO_0.025
[I 2023-09-19 00:10:10,134] A new study created in memory with name: no-name-6d6208bd-e3d6-4765-a5fc-0ea1cf3d6b4e
[I 2023-09-19 00:12:18,652] Trial 0 finished with value: 0.22768912865269567 and parameters: {'n_layers': 1, 'n_units_l0': 3, 'dropout_0': 0.21892252773775872, 'learning_rate': 0.005015832274631281, 'optimizer': 'RMSprop'}. Best is trial 0 with value: 0.22768912865269567.
[I 2023-09-19 00:14:33,018] Trial 1 finished with value: 0.1863893906627932 and parameters: {'n_layers': 3, 'n_units_l0': 7, 'dropout_0': 0.1282904978477834, 'n_units_l1': 9, 'dropout_1': 0.1161209069940059, 'n_units_l2': 4, 'dropout_2': 0.3303419838334668, 'learning_rate': 0.03953858247653326, 'optimizer': 'SGD'}. Best is trial 1 with value: 0.1863893906627932.
[I 2023-09-19 00:16:45,424] Trial 2 finished with value: 0.4937112295627594 and parameters: {'n_layers': 2, 'n_units_l0': 10, 'dropout_0': 0.2641578064508968, 'n_units_l1': 8, 'dropout_1': 0.2310937071491089, 'learning_rate': 0.0024513212088722192, 'optimizer': 'SGD'}. Best is trial 1 with value: 0.1863893906627932.
[I 2023-09-19 00:18:55,213] Trial 3 finished with value: 0.27291347358495954 and parameters: {'n_layers': 2, 'n_units_l0': 3, 'dropout_0': 0.32756184020562273, 'n_units_l1': 8, 'dropout_1': 0.1252831139044966, 'learning_rate': 0.0869088729565278, 'optimizer': 'SGD'}. Best is trial 1 with value: 0.1863893906627932.
[I 2023-09-19 00:21:04,544] Trial 4 finished with value: 0.30350719615336386 and parameters: {'n_layers': 2, 'n_units_l0': 2, 'dropout_0': 0.21317656866848908, 'n_units_l1': 8, 'dropout_1': 0.3314394968331872, 'learning_rate': 0.017465448025592953, 'optimizer': 'SGD'}. Best is trial 1 with value: 0.1863893906627932.
[I 2023-09-19 00:21:28,662] Trial 5 pruned.
[I 2023-09-19 00:21:54,991] Trial 6 pruned.
[I 2023-09-19 00:22:00,291] Trial 7 pruned.
[I 2023-09-19 00:22:23,403] Trial 8 pruned.
[I 2023-09-19 00:22:25,955] Trial 9 pruned.
Selected Catagories are:
['DMSO_0.100_DMSO_0.025' 'Thapsigargin_10.000_DMSO_0.025']
The dimensions of the data are: (382114, 1270)
Number of total missing values across all columns: 764228
Data Subset Is Off
Wells held out for testing: ['J06' 'L06']
Wells to use for training, validation, and testing ['B06' 'C06' 'B07' 'C07' 'E06' 'E07' 'I06' 'I07' 'J07' 'L07']
Number of in features:  1245
Number of out features:  2
Binary_Classification
cpu
Validation Accuracy: 92.24115308793587
Validation Loss: 0.1937112787125572
Training Accuracy: 88.62592157195434
Training Loss: 0.27941158458470333
completed
