[NbConvertApp] WARNING | Config option `kernel_spec_manager_class` not recognized by `NbConvertApp`.
[NbConvertApp] Converting notebook ../notebooks/Hyperparameter_Optimization_model_binary.ipynb to script
[NbConvertApp] Writing 8579 bytes to Hyperparameter_Optimization_model_binary.py
cell_type: SHSY5Y control_name: LPS_Nigericin_1.000_10.0_DMSO_0.025 treatment_name: LPS_0.010_DMSO_0.025
[I 2023-09-19 01:22:13,067] A new study created in memory with name: no-name-49ee4b80-49b8-4909-8b62-3d7234f2ed39
[I 2023-09-19 01:22:21,072] Trial 0 finished with value: 0.10315647584696609 and parameters: {'n_layers': 2, 'n_units_l0': 9, 'dropout_0': 0.2886278529546278, 'n_units_l1': 7, 'dropout_1': 0.25203515695927503, 'learning_rate': 0.07132225195776605, 'optimizer': 'Adam'}. Best is trial 0 with value: 0.10315647584696609.
[I 2023-09-19 01:22:28,502] Trial 1 finished with value: 0.13852668578426044 and parameters: {'n_layers': 1, 'n_units_l0': 2, 'dropout_0': 0.23431557409029735, 'learning_rate': 0.026438349353086737, 'optimizer': 'RMSprop'}. Best is trial 0 with value: 0.10315647584696609.
[I 2023-09-19 01:22:36,362] Trial 2 finished with value: 0.6914331658681233 and parameters: {'n_layers': 3, 'n_units_l0': 6, 'dropout_0': 0.2894952164685468, 'n_units_l1': 9, 'dropout_1': 0.28292440786043305, 'n_units_l2': 3, 'dropout_2': 0.3266883677043385, 'learning_rate': 0.05981392970578251, 'optimizer': 'RMSprop'}. Best is trial 0 with value: 0.10315647584696609.
[I 2023-09-19 01:22:44,064] Trial 3 finished with value: 0.2786083997786045 and parameters: {'n_layers': 2, 'n_units_l0': 8, 'dropout_0': 0.27490792526074237, 'n_units_l1': 2, 'dropout_1': 0.2894501467999423, 'learning_rate': 0.04618220652229122, 'optimizer': 'RMSprop'}. Best is trial 0 with value: 0.10315647584696609.
[I 2023-09-19 01:22:52,137] Trial 4 finished with value: 0.29111726025740303 and parameters: {'n_layers': 3, 'n_units_l0': 10, 'dropout_0': 0.1303043798811348, 'n_units_l1': 9, 'dropout_1': 0.14916986235057048, 'n_units_l2': 8, 'dropout_2': 0.11885089226959195, 'learning_rate': 0.026340536454085066, 'optimizer': 'SGD'}. Best is trial 0 with value: 0.10315647584696609.
[I 2023-09-19 01:22:52,274] Trial 5 pruned.
[I 2023-09-19 01:22:59,891] Trial 6 finished with value: 0.11195473313331604 and parameters: {'n_layers': 1, 'n_units_l0': 9, 'dropout_0': 0.34596892407432145, 'learning_rate': 0.0837028008125038, 'optimizer': 'Adam'}. Best is trial 0 with value: 0.10315647584696609.
[I 2023-09-19 01:23:00,023] Trial 7 pruned.
[I 2023-09-19 01:23:07,657] Trial 8 finished with value: 0.09022170233229795 and parameters: {'n_layers': 1, 'n_units_l0': 8, 'dropout_0': 0.36292919560859516, 'learning_rate': 0.02302038391980497, 'optimizer': 'Adam'}. Best is trial 8 with value: 0.09022170233229795.
[I 2023-09-19 01:23:07,797] Trial 9 pruned.
Selected Catagories are:
['LPS_0.010_DMSO_0.025' 'LPS_Nigericin_1.000_10.0_DMSO_0.025']
The dimensions of the data are: (30261, 1276)
Number of total missing values across all columns: 31718
Data Subset Is Off
Wells held out for testing: ['B20' 'M16']
Wells to use for training, validation, and testing ['B16' 'B17' 'B21' 'M17' 'M20' 'M21']
Number of in features:  1251
Number of out features:  2
Binary_Classification
cpu
Validation Accuracy: 96.5218157778757
Validation Loss: 0.09435860025386017
Training Accuracy: 95.04111552028218
Training Loss: 0.10864242175103803
completed
