[NbConvertApp] WARNING | Config option `kernel_spec_manager_class` not recognized by `NbConvertApp`.
[NbConvertApp] Converting notebook ../notebooks/Hyperparameter_Optimization_model_binary.ipynb to script
[NbConvertApp] Writing 8579 bytes to Hyperparameter_Optimization_model_binary.py
cell_type: PBMC control_name: LPS_100.000_DMSO_0.025 treatment_name: LPS_0.010_DMSO_0.025
[I 2023-09-19 01:23:54,332] A new study created in memory with name: no-name-bc192506-e073-4eba-aa15-462113b51c7d
[I 2023-09-19 01:25:25,398] Trial 0 finished with value: 0.6040473249165909 and parameters: {'n_layers': 1, 'n_units_l0': 4, 'dropout_0': 0.35779532637372724, 'learning_rate': 0.05259326548958117, 'optimizer': 'Adam'}. Best is trial 0 with value: 0.6040473249165909.
[I 2023-09-19 01:26:55,034] Trial 1 finished with value: 0.7435635180576987 and parameters: {'n_layers': 1, 'n_units_l0': 3, 'dropout_0': 0.11320126406648834, 'learning_rate': 0.0859277193783977, 'optimizer': 'RMSprop'}. Best is trial 0 with value: 0.6040473249165909.
[I 2023-09-19 01:28:28,682] Trial 2 finished with value: 0.6908835014571314 and parameters: {'n_layers': 2, 'n_units_l0': 8, 'dropout_0': 0.29030019043614536, 'n_units_l1': 10, 'dropout_1': 0.29373340934401115, 'learning_rate': 0.06354612103691357, 'optimizer': 'Adam'}. Best is trial 0 with value: 0.6040473249165909.
[I 2023-09-19 01:30:00,607] Trial 3 finished with value: 0.6109025207291479 and parameters: {'n_layers': 2, 'n_units_l0': 3, 'dropout_0': 0.11301841399090874, 'n_units_l1': 3, 'dropout_1': 0.14111490240608907, 'learning_rate': 0.013760838974167007, 'optimizer': 'RMSprop'}. Best is trial 0 with value: 0.6040473249165909.
[I 2023-09-19 01:31:32,599] Trial 4 finished with value: 0.6791818739538606 and parameters: {'n_layers': 2, 'n_units_l0': 9, 'dropout_0': 0.29015520023826735, 'n_units_l1': 8, 'dropout_1': 0.3875940973987153, 'learning_rate': 0.005755553608523968, 'optimizer': 'SGD'}. Best is trial 0 with value: 0.6040473249165909.
[I 2023-09-19 01:31:36,537] Trial 5 pruned.
[I 2023-09-19 01:33:11,112] Trial 6 finished with value: 0.6217893408692402 and parameters: {'n_layers': 3, 'n_units_l0': 9, 'dropout_0': 0.3263540321768743, 'n_units_l1': 8, 'dropout_1': 0.12228176379621904, 'n_units_l2': 9, 'dropout_2': 0.3352675984430914, 'learning_rate': 0.03729698480917041, 'optimizer': 'SGD'}. Best is trial 0 with value: 0.6040473249165909.
[I 2023-09-19 01:34:41,548] Trial 7 finished with value: 0.5958246376203454 and parameters: {'n_layers': 1, 'n_units_l0': 8, 'dropout_0': 0.3852616048747677, 'learning_rate': 0.08199417337652848, 'optimizer': 'SGD'}. Best is trial 7 with value: 0.5958246376203454.
[I 2023-09-19 01:34:43,393] Trial 8 pruned.
[I 2023-09-19 01:34:45,303] Trial 9 pruned.
Selected Catagories are:
['LPS_0.010_DMSO_0.025' 'LPS_100.000_DMSO_0.025']
The dimensions of the data are: (302515, 1270)
Number of total missing values across all columns: 605030
Data Subset Is Off
Wells held out for testing: ['B08' 'J08']
Wells to use for training, validation, and testing ['B02' 'B03' 'B09' 'J02' 'J03' 'J09']
Number of in features:  1245
Number of out features:  2
Binary_Classification
cpu
Validation Accuracy: 68.95614495798318
Validation Loss: 0.585511661560639
Training Accuracy: 66.84027158481007
Training Loss: 0.600164060156202
completed
