[NbConvertApp] WARNING | Config option `kernel_spec_manager_class` not recognized by `NbConvertApp`.
[NbConvertApp] Converting notebook ../notebooks/Hyperparameter_Optimization_model_binary.ipynb to script
[NbConvertApp] Writing 8579 bytes to Hyperparameter_Optimization_model_binary.py
cell_type: PBMC control_name: DMSO_0.100_DMSO_0.025 treatment_name: LPS_0.010_DMSO_0.025
[I 2023-09-17 20:26:57,797] A new study created in memory with name: no-name-77379ff6-3543-4e11-b7db-56979a954b74
[I 2023-09-17 20:29:06,483] Trial 0 finished with value: 0.49954407103856413 and parameters: {'n_layers': 1, 'n_units_l0': 8, 'dropout_0': 0.28828266567210703, 'learning_rate': 0.04503359135004086, 'optimizer': 'RMSprop'}. Best is trial 0 with value: 0.49954407103856413.
[I 2023-09-17 20:31:16,862] Trial 1 finished with value: 0.3658605162302653 and parameters: {'n_layers': 3, 'n_units_l0': 4, 'dropout_0': 0.23602454981052548, 'n_units_l1': 10, 'dropout_1': 0.3342857953289772, 'n_units_l2': 5, 'dropout_2': 0.3761379294137459, 'learning_rate': 0.09756019224972863, 'optimizer': 'SGD'}. Best is trial 1 with value: 0.3658605162302653.
[I 2023-09-17 20:33:27,724] Trial 2 finished with value: 0.3692827100555103 and parameters: {'n_layers': 2, 'n_units_l0': 3, 'dropout_0': 0.11280060267805912, 'n_units_l1': 6, 'dropout_1': 0.2536352384402826, 'learning_rate': 0.013962048449253407, 'optimizer': 'RMSprop'}. Best is trial 1 with value: 0.3658605162302653.
[I 2023-09-17 20:35:42,018] Trial 3 finished with value: 0.6560576195716856 and parameters: {'n_layers': 3, 'n_units_l0': 7, 'dropout_0': 0.22168980444190453, 'n_units_l1': 7, 'dropout_1': 0.37992325591221865, 'n_units_l2': 7, 'dropout_2': 0.34476777058333424, 'learning_rate': 0.08319036095120656, 'optimizer': 'RMSprop'}. Best is trial 1 with value: 0.3658605162302653.
[I 2023-09-17 20:37:49,991] Trial 4 finished with value: 0.39624993389844887 and parameters: {'n_layers': 1, 'n_units_l0': 2, 'dropout_0': 0.24661087501060247, 'learning_rate': 0.0521712910421156, 'optimizer': 'Adam'}. Best is trial 1 with value: 0.3658605162302653.
[I 2023-09-17 20:37:52,544] Trial 5 pruned.
[I 2023-09-17 20:37:55,235] Trial 6 pruned.
[I 2023-09-17 20:38:00,248] Trial 7 pruned.
[I 2023-09-17 20:40:09,410] Trial 8 finished with value: 0.3470118738412857 and parameters: {'n_layers': 1, 'n_units_l0': 3, 'dropout_0': 0.1831766669130227, 'learning_rate': 0.02645836116648944, 'optimizer': 'Adam'}. Best is trial 8 with value: 0.3470118738412857.
[I 2023-09-17 20:42:25,467] Trial 9 finished with value: 0.2923622502883275 and parameters: {'n_layers': 3, 'n_units_l0': 10, 'dropout_0': 0.20739879170146872, 'n_units_l1': 3, 'dropout_1': 0.21979004429064358, 'n_units_l2': 10, 'dropout_2': 0.351254573766436, 'learning_rate': 0.006841898002126776, 'optimizer': 'Adam'}. Best is trial 9 with value: 0.2923622502883275.
Selected Catagories are:
['LPS_0.010_DMSO_0.025' 'DMSO_0.100_DMSO_0.025']
The dimensions of the data are: (358210, 1270)
Number of total missing values across all columns: 716420
Data Subset Is Off
Wells held out for testing: ['B09' 'J06']
Wells to use for training, validation, and testing ['B02' 'B03' 'B06' 'C06' 'B07' 'C07' 'B08' 'I06' 'I07' 'J07']
Number of in features:  1245
Number of out features:  2
Binary_Classification
cpu
Validation Accuracy: 87.06124392151528
Validation Loss: 0.29810976061224936
Training Accuracy: 82.27802172111114
Training Loss: 0.37522399613917884
completed
