[NbConvertApp] WARNING | Config option `kernel_spec_manager_class` not recognized by `NbConvertApp`.
[NbConvertApp] Converting notebook ../notebooks/Hyperparameter_Optimization_model_binary.ipynb to script
[NbConvertApp] Writing 8579 bytes to Hyperparameter_Optimization_model_binary.py
cell_type: SHSY5Y control_name: Flagellin_0.100_DMSO_0.025 treatment_name: LPS_0.010_DMSO_0.025
[I 2023-09-19 01:20:52,785] A new study created in memory with name: no-name-95b04479-9674-4332-92f4-a242bd1c07d6
[I 2023-09-19 01:21:02,883] Trial 0 finished with value: 0.692181355555852 and parameters: {'n_layers': 3, 'n_units_l0': 6, 'dropout_0': 0.2914325566289101, 'n_units_l1': 8, 'dropout_1': 0.29522112878051554, 'n_units_l2': 10, 'dropout_2': 0.3620809668633781, 'learning_rate': 0.0983612996515316, 'optimizer': 'Adam'}. Best is trial 0 with value: 0.692181355555852.
[I 2023-09-19 01:21:12,263] Trial 1 finished with value: 0.6222743809223175 and parameters: {'n_layers': 1, 'n_units_l0': 8, 'dropout_0': 0.2265729332608237, 'learning_rate': 0.03635953512378819, 'optimizer': 'Adam'}. Best is trial 1 with value: 0.6222743809223175.
[I 2023-09-19 01:21:21,708] Trial 2 finished with value: 0.668155549367269 and parameters: {'n_layers': 2, 'n_units_l0': 10, 'dropout_0': 0.12118268721797712, 'n_units_l1': 10, 'dropout_1': 0.15246247529872736, 'learning_rate': 0.02720791584397273, 'optimizer': 'Adam'}. Best is trial 1 with value: 0.6222743809223175.
[I 2023-09-19 01:21:30,913] Trial 3 finished with value: 0.6386003790299098 and parameters: {'n_layers': 1, 'n_units_l0': 7, 'dropout_0': 0.13401063183302805, 'learning_rate': 0.05894844350176302, 'optimizer': 'Adam'}. Best is trial 1 with value: 0.6222743809223175.
[I 2023-09-19 01:21:40,319] Trial 4 finished with value: 0.6191850074132285 and parameters: {'n_layers': 3, 'n_units_l0': 6, 'dropout_0': 0.36265118869394786, 'n_units_l1': 10, 'dropout_1': 0.3079091304034165, 'n_units_l2': 9, 'dropout_2': 0.36100831229247243, 'learning_rate': 0.08902770413259302, 'optimizer': 'SGD'}. Best is trial 4 with value: 0.6191850074132285.
[I 2023-09-19 01:21:40,491] Trial 5 pruned.
[I 2023-09-19 01:21:40,669] Trial 6 pruned.
[I 2023-09-19 01:21:41,427] Trial 7 pruned.
[I 2023-09-19 01:21:41,589] Trial 8 pruned.
[I 2023-09-19 01:21:41,763] Trial 9 pruned.
Selected Catagories are:
['LPS_0.010_DMSO_0.025' 'Flagellin_0.100_DMSO_0.025']
The dimensions of the data are: (30787, 1276)
Number of total missing values across all columns: 61574
Data Subset Is Off
Wells held out for testing: ['B16' 'L22']
Wells to use for training, validation, and testing ['B17' 'B20' 'B21' 'L18' 'L19' 'L23']
Number of in features:  1251
Number of out features:  2
Binary_Classification
cpu
Validation Accuracy: 62.962047661076774
Validation Loss: 0.6354984442392986
Training Accuracy: 60.84401037355847
Training Loss: 0.6423276851051734
completed
