[NbConvertApp] WARNING | Config option `kernel_spec_manager_class` not recognized by `NbConvertApp`.
[NbConvertApp] Converting notebook ../notebooks/Hyperparameter_Optimization_model_binary.ipynb to script
[NbConvertApp] Writing 8579 bytes to Hyperparameter_Optimization_model_binary.py
cell_type: PBMC control_name: Flagellin_1.000_DMSO_0.025 treatment_name: LPS_10.000_DMSO_0.025
[I 2023-09-19 01:11:09,333] A new study created in memory with name: no-name-54150f4d-7b8c-4ef7-855e-b8e5c1db15b7
[I 2023-09-19 01:12:09,198] Trial 0 finished with value: 0.546293853552718 and parameters: {'n_layers': 2, 'n_units_l0': 5, 'dropout_0': 0.29343151714582977, 'n_units_l1': 5, 'dropout_1': 0.3323153042279432, 'learning_rate': 0.07814365121212426, 'optimizer': 'SGD'}. Best is trial 0 with value: 0.546293853552718.
[I 2023-09-19 01:13:11,196] Trial 1 finished with value: 0.6650612004179703 and parameters: {'n_layers': 3, 'n_units_l0': 3, 'dropout_0': 0.2995699517623506, 'n_units_l1': 6, 'dropout_1': 0.18299493926925525, 'n_units_l2': 7, 'dropout_2': 0.39756897185423057, 'learning_rate': 0.0004895250846655417, 'optimizer': 'SGD'}. Best is trial 0 with value: 0.546293853552718.
[I 2023-09-19 01:14:10,709] Trial 2 finished with value: 1.1435439673222993 and parameters: {'n_layers': 1, 'n_units_l0': 8, 'dropout_0': 0.13451760107387561, 'learning_rate': 0.07319860896760627, 'optimizer': 'RMSprop'}. Best is trial 0 with value: 0.546293853552718.
[I 2023-09-19 01:15:12,590] Trial 3 finished with value: 0.5494262123735328 and parameters: {'n_layers': 2, 'n_units_l0': 4, 'dropout_0': 0.2440081061410458, 'n_units_l1': 6, 'dropout_1': 0.3541634091816903, 'learning_rate': 0.01337510440814915, 'optimizer': 'Adam'}. Best is trial 0 with value: 0.546293853552718.
[I 2023-09-19 01:16:14,683] Trial 4 finished with value: 0.6004381387484701 and parameters: {'n_layers': 2, 'n_units_l0': 6, 'dropout_0': 0.3934832407930505, 'n_units_l1': 7, 'dropout_1': 0.28538801282223836, 'learning_rate': 0.030922143333893478, 'optimizer': 'Adam'}. Best is trial 0 with value: 0.546293853552718.
[I 2023-09-19 01:16:21,822] Trial 5 pruned.
[I 2023-09-19 01:16:23,111] Trial 6 pruned.
[I 2023-09-19 01:17:22,603] Trial 7 finished with value: 0.5254142093344738 and parameters: {'n_layers': 1, 'n_units_l0': 9, 'dropout_0': 0.19870569341052696, 'learning_rate': 0.04166399178028657, 'optimizer': 'SGD'}. Best is trial 7 with value: 0.5254142093344738.
[I 2023-09-19 01:18:21,151] Trial 8 finished with value: 0.5106755205832029 and parameters: {'n_layers': 1, 'n_units_l0': 5, 'dropout_0': 0.13708808897020408, 'learning_rate': 0.07894715615532058, 'optimizer': 'SGD'}. Best is trial 8 with value: 0.5106755205832029.
[I 2023-09-19 01:18:22,300] Trial 9 pruned.
Selected Catagories are:
['LPS_10.000_DMSO_0.025' 'Flagellin_1.000_DMSO_0.025']
The dimensions of the data are: (261037, 1270)
Number of total missing values across all columns: 558690
Data Subset Is Off
Wells held out for testing: ['E09' 'M10']
Wells to use for training, validation, and testing ['E02' 'E03' 'E08' 'M05' 'M11']
Number of in features:  1245
Number of out features:  2
Binary_Classification
cpu
Validation Accuracy: 74.03236769703835
Validation Loss: 0.51876015048278
Training Accuracy: 73.84903166639694
Training Loss: 0.5162708019250192
completed
