[NbConvertApp] WARNING | Config option `kernel_spec_manager_class` not recognized by `NbConvertApp`.
[NbConvertApp] Converting notebook ../notebooks/Hyperparameter_Optimization_model_binary.ipynb to script
[NbConvertApp] Writing 8579 bytes to Hyperparameter_Optimization_model_binary.py
cell_type: SHSY5Y control_name: Flagellin_0.100_DMSO_0.025 treatment_name: LPS_1.000_DMSO_0.025
[I 2023-09-19 01:14:02,170] A new study created in memory with name: no-name-9b1e2a6c-a9be-433d-84fc-e0ce8efd13eb
[I 2023-09-19 01:14:11,013] Trial 0 finished with value: 0.6813620710372925 and parameters: {'n_layers': 3, 'n_units_l0': 4, 'dropout_0': 0.25626527903437907, 'n_units_l1': 9, 'dropout_1': 0.3043483444798013, 'n_units_l2': 3, 'dropout_2': 0.283415678526816, 'learning_rate': 0.04928853894724821, 'optimizer': 'SGD'}. Best is trial 0 with value: 0.6813620710372925.
[I 2023-09-19 01:14:19,586] Trial 1 finished with value: 0.6500364490350088 and parameters: {'n_layers': 2, 'n_units_l0': 4, 'dropout_0': 0.3414610710671776, 'n_units_l1': 9, 'dropout_1': 0.35960214475816454, 'learning_rate': 0.09905196836345631, 'optimizer': 'Adam'}. Best is trial 1 with value: 0.6500364490350088.
[I 2023-09-19 01:14:27,904] Trial 2 finished with value: 0.6443197933832805 and parameters: {'n_layers': 2, 'n_units_l0': 5, 'dropout_0': 0.37677269567001204, 'n_units_l1': 4, 'dropout_1': 0.1977747433834094, 'learning_rate': 0.03379562810330556, 'optimizer': 'SGD'}. Best is trial 2 with value: 0.6443197933832805.
[I 2023-09-19 01:14:36,154] Trial 3 finished with value: 0.6215479795138041 and parameters: {'n_layers': 1, 'n_units_l0': 8, 'dropout_0': 0.30898130755739667, 'learning_rate': 0.03286843539075728, 'optimizer': 'SGD'}. Best is trial 3 with value: 0.6215479795138041.
[I 2023-09-19 01:14:44,394] Trial 4 finished with value: 0.614534821510315 and parameters: {'n_layers': 1, 'n_units_l0': 6, 'dropout_0': 0.26084682530027004, 'learning_rate': 0.03497671967284169, 'optimizer': 'SGD'}. Best is trial 4 with value: 0.614534821510315.
[I 2023-09-19 01:14:44,548] Trial 5 pruned.
[I 2023-09-19 01:14:45,114] Trial 6 pruned.
[I 2023-09-19 01:14:53,742] Trial 7 finished with value: 0.6165527768929799 and parameters: {'n_layers': 2, 'n_units_l0': 2, 'dropout_0': 0.1729452812428259, 'n_units_l1': 10, 'dropout_1': 0.33637750236157055, 'learning_rate': 0.023392557987547333, 'optimizer': 'RMSprop'}. Best is trial 4 with value: 0.614534821510315.
[I 2023-09-19 01:15:02,373] Trial 8 finished with value: 0.5847936431566875 and parameters: {'n_layers': 3, 'n_units_l0': 4, 'dropout_0': 0.11415911488041246, 'n_units_l1': 10, 'dropout_1': 0.16410534410481606, 'n_units_l2': 5, 'dropout_2': 0.39630414170446915, 'learning_rate': 0.0148799462193163, 'optimizer': 'RMSprop'}. Best is trial 8 with value: 0.5847936431566875.
[I 2023-09-19 01:15:02,523] Trial 9 pruned.
Selected Catagories are:
['LPS_1.000_DMSO_0.025' 'Flagellin_0.100_DMSO_0.025']
The dimensions of the data are: (31386, 1276)
Number of total missing values across all columns: 62772
Data Subset Is Off
Wells held out for testing: ['D21' 'L22']
Wells to use for training, validation, and testing ['D16' 'D17' 'D20' 'L18' 'L19' 'L23']
Number of in features:  1251
Number of out features:  2
Binary_Classification
cpu
Validation Accuracy: 63.887698242606085
Validation Loss: 0.640032769838969
Training Accuracy: 62.337584396099025
Training Loss: 0.6309735007035104
completed
