[NbConvertApp] WARNING | Config option `kernel_spec_manager_class` not recognized by `NbConvertApp`.
[NbConvertApp] Converting notebook ../notebooks/Hyperparameter_Optimization_model_binary.ipynb to script
[NbConvertApp] Writing 8579 bytes to Hyperparameter_Optimization_model_binary.py
cell_type: SHSY5Y control_name: LPS_Nigericin_1.000_1.0_DMSO_0.025 treatment_name: LPS_Nigericin_1.000_1.0_DMSO_0.025
[I 2023-09-17 19:48:42,983] A new study created in memory with name: no-name-2fbe6166-6464-4cd3-8c68-15d5bea7b867
[I 2023-09-17 19:48:47,553] Trial 0 finished with value: 0.00092900622686102 and parameters: {'n_layers': 3, 'n_units_l0': 2, 'dropout_0': 0.38249577575148264, 'n_units_l1': 5, 'dropout_1': 0.17025520980499825, 'n_units_l2': 2, 'dropout_2': 0.12994080192271273, 'learning_rate': 0.022905505549852424, 'optimizer': 'SGD'}. Best is trial 0 with value: 0.00092900622686102.
[I 2023-09-17 19:48:51,630] Trial 1 finished with value: 6.226246962775295e-05 and parameters: {'n_layers': 2, 'n_units_l0': 6, 'dropout_0': 0.18061397078306024, 'n_units_l1': 2, 'dropout_1': 0.22253649539508863, 'learning_rate': 0.02722190430009138, 'optimizer': 'RMSprop'}. Best is trial 1 with value: 6.226246962775295e-05.
[I 2023-09-17 19:48:55,900] Trial 2 finished with value: 7.082908608291305e-07 and parameters: {'n_layers': 3, 'n_units_l0': 10, 'dropout_0': 0.10259048809571014, 'n_units_l1': 6, 'dropout_1': 0.28329295157006323, 'n_units_l2': 8, 'dropout_2': 0.10117232137715991, 'learning_rate': 0.0034826979008276454, 'optimizer': 'Adam'}. Best is trial 2 with value: 7.082908608291305e-07.
[I 2023-09-17 19:49:00,030] Trial 3 finished with value: 0.024200889627629833 and parameters: {'n_layers': 2, 'n_units_l0': 6, 'dropout_0': 0.32967444818272684, 'n_units_l1': 2, 'dropout_1': 0.13598163885586007, 'learning_rate': 0.048846007835730426, 'optimizer': 'Adam'}. Best is trial 2 with value: 7.082908608291305e-07.
[I 2023-09-17 19:49:04,148] Trial 4 finished with value: 0.00663289665710181 and parameters: {'n_layers': 3, 'n_units_l0': 2, 'dropout_0': 0.22686220814455899, 'n_units_l1': 9, 'dropout_1': 0.3622311435377563, 'n_units_l2': 10, 'dropout_2': 0.14441399940443422, 'learning_rate': 0.08055394319687655, 'optimizer': 'RMSprop'}. Best is trial 2 with value: 7.082908608291305e-07.
[I 2023-09-17 19:49:06,493] Trial 5 pruned.
[I 2023-09-17 19:49:06,565] Trial 6 pruned.
[I 2023-09-17 19:49:06,640] Trial 7 pruned.
[I 2023-09-17 19:49:06,712] Trial 8 pruned.
[I 2023-09-17 19:49:06,786] Trial 9 pruned.
Selected Catagories are:
['LPS_Nigericin_1.000_1.0_DMSO_0.025']
The dimensions of the data are: (16218, 1276)
Number of total missing values across all columns: 0
Data Subset Is Off
Wells held out for testing: ['K20']
Wells to use for training, validation, and testing ['K16' 'K17' 'K21']
Number of in features:  1251
Number of out features:  1
Regression
cpu
Validation Loss: 2.294296505845672e-05
Training Loss: 0.00041236055485023825
completed
