[NbConvertApp] WARNING | Config option `kernel_spec_manager_class` not recognized by `NbConvertApp`.
[NbConvertApp] Converting notebook ../notebooks/Hyperparameter_Optimization_model_binary.ipynb to script
[NbConvertApp] Writing 8579 bytes to Hyperparameter_Optimization_model_binary.py
cell_type: SHSY5Y control_name: LPS_10.000_DMSO_0.025 treatment_name: LPS_100.000_DMSO_0.025
[I 2023-09-17 20:11:05,914] A new study created in memory with name: no-name-f917c54b-7490-4cd0-bb2a-625241da42b5
[I 2023-09-17 20:11:14,815] Trial 0 finished with value: 0.24723170752326645 and parameters: {'n_layers': 2, 'n_units_l0': 10, 'dropout_0': 0.2692757138483761, 'n_units_l1': 2, 'dropout_1': 0.13635142193843824, 'learning_rate': 0.06581304653413231, 'optimizer': 'SGD'}. Best is trial 0 with value: 0.24723170752326645.
[I 2023-09-17 20:11:23,700] Trial 1 finished with value: 0.6988113657633463 and parameters: {'n_layers': 3, 'n_units_l0': 3, 'dropout_0': 0.2817893692994208, 'n_units_l1': 8, 'dropout_1': 0.2050668530688358, 'n_units_l2': 6, 'dropout_2': 0.3509002034149079, 'learning_rate': 0.0028988365791078087, 'optimizer': 'SGD'}. Best is trial 0 with value: 0.24723170752326645.
[I 2023-09-17 20:11:32,381] Trial 2 finished with value: 0.3422528368234635 and parameters: {'n_layers': 2, 'n_units_l0': 6, 'dropout_0': 0.32771543417190596, 'n_units_l1': 5, 'dropout_1': 0.17300810938179567, 'learning_rate': 0.05466737049825046, 'optimizer': 'RMSprop'}. Best is trial 0 with value: 0.24723170752326645.
[I 2023-09-17 20:11:40,834] Trial 3 finished with value: 0.2611513161659241 and parameters: {'n_layers': 1, 'n_units_l0': 5, 'dropout_0': 0.29306919677272747, 'learning_rate': 0.05200253908387985, 'optimizer': 'RMSprop'}. Best is trial 0 with value: 0.24723170752326645.
[I 2023-09-17 20:11:49,950] Trial 4 finished with value: 0.5029869635899861 and parameters: {'n_layers': 3, 'n_units_l0': 6, 'dropout_0': 0.2308196120474895, 'n_units_l1': 5, 'dropout_1': 0.32455458002881094, 'n_units_l2': 5, 'dropout_2': 0.288153703940784, 'learning_rate': 0.09400222853039338, 'optimizer': 'Adam'}. Best is trial 0 with value: 0.24723170752326645.
[I 2023-09-17 20:11:50,108] Trial 5 pruned.
[I 2023-09-17 20:11:59,133] Trial 6 finished with value: 0.1794149814049403 and parameters: {'n_layers': 3, 'n_units_l0': 4, 'dropout_0': 0.11466227103972747, 'n_units_l1': 3, 'dropout_1': 0.17176918238944125, 'n_units_l2': 4, 'dropout_2': 0.13535103511998314, 'learning_rate': 0.044244977791853414, 'optimizer': 'Adam'}. Best is trial 6 with value: 0.1794149814049403.
[I 2023-09-17 20:11:59,297] Trial 7 pruned.
[I 2023-09-17 20:11:59,451] Trial 8 pruned.
[I 2023-09-17 20:12:07,958] Trial 9 finished with value: 0.17584639852245648 and parameters: {'n_layers': 1, 'n_units_l0': 5, 'dropout_0': 0.3813840719419873, 'learning_rate': 0.08706046736837071, 'optimizer': 'Adam'}. Best is trial 9 with value: 0.17584639852245648.
Selected Catagories are:
['LPS_10.000_DMSO_0.025' 'LPS_100.000_DMSO_0.025']
The dimensions of the data are: (32797, 1276)
Number of total missing values across all columns: 65594
Data Subset Is Off
Wells held out for testing: ['E20' 'J16']
Wells to use for training, validation, and testing ['E16' 'E17' 'E21' 'J17' 'J20' 'J21']
Number of in features:  1251
Number of out features:  2
Binary_Classification
cpu
Validation Accuracy: 92.61312678353035
Validation Loss: 0.1824726515014966
Training Accuracy: 86.1500509683996
Training Loss: 0.2525366105437279
completed
