[NbConvertApp] WARNING | Config option `kernel_spec_manager_class` not recognized by `NbConvertApp`.
[NbConvertApp] Converting notebook ../notebooks/Hyperparameter_Optimization_model_binary.ipynb to script
[NbConvertApp] Writing 8579 bytes to Hyperparameter_Optimization_model_binary.py
cell_type: SHSY5Y control_name: Thapsigargin_10.000_DMSO_0.025 treatment_name: LPS_Nigericin_1.000_3.0_DMSO_0.025
[I 2023-09-17 20:02:43,638] A new study created in memory with name: no-name-83293783-144b-4d71-a36c-556e4d186edd
[I 2023-09-17 20:02:52,161] Trial 0 finished with value: 0.1497176178311929 and parameters: {'n_layers': 3, 'n_units_l0': 7, 'dropout_0': 0.1367925355657903, 'n_units_l1': 9, 'dropout_1': 0.38917621738927555, 'n_units_l2': 2, 'dropout_2': 0.29651851376212673, 'learning_rate': 0.06138900009344418, 'optimizer': 'Adam'}. Best is trial 0 with value: 0.1497176178311929.
[I 2023-09-17 20:03:00,072] Trial 1 finished with value: 0.11838601601620516 and parameters: {'n_layers': 2, 'n_units_l0': 5, 'dropout_0': 0.3447129201711736, 'n_units_l1': 3, 'dropout_1': 0.37459087676460945, 'learning_rate': 0.0427680526147032, 'optimizer': 'Adam'}. Best is trial 1 with value: 0.11838601601620516.
[I 2023-09-17 20:03:07,876] Trial 2 finished with value: 0.19659197255969052 and parameters: {'n_layers': 1, 'n_units_l0': 7, 'dropout_0': 0.1558567656318658, 'learning_rate': 0.06383173527596296, 'optimizer': 'RMSprop'}. Best is trial 1 with value: 0.11838601601620516.
[I 2023-09-17 20:03:15,557] Trial 3 finished with value: 0.18952877057095371 and parameters: {'n_layers': 2, 'n_units_l0': 2, 'dropout_0': 0.25377435656155045, 'n_units_l1': 7, 'dropout_1': 0.2527496073933493, 'learning_rate': 0.06631659338216997, 'optimizer': 'RMSprop'}. Best is trial 1 with value: 0.11838601601620516.
[I 2023-09-17 20:03:23,396] Trial 4 finished with value: 0.06215678168247299 and parameters: {'n_layers': 3, 'n_units_l0': 5, 'dropout_0': 0.3173407381412413, 'n_units_l1': 10, 'dropout_1': 0.14302937573490332, 'n_units_l2': 5, 'dropout_2': 0.3082642656592989, 'learning_rate': 0.004280772497526504, 'optimizer': 'RMSprop'}. Best is trial 4 with value: 0.06215678168247299.
[I 2023-09-17 20:03:23,530] Trial 5 pruned.
[I 2023-09-17 20:03:24,491] Trial 6 pruned.
[I 2023-09-17 20:03:24,625] Trial 7 pruned.
[I 2023-09-17 20:03:24,757] Trial 8 pruned.
[I 2023-09-17 20:03:32,764] Trial 9 finished with value: 0.11139436379075049 and parameters: {'n_layers': 3, 'n_units_l0': 4, 'dropout_0': 0.2914367710479172, 'n_units_l1': 3, 'dropout_1': 0.26223356313657753, 'n_units_l2': 5, 'dropout_2': 0.352108115430224, 'learning_rate': 0.05778098044090548, 'optimizer': 'Adam'}. Best is trial 4 with value: 0.06215678168247299.
Selected Catagories are:
['Thapsigargin_10.000_DMSO_0.025' 'LPS_Nigericin_1.000_3.0_DMSO_0.025']
The dimensions of the data are: (26864, 1276)
Number of total missing values across all columns: 26424
Data Subset Is Off
Wells held out for testing: ['E14' 'L20']
Wells to use for training, validation, and testing ['E15' 'L14' 'L15' 'L16' 'L17' 'L21']
Number of in features:  1251
Number of out features:  2
Binary_Classification
cpu
Validation Accuracy: 97.69816922315685
Validation Loss: 0.06119736549134056
Training Accuracy: 97.19292166811037
Training Loss: 0.10488098904490471
completed
