[NbConvertApp] WARNING | Config option `kernel_spec_manager_class` not recognized by `NbConvertApp`.
[NbConvertApp] Converting notebook ../notebooks/Hyperparameter_Optimization_model_binary.ipynb to script
[NbConvertApp] Writing 8579 bytes to Hyperparameter_Optimization_model_binary.py
cell_type: SHSY5Y control_name: LPS_Nigericin_1.000_3.0_DMSO_0.025 treatment_name: LPS_Nigericin_1.000_1.0_DMSO_0.025
[I 2023-09-17 19:49:01,705] A new study created in memory with name: no-name-79fc99c6-a3f7-4aa8-8e49-f1592804502c
[I 2023-09-17 19:49:10,434] Trial 0 finished with value: 0.5091930665572485 and parameters: {'n_layers': 1, 'n_units_l0': 9, 'dropout_0': 0.17926289964746656, 'learning_rate': 0.004021914661760991, 'optimizer': 'SGD'}. Best is trial 0 with value: 0.5091930665572485.
[I 2023-09-17 19:49:19,302] Trial 1 finished with value: 0.22454210589329404 and parameters: {'n_layers': 1, 'n_units_l0': 5, 'dropout_0': 0.35074225315818863, 'learning_rate': 0.08519902633121247, 'optimizer': 'Adam'}. Best is trial 1 with value: 0.22454210589329404.
[I 2023-09-17 19:49:28,272] Trial 2 finished with value: 0.5884360007445016 and parameters: {'n_layers': 1, 'n_units_l0': 7, 'dropout_0': 0.39444700927629217, 'learning_rate': 0.08981548344829782, 'optimizer': 'RMSprop'}. Best is trial 1 with value: 0.22454210589329404.
[I 2023-09-17 19:49:37,196] Trial 3 finished with value: 0.22447943950692814 and parameters: {'n_layers': 1, 'n_units_l0': 8, 'dropout_0': 0.11760024604996477, 'learning_rate': 0.056964388132164735, 'optimizer': 'Adam'}. Best is trial 3 with value: 0.22447943950692814.
[I 2023-09-17 19:49:46,028] Trial 4 finished with value: 0.18982141455014545 and parameters: {'n_layers': 1, 'n_units_l0': 9, 'dropout_0': 0.24426638057218666, 'learning_rate': 0.006695733895074107, 'optimizer': 'Adam'}. Best is trial 4 with value: 0.18982141455014545.
[I 2023-09-17 19:49:46,192] Trial 5 pruned.
[I 2023-09-17 19:49:46,447] Trial 6 pruned.
[I 2023-09-17 19:49:55,682] Trial 7 finished with value: 0.18443221017718314 and parameters: {'n_layers': 2, 'n_units_l0': 8, 'dropout_0': 0.15008873635176964, 'n_units_l1': 10, 'dropout_1': 0.23622676003700568, 'learning_rate': 0.0068811581968558425, 'optimizer': 'Adam'}. Best is trial 7 with value: 0.18443221017718314.
[I 2023-09-17 19:49:56,251] Trial 8 pruned.
[I 2023-09-17 19:49:56,417] Trial 9 pruned.
Selected Catagories are:
['LPS_Nigericin_1.000_1.0_DMSO_0.025' 'LPS_Nigericin_1.000_3.0_DMSO_0.025']
The dimensions of the data are: (29870, 1276)
Number of total missing values across all columns: 0
Data Subset Is Off
Wells held out for testing: ['L16' 'K20']
Wells to use for training, validation, and testing ['K16' 'K17' 'L17' 'L20' 'K21' 'L21']
Number of in features:  1251
Number of out features:  2
Binary_Classification
cpu
Validation Accuracy: 92.72505643340857
Validation Loss: 0.22712628702322643
Training Accuracy: 96.03759525825572
Training Loss: 0.11044883477191131
completed
