[NbConvertApp] WARNING | Config option `kernel_spec_manager_class` not recognized by `NbConvertApp`.
[NbConvertApp] Converting notebook ../notebooks/Hyperparameter_Optimization_model_binary.ipynb to script
[NbConvertApp] Writing 8579 bytes to Hyperparameter_Optimization_model_binary.py
cell_type: SHSY5Y control_name: Thapsigargin_1.000_DMSO_0.025 treatment_name: LPS_0.100_DMSO_0.025
[I 2023-09-19 01:20:30,588] A new study created in memory with name: no-name-2ec961fb-2ea1-4927-a823-ba52366194d1
[I 2023-09-19 01:20:40,157] Trial 0 finished with value: 0.3552659759918849 and parameters: {'n_layers': 2, 'n_units_l0': 4, 'dropout_0': 0.2706252929750159, 'n_units_l1': 2, 'dropout_1': 0.2945164583365148, 'learning_rate': 0.03681045446503259, 'optimizer': 'Adam'}. Best is trial 0 with value: 0.3552659759918849.
[I 2023-09-19 01:20:49,055] Trial 1 finished with value: 0.3005266255140305 and parameters: {'n_layers': 1, 'n_units_l0': 2, 'dropout_0': 0.1578710611520586, 'learning_rate': 0.06605122307759301, 'optimizer': 'Adam'}. Best is trial 1 with value: 0.3005266255140305.
[I 2023-09-19 01:20:58,177] Trial 2 finished with value: 0.5389124041795731 and parameters: {'n_layers': 2, 'n_units_l0': 3, 'dropout_0': 0.30650103555487573, 'n_units_l1': 8, 'dropout_1': 0.11499365931869808, 'learning_rate': 0.009290239703137165, 'optimizer': 'SGD'}. Best is trial 1 with value: 0.3005266255140305.
[I 2023-09-19 01:21:06,951] Trial 3 finished with value: 0.34336292167504623 and parameters: {'n_layers': 1, 'n_units_l0': 8, 'dropout_0': 0.3912122197891543, 'learning_rate': 0.035679891883614936, 'optimizer': 'SGD'}. Best is trial 1 with value: 0.3005266255140305.
[I 2023-09-19 01:21:16,149] Trial 4 finished with value: 0.34677613039811456 and parameters: {'n_layers': 2, 'n_units_l0': 4, 'dropout_0': 0.37543475696916817, 'n_units_l1': 3, 'dropout_1': 0.18812957382583578, 'learning_rate': 0.03223774269284903, 'optimizer': 'Adam'}. Best is trial 1 with value: 0.3005266255140305.
[I 2023-09-19 01:21:17,250] Trial 5 pruned.
[I 2023-09-19 01:21:17,402] Trial 6 pruned.
[I 2023-09-19 01:21:17,650] Trial 7 pruned.
[I 2023-09-19 01:21:17,806] Trial 8 pruned.
[I 2023-09-19 01:21:18,120] Trial 9 pruned.
Selected Catagories are:
['Thapsigargin_1.000_DMSO_0.025' 'LPS_0.100_DMSO_0.025']
The dimensions of the data are: (31276, 1276)
Number of total missing values across all columns: 62552
Data Subset Is Off
Wells held out for testing: ['D14' 'C20']
Wells to use for training, validation, and testing ['D15' 'C16' 'C17' 'C21' 'K14' 'K15']
Number of in features:  1251
Number of out features:  2
Binary_Classification
cpu
Validation Accuracy: 87.86825329366766
Validation Loss: 0.2962289436658223
Training Accuracy: 84.55105727340347
Training Loss: 0.3057213608371584
completed
