[NbConvertApp] WARNING | Config option `kernel_spec_manager_class` not recognized by `NbConvertApp`.
[NbConvertApp] Converting notebook ../notebooks/Hyperparameter_Optimization_model_binary.ipynb to script
[NbConvertApp] Writing 8579 bytes to Hyperparameter_Optimization_model_binary.py
cell_type: PBMC control_name: LPS_0.010_DMSO_0.025 treatment_name: LPS_0.100_DMSO_0.025
[I 2023-09-19 01:21:23,728] A new study created in memory with name: no-name-3d912a58-aced-453f-b612-c90de5952562
[I 2023-09-19 01:22:57,201] Trial 0 finished with value: 0.6935864976474216 and parameters: {'n_layers': 3, 'n_units_l0': 5, 'dropout_0': 0.15747153855382534, 'n_units_l1': 9, 'dropout_1': 0.21427420067310318, 'n_units_l2': 4, 'dropout_2': 0.2624155636984645, 'learning_rate': 0.07255198281441426, 'optimizer': 'Adam'}. Best is trial 0 with value: 0.6935864976474216.
[I 2023-09-19 01:24:27,240] Trial 1 finished with value: 0.6535068597112383 and parameters: {'n_layers': 2, 'n_units_l0': 3, 'dropout_0': 0.13057730389810154, 'n_units_l1': 8, 'dropout_1': 0.117854966257846, 'learning_rate': 0.026313336572807607, 'optimizer': 'SGD'}. Best is trial 1 with value: 0.6535068597112383.
[I 2023-09-19 01:25:55,397] Trial 2 finished with value: 0.6293328306788489 and parameters: {'n_layers': 1, 'n_units_l0': 5, 'dropout_0': 0.1392275787646861, 'learning_rate': 0.07554858936477754, 'optimizer': 'SGD'}. Best is trial 2 with value: 0.6293328306788489.
[I 2023-09-19 01:27:27,406] Trial 3 finished with value: 0.6933382844924927 and parameters: {'n_layers': 3, 'n_units_l0': 5, 'dropout_0': 0.39102643750917554, 'n_units_l1': 6, 'dropout_1': 0.2552892159772915, 'n_units_l2': 3, 'dropout_2': 0.15943779701945585, 'learning_rate': 0.02243461914066032, 'optimizer': 'RMSprop'}. Best is trial 2 with value: 0.6293328306788489.
[I 2023-09-19 01:28:57,587] Trial 4 finished with value: 0.6910374800364177 and parameters: {'n_layers': 3, 'n_units_l0': 4, 'dropout_0': 0.37378070709002365, 'n_units_l1': 4, 'dropout_1': 0.1448333298778081, 'n_units_l2': 9, 'dropout_2': 0.28619504884798513, 'learning_rate': 0.005827444412068217, 'optimizer': 'SGD'}. Best is trial 2 with value: 0.6293328306788489.
[I 2023-09-19 01:28:59,449] Trial 5 pruned.
[I 2023-09-19 01:29:01,338] Trial 6 pruned.
[I 2023-09-19 01:29:03,213] Trial 7 pruned.
[I 2023-09-19 01:29:05,095] Trial 8 pruned.
[I 2023-09-19 01:30:35,927] Trial 9 finished with value: 0.641696694521677 and parameters: {'n_layers': 2, 'n_units_l0': 2, 'dropout_0': 0.16661223079518273, 'n_units_l1': 8, 'dropout_1': 0.2354405785302045, 'learning_rate': 0.009172122632297629, 'optimizer': 'RMSprop'}. Best is trial 2 with value: 0.6293328306788489.
Selected Catagories are:
['LPS_0.010_DMSO_0.025' 'LPS_0.100_DMSO_0.025']
The dimensions of the data are: (281677, 1270)
Number of total missing values across all columns: 563354
Data Subset Is Off
Wells held out for testing: ['B08' 'C08']
Wells to use for training, validation, and testing ['B02' 'C02' 'B03' 'C03' 'B09' 'C09']
Number of in features:  1245
Number of out features:  2
Binary_Classification
cpu
Validation Accuracy: 62.80980952380953
Validation Loss: 0.6323645691644577
Training Accuracy: 62.91049031804898
Training Loss: 0.6297171769539517
completed
