[NbConvertApp] WARNING | Config option `kernel_spec_manager_class` not recognized by `NbConvertApp`.
[NbConvertApp] Converting notebook ../notebooks/Hyperparameter_Optimization_model_binary.ipynb to script
[NbConvertApp] Writing 8579 bytes to Hyperparameter_Optimization_model_binary.py
cell_type: SHSY5Y control_name: Flagellin_1.000_DMSO_0.025 treatment_name: LPS_100.000_DMSO_0.025
[I 2023-09-19 01:06:13,922] A new study created in memory with name: no-name-dcd7b4bf-03f3-422c-b0ba-d3559986ea8c
[I 2023-09-19 01:06:22,237] Trial 0 finished with value: 0.27555515040953954 and parameters: {'n_layers': 2, 'n_units_l0': 6, 'dropout_0': 0.36518526994276346, 'n_units_l1': 7, 'dropout_1': 0.20322003657853444, 'learning_rate': 0.041435724930128974, 'optimizer': 'RMSprop'}. Best is trial 0 with value: 0.27555515040953954.
[I 2023-09-19 01:06:30,349] Trial 1 finished with value: 0.669766053756078 and parameters: {'n_layers': 2, 'n_units_l0': 3, 'dropout_0': 0.11065853578839424, 'n_units_l1': 2, 'dropout_1': 0.3213211178922953, 'learning_rate': 0.0012488896897461877, 'optimizer': 'SGD'}. Best is trial 0 with value: 0.27555515040953954.
[I 2023-09-19 01:06:38,329] Trial 2 finished with value: 0.34842381199200945 and parameters: {'n_layers': 1, 'n_units_l0': 8, 'dropout_0': 0.2952216345792251, 'learning_rate': 0.0644570198948993, 'optimizer': 'RMSprop'}. Best is trial 0 with value: 0.27555515040953954.
[I 2023-09-19 01:06:46,639] Trial 3 finished with value: 0.19560901125272115 and parameters: {'n_layers': 3, 'n_units_l0': 8, 'dropout_0': 0.30383962511589924, 'n_units_l1': 2, 'dropout_1': 0.1620326858898665, 'n_units_l2': 10, 'dropout_2': 0.336989395935368, 'learning_rate': 0.009239423347778502, 'optimizer': 'RMSprop'}. Best is trial 3 with value: 0.19560901125272115.
[I 2023-09-19 01:06:55,035] Trial 4 finished with value: 0.25964619368314745 and parameters: {'n_layers': 3, 'n_units_l0': 10, 'dropout_0': 0.2572129282637019, 'n_units_l1': 5, 'dropout_1': 0.20684297111870978, 'n_units_l2': 6, 'dropout_2': 0.19722862462773627, 'learning_rate': 0.05740730079865058, 'optimizer': 'SGD'}. Best is trial 3 with value: 0.19560901125272115.
[I 2023-09-19 01:06:55,178] Trial 5 pruned.
[I 2023-09-19 01:06:55,481] Trial 6 pruned.
[I 2023-09-19 01:06:55,874] Trial 7 pruned.
[I 2023-09-19 01:06:58,723] Trial 8 pruned.
[I 2023-09-19 01:06:58,874] Trial 9 pruned.
Selected Catagories are:
['LPS_100.000_DMSO_0.025' 'Flagellin_1.000_DMSO_0.025']
The dimensions of the data are: (31796, 1276)
Number of total missing values across all columns: 63592
Data Subset Is Off
Wells held out for testing: ['J16' 'M22']
Wells to use for training, validation, and testing ['J17' 'M18' 'M19' 'J20' 'J21' 'M23']
Number of in features:  1251
Number of out features:  2
Binary_Classification
cpu
Validation Accuracy: 91.73395270270272
Validation Loss: 0.2453015438715617
Training Accuracy: 89.51953537486801
Training Loss: 0.2698361309578544
completed
