[NbConvertApp] WARNING | Config option `kernel_spec_manager_class` not recognized by `NbConvertApp`.
[NbConvertApp] Converting notebook ../notebooks/Hyperparameter_Optimization_model_binary.ipynb to script
[NbConvertApp] Writing 8579 bytes to Hyperparameter_Optimization_model_binary.py
cell_type: SHSY5Y control_name: LPS_Nigericin_1.000_10.0_DMSO_0.025 treatment_name: LPS_100.000_DMSO_0.025
[I 2023-09-19 01:08:04,803] A new study created in memory with name: no-name-a6e9cbb2-6ff5-491e-be2c-f5b6c100ad63
[I 2023-09-19 01:08:13,150] Trial 0 finished with value: 0.3718907899657885 and parameters: {'n_layers': 3, 'n_units_l0': 8, 'dropout_0': 0.10094831921665746, 'n_units_l1': 5, 'dropout_1': 0.10312961604074211, 'n_units_l2': 8, 'dropout_2': 0.16392563589991938, 'learning_rate': 0.06641842588287458, 'optimizer': 'RMSprop'}. Best is trial 0 with value: 0.3718907899657885.
[I 2023-09-19 01:08:20,742] Trial 1 finished with value: 0.07440455968181292 and parameters: {'n_layers': 1, 'n_units_l0': 8, 'dropout_0': 0.3348890670992481, 'learning_rate': 0.04587548679435699, 'optimizer': 'Adam'}. Best is trial 1 with value: 0.07440455968181292.
[I 2023-09-19 01:08:28,869] Trial 2 finished with value: 0.09730245982607207 and parameters: {'n_layers': 3, 'n_units_l0': 3, 'dropout_0': 0.12697561554046707, 'n_units_l1': 6, 'dropout_1': 0.11266259416213775, 'n_units_l2': 7, 'dropout_2': 0.15094685696566773, 'learning_rate': 0.055395149690422134, 'optimizer': 'Adam'}. Best is trial 1 with value: 0.07440455968181292.
[I 2023-09-19 01:08:36,347] Trial 3 finished with value: 0.06687477126717567 and parameters: {'n_layers': 1, 'n_units_l0': 10, 'dropout_0': 0.2590140116548766, 'learning_rate': 0.09209648555262466, 'optimizer': 'SGD'}. Best is trial 3 with value: 0.06687477126717567.
[I 2023-09-19 01:08:44,323] Trial 4 finished with value: 0.24264585147301357 and parameters: {'n_layers': 3, 'n_units_l0': 2, 'dropout_0': 0.24034500396099473, 'n_units_l1': 3, 'dropout_1': 0.31925733215788155, 'n_units_l2': 10, 'dropout_2': 0.33583396293768325, 'learning_rate': 0.090083821999544, 'optimizer': 'Adam'}. Best is trial 3 with value: 0.06687477126717567.
[I 2023-09-19 01:08:44,537] Trial 5 pruned.
[I 2023-09-19 01:08:44,674] Trial 6 pruned.
[I 2023-09-19 01:08:52,213] Trial 7 finished with value: 0.06564741602788368 and parameters: {'n_layers': 1, 'n_units_l0': 2, 'dropout_0': 0.2928022631780762, 'learning_rate': 0.05485407650241717, 'optimizer': 'Adam'}. Best is trial 7 with value: 0.06564741602788368.
[I 2023-09-19 01:08:52,348] Trial 8 pruned.
[I 2023-09-19 01:08:52,485] Trial 9 pruned.
Selected Catagories are:
['LPS_100.000_DMSO_0.025' 'LPS_Nigericin_1.000_10.0_DMSO_0.025']
The dimensions of the data are: (30389, 1276)
Number of total missing values across all columns: 31974
Data Subset Is Off
Wells held out for testing: ['M16' 'J20']
Wells to use for training, validation, and testing ['J16' 'J17' 'M17' 'M20' 'J21' 'M21']
Number of in features:  1251
Number of out features:  2
Binary_Classification
cpu
Validation Accuracy: 97.11867364746948
Validation Loss: 0.13573065410057705
Training Accuracy: 92.55357922304671
Training Loss: 0.21390858425905826
completed
