[NbConvertApp] WARNING | Config option `kernel_spec_manager_class` not recognized by `NbConvertApp`.
[NbConvertApp] Converting notebook ../notebooks/Hyperparameter_Optimization_model_binary.ipynb to script
[NbConvertApp] Writing 8579 bytes to Hyperparameter_Optimization_model_binary.py
cell_type: SHSY5Y control_name: Thapsigargin_1.000_DMSO_0.025 treatment_name: LPS_Nigericin_1.000_10.0_DMSO_0.025
[I 2023-09-19 01:03:44,986] A new study created in memory with name: no-name-1bbf294d-bd44-419f-85ec-a32b23b2f454
[I 2023-09-19 01:03:52,372] Trial 0 finished with value: 0.194246333638827 and parameters: {'n_layers': 2, 'n_units_l0': 5, 'dropout_0': 0.27217499802971784, 'n_units_l1': 10, 'dropout_1': 0.1307955135533232, 'learning_rate': 0.05513383954507964, 'optimizer': 'RMSprop'}. Best is trial 0 with value: 0.194246333638827.
[I 2023-09-19 01:03:59,394] Trial 1 finished with value: 0.19297845666607225 and parameters: {'n_layers': 1, 'n_units_l0': 3, 'dropout_0': 0.32369020148868444, 'learning_rate': 0.0175966838142335, 'optimizer': 'Adam'}. Best is trial 1 with value: 0.19297845666607225.
[I 2023-09-19 01:04:06,634] Trial 2 finished with value: 0.36475724389155706 and parameters: {'n_layers': 3, 'n_units_l0': 3, 'dropout_0': 0.15993589945733785, 'n_units_l1': 8, 'dropout_1': 0.17157762621827224, 'n_units_l2': 3, 'dropout_2': 0.351413146531677, 'learning_rate': 0.04100123878834325, 'optimizer': 'SGD'}. Best is trial 1 with value: 0.19297845666607225.
[I 2023-09-19 01:04:13,514] Trial 3 finished with value: 0.1408684806029002 and parameters: {'n_layers': 1, 'n_units_l0': 2, 'dropout_0': 0.20235166766461854, 'learning_rate': 0.03310647493718827, 'optimizer': 'SGD'}. Best is trial 3 with value: 0.1408684806029002.
[I 2023-09-19 01:04:20,483] Trial 4 finished with value: 0.12912232734262943 and parameters: {'n_layers': 1, 'n_units_l0': 2, 'dropout_0': 0.19413919211842795, 'learning_rate': 0.0520620060345482, 'optimizer': 'Adam'}. Best is trial 4 with value: 0.12912232734262943.
[I 2023-09-19 01:04:27,587] Trial 5 finished with value: 0.12287258033951125 and parameters: {'n_layers': 1, 'n_units_l0': 3, 'dropout_0': 0.3283302632168328, 'learning_rate': 0.03731246521910793, 'optimizer': 'RMSprop'}. Best is trial 5 with value: 0.12287258033951125.
[I 2023-09-19 01:04:27,722] Trial 6 pruned.
[I 2023-09-19 01:04:27,854] Trial 7 pruned.
[I 2023-09-19 01:04:34,928] Trial 8 finished with value: 0.08628754101693631 and parameters: {'n_layers': 1, 'n_units_l0': 10, 'dropout_0': 0.20497657035104885, 'learning_rate': 0.0940625656169448, 'optimizer': 'SGD'}. Best is trial 8 with value: 0.08628754101693631.
[I 2023-09-19 01:04:35,052] Trial 9 pruned.
Selected Catagories are:
['Thapsigargin_1.000_DMSO_0.025' 'LPS_Nigericin_1.000_10.0_DMSO_0.025']
The dimensions of the data are: (28168, 1276)
Number of total missing values across all columns: 27532
Data Subset Is Off
Wells held out for testing: ['D14' 'M20']
Wells to use for training, validation, and testing ['D15' 'K14' 'K15' 'M16' 'M17' 'M21']
Number of in features:  1251
Number of out features:  2
Binary_Classification
cpu
Validation Accuracy: 97.55016642891108
Validation Loss: 0.08584327456851801
Training Accuracy: 97.49132192106514
Training Loss: 0.07004048602765098
completed
