[NbConvertApp] WARNING | Config option `kernel_spec_manager_class` not recognized by `NbConvertApp`.
[NbConvertApp] Converting notebook ../notebooks/Hyperparameter_Optimization_model_binary.ipynb to script
[NbConvertApp] Writing 8579 bytes to Hyperparameter_Optimization_model_binary.py
cell_type: SHSY5Y control_name: LPS_10.000_DMSO_0.025 treatment_name: Thapsigargin_10.000_DMSO_0.025
[I 2023-09-19 01:26:51,164] A new study created in memory with name: no-name-d26e65bd-5b07-4be9-8a95-5b37bc55cb32
[I 2023-09-19 01:26:59,751] Trial 0 finished with value: 0.254650552769502 and parameters: {'n_layers': 3, 'n_units_l0': 7, 'dropout_0': 0.3013448769914341, 'n_units_l1': 6, 'dropout_1': 0.3293065973013408, 'n_units_l2': 6, 'dropout_2': 0.24297510989653964, 'learning_rate': 0.03023226727124197, 'optimizer': 'Adam'}. Best is trial 0 with value: 0.254650552769502.
[I 2023-09-19 01:27:07,529] Trial 1 finished with value: 0.4964825390775998 and parameters: {'n_layers': 1, 'n_units_l0': 8, 'dropout_0': 0.30131995273407114, 'learning_rate': 0.08484803018566847, 'optimizer': 'RMSprop'}. Best is trial 0 with value: 0.254650552769502.
[I 2023-09-19 01:27:15,336] Trial 2 finished with value: 0.1762168182929357 and parameters: {'n_layers': 1, 'n_units_l0': 7, 'dropout_0': 0.2655494245330501, 'learning_rate': 0.006733738660883045, 'optimizer': 'Adam'}. Best is trial 2 with value: 0.1762168182929357.
[I 2023-09-19 01:27:23,513] Trial 3 finished with value: 0.2030610410372416 and parameters: {'n_layers': 3, 'n_units_l0': 7, 'dropout_0': 0.3053414484463851, 'n_units_l1': 3, 'dropout_1': 0.33613865436279095, 'n_units_l2': 10, 'dropout_2': 0.25524573173403986, 'learning_rate': 0.018091427659275416, 'optimizer': 'RMSprop'}. Best is trial 2 with value: 0.1762168182929357.
[I 2023-09-19 01:27:31,636] Trial 4 finished with value: 0.27589371194442114 and parameters: {'n_layers': 2, 'n_units_l0': 10, 'dropout_0': 0.17679433515328186, 'n_units_l1': 6, 'dropout_1': 0.16163777649154015, 'learning_rate': 0.02600559329357715, 'optimizer': 'Adam'}. Best is trial 2 with value: 0.1762168182929357.
[I 2023-09-19 01:27:31,776] Trial 5 pruned.
[I 2023-09-19 01:27:31,908] Trial 6 pruned.
[I 2023-09-19 01:27:32,050] Trial 7 pruned.
[I 2023-09-19 01:27:32,430] Trial 8 pruned.
[I 2023-09-19 01:27:32,580] Trial 9 pruned.
Selected Catagories are:
['Thapsigargin_10.000_DMSO_0.025' 'LPS_10.000_DMSO_0.025']
The dimensions of the data are: (30022, 1276)
Number of total missing values across all columns: 60044
Data Subset Is Off
Wells held out for testing: ['E14' 'E20']
Wells to use for training, validation, and testing ['E15' 'E16' 'E17' 'E21' 'L14' 'L15']
Number of in features:  1251
Number of out features:  2
Binary_Classification
cpu
Validation Accuracy: 93.82724844167409
Validation Loss: 0.17758742113908135
Training Accuracy: 94.96782453796483
Training Loss: 0.1255076625570655
completed
