[NbConvertApp] WARNING | Config option `kernel_spec_manager_class` not recognized by `NbConvertApp`.
[NbConvertApp] Converting notebook ../notebooks/Hyperparameter_Optimization_model_binary.ipynb to script
[NbConvertApp] Writing 8579 bytes to Hyperparameter_Optimization_model_binary.py
cell_type: PBMC control_name: LPS_100.000_DMSO_0.025 treatment_name: LPS_10.000_DMSO_0.025
[I 2023-09-17 20:16:38,240] A new study created in memory with name: no-name-0b034562-8058-4aef-8719-e3e07dc6463c
[I 2023-09-17 20:18:16,643] Trial 0 finished with value: 0.6292966915170352 and parameters: {'n_layers': 1, 'n_units_l0': 2, 'dropout_0': 0.15266484923332602, 'learning_rate': 0.06090034269495127, 'optimizer': 'RMSprop'}. Best is trial 0 with value: 0.6292966915170352.
[I 2023-09-17 20:19:56,028] Trial 1 finished with value: 0.48836718733112017 and parameters: {'n_layers': 1, 'n_units_l0': 9, 'dropout_0': 0.29625045009386547, 'learning_rate': 0.013712172293734391, 'optimizer': 'Adam'}. Best is trial 1 with value: 0.48836718733112017.
[I 2023-09-17 20:21:33,168] Trial 2 finished with value: 0.5421786479651928 and parameters: {'n_layers': 1, 'n_units_l0': 5, 'dropout_0': 0.3478000070426462, 'learning_rate': 0.034485647729650015, 'optimizer': 'SGD'}. Best is trial 1 with value: 0.48836718733112017.
[I 2023-09-17 20:23:11,251] Trial 3 finished with value: 0.5142056741565466 and parameters: {'n_layers': 1, 'n_units_l0': 4, 'dropout_0': 0.15629452788503664, 'learning_rate': 0.09937668266202764, 'optimizer': 'SGD'}. Best is trial 1 with value: 0.48836718733112017.
[I 2023-09-17 20:24:49,889] Trial 4 finished with value: 0.6035554173092048 and parameters: {'n_layers': 1, 'n_units_l0': 8, 'dropout_0': 0.3044639142044612, 'learning_rate': 0.0043024312025899195, 'optimizer': 'SGD'}. Best is trial 1 with value: 0.48836718733112017.
[I 2023-09-17 20:24:51,984] Trial 5 pruned.
[I 2023-09-17 20:24:53,939] Trial 6 pruned.
[I 2023-09-17 20:26:33,675] Trial 7 finished with value: 0.49624955303966994 and parameters: {'n_layers': 1, 'n_units_l0': 6, 'dropout_0': 0.19889898678120976, 'learning_rate': 0.00713735489866234, 'optimizer': 'Adam'}. Best is trial 1 with value: 0.48836718733112017.
[I 2023-09-17 20:26:35,803] Trial 8 pruned.
[I 2023-09-17 20:26:37,768] Trial 9 pruned.
Selected Catagories are:
['LPS_10.000_DMSO_0.025' 'LPS_100.000_DMSO_0.025']
The dimensions of the data are: (315925, 1270)
Number of total missing values across all columns: 631850
Data Subset Is Off
Wells held out for testing: ['E09' 'J08']
Wells to use for training, validation, and testing ['E02' 'E03' 'E08' 'J02' 'J03' 'J09']
Number of in features:  1245
Number of out features:  2
Binary_Classification
cpu
Validation Accuracy: 75.70439324375552
Validation Loss: 0.4917431352535884
Training Accuracy: 73.13196122720835
Training Loss: 0.5056344428501631
completed
