[NbConvertApp] WARNING | Config option `kernel_spec_manager_class` not recognized by `NbConvertApp`.
[NbConvertApp] Converting notebook ../notebooks/Hyperparameter_Optimization_model_binary.ipynb to script
[NbConvertApp] Writing 8579 bytes to Hyperparameter_Optimization_model_binary.py
cell_type: PBMC control_name: LPS_1.000_DMSO_0.025 treatment_name: Thapsigargin_10.000_DMSO_0.025
[I 2023-09-19 01:29:20,053] A new study created in memory with name: no-name-a2493911-3541-4575-a3da-907d11854261
[I 2023-09-19 01:30:53,635] Trial 0 finished with value: 0.31509637900020765 and parameters: {'n_layers': 1, 'n_units_l0': 6, 'dropout_0': 0.3098858274018801, 'learning_rate': 0.027531726014650523, 'optimizer': 'SGD'}. Best is trial 0 with value: 0.31509637900020765.
[I 2023-09-19 01:32:31,460] Trial 1 finished with value: 0.32558329939842223 and parameters: {'n_layers': 3, 'n_units_l0': 8, 'dropout_0': 0.344933648537092, 'n_units_l1': 5, 'dropout_1': 0.14259138288140463, 'n_units_l2': 3, 'dropout_2': 0.26867192104778215, 'learning_rate': 0.019184415422523506, 'optimizer': 'SGD'}. Best is trial 0 with value: 0.31509637900020765.
[I 2023-09-19 01:34:09,530] Trial 2 finished with value: 0.3111756658165351 and parameters: {'n_layers': 3, 'n_units_l0': 3, 'dropout_0': 0.2373819346388408, 'n_units_l1': 6, 'dropout_1': 0.15291331785171905, 'n_units_l2': 6, 'dropout_2': 0.22437916797304713, 'learning_rate': 0.029583298046898736, 'optimizer': 'RMSprop'}. Best is trial 2 with value: 0.3111756658165351.
[I 2023-09-19 01:35:46,191] Trial 3 finished with value: 0.23428665321806208 and parameters: {'n_layers': 2, 'n_units_l0': 6, 'dropout_0': 0.13142295763766243, 'n_units_l1': 5, 'dropout_1': 0.12264873829117397, 'learning_rate': 0.0018259094470450222, 'optimizer': 'RMSprop'}. Best is trial 3 with value: 0.23428665321806208.
[I 2023-09-19 01:37:22,475] Trial 4 finished with value: 0.2785644036920174 and parameters: {'n_layers': 2, 'n_units_l0': 8, 'dropout_0': 0.12274010811795885, 'n_units_l1': 7, 'dropout_1': 0.35885556449927514, 'learning_rate': 0.045460071889508714, 'optimizer': 'SGD'}. Best is trial 3 with value: 0.23428665321806208.
[I 2023-09-19 01:37:24,371] Trial 5 pruned.
[I 2023-09-19 01:38:58,206] Trial 6 finished with value: 0.2758152449908464 and parameters: {'n_layers': 1, 'n_units_l0': 5, 'dropout_0': 0.2684815787373517, 'learning_rate': 0.02965684485117732, 'optimizer': 'RMSprop'}. Best is trial 3 with value: 0.23428665321806208.
[I 2023-09-19 01:39:03,769] Trial 7 pruned.
[I 2023-09-19 01:39:51,404] Trial 8 pruned.
[I 2023-09-19 01:41:30,537] Trial 9 finished with value: 0.2848921885956889 and parameters: {'n_layers': 3, 'n_units_l0': 6, 'dropout_0': 0.27035307787968643, 'n_units_l1': 6, 'dropout_1': 0.32675386014210017, 'n_units_l2': 8, 'dropout_2': 0.18246589050371248, 'learning_rate': 0.027274456744481444, 'optimizer': 'RMSprop'}. Best is trial 3 with value: 0.23428665321806208.
Selected Catagories are:
['LPS_1.000_DMSO_0.025' 'Thapsigargin_10.000_DMSO_0.025']
The dimensions of the data are: (306417, 1270)
Number of total missing values across all columns: 612834
Data Subset Is Off
Wells held out for testing: ['D08' 'L06']
Wells to use for training, validation, and testing ['D02' 'D03' 'E06' 'E07' 'D09' 'L07']
Number of in features:  1245
Number of out features:  2
Binary_Classification
cpu
Validation Accuracy: 90.36191506626996
Validation Loss: 0.23642301366381024
Training Accuracy: 88.39954691717713
Training Loss: 0.2675665722720409
completed
