[NbConvertApp] WARNING | Config option `kernel_spec_manager_class` not recognized by `NbConvertApp`.
[NbConvertApp] Converting notebook ../notebooks/Hyperparameter_Optimization_model_binary.ipynb to script
[NbConvertApp] Writing 8579 bytes to Hyperparameter_Optimization_model_binary.py
cell_type: PBMC control_name: H2O2_100.000_DMSO_0.025 treatment_name: LPS_10.000_DMSO_0.025
[I 2023-09-19 01:16:01,949] A new study created in memory with name: no-name-db17b4aa-c8a8-4e92-9321-898ae2644b63
[I 2023-09-19 01:18:21,079] Trial 0 finished with value: 0.47757174217339726 and parameters: {'n_layers': 2, 'n_units_l0': 4, 'dropout_0': 0.15095075994658153, 'n_units_l1': 3, 'dropout_1': 0.2427009939398874, 'learning_rate': 0.05565458923099712, 'optimizer': 'RMSprop'}. Best is trial 0 with value: 0.47757174217339726.
[I 2023-09-19 01:20:46,312] Trial 1 finished with value: 0.3889674357573191 and parameters: {'n_layers': 3, 'n_units_l0': 2, 'dropout_0': 0.12505538497728708, 'n_units_l1': 10, 'dropout_1': 0.3834162990669069, 'n_units_l2': 8, 'dropout_2': 0.12885039873349566, 'learning_rate': 0.08050775796045483, 'optimizer': 'Adam'}. Best is trial 1 with value: 0.3889674357573191.
[I 2023-09-19 01:23:09,127] Trial 2 finished with value: 0.6442316600770661 and parameters: {'n_layers': 2, 'n_units_l0': 3, 'dropout_0': 0.11540315113284347, 'n_units_l1': 7, 'dropout_1': 0.2594576353964143, 'learning_rate': 0.06032403506578143, 'optimizer': 'RMSprop'}. Best is trial 1 with value: 0.3889674357573191.
[I 2023-09-19 01:25:29,001] Trial 3 finished with value: 0.31212927310755756 and parameters: {'n_layers': 1, 'n_units_l0': 3, 'dropout_0': 0.23550731314409648, 'learning_rate': 0.0027231744642981018, 'optimizer': 'Adam'}. Best is trial 3 with value: 0.31212927310755756.
[I 2023-09-19 01:27:51,778] Trial 4 finished with value: 0.6487816670807924 and parameters: {'n_layers': 3, 'n_units_l0': 5, 'dropout_0': 0.11234608968087101, 'n_units_l1': 9, 'dropout_1': 0.3319791625235229, 'n_units_l2': 5, 'dropout_2': 0.38976730481407984, 'learning_rate': 0.08555724228635565, 'optimizer': 'RMSprop'}. Best is trial 3 with value: 0.31212927310755756.
[I 2023-09-19 01:27:54,489] Trial 5 pruned.
[I 2023-09-19 01:30:14,072] Trial 6 finished with value: 0.4266189042185292 and parameters: {'n_layers': 2, 'n_units_l0': 2, 'dropout_0': 0.15578728455772253, 'n_units_l1': 6, 'dropout_1': 0.11376631620474238, 'learning_rate': 0.031518345645377116, 'optimizer': 'RMSprop'}. Best is trial 3 with value: 0.31212927310755756.
[I 2023-09-19 01:32:34,487] Trial 7 finished with value: 0.28203540308908986 and parameters: {'n_layers': 2, 'n_units_l0': 5, 'dropout_0': 0.1664553053397608, 'n_units_l1': 6, 'dropout_1': 0.10836059609882119, 'learning_rate': 0.0721514764709467, 'optimizer': 'Adam'}. Best is trial 7 with value: 0.28203540308908986.
[I 2023-09-19 01:32:37,385] Trial 8 pruned.
[I 2023-09-19 01:32:40,354] Trial 9 pruned.
Selected Catagories are:
['LPS_10.000_DMSO_0.025' 'H2O2_100.000_DMSO_0.025']
The dimensions of the data are: (397026, 1270)
Number of total missing values across all columns: 794052
Data Subset Is Off
Wells held out for testing: ['E09' 'I10']
Wells to use for training, validation, and testing ['E02' 'E03' 'E08' 'H04' 'I04' 'H05' 'I05' 'H10' 'H11' 'I11']
Number of in features:  1245
Number of out features:  2
Binary_Classification
cpu
Validation Accuracy: 89.1869058899043
Validation Loss: 0.2876148189017267
Training Accuracy: 85.39709247903414
Training Loss: 0.33355027189919056
completed
