[NbConvertApp] WARNING | Config option `kernel_spec_manager_class` not recognized by `NbConvertApp`.
[NbConvertApp] Converting notebook ../notebooks/Hyperparameter_Optimization_model_binary.ipynb to script
[NbConvertApp] Writing 8579 bytes to Hyperparameter_Optimization_model_binary.py
cell_type: PBMC control_name: LPS_0.010_DMSO_0.025 treatment_name: H2O2_100.000_DMSO_0.025
[I 2023-09-19 01:36:36,952] A new study created in memory with name: no-name-9f0f54db-13a6-4437-8660-dba2dd1c931e
[I 2023-09-19 01:38:32,916] Trial 0 finished with value: 0.45969815567135813 and parameters: {'n_layers': 3, 'n_units_l0': 10, 'dropout_0': 0.17774064608169904, 'n_units_l1': 10, 'dropout_1': 0.36838728833948964, 'n_units_l2': 9, 'dropout_2': 0.24501773105127458, 'learning_rate': 0.009097006958719189, 'optimizer': 'SGD'}. Best is trial 0 with value: 0.45969815567135813.
[I 2023-09-19 01:40:24,472] Trial 1 finished with value: 0.637594496756792 and parameters: {'n_layers': 2, 'n_units_l0': 5, 'dropout_0': 0.23842578730466074, 'n_units_l1': 4, 'dropout_1': 0.24931725420417272, 'learning_rate': 0.09980797524290033, 'optimizer': 'RMSprop'}. Best is trial 0 with value: 0.45969815567135813.
[I 2023-09-19 01:42:17,251] Trial 2 finished with value: 0.6375973418354988 and parameters: {'n_layers': 2, 'n_units_l0': 8, 'dropout_0': 0.1778819132990272, 'n_units_l1': 2, 'dropout_1': 0.33202218942975714, 'learning_rate': 0.0754882945170309, 'optimizer': 'RMSprop'}. Best is trial 0 with value: 0.45969815567135813.
[I 2023-09-19 01:44:14,926] Trial 3 finished with value: 0.6359573191776872 and parameters: {'n_layers': 3, 'n_units_l0': 10, 'dropout_0': 0.1555270702782274, 'n_units_l1': 3, 'dropout_1': 0.304784700943483, 'n_units_l2': 6, 'dropout_2': 0.12164402665003574, 'learning_rate': 0.08230889147510513, 'optimizer': 'RMSprop'}. Best is trial 0 with value: 0.45969815567135813.
[I 2023-09-19 01:46:06,526] Trial 4 finished with value: 0.3524878372065723 and parameters: {'n_layers': 1, 'n_units_l0': 7, 'dropout_0': 0.3409716358405569, 'learning_rate': 0.01810165515534089, 'optimizer': 'SGD'}. Best is trial 4 with value: 0.3524878372065723.
[I 2023-09-19 01:46:08,626] Trial 5 pruned.
[I 2023-09-19 01:48:04,477] Trial 6 finished with value: 0.6044463584572077 and parameters: {'n_layers': 3, 'n_units_l0': 3, 'dropout_0': 0.2300695750037837, 'n_units_l1': 9, 'dropout_1': 0.30636831819002713, 'n_units_l2': 6, 'dropout_2': 0.14128031003079503, 'learning_rate': 0.08957541254482528, 'optimizer': 'RMSprop'}. Best is trial 4 with value: 0.3524878372065723.
[I 2023-09-19 01:49:57,784] Trial 7 finished with value: 0.2935895153786987 and parameters: {'n_layers': 2, 'n_units_l0': 10, 'dropout_0': 0.3320774418967182, 'n_units_l1': 7, 'dropout_1': 0.2790831325289847, 'learning_rate': 0.062396529985150995, 'optimizer': 'SGD'}. Best is trial 7 with value: 0.2935895153786987.
[I 2023-09-19 01:51:48,544] Trial 8 finished with value: 0.2702725809533149 and parameters: {'n_layers': 1, 'n_units_l0': 8, 'dropout_0': 0.23754034761491097, 'learning_rate': 0.00911130830210652, 'optimizer': 'Adam'}. Best is trial 8 with value: 0.2702725809533149.
[I 2023-09-19 01:53:36,213] Trial 9 finished with value: 0.4069194112531841 and parameters: {'n_layers': 1, 'n_units_l0': 2, 'dropout_0': 0.2427736470569619, 'learning_rate': 0.037164590456965206, 'optimizer': 'RMSprop'}. Best is trial 8 with value: 0.2702725809533149.
Selected Catagories are:
['LPS_0.010_DMSO_0.025' 'H2O2_100.000_DMSO_0.025']
The dimensions of the data are: (383616, 1270)
Number of total missing values across all columns: 767232
Data Subset Is Off
Wells held out for testing: ['B09' 'I10']
Wells to use for training, validation, and testing ['B02' 'B03' 'B08' 'H04' 'I04' 'H05' 'I05' 'H10' 'H11' 'I11']
Number of in features:  1245
Number of out features:  2
Binary_Classification
cpu
Validation Accuracy: 88.37794583738663
Validation Loss: 0.2681696686521173
Training Accuracy: 86.30929032055606
Training Loss: 0.3072406089527934
completed
