[NbConvertApp] WARNING | Config option `kernel_spec_manager_class` not recognized by `NbConvertApp`.
[NbConvertApp] Converting notebook ../notebooks/Hyperparameter_Optimization_model_binary.ipynb to script
[NbConvertApp] Writing 8579 bytes to Hyperparameter_Optimization_model_binary.py
cell_type: PBMC control_name: Thapsigargin_10.000_DMSO_0.025 treatment_name: LPS_0.010_DMSO_0.025
[I 2023-09-19 01:25:28,047] A new study created in memory with name: no-name-668f7da6-797a-4ee7-a4ec-706e11489977
[I 2023-09-19 01:26:49,139] Trial 0 finished with value: 0.3153199142217636 and parameters: {'n_layers': 2, 'n_units_l0': 4, 'dropout_0': 0.17578777419395447, 'n_units_l1': 7, 'dropout_1': 0.32390584071266537, 'learning_rate': 0.07011594993799998, 'optimizer': 'SGD'}. Best is trial 0 with value: 0.3153199142217636.
[I 2023-09-19 01:28:14,191] Trial 1 finished with value: 0.4991099365379499 and parameters: {'n_layers': 3, 'n_units_l0': 3, 'dropout_0': 0.321363713057611, 'n_units_l1': 10, 'dropout_1': 0.3774524090868463, 'n_units_l2': 9, 'dropout_2': 0.20726578311912502, 'learning_rate': 0.008917017884045588, 'optimizer': 'SGD'}. Best is trial 0 with value: 0.3153199142217636.
[I 2023-09-19 01:29:35,814] Trial 2 finished with value: 0.43456741907026464 and parameters: {'n_layers': 1, 'n_units_l0': 6, 'dropout_0': 0.1206993734590082, 'learning_rate': 0.0702179835888927, 'optimizer': 'RMSprop'}. Best is trial 0 with value: 0.3153199142217636.
[I 2023-09-19 01:30:57,128] Trial 3 finished with value: 0.3383671043359715 and parameters: {'n_layers': 1, 'n_units_l0': 8, 'dropout_0': 0.18257807336872928, 'learning_rate': 0.04763063500765492, 'optimizer': 'RMSprop'}. Best is trial 0 with value: 0.3153199142217636.
[I 2023-09-19 01:32:22,266] Trial 4 finished with value: 0.30006717487521795 and parameters: {'n_layers': 3, 'n_units_l0': 9, 'dropout_0': 0.28395462611490835, 'n_units_l1': 5, 'dropout_1': 0.30647218387100106, 'n_units_l2': 3, 'dropout_2': 0.2575416011069199, 'learning_rate': 0.0066465337345444275, 'optimizer': 'RMSprop'}. Best is trial 4 with value: 0.30006717487521795.
[I 2023-09-19 01:33:48,119] Trial 5 finished with value: 0.3313430321994036 and parameters: {'n_layers': 2, 'n_units_l0': 7, 'dropout_0': 0.3754124839869045, 'n_units_l1': 10, 'dropout_1': 0.34635122908143134, 'learning_rate': 0.051512121374023334, 'optimizer': 'Adam'}. Best is trial 4 with value: 0.30006717487521795.
[I 2023-09-19 01:33:49,909] Trial 6 pruned.
[I 2023-09-19 01:33:51,656] Trial 7 pruned.
[I 2023-09-19 01:33:53,344] Trial 8 pruned.
[I 2023-09-19 01:33:54,969] Trial 9 pruned.
Selected Catagories are:
['LPS_0.010_DMSO_0.025' 'Thapsigargin_10.000_DMSO_0.025']
The dimensions of the data are: (310064, 1270)
Number of total missing values across all columns: 620128
Data Subset Is Off
Wells held out for testing: ['B08' 'L06']
Wells to use for training, validation, and testing ['B02' 'B03' 'B09' 'E06' 'E07' 'L07']
Number of in features:  1245
Number of out features:  2
Binary_Classification
cpu
Validation Accuracy: 87.86407426869857
Validation Loss: 0.2908146245064943
Training Accuracy: 82.04163564703308
Training Loss: 0.3948429799633599
completed
