[NbConvertApp] WARNING | Config option `kernel_spec_manager_class` not recognized by `NbConvertApp`.
[NbConvertApp] Converting notebook ../notebooks/Hyperparameter_Optimization_model_multi-class.ipynb to script
/projects/mlippincott@xsede.org/software/anaconda/envs/Interstellar/lib/python3.10/site-packages/nbformat/__init__.py:93: DuplicateCellId: Non-unique cell id '3e2c848c' detected. Corrected to '701be46f'.
  validate(nb)
/projects/mlippincott@xsede.org/software/anaconda/envs/Interstellar/lib/python3.10/site-packages/nbformat/__init__.py:93: DuplicateCellId: Non-unique cell id '3c53f7e4' detected. Corrected to '5735245e'.
  validate(nb)
[NbConvertApp] Writing 14456 bytes to Hyperparameter_Optimization_model_multi-class.py
[NbConvertApp] Converting notebook ../notebooks/Hyperparameter_Optimization_model_regression.ipynb to script
/projects/mlippincott@xsede.org/software/anaconda/envs/Interstellar/lib/python3.10/site-packages/nbformat/__init__.py:93: DuplicateCellId: Non-unique cell id '3e2c848c' detected. Corrected to 'ab0e1273'.
  validate(nb)
/projects/mlippincott@xsede.org/software/anaconda/envs/Interstellar/lib/python3.10/site-packages/nbformat/__init__.py:93: DuplicateCellId: Non-unique cell id '3c53f7e4' detected. Corrected to 'ff6619a0'.
  validate(nb)
[NbConvertApp] Writing 12852 bytes to Hyperparameter_Optimization_model_regression.py
[NbConvertApp] Converting notebook ../notebooks/train_binary_model.ipynb to script
[NbConvertApp] Writing 19547 bytes to train_binary_model.py
cell_type: PBMC control_name: LPS_Nigericin_1.000_1.0_DMSO_0.025 treatment_name: LPS_Nigericin_1.000_1.0_DMSO_0.025 shuffle: True
/gpfs/alpine1/scratch/mlippincott@xsede.org/Interstellar_Analysis/4.sc_Morphology_Neural_Network_MLP_Model/1.model_training/scripts/../../MLP_utils/utils.py:997: UserWarning: Ignoring `palette` because no `hue` variable has been assigned.
  sns.lineplot(x=df[x], y=df[y1], palette="blue", label="Train")
/gpfs/alpine1/scratch/mlippincott@xsede.org/Interstellar_Analysis/4.sc_Morphology_Neural_Network_MLP_Model/1.model_training/scripts/../../MLP_utils/utils.py:998: UserWarning: Ignoring `palette` because no `hue` variable has been assigned.
  sns.lineplot(x=df[x], y=df[y2], palette="orange", label="Validation")
CELL_TYPE: PBMC
CONTROL_NAME: LPS_Nigericin_1.000_1.0_DMSO_0.025
TREATMENT_NAME: LPS_Nigericin_1.000_1.0_DMSO_0.025
SHUFFLE: True
True
Selected Catagories are:
['LPS_Nigericin_1.000_1.0_DMSO_0.025']
The dimensions of the data are: (166013, 1270)
Number of total missing values across all columns: 0
Data Subset Is Off
Wells held out for testing: ['K08']
Wells to use for training, validation, and testing ['K02' 'K03' 'K09']
Number of in features:  1245
Number of out features:  1
Regression
Adam
Epoch 0: Validation loss decreased (inf --> 0.000001).  Saving model ...
Epoch 1: Validation loss decreased (0.000001 --> 0.000001).  Saving model ...
Epoch 2: Validation loss decreased (0.000001 --> 0.000000).  Saving model ...
Epoch 3: Validation loss decreased (0.000000 --> 0.000000).  Saving model ...
Epoch 4: Validation loss decreased (0.000000 --> 0.000000).  Saving model ...
Epoch 5: Validation loss decreased (0.000000 --> 0.000000).  Saving model ...
Epoch 6: Validation loss decreased (0.000000 --> 0.000000).  Saving model ...
Epoch 7: Validation loss decreased (0.000000 --> 0.000000).  Saving model ...
Epoch 8: Validation loss decreased (0.000000 --> 0.000000).  Saving model ...
Epoch 9: Validation loss decreased (0.000000 --> 0.000000).  Saving model ...
Epoch 10: Validation loss decreased (0.000000 --> 0.000000).  Saving model ...
Epoch 11: Validation loss decreased (0.000000 --> 0.000000).  Saving model ...
Epoch 12: Validation loss decreased (0.000000 --> 0.000000).  Saving model ...
Epoch 13: Validation loss decreased (0.000000 --> 0.000000).  Saving model ...
Epoch 14: Validation loss decreased (0.000000 --> 0.000000).  Saving model ...
Epoch 15: Validation loss decreased (0.000000 --> 0.000000).  Saving model ...
Epoch 16: Validation loss decreased (0.000000 --> 0.000000).  Saving model ...
Epoch 17: Validation loss decreased (0.000000 --> 0.000000).  Saving model ...
Epoch 18: Validation loss decreased (0.000000 --> 0.000000).  Saving model ...
Epoch 19: Validation loss decreased (0.000000 --> 0.000000).  Saving model ...
Epoch 20: Validation loss decreased (0.000000 --> 0.000000).  Saving model ...
Epoch 21: Validation loss decreased (0.000000 --> 0.000000).  Saving model ...
Epoch 22: Validation loss decreased (0.000000 --> 0.000000).  Saving model ...
Epoch 23: Validation loss decreased (0.000000 --> 0.000000).  Saving model ...
Epoch 24: Validation loss decreased (0.000000 --> 0.000000).  Saving model ...
Epoch 25: Validation loss decreased (0.000000 --> 0.000000).  Saving model ...
Epoch 26: Validation loss decreased (0.000000 --> 0.000000).  Saving model ...
Epoch 27: Validation loss decreased (0.000000 --> 0.000000).  Saving model ...
Epoch 28: Validation loss decreased (0.000000 --> 0.000000).  Saving model ...
Epoch 29: Validation loss did not decrease
Epoch 30: Validation loss did not decrease
Epoch 31: Validation loss did not decrease
Epoch 32: Validation loss did not decrease
Epoch 33: Validation loss did not decrease
Epoch 34: Validation loss did not decrease
Epoch 35: Validation loss did not decrease
Epoch 36: Validation loss did not decrease
Epoch 37: Validation loss did not decrease
Epoch 38: Validation loss did not decrease
Epoch 39: Validation loss did not decrease
Epoch 40: Validation loss did not decrease
Epoch 41: Validation loss did not decrease
Epoch 42: Validation loss did not decrease
Epoch 43: Validation loss did not decrease
Epoch 44: Validation loss did not decrease
Early stopped at epoch : 44
LPS_Nigericin_1.000_1.0_DMSO_0.025_vs_LPS_Nigericin_1.000_1.0_DMSO_0.025_shuffle
Traceback (most recent call last):
  File "/gpfs/alpine1/scratch/mlippincott@xsede.org/Interstellar_Analysis/4.sc_Morphology_Neural_Network_MLP_Model/1.model_training/scripts/train_binary_model.py", line 396, in <module>
    y_pred_prob_list = un_nest(y_pred_prob_list)
NameError: name 'y_pred_prob_list' is not defined. Did you mean: 'y_pred_list'?
completed
