[NbConvertApp] WARNING | Config option `kernel_spec_manager_class` not recognized by `NbConvertApp`.
[NbConvertApp] Converting notebook ../notebooks/Hyperparameter_Optimization_model_multi-class.ipynb to script
/projects/mlippincott@xsede.org/software/anaconda/envs/Interstellar/lib/python3.10/site-packages/nbformat/__init__.py:93: DuplicateCellId: Non-unique cell id '3e2c848c' detected. Corrected to 'ae60cd66'.
  validate(nb)
/projects/mlippincott@xsede.org/software/anaconda/envs/Interstellar/lib/python3.10/site-packages/nbformat/__init__.py:93: DuplicateCellId: Non-unique cell id '3c53f7e4' detected. Corrected to '8ecf0c9a'.
  validate(nb)
[NbConvertApp] Writing 14456 bytes to Hyperparameter_Optimization_model_multi-class.py
[NbConvertApp] Converting notebook ../notebooks/Hyperparameter_Optimization_model_regression.ipynb to script
/projects/mlippincott@xsede.org/software/anaconda/envs/Interstellar/lib/python3.10/site-packages/nbformat/__init__.py:93: DuplicateCellId: Non-unique cell id '3e2c848c' detected. Corrected to '9bad6b2f'.
  validate(nb)
/projects/mlippincott@xsede.org/software/anaconda/envs/Interstellar/lib/python3.10/site-packages/nbformat/__init__.py:93: DuplicateCellId: Non-unique cell id '3c53f7e4' detected. Corrected to '259d5415'.
  validate(nb)
[NbConvertApp] Writing 12852 bytes to Hyperparameter_Optimization_model_regression.py
[NbConvertApp] Converting notebook ../notebooks/train_binary_model.ipynb to script
[NbConvertApp] Writing 19547 bytes to train_binary_model.py
cell_type: SHSY5Y control_name: LPS_0.010_DMSO_0.025 treatment_name: LPS_Nigericin_1.000_10.0_DMSO_0.025 shuffle: False
/gpfs/alpine1/scratch/mlippincott@xsede.org/Interstellar_Analysis/4.sc_Morphology_Neural_Network_MLP_Model/1.model_training/scripts/../../MLP_utils/utils.py:997: UserWarning: Ignoring `palette` because no `hue` variable has been assigned.
  sns.lineplot(x=df[x], y=df[y1], palette="blue", label="Train")
/gpfs/alpine1/scratch/mlippincott@xsede.org/Interstellar_Analysis/4.sc_Morphology_Neural_Network_MLP_Model/1.model_training/scripts/../../MLP_utils/utils.py:998: UserWarning: Ignoring `palette` because no `hue` variable has been assigned.
  sns.lineplot(x=df[x], y=df[y2], palette="orange", label="Validation")
/gpfs/alpine1/scratch/mlippincott@xsede.org/Interstellar_Analysis/4.sc_Morphology_Neural_Network_MLP_Model/1.model_training/scripts/../../MLP_utils/utils.py:997: UserWarning: Ignoring `palette` because no `hue` variable has been assigned.
  sns.lineplot(x=df[x], y=df[y1], palette="blue", label="Train")
/gpfs/alpine1/scratch/mlippincott@xsede.org/Interstellar_Analysis/4.sc_Morphology_Neural_Network_MLP_Model/1.model_training/scripts/../../MLP_utils/utils.py:998: UserWarning: Ignoring `palette` because no `hue` variable has been assigned.
  sns.lineplot(x=df[x], y=df[y2], palette="orange", label="Validation")
/gpfs/alpine1/scratch/mlippincott@xsede.org/Interstellar_Analysis/4.sc_Morphology_Neural_Network_MLP_Model/1.model_training/scripts/../../MLP_utils/utils.py:1018: UserWarning: The figure layout has changed to tight
  plt.tight_layout()
/gpfs/alpine1/scratch/mlippincott@xsede.org/Interstellar_Analysis/4.sc_Morphology_Neural_Network_MLP_Model/1.model_training/scripts/../../MLP_utils/utils.py:1324: UserWarning: The figure layout has changed to tight
  plt.tight_layout()
/gpfs/alpine1/scratch/mlippincott@xsede.org/Interstellar_Analysis/4.sc_Morphology_Neural_Network_MLP_Model/1.model_training/scripts/../../MLP_utils/utils.py:1324: UserWarning: The figure layout has changed to tight
  plt.tight_layout()
CELL_TYPE: SHSY5Y
CONTROL_NAME: LPS_0.010_DMSO_0.025
TREATMENT_NAME: LPS_Nigericin_1.000_10.0_DMSO_0.025
SHUFFLE: False
False
Selected Catagories are:
['LPS_0.010_DMSO_0.025' 'LPS_Nigericin_1.000_10.0_DMSO_0.025']
The dimensions of the data are: (30261, 1276)
Number of total missing values across all columns: 31718
Data Subset Is Off
Wells held out for testing: ['B20' 'M16']
Wells to use for training, validation, and testing ['B16' 'B17' 'B21' 'M17' 'M20' 'M21']
Number of in features:  1251
Number of out features:  2
Binary_Classification
SGD
Epoch 0: Validation loss decreased (inf --> 0.432274).  Saving model ...
	 Train_Loss: 0.5493 Train_Acc: 65.162 Val_Loss: 0.4323  BEST VAL Loss: 0.4323  Val_Acc: 84.619

Epoch 1: Validation loss decreased (0.432274 --> 0.371490).  Saving model ...
	 Train_Loss: 0.4650 Train_Acc: 87.445 Val_Loss: 0.3715  BEST VAL Loss: 0.3715  Val_Acc: 91.141

Epoch 2: Validation loss decreased (0.371490 --> 0.331007).  Saving model ...
	 Train_Loss: 0.4089 Train_Acc: 90.349 Val_Loss: 0.3310  BEST VAL Loss: 0.3310  Val_Acc: 92.993

Epoch 3: Validation loss decreased (0.331007 --> 0.302252).  Saving model ...
	 Train_Loss: 0.3696 Train_Acc: 91.854 Val_Loss: 0.3023  BEST VAL Loss: 0.3023  Val_Acc: 94.403

Epoch 4: Validation loss decreased (0.302252 --> 0.279633).  Saving model ...
	 Train_Loss: 0.3400 Train_Acc: 92.929 Val_Loss: 0.2796  BEST VAL Loss: 0.2796  Val_Acc: 95.064

Epoch 5: Validation loss decreased (0.279633 --> 0.261077).  Saving model ...
	 Train_Loss: 0.3156 Train_Acc: 93.816 Val_Loss: 0.2611  BEST VAL Loss: 0.2611  Val_Acc: 95.328

Epoch 6: Validation loss decreased (0.261077 --> 0.245960).  Saving model ...
	 Train_Loss: 0.2960 Train_Acc: 94.472 Val_Loss: 0.2460  BEST VAL Loss: 0.2460  Val_Acc: 95.461

Epoch 7: Validation loss decreased (0.245960 --> 0.232619).  Saving model ...
	 Train_Loss: 0.2792 Train_Acc: 94.996 Val_Loss: 0.2326  BEST VAL Loss: 0.2326  Val_Acc: 96.122

Epoch 8: Validation loss decreased (0.232619 --> 0.220834).  Saving model ...
	 Train_Loss: 0.2647 Train_Acc: 95.139 Val_Loss: 0.2208  BEST VAL Loss: 0.2208  Val_Acc: 96.166

Epoch 9: Validation loss decreased (0.220834 --> 0.210893).  Saving model ...
	 Train_Loss: 0.2523 Train_Acc: 95.519 Val_Loss: 0.2109  BEST VAL Loss: 0.2109  Val_Acc: 96.122

Epoch 10: Validation loss decreased (0.210893 --> 0.201946).  Saving model ...
	 Train_Loss: 0.2409 Train_Acc: 96.004 Val_Loss: 0.2019  BEST VAL Loss: 0.2019  Val_Acc: 96.783

Epoch 11: Validation loss decreased (0.201946 --> 0.193856).  Saving model ...
	 Train_Loss: 0.2310 Train_Acc: 95.949 Val_Loss: 0.1939  BEST VAL Loss: 0.1939  Val_Acc: 96.871

Epoch 12: Validation loss decreased (0.193856 --> 0.186628).  Saving model ...
	 Train_Loss: 0.2225 Train_Acc: 96.181 Val_Loss: 0.1866  BEST VAL Loss: 0.1866  Val_Acc: 96.959

Epoch 13: Validation loss decreased (0.186628 --> 0.180361).  Saving model ...
	 Train_Loss: 0.2147 Train_Acc: 96.318 Val_Loss: 0.1804  BEST VAL Loss: 0.1804  Val_Acc: 97.312

Epoch 14: Validation loss decreased (0.180361 --> 0.174518).  Saving model ...
	 Train_Loss: 0.2075 Train_Acc: 96.528 Val_Loss: 0.1745  BEST VAL Loss: 0.1745  Val_Acc: 97.312

Epoch 15: Validation loss decreased (0.174518 --> 0.169176).  Saving model ...
	 Train_Loss: 0.2008 Train_Acc: 96.958 Val_Loss: 0.1692  BEST VAL Loss: 0.1692  Val_Acc: 97.400

Epoch 16: Validation loss decreased (0.169176 --> 0.164237).  Saving model ...
	 Train_Loss: 0.1949 Train_Acc: 96.726 Val_Loss: 0.1642  BEST VAL Loss: 0.1642  Val_Acc: 97.532

Epoch 17: Validation loss decreased (0.164237 --> 0.159734).  Saving model ...
	 Train_Loss: 0.1894 Train_Acc: 96.963 Val_Loss: 0.1597  BEST VAL Loss: 0.1597  Val_Acc: 97.620

Epoch 18: Validation loss decreased (0.159734 --> 0.155694).  Saving model ...
	 Train_Loss: 0.1843 Train_Acc: 96.996 Val_Loss: 0.1557  BEST VAL Loss: 0.1557  Val_Acc: 97.664

Epoch 19: Validation loss decreased (0.155694 --> 0.151914).  Saving model ...
	 Train_Loss: 0.1796 Train_Acc: 97.112 Val_Loss: 0.1519  BEST VAL Loss: 0.1519  Val_Acc: 97.664

Epoch 20: Validation loss decreased (0.151914 --> 0.148461).  Saving model ...
	 Train_Loss: 0.1751 Train_Acc: 97.310 Val_Loss: 0.1485  BEST VAL Loss: 0.1485  Val_Acc: 97.840

Epoch 21: Validation loss decreased (0.148461 --> 0.145071).  Saving model ...
	 Train_Loss: 0.1710 Train_Acc: 97.388 Val_Loss: 0.1451  BEST VAL Loss: 0.1451  Val_Acc: 97.664

Epoch 22: Validation loss decreased (0.145071 --> 0.141995).  Saving model ...
	 Train_Loss: 0.1671 Train_Acc: 97.410 Val_Loss: 0.1420  BEST VAL Loss: 0.1420  Val_Acc: 97.752

Epoch 23: Validation loss decreased (0.141995 --> 0.139092).  Saving model ...
	 Train_Loss: 0.1634 Train_Acc: 97.531 Val_Loss: 0.1391  BEST VAL Loss: 0.1391  Val_Acc: 97.752

Epoch 24: Validation loss decreased (0.139092 --> 0.136366).  Saving model ...
	 Train_Loss: 0.1600 Train_Acc: 97.619 Val_Loss: 0.1364  BEST VAL Loss: 0.1364  Val_Acc: 97.796

Epoch 25: Validation loss decreased (0.136366 --> 0.133731).  Saving model ...
	 Train_Loss: 0.1567 Train_Acc: 97.652 Val_Loss: 0.1337  BEST VAL Loss: 0.1337  Val_Acc: 97.840

Epoch 26: Validation loss decreased (0.133731 --> 0.131331).  Saving model ...
	 Train_Loss: 0.1535 Train_Acc: 97.873 Val_Loss: 0.1313  BEST VAL Loss: 0.1313  Val_Acc: 97.929

Epoch 27: Validation loss decreased (0.131331 --> 0.128999).  Saving model ...
	 Train_Loss: 0.1505 Train_Acc: 97.812 Val_Loss: 0.1290  BEST VAL Loss: 0.1290  Val_Acc: 97.929

Epoch 28: Validation loss decreased (0.128999 --> 0.126794).  Saving model ...
	 Train_Loss: 0.1476 Train_Acc: 97.928 Val_Loss: 0.1268  BEST VAL Loss: 0.1268  Val_Acc: 97.885

Epoch 29: Validation loss decreased (0.126794 --> 0.124677).  Saving model ...
	 Train_Loss: 0.1449 Train_Acc: 97.917 Val_Loss: 0.1247  BEST VAL Loss: 0.1247  Val_Acc: 97.929

Epoch 30: Validation loss decreased (0.124677 --> 0.122693).  Saving model ...
	 Train_Loss: 0.1423 Train_Acc: 97.955 Val_Loss: 0.1227  BEST VAL Loss: 0.1227  Val_Acc: 97.840

Epoch 31: Validation loss decreased (0.122693 --> 0.120921).  Saving model ...
	 Train_Loss: 0.1398 Train_Acc: 98.065 Val_Loss: 0.1209  BEST VAL Loss: 0.1209  Val_Acc: 97.840

Epoch 32: Validation loss decreased (0.120921 --> 0.119136).  Saving model ...
	 Train_Loss: 0.1374 Train_Acc: 98.054 Val_Loss: 0.1191  BEST VAL Loss: 0.1191  Val_Acc: 97.885

Epoch 33: Validation loss decreased (0.119136 --> 0.117353).  Saving model ...
	 Train_Loss: 0.1352 Train_Acc: 97.928 Val_Loss: 0.1174  BEST VAL Loss: 0.1174  Val_Acc: 97.752

Epoch 34: Validation loss decreased (0.117353 --> 0.115724).  Saving model ...
	 Train_Loss: 0.1331 Train_Acc: 98.093 Val_Loss: 0.1157  BEST VAL Loss: 0.1157  Val_Acc: 97.885

Epoch 35: Validation loss decreased (0.115724 --> 0.114175).  Saving model ...
	 Train_Loss: 0.1310 Train_Acc: 98.236 Val_Loss: 0.1142  BEST VAL Loss: 0.1142  Val_Acc: 97.885

Epoch 36: Validation loss decreased (0.114175 --> 0.112726).  Saving model ...
	 Train_Loss: 0.1290 Train_Acc: 98.385 Val_Loss: 0.1127  BEST VAL Loss: 0.1127  Val_Acc: 97.840

Epoch 37: Validation loss decreased (0.112726 --> 0.111255).  Saving model ...
	 Train_Loss: 0.1271 Train_Acc: 98.297 Val_Loss: 0.1113  BEST VAL Loss: 0.1113  Val_Acc: 97.929

Epoch 38: Validation loss decreased (0.111255 --> 0.109892).  Saving model ...
	 Train_Loss: 0.1252 Train_Acc: 98.231 Val_Loss: 0.1099  BEST VAL Loss: 0.1099  Val_Acc: 97.796

Epoch 39: Validation loss decreased (0.109892 --> 0.108564).  Saving model ...
	 Train_Loss: 0.1234 Train_Acc: 98.440 Val_Loss: 0.1086  BEST VAL Loss: 0.1086  Val_Acc: 97.973

Epoch 40: Validation loss decreased (0.108564 --> 0.107274).  Saving model ...
	 Train_Loss: 0.1218 Train_Acc: 98.297 Val_Loss: 0.1073  BEST VAL Loss: 0.1073  Val_Acc: 97.973

Epoch 41: Validation loss decreased (0.107274 --> 0.106056).  Saving model ...
	 Train_Loss: 0.1201 Train_Acc: 98.374 Val_Loss: 0.1061  BEST VAL Loss: 0.1061  Val_Acc: 97.929

Epoch 42: Validation loss decreased (0.106056 --> 0.104805).  Saving model ...
	 Train_Loss: 0.1185 Train_Acc: 98.391 Val_Loss: 0.1048  BEST VAL Loss: 0.1048  Val_Acc: 98.105

Epoch 43: Validation loss decreased (0.104805 --> 0.103713).  Saving model ...
	 Train_Loss: 0.1169 Train_Acc: 98.512 Val_Loss: 0.1037  BEST VAL Loss: 0.1037  Val_Acc: 98.061

Epoch 44: Validation loss decreased (0.103713 --> 0.102595).  Saving model ...
	 Train_Loss: 0.1154 Train_Acc: 98.545 Val_Loss: 0.1026  BEST VAL Loss: 0.1026  Val_Acc: 97.929

Epoch 45: Validation loss decreased (0.102595 --> 0.101543).  Saving model ...
	 Train_Loss: 0.1140 Train_Acc: 98.567 Val_Loss: 0.1015  BEST VAL Loss: 0.1015  Val_Acc: 98.105

Epoch 46: Validation loss decreased (0.101543 --> 0.100533).  Saving model ...
	 Train_Loss: 0.1126 Train_Acc: 98.457 Val_Loss: 0.1005  BEST VAL Loss: 0.1005  Val_Acc: 97.929

Epoch 47: Validation loss decreased (0.100533 --> 0.099590).  Saving model ...
	 Train_Loss: 0.1112 Train_Acc: 98.506 Val_Loss: 0.0996  BEST VAL Loss: 0.0996  Val_Acc: 98.061

Epoch 48: Validation loss decreased (0.099590 --> 0.098581).  Saving model ...
	 Train_Loss: 0.1099 Train_Acc: 98.595 Val_Loss: 0.0986  BEST VAL Loss: 0.0986  Val_Acc: 98.061

Epoch 49: Validation loss decreased (0.098581 --> 0.097663).  Saving model ...
	 Train_Loss: 0.1086 Train_Acc: 98.567 Val_Loss: 0.0977  BEST VAL Loss: 0.0977  Val_Acc: 98.061

Epoch 50: Validation loss decreased (0.097663 --> 0.096721).  Saving model ...
	 Train_Loss: 0.1074 Train_Acc: 98.545 Val_Loss: 0.0967  BEST VAL Loss: 0.0967  Val_Acc: 98.017

Epoch 51: Validation loss decreased (0.096721 --> 0.095859).  Saving model ...
	 Train_Loss: 0.1062 Train_Acc: 98.573 Val_Loss: 0.0959  BEST VAL Loss: 0.0959  Val_Acc: 98.105

Epoch 52: Validation loss decreased (0.095859 --> 0.094986).  Saving model ...
	 Train_Loss: 0.1050 Train_Acc: 98.639 Val_Loss: 0.0950  BEST VAL Loss: 0.0950  Val_Acc: 98.061

Epoch 53: Validation loss decreased (0.094986 --> 0.094166).  Saving model ...
	 Train_Loss: 0.1038 Train_Acc: 98.815 Val_Loss: 0.0942  BEST VAL Loss: 0.0942  Val_Acc: 98.105

Epoch 54: Validation loss decreased (0.094166 --> 0.093343).  Saving model ...
	 Train_Loss: 0.1028 Train_Acc: 98.732 Val_Loss: 0.0933  BEST VAL Loss: 0.0933  Val_Acc: 98.017

Epoch 55: Validation loss decreased (0.093343 --> 0.092560).  Saving model ...
	 Train_Loss: 0.1017 Train_Acc: 98.732 Val_Loss: 0.0926  BEST VAL Loss: 0.0926  Val_Acc: 98.017

Epoch 56: Validation loss decreased (0.092560 --> 0.091830).  Saving model ...
	 Train_Loss: 0.1006 Train_Acc: 98.787 Val_Loss: 0.0918  BEST VAL Loss: 0.0918  Val_Acc: 98.017

Epoch 57: Validation loss decreased (0.091830 --> 0.091099).  Saving model ...
	 Train_Loss: 0.0996 Train_Acc: 98.776 Val_Loss: 0.0911  BEST VAL Loss: 0.0911  Val_Acc: 98.237

Epoch 58: Validation loss decreased (0.091099 --> 0.090366).  Saving model ...
	 Train_Loss: 0.0986 Train_Acc: 98.826 Val_Loss: 0.0904  BEST VAL Loss: 0.0904  Val_Acc: 98.061

Epoch 59: Validation loss decreased (0.090366 --> 0.089666).  Saving model ...
	 Train_Loss: 0.0976 Train_Acc: 98.738 Val_Loss: 0.0897  BEST VAL Loss: 0.0897  Val_Acc: 98.149

Epoch 60: Validation loss decreased (0.089666 --> 0.088999).  Saving model ...
	 Train_Loss: 0.0966 Train_Acc: 98.843 Val_Loss: 0.0890  BEST VAL Loss: 0.0890  Val_Acc: 98.017

Epoch 61: Validation loss decreased (0.088999 --> 0.088609).  Saving model ...
	 Train_Loss: 0.0957 Train_Acc: 98.776 Val_Loss: 0.0886  BEST VAL Loss: 0.0886  Val_Acc: 97.664

Epoch 62: Validation loss decreased (0.088609 --> 0.087912).  Saving model ...
	 Train_Loss: 0.0948 Train_Acc: 98.854 Val_Loss: 0.0879  BEST VAL Loss: 0.0879  Val_Acc: 98.017

Epoch 63: Validation loss decreased (0.087912 --> 0.087286).  Saving model ...
	 Train_Loss: 0.0939 Train_Acc: 98.837 Val_Loss: 0.0873  BEST VAL Loss: 0.0873  Val_Acc: 97.929

Epoch 64: Validation loss decreased (0.087286 --> 0.086665).  Saving model ...
	 Train_Loss: 0.0930 Train_Acc: 98.947 Val_Loss: 0.0867  BEST VAL Loss: 0.0867  Val_Acc: 98.061

Epoch 65: Validation loss decreased (0.086665 --> 0.086046).  Saving model ...
	 Train_Loss: 0.0922 Train_Acc: 98.870 Val_Loss: 0.0860  BEST VAL Loss: 0.0860  Val_Acc: 98.193

Epoch 66: Validation loss decreased (0.086046 --> 0.085476).  Saving model ...
	 Train_Loss: 0.0914 Train_Acc: 98.914 Val_Loss: 0.0855  BEST VAL Loss: 0.0855  Val_Acc: 97.973

Epoch 67: Validation loss decreased (0.085476 --> 0.084926).  Saving model ...
	 Train_Loss: 0.0905 Train_Acc: 99.047 Val_Loss: 0.0849  BEST VAL Loss: 0.0849  Val_Acc: 97.929

Epoch 68: Validation loss decreased (0.084926 --> 0.084387).  Saving model ...
	 Train_Loss: 0.0897 Train_Acc: 99.002 Val_Loss: 0.0844  BEST VAL Loss: 0.0844  Val_Acc: 98.105

Epoch 69: Validation loss decreased (0.084387 --> 0.083849).  Saving model ...
	 Train_Loss: 0.0889 Train_Acc: 98.991 Val_Loss: 0.0838  BEST VAL Loss: 0.0838  Val_Acc: 98.105

Epoch 70: Validation loss decreased (0.083849 --> 0.083337).  Saving model ...
	 Train_Loss: 0.0881 Train_Acc: 99.096 Val_Loss: 0.0833  BEST VAL Loss: 0.0833  Val_Acc: 97.973

Epoch 71: Validation loss decreased (0.083337 --> 0.082832).  Saving model ...
	 Train_Loss: 0.0874 Train_Acc: 99.096 Val_Loss: 0.0828  BEST VAL Loss: 0.0828  Val_Acc: 97.929

Epoch 72: Validation loss decreased (0.082832 --> 0.082335).  Saving model ...
	 Train_Loss: 0.0866 Train_Acc: 99.052 Val_Loss: 0.0823  BEST VAL Loss: 0.0823  Val_Acc: 97.929

Epoch 73: Validation loss decreased (0.082335 --> 0.081869).  Saving model ...
	 Train_Loss: 0.0859 Train_Acc: 99.030 Val_Loss: 0.0819  BEST VAL Loss: 0.0819  Val_Acc: 98.193

Epoch 74: Validation loss decreased (0.081869 --> 0.081427).  Saving model ...
	 Train_Loss: 0.0852 Train_Acc: 99.157 Val_Loss: 0.0814  BEST VAL Loss: 0.0814  Val_Acc: 97.973

Epoch 75: Validation loss decreased (0.081427 --> 0.080953).  Saving model ...
	 Train_Loss: 0.0845 Train_Acc: 99.074 Val_Loss: 0.0810  BEST VAL Loss: 0.0810  Val_Acc: 98.017

Epoch 76: Validation loss decreased (0.080953 --> 0.080484).  Saving model ...
	 Train_Loss: 0.0838 Train_Acc: 99.168 Val_Loss: 0.0805  BEST VAL Loss: 0.0805  Val_Acc: 98.017

Epoch 77: Validation loss decreased (0.080484 --> 0.080064).  Saving model ...
	 Train_Loss: 0.0832 Train_Acc: 99.035 Val_Loss: 0.0801  BEST VAL Loss: 0.0801  Val_Acc: 98.105

Epoch 78: Validation loss decreased (0.080064 --> 0.079615).  Saving model ...
	 Train_Loss: 0.0825 Train_Acc: 98.942 Val_Loss: 0.0796  BEST VAL Loss: 0.0796  Val_Acc: 97.973

Epoch 79: Validation loss decreased (0.079615 --> 0.079192).  Saving model ...
	 Train_Loss: 0.0819 Train_Acc: 99.113 Val_Loss: 0.0792  BEST VAL Loss: 0.0792  Val_Acc: 98.105

Epoch 80: Validation loss decreased (0.079192 --> 0.078761).  Saving model ...
	 Train_Loss: 0.0813 Train_Acc: 99.206 Val_Loss: 0.0788  BEST VAL Loss: 0.0788  Val_Acc: 98.193

Epoch 81: Validation loss decreased (0.078761 --> 0.078374).  Saving model ...
	 Train_Loss: 0.0807 Train_Acc: 99.146 Val_Loss: 0.0784  BEST VAL Loss: 0.0784  Val_Acc: 98.061

Epoch 82: Validation loss decreased (0.078374 --> 0.078008).  Saving model ...
	 Train_Loss: 0.0800 Train_Acc: 99.151 Val_Loss: 0.0780  BEST VAL Loss: 0.0780  Val_Acc: 98.105

Epoch 83: Validation loss decreased (0.078008 --> 0.077613).  Saving model ...
	 Train_Loss: 0.0794 Train_Acc: 99.129 Val_Loss: 0.0776  BEST VAL Loss: 0.0776  Val_Acc: 98.017

Epoch 84: Validation loss decreased (0.077613 --> 0.077244).  Saving model ...
	 Train_Loss: 0.0789 Train_Acc: 99.157 Val_Loss: 0.0772  BEST VAL Loss: 0.0772  Val_Acc: 98.105

Epoch 85: Validation loss decreased (0.077244 --> 0.076889).  Saving model ...
	 Train_Loss: 0.0783 Train_Acc: 99.173 Val_Loss: 0.0769  BEST VAL Loss: 0.0769  Val_Acc: 98.149

Epoch 86: Validation loss decreased (0.076889 --> 0.076520).  Saving model ...
	 Train_Loss: 0.0777 Train_Acc: 99.058 Val_Loss: 0.0765  BEST VAL Loss: 0.0765  Val_Acc: 98.193

Epoch 87: Validation loss decreased (0.076520 --> 0.076184).  Saving model ...
	 Train_Loss: 0.0772 Train_Acc: 99.124 Val_Loss: 0.0762  BEST VAL Loss: 0.0762  Val_Acc: 98.105

Epoch 88: Validation loss decreased (0.076184 --> 0.075836).  Saving model ...
	 Train_Loss: 0.0767 Train_Acc: 99.140 Val_Loss: 0.0758  BEST VAL Loss: 0.0758  Val_Acc: 98.105

Epoch 89: Validation loss decreased (0.075836 --> 0.075467).  Saving model ...
	 Train_Loss: 0.0761 Train_Acc: 99.234 Val_Loss: 0.0755  BEST VAL Loss: 0.0755  Val_Acc: 98.149

Epoch 90: Validation loss decreased (0.075467 --> 0.075110).  Saving model ...
	 Train_Loss: 0.0756 Train_Acc: 99.162 Val_Loss: 0.0751  BEST VAL Loss: 0.0751  Val_Acc: 98.105

Epoch 91: Validation loss decreased (0.075110 --> 0.074764).  Saving model ...
	 Train_Loss: 0.0751 Train_Acc: 99.295 Val_Loss: 0.0748  BEST VAL Loss: 0.0748  Val_Acc: 98.017

Epoch 92: Validation loss decreased (0.074764 --> 0.074419).  Saving model ...
	 Train_Loss: 0.0746 Train_Acc: 99.190 Val_Loss: 0.0744  BEST VAL Loss: 0.0744  Val_Acc: 98.061

Epoch 93: Validation loss decreased (0.074419 --> 0.074092).  Saving model ...
	 Train_Loss: 0.0741 Train_Acc: 99.190 Val_Loss: 0.0741  BEST VAL Loss: 0.0741  Val_Acc: 98.061

Epoch 94: Validation loss decreased (0.074092 --> 0.073786).  Saving model ...
	 Train_Loss: 0.0736 Train_Acc: 99.223 Val_Loss: 0.0738  BEST VAL Loss: 0.0738  Val_Acc: 98.149

Epoch 95: Validation loss decreased (0.073786 --> 0.073444).  Saving model ...
	 Train_Loss: 0.0731 Train_Acc: 99.250 Val_Loss: 0.0734  BEST VAL Loss: 0.0734  Val_Acc: 98.193

Epoch 96: Validation loss decreased (0.073444 --> 0.073092).  Saving model ...
	 Train_Loss: 0.0726 Train_Acc: 99.267 Val_Loss: 0.0731  BEST VAL Loss: 0.0731  Val_Acc: 98.149

Epoch 97: Validation loss decreased (0.073092 --> 0.072773).  Saving model ...
	 Train_Loss: 0.0722 Train_Acc: 99.333 Val_Loss: 0.0728  BEST VAL Loss: 0.0728  Val_Acc: 98.193

Epoch 98: Validation loss decreased (0.072773 --> 0.072486).  Saving model ...
	 Train_Loss: 0.0717 Train_Acc: 99.328 Val_Loss: 0.0725  BEST VAL Loss: 0.0725  Val_Acc: 98.105

Epoch 99: Validation loss decreased (0.072486 --> 0.072165).  Saving model ...
	 Train_Loss: 0.0712 Train_Acc: 99.217 Val_Loss: 0.0722  BEST VAL Loss: 0.0722  Val_Acc: 98.105

LPS_0.010_DMSO_0.025_vs_LPS_Nigericin_1.000_10.0_DMSO_0.025
../../trained_models/model_save_states/Binary_Classification/SHSY5Y
LPS_0.010_DMSO_0.025_vs_LPS_Nigericin_1.000_10.0_DMSO_0.025
              precision    recall  f1-score   support

           0       1.00      1.00      1.00      9708
           1       1.00      1.00      1.00      8436

    accuracy                           1.00     18144
   macro avg       1.00      1.00      1.00     18144
weighted avg       1.00      1.00      1.00     18144

LPS_0.010_DMSO_0.025_vs_LPS_Nigericin_1.000_10.0_DMSO_0.025
../../trained_models/model_save_states/Binary_Classification/SHSY5Y
LPS_0.010_DMSO_0.025_vs_LPS_Nigericin_1.000_10.0_DMSO_0.025
              precision    recall  f1-score   support

           0       0.98      0.98      0.98      1214
           1       0.98      0.98      0.98      1055

    accuracy                           0.98      2269
   macro avg       0.98      0.98      0.98      2269
weighted avg       0.98      0.98      0.98      2269

LPS_0.010_DMSO_0.025_vs_LPS_Nigericin_1.000_10.0_DMSO_0.025
../../trained_models/model_save_states/Binary_Classification/SHSY5Y
LPS_0.010_DMSO_0.025_vs_LPS_Nigericin_1.000_10.0_DMSO_0.025
              precision    recall  f1-score   support

           0       0.98      0.98      0.98      1213
           1       0.98      0.98      0.98      1055

    accuracy                           0.98      2268
   macro avg       0.98      0.98      0.98      2268
weighted avg       0.98      0.98      0.98      2268

              precision    recall  f1-score   support

           0       0.98      0.98      0.98      1213
           1       0.98      0.98      0.98      1055

    accuracy                           0.98      2268
   macro avg       0.98      0.98      0.98      2268
weighted avg       0.98      0.98      0.98      2268

LPS_0.010_DMSO_0.025_vs_LPS_Nigericin_1.000_10.0_DMSO_0.025
../../trained_models/model_save_states/Binary_Classification/SHSY5Y
LPS_0.010_DMSO_0.025_vs_LPS_Nigericin_1.000_10.0_DMSO_0.025
              precision    recall  f1-score   support

           0       0.97      0.98      0.98      3724
           1       0.98      0.97      0.98      3856

    accuracy                           0.98      7580
   macro avg       0.98      0.98      0.98      7580
weighted avg       0.98      0.98      0.98      7580

              precision    recall  f1-score   support

           0       0.97      0.98      0.98      3724
           1       0.98      0.97      0.98      3856

    accuracy                           0.98      7580
   macro avg       0.98      0.98      0.98      7580
weighted avg       0.98      0.98      0.98      7580

completed
