[NbConvertApp] WARNING | Config option `kernel_spec_manager_class` not recognized by `NbConvertApp`.
[NbConvertApp] Converting notebook ../notebooks/Hyperparameter_Optimization_model_multi-class.ipynb to script
/projects/mlippincott@xsede.org/software/anaconda/envs/Interstellar/lib/python3.10/site-packages/nbformat/__init__.py:93: DuplicateCellId: Non-unique cell id '3e2c848c' detected. Corrected to '325ea54e'.
  validate(nb)
/projects/mlippincott@xsede.org/software/anaconda/envs/Interstellar/lib/python3.10/site-packages/nbformat/__init__.py:93: DuplicateCellId: Non-unique cell id '3c53f7e4' detected. Corrected to 'c3421c6d'.
  validate(nb)
[NbConvertApp] Writing 14456 bytes to Hyperparameter_Optimization_model_multi-class.py
[NbConvertApp] Converting notebook ../notebooks/Hyperparameter_Optimization_model_regression.ipynb to script
/projects/mlippincott@xsede.org/software/anaconda/envs/Interstellar/lib/python3.10/site-packages/nbformat/__init__.py:93: DuplicateCellId: Non-unique cell id '3e2c848c' detected. Corrected to 'f255fcd5'.
  validate(nb)
/projects/mlippincott@xsede.org/software/anaconda/envs/Interstellar/lib/python3.10/site-packages/nbformat/__init__.py:93: DuplicateCellId: Non-unique cell id '3c53f7e4' detected. Corrected to '44850b90'.
  validate(nb)
[NbConvertApp] Writing 12852 bytes to Hyperparameter_Optimization_model_regression.py
[NbConvertApp] Converting notebook ../notebooks/train_binary_model.ipynb to script
[NbConvertApp] Writing 19547 bytes to train_binary_model.py
cell_type: PBMC control_name: LPS_100.000_DMSO_0.025 treatment_name: LPS_100.000_DMSO_0.025 shuffle: False
/gpfs/alpine1/scratch/mlippincott@xsede.org/Interstellar_Analysis/4.sc_Morphology_Neural_Network_MLP_Model/1.model_training/scripts/../../MLP_utils/utils.py:997: UserWarning: Ignoring `palette` because no `hue` variable has been assigned.
  sns.lineplot(x=df[x], y=df[y1], palette="blue", label="Train")
/gpfs/alpine1/scratch/mlippincott@xsede.org/Interstellar_Analysis/4.sc_Morphology_Neural_Network_MLP_Model/1.model_training/scripts/../../MLP_utils/utils.py:998: UserWarning: Ignoring `palette` because no `hue` variable has been assigned.
  sns.lineplot(x=df[x], y=df[y2], palette="orange", label="Validation")
CELL_TYPE: PBMC
CONTROL_NAME: LPS_100.000_DMSO_0.025
TREATMENT_NAME: LPS_100.000_DMSO_0.025
SHUFFLE: False
False
Selected Catagories are:
['LPS_100.000_DMSO_0.025']
The dimensions of the data are: (159435, 1270)
Number of total missing values across all columns: 318870
Data Subset Is Off
Wells held out for testing: ['J08']
Wells to use for training, validation, and testing ['J02' 'J03' 'J09']
Number of in features:  1245
Number of out features:  1
Regression
Adam
Epoch 0: Validation loss decreased (inf --> 0.000027).  Saving model ...
Epoch 1: Validation loss decreased (0.000027 --> 0.000017).  Saving model ...
Epoch 2: Validation loss decreased (0.000017 --> 0.000012).  Saving model ...
Epoch 3: Validation loss decreased (0.000012 --> 0.000009).  Saving model ...
Epoch 4: Validation loss decreased (0.000009 --> 0.000007).  Saving model ...
Epoch 5: Validation loss decreased (0.000007 --> 0.000006).  Saving model ...
Epoch 6: Validation loss decreased (0.000006 --> 0.000005).  Saving model ...
Epoch 7: Validation loss decreased (0.000005 --> 0.000005).  Saving model ...
Epoch 8: Validation loss decreased (0.000005 --> 0.000004).  Saving model ...
Epoch 9: Validation loss decreased (0.000004 --> 0.000004).  Saving model ...
Epoch 10: Validation loss decreased (0.000004 --> 0.000003).  Saving model ...
Epoch 11: Validation loss decreased (0.000003 --> 0.000003).  Saving model ...
Epoch 12: Validation loss decreased (0.000003 --> 0.000003).  Saving model ...
Epoch 13: Validation loss decreased (0.000003 --> 0.000003).  Saving model ...
Epoch 14: Validation loss decreased (0.000003 --> 0.000003).  Saving model ...
Epoch 15: Validation loss decreased (0.000003 --> 0.000002).  Saving model ...
Epoch 16: Validation loss decreased (0.000002 --> 0.000002).  Saving model ...
Epoch 17: Validation loss decreased (0.000002 --> 0.000002).  Saving model ...
Epoch 18: Validation loss decreased (0.000002 --> 0.000002).  Saving model ...
Epoch 19: Validation loss decreased (0.000002 --> 0.000002).  Saving model ...
Epoch 20: Validation loss decreased (0.000002 --> 0.000002).  Saving model ...
Epoch 21: Validation loss decreased (0.000002 --> 0.000002).  Saving model ...
Epoch 22: Validation loss decreased (0.000002 --> 0.000002).  Saving model ...
Epoch 23: Validation loss decreased (0.000002 --> 0.000002).  Saving model ...
Epoch 24: Validation loss decreased (0.000002 --> 0.000002).  Saving model ...
Epoch 25: Validation loss decreased (0.000002 --> 0.000001).  Saving model ...
Epoch 26: Validation loss decreased (0.000001 --> 0.000001).  Saving model ...
Epoch 27: Validation loss decreased (0.000001 --> 0.000001).  Saving model ...
Epoch 28: Validation loss decreased (0.000001 --> 0.000001).  Saving model ...
Epoch 29: Validation loss decreased (0.000001 --> 0.000001).  Saving model ...
Epoch 30: Validation loss decreased (0.000001 --> 0.000001).  Saving model ...
Epoch 31: Validation loss decreased (0.000001 --> 0.000001).  Saving model ...
Epoch 32: Validation loss decreased (0.000001 --> 0.000001).  Saving model ...
Epoch 33: Validation loss decreased (0.000001 --> 0.000001).  Saving model ...
Epoch 34: Validation loss decreased (0.000001 --> 0.000001).  Saving model ...
Epoch 35: Validation loss decreased (0.000001 --> 0.000001).  Saving model ...
Epoch 36: Validation loss decreased (0.000001 --> 0.000001).  Saving model ...
Epoch 37: Validation loss decreased (0.000001 --> 0.000001).  Saving model ...
Epoch 38: Validation loss decreased (0.000001 --> 0.000001).  Saving model ...
Epoch 39: Validation loss decreased (0.000001 --> 0.000001).  Saving model ...
Epoch 40: Validation loss decreased (0.000001 --> 0.000001).  Saving model ...
Epoch 41: Validation loss decreased (0.000001 --> 0.000001).  Saving model ...
Epoch 42: Validation loss decreased (0.000001 --> 0.000001).  Saving model ...
Epoch 43: Validation loss decreased (0.000001 --> 0.000001).  Saving model ...
Epoch 44: Validation loss decreased (0.000001 --> 0.000001).  Saving model ...
Epoch 45: Validation loss decreased (0.000001 --> 0.000001).  Saving model ...
Epoch 46: Validation loss decreased (0.000001 --> 0.000001).  Saving model ...
Epoch 47: Validation loss decreased (0.000001 --> 0.000001).  Saving model ...
Epoch 48: Validation loss decreased (0.000001 --> 0.000001).  Saving model ...
Epoch 49: Validation loss decreased (0.000001 --> 0.000001).  Saving model ...
Epoch 50: Validation loss decreased (0.000001 --> 0.000001).  Saving model ...
Epoch 51: Validation loss decreased (0.000001 --> 0.000001).  Saving model ...
Epoch 52: Validation loss decreased (0.000001 --> 0.000001).  Saving model ...
Epoch 53: Validation loss decreased (0.000001 --> 0.000001).  Saving model ...
Epoch 54: Validation loss decreased (0.000001 --> 0.000001).  Saving model ...
Epoch 55: Validation loss decreased (0.000001 --> 0.000001).  Saving model ...
Epoch 56: Validation loss decreased (0.000001 --> 0.000001).  Saving model ...
Epoch 57: Validation loss decreased (0.000001 --> 0.000001).  Saving model ...
Epoch 58: Validation loss decreased (0.000001 --> 0.000001).  Saving model ...
Epoch 59: Validation loss decreased (0.000001 --> 0.000001).  Saving model ...
Epoch 60: Validation loss decreased (0.000001 --> 0.000001).  Saving model ...
Epoch 61: Validation loss decreased (0.000001 --> 0.000001).  Saving model ...
Epoch 62: Validation loss decreased (0.000001 --> 0.000001).  Saving model ...
Epoch 63: Validation loss decreased (0.000001 --> 0.000001).  Saving model ...
Epoch 64: Validation loss decreased (0.000001 --> 0.000001).  Saving model ...
Epoch 65: Validation loss decreased (0.000001 --> 0.000001).  Saving model ...
Epoch 66: Validation loss decreased (0.000001 --> 0.000001).  Saving model ...
Epoch 67: Validation loss decreased (0.000001 --> 0.000001).  Saving model ...
Epoch 68: Validation loss decreased (0.000001 --> 0.000001).  Saving model ...
Epoch 69: Validation loss decreased (0.000001 --> 0.000001).  Saving model ...
Epoch 70: Validation loss did not decrease
Epoch 71: Validation loss decreased (0.000001 --> 0.000001).  Saving model ...
Epoch 72: Validation loss decreased (0.000001 --> 0.000001).  Saving model ...
Epoch 73: Validation loss decreased (0.000001 --> 0.000001).  Saving model ...
Epoch 74: Validation loss did not decrease
Epoch 75: Validation loss did not decrease
Epoch 76: Validation loss did not decrease
Epoch 77: Validation loss did not decrease
Epoch 78: Validation loss did not decrease
Epoch 79: Validation loss did not decrease
Epoch 80: Validation loss did not decrease
Epoch 81: Validation loss did not decrease
Epoch 82: Validation loss did not decrease
Epoch 83: Validation loss did not decrease
Epoch 84: Validation loss did not decrease
Epoch 85: Validation loss did not decrease
Epoch 86: Validation loss did not decrease
Epoch 87: Validation loss did not decrease
Epoch 88: Validation loss did not decrease
Epoch 89: Validation loss did not decrease
Early stopped at epoch : 89
LPS_100.000_DMSO_0.025_vs_LPS_100.000_DMSO_0.025
Traceback (most recent call last):
  File "/gpfs/alpine1/scratch/mlippincott@xsede.org/Interstellar_Analysis/4.sc_Morphology_Neural_Network_MLP_Model/1.model_training/scripts/train_binary_model.py", line 396, in <module>
    y_pred_prob_list = un_nest(y_pred_prob_list)
NameError: name 'y_pred_prob_list' is not defined. Did you mean: 'y_pred_list'?
completed
