[NbConvertApp] WARNING | Config option `kernel_spec_manager_class` not recognized by `NbConvertApp`.
[NbConvertApp] Converting notebook ../notebooks/train_binary_model.ipynb to script
[NbConvertApp] Writing 18688 bytes to train_binary_model.py
[NbConvertApp] Converting notebook ../notebooks/train_multiclass_model.ipynb to script
[NbConvertApp] Writing 52448 bytes to train_multiclass_model.py
[NbConvertApp] Converting notebook ../notebooks/train_regression_model.ipynb to script
[NbConvertApp] Writing 25120 bytes to train_regression_model.py
/gpfs/alpine1/scratch/mlippincott@xsede.org/Interstellar_Analysis/4.sc_Morphology_Neural_Network_MLP_Model/1.model_training/scripts/train_multiclass_model.py:252: SettingWithCopyWarning:
A value is trying to be set on a copy of a slice from a DataFrame.
Try using .loc[row_indexer,col_indexer] = value instead

See the caveats in the documentation: https://pandas.pydata.org/pandas-docs/stable/user_guide/indexing.html#returning-a-view-versus-a-copy
  df_descriptive["labels"] = df1["labels"]
/gpfs/alpine1/scratch/mlippincott@xsede.org/Interstellar_Analysis/4.sc_Morphology_Neural_Network_MLP_Model/1.model_training/scripts/train_multiclass_model.py:279: SettingWithCopyWarning:
A value is trying to be set on a copy of a slice from a DataFrame

See the caveats in the documentation: https://pandas.pydata.org/pandas-docs/stable/user_guide/indexing.html#returning-a-view-versus-a-copy
  df_labels.drop_duplicates(inplace=True)
/gpfs/alpine1/scratch/mlippincott@xsede.org/Interstellar_Analysis/4.sc_Morphology_Neural_Network_MLP_Model/1.model_training/scripts/train_multiclass_model.py:387: SettingWithCopyWarning:
A value is trying to be set on a copy of a slice from a DataFrame.
Try using .loc[row_indexer,col_indexer] = value instead

See the caveats in the documentation: https://pandas.pydata.org/pandas-docs/stable/user_guide/indexing.html#returning-a-view-versus-a-copy
  X_train[column] = np.random.permutation(X_train[column].values)
/gpfs/alpine1/scratch/mlippincott@xsede.org/Interstellar_Analysis/4.sc_Morphology_Neural_Network_MLP_Model/1.model_training/scripts/../../MLP_utils/utils.py:1018: UserWarning: Ignoring `palette` because no `hue` variable has been assigned.
  sns.lineplot(x=df[x], y=df[y1], palette="blue", label="Train")
/gpfs/alpine1/scratch/mlippincott@xsede.org/Interstellar_Analysis/4.sc_Morphology_Neural_Network_MLP_Model/1.model_training/scripts/../../MLP_utils/utils.py:1019: UserWarning: Ignoring `palette` because no `hue` variable has been assigned.
  sns.lineplot(x=df[x], y=df[y2], palette="orange", label="Validation")
/gpfs/alpine1/scratch/mlippincott@xsede.org/Interstellar_Analysis/4.sc_Morphology_Neural_Network_MLP_Model/1.model_training/scripts/../../MLP_utils/utils.py:1018: UserWarning: Ignoring `palette` because no `hue` variable has been assigned.
  sns.lineplot(x=df[x], y=df[y1], palette="blue", label="Train")
/gpfs/alpine1/scratch/mlippincott@xsede.org/Interstellar_Analysis/4.sc_Morphology_Neural_Network_MLP_Model/1.model_training/scripts/../../MLP_utils/utils.py:1019: UserWarning: Ignoring `palette` because no `hue` variable has been assigned.
  sns.lineplot(x=df[x], y=df[y2], palette="orange", label="Validation")
/gpfs/alpine1/scratch/mlippincott@xsede.org/Interstellar_Analysis/4.sc_Morphology_Neural_Network_MLP_Model/1.model_training/scripts/train_multiclass_model.py:663: FutureWarning: The behavior of DataFrame concatenation with empty or all-NA entries is deprecated. In a future version, this will no longer exclude empty or all-NA columns when determining the result dtypes. To retain the old behavior, exclude the relevant entries before the concat operation.
  pr_curve_df = pd.concat([pr_curve_df, pr_curve_0, pr_curve_1, pr_curve_2])
/gpfs/alpine1/scratch/mlippincott@xsede.org/Interstellar_Analysis/4.sc_Morphology_Neural_Network_MLP_Model/1.model_training/scripts/train_multiclass_model.py:668: SettingWithCopyWarning:
A value is trying to be set on a copy of a slice from a DataFrame

See the caveats in the documentation: https://pandas.pydata.org/pandas-docs/stable/user_guide/indexing.html#returning-a-view-versus-a-copy
  tmp_df.drop_duplicates(inplace=True)
/gpfs/alpine1/scratch/mlippincott@xsede.org/Interstellar_Analysis/4.sc_Morphology_Neural_Network_MLP_Model/1.model_training/scripts/train_multiclass_model.py:686: FutureWarning: The behavior of DataFrame concatenation with empty or all-NA entries is deprecated. In a future version, this will no longer exclude empty or all-NA columns when determining the result dtypes. To retain the old behavior, exclude the relevant entries before the concat operation.
  pr_curve_df_all = pd.concat([pr_curve_df_all, pr_curve_df], axis=0)
/projects/mlippincott@xsede.org/software/anaconda/envs/Interstellar_python/lib/python3.10/site-packages/sklearn/metrics/_classification.py:1471: UndefinedMetricWarning: Precision and F-score are ill-defined and being set to 0.0 in labels with no predicted samples. Use `zero_division` parameter to control this behavior.
  _warn_prf(average, modifier, msg_start, len(result))
/projects/mlippincott@xsede.org/software/anaconda/envs/Interstellar_python/lib/python3.10/site-packages/sklearn/metrics/_classification.py:1471: UndefinedMetricWarning: Precision and F-score are ill-defined and being set to 0.0 in labels with no predicted samples. Use `zero_division` parameter to control this behavior.
  _warn_prf(average, modifier, msg_start, len(result))
/projects/mlippincott@xsede.org/software/anaconda/envs/Interstellar_python/lib/python3.10/site-packages/sklearn/metrics/_classification.py:1471: UndefinedMetricWarning: Precision and F-score are ill-defined and being set to 0.0 in labels with no predicted samples. Use `zero_division` parameter to control this behavior.
  _warn_prf(average, modifier, msg_start, len(result))
/projects/mlippincott@xsede.org/software/anaconda/envs/Interstellar_python/lib/python3.10/site-packages/sklearn/metrics/_classification.py:1471: UndefinedMetricWarning: Precision and F-score are ill-defined and being set to 0.0 in labels with no predicted samples. Use `zero_division` parameter to control this behavior.
  _warn_prf(average, modifier, msg_start, len(result))
/projects/mlippincott@xsede.org/software/anaconda/envs/Interstellar_python/lib/python3.10/site-packages/sklearn/metrics/_classification.py:1471: UndefinedMetricWarning: Precision and F-score are ill-defined and being set to 0.0 in labels with no predicted samples. Use `zero_division` parameter to control this behavior.
  _warn_prf(average, modifier, msg_start, len(result))
/projects/mlippincott@xsede.org/software/anaconda/envs/Interstellar_python/lib/python3.10/site-packages/sklearn/metrics/_classification.py:1471: UndefinedMetricWarning: Precision and F-score are ill-defined and being set to 0.0 in labels with no predicted samples. Use `zero_division` parameter to control this behavior.
  _warn_prf(average, modifier, msg_start, len(result))
/gpfs/alpine1/scratch/mlippincott@xsede.org/Interstellar_Analysis/4.sc_Morphology_Neural_Network_MLP_Model/1.model_training/scripts/train_multiclass_model.py:723: SettingWithCopyWarning:
A value is trying to be set on a copy of a slice from a DataFrame.
Try using .loc[row_indexer,col_indexer] = value instead

See the caveats in the documentation: https://pandas.pydata.org/pandas-docs/stable/user_guide/indexing.html#returning-a-view-versus-a-copy
  df_labels["new_labels"] = df_labels["new_labels"].astype(str)
/gpfs/alpine1/scratch/mlippincott@xsede.org/Interstellar_Analysis/4.sc_Morphology_Neural_Network_MLP_Model/1.model_training/scripts/train_multiclass_model.py:737: FutureWarning: The behavior of DataFrame concatenation with empty or all-NA entries is deprecated. In a future version, this will no longer exclude empty or all-NA columns when determining the result dtypes. To retain the old behavior, exclude the relevant entries before the concat operation.
  model_stats_df = pd.concat([model_stats_df, stats_df], axis=0)
/gpfs/alpine1/scratch/mlippincott@xsede.org/Interstellar_Analysis/4.sc_Morphology_Neural_Network_MLP_Model/1.model_training/scripts/train_multiclass_model.py:834: FutureWarning: The behavior of DataFrame concatenation with empty or all-NA entries is deprecated. In a future version, this will no longer exclude empty or all-NA columns when determining the result dtypes. To retain the old behavior, exclude the relevant entries before the concat operation.
  pr_curve_df = pd.concat([pr_curve_df, pr_curve_0, pr_curve_1, pr_curve_2])
/gpfs/alpine1/scratch/mlippincott@xsede.org/Interstellar_Analysis/4.sc_Morphology_Neural_Network_MLP_Model/1.model_training/scripts/train_multiclass_model.py:840: SettingWithCopyWarning:
A value is trying to be set on a copy of a slice from a DataFrame

See the caveats in the documentation: https://pandas.pydata.org/pandas-docs/stable/user_guide/indexing.html#returning-a-view-versus-a-copy
  tmp_df.drop_duplicates(inplace=True)
/projects/mlippincott@xsede.org/software/anaconda/envs/Interstellar_python/lib/python3.10/site-packages/sklearn/metrics/_classification.py:1471: UndefinedMetricWarning: Precision and F-score are ill-defined and being set to 0.0 in labels with no predicted samples. Use `zero_division` parameter to control this behavior.
  _warn_prf(average, modifier, msg_start, len(result))
/projects/mlippincott@xsede.org/software/anaconda/envs/Interstellar_python/lib/python3.10/site-packages/sklearn/metrics/_classification.py:1471: UndefinedMetricWarning: Precision and F-score are ill-defined and being set to 0.0 in labels with no predicted samples. Use `zero_division` parameter to control this behavior.
  _warn_prf(average, modifier, msg_start, len(result))
/projects/mlippincott@xsede.org/software/anaconda/envs/Interstellar_python/lib/python3.10/site-packages/sklearn/metrics/_classification.py:1471: UndefinedMetricWarning: Precision and F-score are ill-defined and being set to 0.0 in labels with no predicted samples. Use `zero_division` parameter to control this behavior.
  _warn_prf(average, modifier, msg_start, len(result))
/projects/mlippincott@xsede.org/software/anaconda/envs/Interstellar_python/lib/python3.10/site-packages/sklearn/metrics/_classification.py:1471: UndefinedMetricWarning: Precision and F-score are ill-defined and being set to 0.0 in labels with no predicted samples. Use `zero_division` parameter to control this behavior.
  _warn_prf(average, modifier, msg_start, len(result))
/projects/mlippincott@xsede.org/software/anaconda/envs/Interstellar_python/lib/python3.10/site-packages/sklearn/metrics/_classification.py:1471: UndefinedMetricWarning: Precision and F-score are ill-defined and being set to 0.0 in labels with no predicted samples. Use `zero_division` parameter to control this behavior.
  _warn_prf(average, modifier, msg_start, len(result))
/projects/mlippincott@xsede.org/software/anaconda/envs/Interstellar_python/lib/python3.10/site-packages/sklearn/metrics/_classification.py:1471: UndefinedMetricWarning: Precision and F-score are ill-defined and being set to 0.0 in labels with no predicted samples. Use `zero_division` parameter to control this behavior.
  _warn_prf(average, modifier, msg_start, len(result))
/gpfs/alpine1/scratch/mlippincott@xsede.org/Interstellar_Analysis/4.sc_Morphology_Neural_Network_MLP_Model/1.model_training/scripts/train_multiclass_model.py:890: SettingWithCopyWarning:
A value is trying to be set on a copy of a slice from a DataFrame.
Try using .loc[row_indexer,col_indexer] = value instead

See the caveats in the documentation: https://pandas.pydata.org/pandas-docs/stable/user_guide/indexing.html#returning-a-view-versus-a-copy
  df_labels["new_labels"] = df_labels["new_labels"].astype(str)
/gpfs/alpine1/scratch/mlippincott@xsede.org/Interstellar_Analysis/4.sc_Morphology_Neural_Network_MLP_Model/1.model_training/scripts/train_multiclass_model.py:1001: FutureWarning: The behavior of DataFrame concatenation with empty or all-NA entries is deprecated. In a future version, this will no longer exclude empty or all-NA columns when determining the result dtypes. To retain the old behavior, exclude the relevant entries before the concat operation.
  pr_curve_df = pd.concat([pr_curve_df, pr_curve_0, pr_curve_1, pr_curve_2])
/gpfs/alpine1/scratch/mlippincott@xsede.org/Interstellar_Analysis/4.sc_Morphology_Neural_Network_MLP_Model/1.model_training/scripts/train_multiclass_model.py:1007: SettingWithCopyWarning:
A value is trying to be set on a copy of a slice from a DataFrame

See the caveats in the documentation: https://pandas.pydata.org/pandas-docs/stable/user_guide/indexing.html#returning-a-view-versus-a-copy
  tmp_df.drop_duplicates(inplace=True)
/projects/mlippincott@xsede.org/software/anaconda/envs/Interstellar_python/lib/python3.10/site-packages/sklearn/metrics/_classification.py:1471: UndefinedMetricWarning: Recall and F-score are ill-defined and being set to 0.0 in labels with no true samples. Use `zero_division` parameter to control this behavior.
  _warn_prf(average, modifier, msg_start, len(result))
/projects/mlippincott@xsede.org/software/anaconda/envs/Interstellar_python/lib/python3.10/site-packages/sklearn/metrics/_classification.py:1471: UndefinedMetricWarning: Recall and F-score are ill-defined and being set to 0.0 in labels with no true samples. Use `zero_division` parameter to control this behavior.
  _warn_prf(average, modifier, msg_start, len(result))
/projects/mlippincott@xsede.org/software/anaconda/envs/Interstellar_python/lib/python3.10/site-packages/sklearn/metrics/_classification.py:1471: UndefinedMetricWarning: Recall and F-score are ill-defined and being set to 0.0 in labels with no true samples. Use `zero_division` parameter to control this behavior.
  _warn_prf(average, modifier, msg_start, len(result))
/projects/mlippincott@xsede.org/software/anaconda/envs/Interstellar_python/lib/python3.10/site-packages/sklearn/metrics/_classification.py:1471: UndefinedMetricWarning: Precision is ill-defined and being set to 0.0 due to no predicted samples. Use `zero_division` parameter to control this behavior.
  _warn_prf(average, modifier, msg_start, len(result))
/gpfs/alpine1/scratch/mlippincott@xsede.org/Interstellar_Analysis/4.sc_Morphology_Neural_Network_MLP_Model/1.model_training/scripts/train_multiclass_model.py:1174: FutureWarning: Series.__getitem__ treating keys as positions is deprecated. In a future version, integer keys will always be treated as labels (consistent with DataFrame behavior). To access a value by position, use `ser.iloc[pos]`
  confusion_matrix_df["apoptosis"] = confusion_matrix_df["apoptosis"] / sum_of_columns[0]
/gpfs/alpine1/scratch/mlippincott@xsede.org/Interstellar_Analysis/4.sc_Morphology_Neural_Network_MLP_Model/1.model_training/scripts/train_multiclass_model.py:1176: FutureWarning: Series.__getitem__ treating keys as positions is deprecated. In a future version, integer keys will always be treated as labels (consistent with DataFrame behavior). To access a value by position, use `ser.iloc[pos]`
  confusion_matrix_df["healthy"] = confusion_matrix_df["healthy"] / sum_of_columns[1]
/gpfs/alpine1/scratch/mlippincott@xsede.org/Interstellar_Analysis/4.sc_Morphology_Neural_Network_MLP_Model/1.model_training/scripts/train_multiclass_model.py:1179: FutureWarning: Series.__getitem__ treating keys as positions is deprecated. In a future version, integer keys will always be treated as labels (consistent with DataFrame behavior). To access a value by position, use `ser.iloc[pos]`
  confusion_matrix_df["pyroptosis"] / sum_of_columns[2]
/gpfs/alpine1/scratch/mlippincott@xsede.org/Interstellar_Analysis/4.sc_Morphology_Neural_Network_MLP_Model/1.model_training/scripts/train_multiclass_model.py:1204: FutureWarning: The behavior of DataFrame concatenation with empty or all-NA entries is deprecated. In a future version, this will no longer exclude empty or all-NA columns when determining the result dtypes. To retain the old behavior, exclude the relevant entries before the concat operation.
  data_split_conf_mat_df_all = pd.concat(
/projects/mlippincott@xsede.org/software/anaconda/envs/Interstellar_python/lib/python3.10/site-packages/sklearn/metrics/_classification.py:1471: UndefinedMetricWarning: Precision and F-score are ill-defined and being set to 0.0 in labels with no predicted samples. Use `zero_division` parameter to control this behavior.
  _warn_prf(average, modifier, msg_start, len(result))
/projects/mlippincott@xsede.org/software/anaconda/envs/Interstellar_python/lib/python3.10/site-packages/sklearn/metrics/_classification.py:1471: UndefinedMetricWarning: Precision and F-score are ill-defined and being set to 0.0 in labels with no predicted samples. Use `zero_division` parameter to control this behavior.
  _warn_prf(average, modifier, msg_start, len(result))
/projects/mlippincott@xsede.org/software/anaconda/envs/Interstellar_python/lib/python3.10/site-packages/sklearn/metrics/_classification.py:1471: UndefinedMetricWarning: Precision and F-score are ill-defined and being set to 0.0 in labels with no predicted samples. Use `zero_division` parameter to control this behavior.
  _warn_prf(average, modifier, msg_start, len(result))
/projects/mlippincott@xsede.org/software/anaconda/envs/Interstellar_python/lib/python3.10/site-packages/sklearn/metrics/_classification.py:1471: UndefinedMetricWarning: Precision and F-score are ill-defined and being set to 0.0 in labels with no predicted samples. Use `zero_division` parameter to control this behavior.
  _warn_prf(average, modifier, msg_start, len(result))
/projects/mlippincott@xsede.org/software/anaconda/envs/Interstellar_python/lib/python3.10/site-packages/sklearn/metrics/_classification.py:1471: UndefinedMetricWarning: Precision and F-score are ill-defined and being set to 0.0 in labels with no predicted samples. Use `zero_division` parameter to control this behavior.
  _warn_prf(average, modifier, msg_start, len(result))
/projects/mlippincott@xsede.org/software/anaconda/envs/Interstellar_python/lib/python3.10/site-packages/sklearn/metrics/_classification.py:1471: UndefinedMetricWarning: Precision and F-score are ill-defined and being set to 0.0 in labels with no predicted samples. Use `zero_division` parameter to control this behavior.
  _warn_prf(average, modifier, msg_start, len(result))
/gpfs/alpine1/scratch/mlippincott@xsede.org/Interstellar_Analysis/4.sc_Morphology_Neural_Network_MLP_Model/1.model_training/scripts/train_multiclass_model.py:1240: SettingWithCopyWarning:
A value is trying to be set on a copy of a slice from a DataFrame.
Try using .loc[row_indexer,col_indexer] = value instead

See the caveats in the documentation: https://pandas.pydata.org/pandas-docs/stable/user_guide/indexing.html#returning-a-view-versus-a-copy
  df_labels["new_labels"] = df_labels["new_labels"].astype(str)
/projects/mlippincott@xsede.org/software/anaconda/envs/Interstellar_python/lib/python3.10/site-packages/sklearn/metrics/_ranking.py:980: UserWarning: No positive class found in y_true, recall is set to one for all thresholds.
  warnings.warn(
/projects/mlippincott@xsede.org/software/anaconda/envs/Interstellar_python/lib/python3.10/site-packages/sklearn/metrics/_ranking.py:980: UserWarning: No positive class found in y_true, recall is set to one for all thresholds.
  warnings.warn(
/gpfs/alpine1/scratch/mlippincott@xsede.org/Interstellar_Analysis/4.sc_Morphology_Neural_Network_MLP_Model/1.model_training/scripts/train_multiclass_model.py:1360: FutureWarning: The behavior of DataFrame concatenation with empty or all-NA entries is deprecated. In a future version, this will no longer exclude empty or all-NA columns when determining the result dtypes. To retain the old behavior, exclude the relevant entries before the concat operation.
  pr_curve_df = pd.concat([pr_curve_df, pr_curve_0, pr_curve_1, pr_curve_2])
/gpfs/alpine1/scratch/mlippincott@xsede.org/Interstellar_Analysis/4.sc_Morphology_Neural_Network_MLP_Model/1.model_training/scripts/train_multiclass_model.py:1366: SettingWithCopyWarning:
A value is trying to be set on a copy of a slice from a DataFrame

See the caveats in the documentation: https://pandas.pydata.org/pandas-docs/stable/user_guide/indexing.html#returning-a-view-versus-a-copy
  tmp_df.drop_duplicates(inplace=True)
/projects/mlippincott@xsede.org/software/anaconda/envs/Interstellar_python/lib/python3.10/site-packages/sklearn/metrics/_classification.py:1471: UndefinedMetricWarning: Precision and F-score are ill-defined and being set to 0.0 in labels with no predicted samples. Use `zero_division` parameter to control this behavior.
  _warn_prf(average, modifier, msg_start, len(result))
/projects/mlippincott@xsede.org/software/anaconda/envs/Interstellar_python/lib/python3.10/site-packages/sklearn/metrics/_classification.py:1471: UndefinedMetricWarning: Precision and F-score are ill-defined and being set to 0.0 in labels with no predicted samples. Use `zero_division` parameter to control this behavior.
  _warn_prf(average, modifier, msg_start, len(result))
/projects/mlippincott@xsede.org/software/anaconda/envs/Interstellar_python/lib/python3.10/site-packages/sklearn/metrics/_classification.py:1471: UndefinedMetricWarning: Precision and F-score are ill-defined and being set to 0.0 in labels with no predicted samples. Use `zero_division` parameter to control this behavior.
  _warn_prf(average, modifier, msg_start, len(result))
/projects/mlippincott@xsede.org/software/anaconda/envs/Interstellar_python/lib/python3.10/site-packages/sklearn/metrics/_classification.py:1471: UndefinedMetricWarning: Precision is ill-defined and being set to 0.0 due to no predicted samples. Use `zero_division` parameter to control this behavior.
  _warn_prf(average, modifier, msg_start, len(result))
/projects/mlippincott@xsede.org/software/anaconda/envs/Interstellar_python/lib/python3.10/site-packages/sklearn/metrics/_classification.py:1471: UndefinedMetricWarning: Recall is ill-defined and being set to 0.0 due to no true samples. Use `zero_division` parameter to control this behavior.
  _warn_prf(average, modifier, msg_start, len(result))
/projects/mlippincott@xsede.org/software/anaconda/envs/Interstellar_python/lib/python3.10/site-packages/sklearn/metrics/_classification.py:1471: UndefinedMetricWarning: Recall is ill-defined and being set to 0.0 due to no true samples. Use `zero_division` parameter to control this behavior.
  _warn_prf(average, modifier, msg_start, len(result))
/projects/mlippincott@xsede.org/software/anaconda/envs/Interstellar_python/lib/python3.10/site-packages/sklearn/metrics/_ranking.py:1133: UndefinedMetricWarning: No positive samples in y_true, true positive value should be meaningless
  warnings.warn(
/projects/mlippincott@xsede.org/software/anaconda/envs/Interstellar_python/lib/python3.10/site-packages/sklearn/metrics/_ranking.py:1133: UndefinedMetricWarning: No positive samples in y_true, true positive value should be meaningless
  warnings.warn(
/projects/mlippincott@xsede.org/software/anaconda/envs/Interstellar_python/lib/python3.10/site-packages/sklearn/metrics/_ranking.py:1124: UndefinedMetricWarning: No negative samples in y_true, false positive value should be meaningless
  warnings.warn(
/projects/mlippincott@xsede.org/software/anaconda/envs/Interstellar_python/lib/python3.10/site-packages/sklearn/metrics/_classification.py:1471: UndefinedMetricWarning: Recall and F-score are ill-defined and being set to 0.0 in labels with no true samples. Use `zero_division` parameter to control this behavior.
  _warn_prf(average, modifier, msg_start, len(result))
/projects/mlippincott@xsede.org/software/anaconda/envs/Interstellar_python/lib/python3.10/site-packages/sklearn/metrics/_classification.py:1471: UndefinedMetricWarning: Recall and F-score are ill-defined and being set to 0.0 in labels with no true samples. Use `zero_division` parameter to control this behavior.
  _warn_prf(average, modifier, msg_start, len(result))
/projects/mlippincott@xsede.org/software/anaconda/envs/Interstellar_python/lib/python3.10/site-packages/sklearn/metrics/_classification.py:1471: UndefinedMetricWarning: Recall and F-score are ill-defined and being set to 0.0 in labels with no true samples. Use `zero_division` parameter to control this behavior.
  _warn_prf(average, modifier, msg_start, len(result))
/projects/mlippincott@xsede.org/software/anaconda/envs/Interstellar_python/lib/python3.10/site-packages/sklearn/metrics/_classification.py:1471: UndefinedMetricWarning: Recall and F-score are ill-defined and being set to 0.0 in labels with no true samples. Use `zero_division` parameter to control this behavior.
  _warn_prf(average, modifier, msg_start, len(result))
/projects/mlippincott@xsede.org/software/anaconda/envs/Interstellar_python/lib/python3.10/site-packages/sklearn/metrics/_classification.py:1471: UndefinedMetricWarning: Recall and F-score are ill-defined and being set to 0.0 in labels with no true samples. Use `zero_division` parameter to control this behavior.
  _warn_prf(average, modifier, msg_start, len(result))
/projects/mlippincott@xsede.org/software/anaconda/envs/Interstellar_python/lib/python3.10/site-packages/sklearn/metrics/_classification.py:1471: UndefinedMetricWarning: Recall and F-score are ill-defined and being set to 0.0 in labels with no true samples. Use `zero_division` parameter to control this behavior.
  _warn_prf(average, modifier, msg_start, len(result))
/gpfs/alpine1/scratch/mlippincott@xsede.org/Interstellar_Analysis/4.sc_Morphology_Neural_Network_MLP_Model/1.model_training/scripts/train_multiclass_model.py:1548: SettingWithCopyWarning:
A value is trying to be set on a copy of a slice from a DataFrame.
Try using .loc[row_indexer,col_indexer] = value instead

See the caveats in the documentation: https://pandas.pydata.org/pandas-docs/stable/user_guide/indexing.html#returning-a-view-versus-a-copy
  df_labels["new_labels"] = df_labels["new_labels"].astype(str)
/gpfs/alpine1/scratch/mlippincott@xsede.org/Interstellar_Analysis/4.sc_Morphology_Neural_Network_MLP_Model/1.model_training/scripts/train_multiclass_model.py:1665: FutureWarning: The behavior of DataFrame concatenation with empty or all-NA entries is deprecated. In a future version, this will no longer exclude empty or all-NA columns when determining the result dtypes. To retain the old behavior, exclude the relevant entries before the concat operation.
  pr_curve_df = pd.concat([pr_curve_df, pr_curve_0, pr_curve_1, pr_curve_2])
/gpfs/alpine1/scratch/mlippincott@xsede.org/Interstellar_Analysis/4.sc_Morphology_Neural_Network_MLP_Model/1.model_training/scripts/train_multiclass_model.py:1671: SettingWithCopyWarning:
A value is trying to be set on a copy of a slice from a DataFrame

See the caveats in the documentation: https://pandas.pydata.org/pandas-docs/stable/user_guide/indexing.html#returning-a-view-versus-a-copy
  tmp_df.drop_duplicates(inplace=True)
/projects/mlippincott@xsede.org/software/anaconda/envs/Interstellar_python/lib/python3.10/site-packages/sklearn/metrics/_classification.py:1471: UndefinedMetricWarning: Recall and F-score are ill-defined and being set to 0.0 in labels with no true samples. Use `zero_division` parameter to control this behavior.
  _warn_prf(average, modifier, msg_start, len(result))
/projects/mlippincott@xsede.org/software/anaconda/envs/Interstellar_python/lib/python3.10/site-packages/sklearn/metrics/_classification.py:1471: UndefinedMetricWarning: Recall and F-score are ill-defined and being set to 0.0 in labels with no true samples. Use `zero_division` parameter to control this behavior.
  _warn_prf(average, modifier, msg_start, len(result))
/projects/mlippincott@xsede.org/software/anaconda/envs/Interstellar_python/lib/python3.10/site-packages/sklearn/metrics/_classification.py:1471: UndefinedMetricWarning: Recall and F-score are ill-defined and being set to 0.0 in labels with no true samples. Use `zero_division` parameter to control this behavior.
  _warn_prf(average, modifier, msg_start, len(result))
/projects/mlippincott@xsede.org/software/anaconda/envs/Interstellar_python/lib/python3.10/site-packages/sklearn/metrics/_classification.py:1471: UndefinedMetricWarning: Precision is ill-defined and being set to 0.0 due to no predicted samples. Use `zero_division` parameter to control this behavior.
  _warn_prf(average, modifier, msg_start, len(result))
/gpfs/alpine1/scratch/mlippincott@xsede.org/Interstellar_Analysis/4.sc_Morphology_Neural_Network_MLP_Model/1.model_training/scripts/train_multiclass_model.py:1820: FutureWarning: Series.__getitem__ treating keys as positions is deprecated. In a future version, integer keys will always be treated as labels (consistent with DataFrame behavior). To access a value by position, use `ser.iloc[pos]`
  confusion_matrix_df["apoptosis"] = confusion_matrix_df["apoptosis"] / sum_of_columns[0]
/gpfs/alpine1/scratch/mlippincott@xsede.org/Interstellar_Analysis/4.sc_Morphology_Neural_Network_MLP_Model/1.model_training/scripts/train_multiclass_model.py:1822: FutureWarning: Series.__getitem__ treating keys as positions is deprecated. In a future version, integer keys will always be treated as labels (consistent with DataFrame behavior). To access a value by position, use `ser.iloc[pos]`
  confusion_matrix_df["healthy"] = confusion_matrix_df["healthy"] / sum_of_columns[1]
/gpfs/alpine1/scratch/mlippincott@xsede.org/Interstellar_Analysis/4.sc_Morphology_Neural_Network_MLP_Model/1.model_training/scripts/train_multiclass_model.py:1825: FutureWarning: Series.__getitem__ treating keys as positions is deprecated. In a future version, integer keys will always be treated as labels (consistent with DataFrame behavior). To access a value by position, use `ser.iloc[pos]`
  confusion_matrix_df["pyroptosis"] / sum_of_columns[2]
/projects/mlippincott@xsede.org/software/anaconda/envs/Interstellar_python/lib/python3.10/site-packages/sklearn/metrics/_classification.py:1471: UndefinedMetricWarning: Precision and F-score are ill-defined and being set to 0.0 in labels with no predicted samples. Use `zero_division` parameter to control this behavior.
  _warn_prf(average, modifier, msg_start, len(result))
/projects/mlippincott@xsede.org/software/anaconda/envs/Interstellar_python/lib/python3.10/site-packages/sklearn/metrics/_classification.py:1471: UndefinedMetricWarning: Precision and F-score are ill-defined and being set to 0.0 in labels with no predicted samples. Use `zero_division` parameter to control this behavior.
  _warn_prf(average, modifier, msg_start, len(result))
/projects/mlippincott@xsede.org/software/anaconda/envs/Interstellar_python/lib/python3.10/site-packages/sklearn/metrics/_classification.py:1471: UndefinedMetricWarning: Precision and F-score are ill-defined and being set to 0.0 in labels with no predicted samples. Use `zero_division` parameter to control this behavior.
  _warn_prf(average, modifier, msg_start, len(result))
/projects/mlippincott@xsede.org/software/anaconda/envs/Interstellar_python/lib/python3.10/site-packages/sklearn/metrics/_classification.py:1471: UndefinedMetricWarning: Precision and F-score are ill-defined and being set to 0.0 in labels with no predicted samples. Use `zero_division` parameter to control this behavior.
  _warn_prf(average, modifier, msg_start, len(result))
/projects/mlippincott@xsede.org/software/anaconda/envs/Interstellar_python/lib/python3.10/site-packages/sklearn/metrics/_classification.py:1471: UndefinedMetricWarning: Precision and F-score are ill-defined and being set to 0.0 in labels with no predicted samples. Use `zero_division` parameter to control this behavior.
  _warn_prf(average, modifier, msg_start, len(result))
/projects/mlippincott@xsede.org/software/anaconda/envs/Interstellar_python/lib/python3.10/site-packages/sklearn/metrics/_classification.py:1471: UndefinedMetricWarning: Precision and F-score are ill-defined and being set to 0.0 in labels with no predicted samples. Use `zero_division` parameter to control this behavior.
  _warn_prf(average, modifier, msg_start, len(result))
/gpfs/alpine1/scratch/mlippincott@xsede.org/Interstellar_Analysis/4.sc_Morphology_Neural_Network_MLP_Model/1.model_training/scripts/train_multiclass_model.py:1896: SettingWithCopyWarning:
A value is trying to be set on a copy of a slice from a DataFrame.
Try using .loc[row_indexer,col_indexer] = value instead

See the caveats in the documentation: https://pandas.pydata.org/pandas-docs/stable/user_guide/indexing.html#returning-a-view-versus-a-copy
  df_labels["new_labels"] = df_labels["new_labels"].astype(str)
PBMC MultiClass_MLP True
[0.9436581681188537, 0.5416430152668075, 0.5146988166143389]
Data Subset Is Off
(1411998,) (353000,) (1877429,) 3642427     858323
3642428     858324
3642429     858325
3642430     858326
3642431     858327
            ...
4061834    5498161
4061835    5498162
4061836    5498163
4061837    5498164
4061838    5498165
Name: labeled_data_index, Length: 419412, dtype: int64 (1536843,)
(1411998,) (353000,) (1877429,) 3642427     858323
3642428     858324
3642429     858325
3642430     858326
3642431     858327
            ...
4061834    5498161
4061835    5498162
4061836    5498163
4061837    5498164
4061838    5498165
Name: labeled_data_index, Length: 419412, dtype: int64 (1536843,)
5598682
(95928,) (722887,) (593183,)
(23982,) (180722,) (148296,)
(119911,) (903609,) (853909,)
(0,) (0,) (419412,)
(75619,) (758977,) (702247,)
(1411998, 1245) (353000, 1245) (1877429, 1245) (419412, 1245) (1536843, 1245)
(1411998,) (353000,) (1877429,) (419412,) (1536843,)
Shuffling Data
3
Number of in features:  1245
Number of out features:  3
Multi_Class
Adam
Epoch 0: Validation loss decreased (inf --> 0.537161).  Saving model ...
	 Train_Loss: 0.5385 Train_Acc: 0.000 Val_Loss: 0.5372  BEST VAL Loss: 0.5372  Val_Acc: 0.000

Epoch 1: Validation loss decreased (0.537161 --> 0.537133).  Saving model ...
	 Train_Loss: 0.5379 Train_Acc: 0.000 Val_Loss: 0.5371  BEST VAL Loss: 0.5371  Val_Acc: 0.000

Epoch 2: Validation loss did not decrease
	 Train_Loss: 0.5377 Train_Acc: 0.000 Val_Loss: 0.5372  BEST VAL Loss: 0.5371  Val_Acc: 0.000

Epoch 3: Validation loss decreased (0.537133 --> 0.537085).  Saving model ...
	 Train_Loss: 0.5375 Train_Acc: 0.000 Val_Loss: 0.5371  BEST VAL Loss: 0.5371  Val_Acc: 0.000

Epoch 4: Validation loss decreased (0.537085 --> 0.536998).  Saving model ...
	 Train_Loss: 0.5374 Train_Acc: 0.000 Val_Loss: 0.5370  BEST VAL Loss: 0.5370  Val_Acc: 0.000

Epoch 5: Validation loss decreased (0.536998 --> 0.536883).  Saving model ...
	 Train_Loss: 0.5373 Train_Acc: 0.000 Val_Loss: 0.5369  BEST VAL Loss: 0.5369  Val_Acc: 0.000

Epoch 6: Validation loss did not decrease
	 Train_Loss: 0.5372 Train_Acc: 0.000 Val_Loss: 0.5371  BEST VAL Loss: 0.5369  Val_Acc: 0.000

Epoch 7: Validation loss did not decrease
	 Train_Loss: 0.5370 Train_Acc: 0.000 Val_Loss: 0.5372  BEST VAL Loss: 0.5369  Val_Acc: 0.000

Epoch 8: Validation loss did not decrease
	 Train_Loss: 0.5368 Train_Acc: 0.000 Val_Loss: 0.5373  BEST VAL Loss: 0.5369  Val_Acc: 0.000

Epoch 9: Validation loss did not decrease
	 Train_Loss: 0.5366 Train_Acc: 0.000 Val_Loss: 0.5378  BEST VAL Loss: 0.5369  Val_Acc: 0.000

Epoch 10: Validation loss did not decrease
	 Train_Loss: 0.5364 Train_Acc: 0.000 Val_Loss: 0.5382  BEST VAL Loss: 0.5369  Val_Acc: 0.000

Epoch 11: Validation loss did not decrease
	 Train_Loss: 0.5362 Train_Acc: 0.000 Val_Loss: 0.5401  BEST VAL Loss: 0.5369  Val_Acc: 0.000

Epoch 12: Validation loss did not decrease
	 Train_Loss: 0.5360 Train_Acc: 0.000 Val_Loss: 0.5402  BEST VAL Loss: 0.5369  Val_Acc: 0.000

Epoch 13: Validation loss did not decrease
	 Train_Loss: 0.5357 Train_Acc: 0.000 Val_Loss: 0.5427  BEST VAL Loss: 0.5369  Val_Acc: 0.000

Epoch 14: Validation loss did not decrease
	 Train_Loss: 0.5355 Train_Acc: 0.000 Val_Loss: 0.5428  BEST VAL Loss: 0.5369  Val_Acc: 0.000

Epoch 15: Validation loss did not decrease
	 Train_Loss: 0.5353 Train_Acc: 0.000 Val_Loss: 0.5427  BEST VAL Loss: 0.5369  Val_Acc: 0.000

Epoch 16: Validation loss did not decrease
	 Train_Loss: 0.5350 Train_Acc: 0.000 Val_Loss: 0.5428  BEST VAL Loss: 0.5369  Val_Acc: 0.000

Epoch 17: Validation loss did not decrease
	 Train_Loss: 0.5348 Train_Acc: 0.000 Val_Loss: 0.5431  BEST VAL Loss: 0.5369  Val_Acc: 0.000

Epoch 18: Validation loss did not decrease
	 Train_Loss: 0.5346 Train_Acc: 0.000 Val_Loss: 0.5438  BEST VAL Loss: 0.5369  Val_Acc: 0.000

Epoch 19: Validation loss did not decrease
	 Train_Loss: 0.5343 Train_Acc: 0.000 Val_Loss: 0.5439  BEST VAL Loss: 0.5369  Val_Acc: 0.000

Epoch 20: Validation loss did not decrease
	 Train_Loss: 0.5341 Train_Acc: 0.000 Val_Loss: 0.5441  BEST VAL Loss: 0.5369  Val_Acc: 0.000

Epoch 21: Validation loss did not decrease
Early stopped at epoch : 21
MultiClass_MLP_shuffle
              precision    recall  f1-score   support

           0       0.00      0.00      0.00     95928
           1       0.51      1.00      0.68    722887
           2       0.45      0.00      0.01    593183

    accuracy                           0.51   1411998
   macro avg       0.32      0.33      0.23   1411998
weighted avg       0.45      0.51      0.35   1411998

MultiClass_MLP_shuffle
              precision    recall  f1-score   support

           0       0.00      0.00      0.00     23982
           1       0.51      1.00      0.68    180722
           2       0.59      0.00      0.01    148296

    accuracy                           0.51    353000
   macro avg       0.37      0.33      0.23    353000
weighted avg       0.51      0.51      0.35    353000

MultiClass_MLP_shuffle
              precision    recall  f1-score   support

           0       0.00      0.00      0.00         0
           1       1.00      0.48      0.65   1872016
           2       0.00      0.61      0.01      5413

    accuracy                           0.48   1877429
   macro avg       0.33      0.36      0.22   1877429
weighted avg       1.00      0.48      0.65   1877429

Precision for class 0: 0.0
Recall for class 0: 0.0
Precision for class 1: 0.48177045495337645
Recall for class 1: 0.9980887751228684
Precision for class 2: 0.6111213744688713
Recall for class 2: 0.0038739490976204723
3
              precision    recall  f1-score   support

           0       0.00      0.00      0.00    119911
           1       0.48      1.00      0.65    903609
           2       0.61      0.00      0.01    853909

    accuracy                           0.48   1877429
   macro avg       0.36      0.33      0.22   1877429
weighted avg       0.51      0.48      0.32   1877429

MultiClass_MLP_shuffle
              precision    recall  f1-score   support

           1       0.00      0.00      0.00    417982
           2       0.00      1.00      0.01      1430

    accuracy                           0.00    419412
   macro avg       0.00      0.50      0.00    419412
weighted avg       0.00      0.00      0.00    419412

Precision for class 0: 0.0
Recall for class 0: 0.0
Precision for class 1: 0.0
Recall for class 1: 0.0
Precision for class 2: 1.0
Recall for class 2: 0.0034095352541176696
3
              precision    recall  f1-score   support

           1       0.00      0.00      0.00         0
           2       1.00      0.00      0.01    419412

    accuracy                           0.00    419412
   macro avg       0.50      0.00      0.00    419412
weighted avg       1.00      0.00      0.01    419412

MultiClass_MLP_shuffle
              precision    recall  f1-score   support

           0       0.00      0.00      0.00         0
           1       1.00      0.49      0.66   1532085
           2       0.00      0.58      0.01      4758

    accuracy                           0.49   1536843
   macro avg       0.33      0.36      0.22   1536843
weighted avg       0.99      0.49      0.66   1536843

Precision for class 0: 0.0
Recall for class 0: 0.0
Precision for class 1: 0.49425978323656977
Recall for class 1: 0.9977219336027311
Precision for class 2: 0.5792349726775956
Recall for class 2: 0.003924545067476259
3
              precision    recall  f1-score   support

           0       0.00      0.00      0.00     75619
           1       0.49      1.00      0.66    758977
           2       0.58      0.00      0.01    702247

    accuracy                           0.49   1536843
   macro avg       0.36      0.33      0.22   1536843
weighted avg       0.51      0.49      0.33   1536843

Done
