[NbConvertApp] WARNING | Config option `kernel_spec_manager_class` not recognized by `NbConvertApp`.
[NbConvertApp] Converting notebook ../notebooks/train_binary_model.ipynb to script
[NbConvertApp] Writing 18688 bytes to train_binary_model.py
[NbConvertApp] Converting notebook ../notebooks/train_multiclass_model.ipynb to script
[NbConvertApp] Writing 57482 bytes to train_multiclass_model.py
[NbConvertApp] Converting notebook ../notebooks/train_regression_model.ipynb to script
[NbConvertApp] Writing 25120 bytes to train_regression_model.py
/gpfs/alpine1/scratch/mlippincott@xsede.org/Interstellar_Analysis/4.sc_Morphology_Neural_Network_MLP_Model/1.model_training/scripts/train_multiclass_model.py:252: SettingWithCopyWarning:
A value is trying to be set on a copy of a slice from a DataFrame.
Try using .loc[row_indexer,col_indexer] = value instead

See the caveats in the documentation: https://pandas.pydata.org/pandas-docs/stable/user_guide/indexing.html#returning-a-view-versus-a-copy
  df_descriptive["labels"] = df1["labels"]
/gpfs/alpine1/scratch/mlippincott@xsede.org/Interstellar_Analysis/4.sc_Morphology_Neural_Network_MLP_Model/1.model_training/scripts/train_multiclass_model.py:279: SettingWithCopyWarning:
A value is trying to be set on a copy of a slice from a DataFrame

See the caveats in the documentation: https://pandas.pydata.org/pandas-docs/stable/user_guide/indexing.html#returning-a-view-versus-a-copy
  df_labels.drop_duplicates(inplace=True)
/gpfs/alpine1/scratch/mlippincott@xsede.org/Interstellar_Analysis/4.sc_Morphology_Neural_Network_MLP_Model/1.model_training/scripts/train_multiclass_model.py:387: SettingWithCopyWarning:
A value is trying to be set on a copy of a slice from a DataFrame.
Try using .loc[row_indexer,col_indexer] = value instead

See the caveats in the documentation: https://pandas.pydata.org/pandas-docs/stable/user_guide/indexing.html#returning-a-view-versus-a-copy
  X_train[column] = np.random.permutation(X_train[column].values)
/gpfs/alpine1/scratch/mlippincott@xsede.org/Interstellar_Analysis/4.sc_Morphology_Neural_Network_MLP_Model/1.model_training/scripts/../../MLP_utils/utils.py:1018: UserWarning: Ignoring `palette` because no `hue` variable has been assigned.
  sns.lineplot(x=df[x], y=df[y1], palette="blue", label="Train")
/gpfs/alpine1/scratch/mlippincott@xsede.org/Interstellar_Analysis/4.sc_Morphology_Neural_Network_MLP_Model/1.model_training/scripts/../../MLP_utils/utils.py:1019: UserWarning: Ignoring `palette` because no `hue` variable has been assigned.
  sns.lineplot(x=df[x], y=df[y2], palette="orange", label="Validation")
/gpfs/alpine1/scratch/mlippincott@xsede.org/Interstellar_Analysis/4.sc_Morphology_Neural_Network_MLP_Model/1.model_training/scripts/../../MLP_utils/utils.py:1018: UserWarning: Ignoring `palette` because no `hue` variable has been assigned.
  sns.lineplot(x=df[x], y=df[y1], palette="blue", label="Train")
/gpfs/alpine1/scratch/mlippincott@xsede.org/Interstellar_Analysis/4.sc_Morphology_Neural_Network_MLP_Model/1.model_training/scripts/../../MLP_utils/utils.py:1019: UserWarning: Ignoring `palette` because no `hue` variable has been assigned.
  sns.lineplot(x=df[x], y=df[y2], palette="orange", label="Validation")
/gpfs/alpine1/scratch/mlippincott@xsede.org/Interstellar_Analysis/4.sc_Morphology_Neural_Network_MLP_Model/1.model_training/scripts/train_multiclass_model.py:663: FutureWarning: The behavior of DataFrame concatenation with empty or all-NA entries is deprecated. In a future version, this will no longer exclude empty or all-NA columns when determining the result dtypes. To retain the old behavior, exclude the relevant entries before the concat operation.
  pr_curve_df = pd.concat([pr_curve_df, pr_curve_0, pr_curve_1, pr_curve_2])
/gpfs/alpine1/scratch/mlippincott@xsede.org/Interstellar_Analysis/4.sc_Morphology_Neural_Network_MLP_Model/1.model_training/scripts/train_multiclass_model.py:668: SettingWithCopyWarning:
A value is trying to be set on a copy of a slice from a DataFrame

See the caveats in the documentation: https://pandas.pydata.org/pandas-docs/stable/user_guide/indexing.html#returning-a-view-versus-a-copy
  tmp_df.drop_duplicates(inplace=True)
/gpfs/alpine1/scratch/mlippincott@xsede.org/Interstellar_Analysis/4.sc_Morphology_Neural_Network_MLP_Model/1.model_training/scripts/train_multiclass_model.py:720: FutureWarning: The behavior of DataFrame concatenation with empty or all-NA entries is deprecated. In a future version, this will no longer exclude empty or all-NA columns when determining the result dtypes. To retain the old behavior, exclude the relevant entries before the concat operation.
  main_prob_df = pd.concat([main_prob_df, prob_df])
/gpfs/alpine1/scratch/mlippincott@xsede.org/Interstellar_Analysis/4.sc_Morphology_Neural_Network_MLP_Model/1.model_training/scripts/train_multiclass_model.py:731: FutureWarning: The behavior of DataFrame concatenation with empty or all-NA entries is deprecated. In a future version, this will no longer exclude empty or all-NA columns when determining the result dtypes. To retain the old behavior, exclude the relevant entries before the concat operation.
  pr_curve_df_all = pd.concat([pr_curve_df_all, pr_curve_df], axis=0)
/projects/mlippincott@xsede.org/software/anaconda/envs/Interstellar_python/lib/python3.10/site-packages/sklearn/metrics/_classification.py:1471: UndefinedMetricWarning: Precision and F-score are ill-defined and being set to 0.0 in labels with no predicted samples. Use `zero_division` parameter to control this behavior.
  _warn_prf(average, modifier, msg_start, len(result))
/projects/mlippincott@xsede.org/software/anaconda/envs/Interstellar_python/lib/python3.10/site-packages/sklearn/metrics/_classification.py:1471: UndefinedMetricWarning: Precision and F-score are ill-defined and being set to 0.0 in labels with no predicted samples. Use `zero_division` parameter to control this behavior.
  _warn_prf(average, modifier, msg_start, len(result))
/projects/mlippincott@xsede.org/software/anaconda/envs/Interstellar_python/lib/python3.10/site-packages/sklearn/metrics/_classification.py:1471: UndefinedMetricWarning: Precision and F-score are ill-defined and being set to 0.0 in labels with no predicted samples. Use `zero_division` parameter to control this behavior.
  _warn_prf(average, modifier, msg_start, len(result))
/projects/mlippincott@xsede.org/software/anaconda/envs/Interstellar_python/lib/python3.10/site-packages/sklearn/metrics/_classification.py:1471: UndefinedMetricWarning: Precision and F-score are ill-defined and being set to 0.0 in labels with no predicted samples. Use `zero_division` parameter to control this behavior.
  _warn_prf(average, modifier, msg_start, len(result))
/projects/mlippincott@xsede.org/software/anaconda/envs/Interstellar_python/lib/python3.10/site-packages/sklearn/metrics/_classification.py:1471: UndefinedMetricWarning: Precision and F-score are ill-defined and being set to 0.0 in labels with no predicted samples. Use `zero_division` parameter to control this behavior.
  _warn_prf(average, modifier, msg_start, len(result))
/projects/mlippincott@xsede.org/software/anaconda/envs/Interstellar_python/lib/python3.10/site-packages/sklearn/metrics/_classification.py:1471: UndefinedMetricWarning: Precision and F-score are ill-defined and being set to 0.0 in labels with no predicted samples. Use `zero_division` parameter to control this behavior.
  _warn_prf(average, modifier, msg_start, len(result))
/gpfs/alpine1/scratch/mlippincott@xsede.org/Interstellar_Analysis/4.sc_Morphology_Neural_Network_MLP_Model/1.model_training/scripts/train_multiclass_model.py:796: SettingWithCopyWarning:
A value is trying to be set on a copy of a slice from a DataFrame.
Try using .loc[row_indexer,col_indexer] = value instead

See the caveats in the documentation: https://pandas.pydata.org/pandas-docs/stable/user_guide/indexing.html#returning-a-view-versus-a-copy
  df_labels["new_labels"] = df_labels["new_labels"].astype(str)
/gpfs/alpine1/scratch/mlippincott@xsede.org/Interstellar_Analysis/4.sc_Morphology_Neural_Network_MLP_Model/1.model_training/scripts/train_multiclass_model.py:810: FutureWarning: The behavior of DataFrame concatenation with empty or all-NA entries is deprecated. In a future version, this will no longer exclude empty or all-NA columns when determining the result dtypes. To retain the old behavior, exclude the relevant entries before the concat operation.
  model_stats_df = pd.concat([model_stats_df, stats_df], axis=0)
/gpfs/alpine1/scratch/mlippincott@xsede.org/Interstellar_Analysis/4.sc_Morphology_Neural_Network_MLP_Model/1.model_training/scripts/train_multiclass_model.py:907: FutureWarning: The behavior of DataFrame concatenation with empty or all-NA entries is deprecated. In a future version, this will no longer exclude empty or all-NA columns when determining the result dtypes. To retain the old behavior, exclude the relevant entries before the concat operation.
  pr_curve_df = pd.concat([pr_curve_df, pr_curve_0, pr_curve_1, pr_curve_2])
/gpfs/alpine1/scratch/mlippincott@xsede.org/Interstellar_Analysis/4.sc_Morphology_Neural_Network_MLP_Model/1.model_training/scripts/train_multiclass_model.py:913: SettingWithCopyWarning:
A value is trying to be set on a copy of a slice from a DataFrame

See the caveats in the documentation: https://pandas.pydata.org/pandas-docs/stable/user_guide/indexing.html#returning-a-view-versus-a-copy
  tmp_df.drop_duplicates(inplace=True)
/projects/mlippincott@xsede.org/software/anaconda/envs/Interstellar_python/lib/python3.10/site-packages/sklearn/metrics/_classification.py:1471: UndefinedMetricWarning: Precision and F-score are ill-defined and being set to 0.0 in labels with no predicted samples. Use `zero_division` parameter to control this behavior.
  _warn_prf(average, modifier, msg_start, len(result))
/projects/mlippincott@xsede.org/software/anaconda/envs/Interstellar_python/lib/python3.10/site-packages/sklearn/metrics/_classification.py:1471: UndefinedMetricWarning: Precision and F-score are ill-defined and being set to 0.0 in labels with no predicted samples. Use `zero_division` parameter to control this behavior.
  _warn_prf(average, modifier, msg_start, len(result))
/projects/mlippincott@xsede.org/software/anaconda/envs/Interstellar_python/lib/python3.10/site-packages/sklearn/metrics/_classification.py:1471: UndefinedMetricWarning: Precision and F-score are ill-defined and being set to 0.0 in labels with no predicted samples. Use `zero_division` parameter to control this behavior.
  _warn_prf(average, modifier, msg_start, len(result))
/projects/mlippincott@xsede.org/software/anaconda/envs/Interstellar_python/lib/python3.10/site-packages/sklearn/metrics/_classification.py:1471: UndefinedMetricWarning: Precision and F-score are ill-defined and being set to 0.0 in labels with no predicted samples. Use `zero_division` parameter to control this behavior.
  _warn_prf(average, modifier, msg_start, len(result))
/projects/mlippincott@xsede.org/software/anaconda/envs/Interstellar_python/lib/python3.10/site-packages/sklearn/metrics/_classification.py:1471: UndefinedMetricWarning: Precision and F-score are ill-defined and being set to 0.0 in labels with no predicted samples. Use `zero_division` parameter to control this behavior.
  _warn_prf(average, modifier, msg_start, len(result))
/projects/mlippincott@xsede.org/software/anaconda/envs/Interstellar_python/lib/python3.10/site-packages/sklearn/metrics/_classification.py:1471: UndefinedMetricWarning: Precision and F-score are ill-defined and being set to 0.0 in labels with no predicted samples. Use `zero_division` parameter to control this behavior.
  _warn_prf(average, modifier, msg_start, len(result))
/gpfs/alpine1/scratch/mlippincott@xsede.org/Interstellar_Analysis/4.sc_Morphology_Neural_Network_MLP_Model/1.model_training/scripts/train_multiclass_model.py:991: SettingWithCopyWarning:
A value is trying to be set on a copy of a slice from a DataFrame.
Try using .loc[row_indexer,col_indexer] = value instead

See the caveats in the documentation: https://pandas.pydata.org/pandas-docs/stable/user_guide/indexing.html#returning-a-view-versus-a-copy
  df_labels["new_labels"] = df_labels["new_labels"].astype(str)
/gpfs/alpine1/scratch/mlippincott@xsede.org/Interstellar_Analysis/4.sc_Morphology_Neural_Network_MLP_Model/1.model_training/scripts/train_multiclass_model.py:1102: FutureWarning: The behavior of DataFrame concatenation with empty or all-NA entries is deprecated. In a future version, this will no longer exclude empty or all-NA columns when determining the result dtypes. To retain the old behavior, exclude the relevant entries before the concat operation.
  pr_curve_df = pd.concat([pr_curve_df, pr_curve_0, pr_curve_1, pr_curve_2])
/gpfs/alpine1/scratch/mlippincott@xsede.org/Interstellar_Analysis/4.sc_Morphology_Neural_Network_MLP_Model/1.model_training/scripts/train_multiclass_model.py:1108: SettingWithCopyWarning:
A value is trying to be set on a copy of a slice from a DataFrame

See the caveats in the documentation: https://pandas.pydata.org/pandas-docs/stable/user_guide/indexing.html#returning-a-view-versus-a-copy
  tmp_df.drop_duplicates(inplace=True)
/projects/mlippincott@xsede.org/software/anaconda/envs/Interstellar_python/lib/python3.10/site-packages/sklearn/metrics/_classification.py:1471: UndefinedMetricWarning: Recall and F-score are ill-defined and being set to 0.0 in labels with no true samples. Use `zero_division` parameter to control this behavior.
  _warn_prf(average, modifier, msg_start, len(result))
/projects/mlippincott@xsede.org/software/anaconda/envs/Interstellar_python/lib/python3.10/site-packages/sklearn/metrics/_classification.py:1471: UndefinedMetricWarning: Recall and F-score are ill-defined and being set to 0.0 in labels with no true samples. Use `zero_division` parameter to control this behavior.
  _warn_prf(average, modifier, msg_start, len(result))
/projects/mlippincott@xsede.org/software/anaconda/envs/Interstellar_python/lib/python3.10/site-packages/sklearn/metrics/_classification.py:1471: UndefinedMetricWarning: Recall and F-score are ill-defined and being set to 0.0 in labels with no true samples. Use `zero_division` parameter to control this behavior.
  _warn_prf(average, modifier, msg_start, len(result))
/projects/mlippincott@xsede.org/software/anaconda/envs/Interstellar_python/lib/python3.10/site-packages/sklearn/metrics/_classification.py:1471: UndefinedMetricWarning: Precision is ill-defined and being set to 0.0 due to no predicted samples. Use `zero_division` parameter to control this behavior.
  _warn_prf(average, modifier, msg_start, len(result))
/gpfs/alpine1/scratch/mlippincott@xsede.org/Interstellar_Analysis/4.sc_Morphology_Neural_Network_MLP_Model/1.model_training/scripts/train_multiclass_model.py:1303: FutureWarning: Series.__getitem__ treating keys as positions is deprecated. In a future version, integer keys will always be treated as labels (consistent with DataFrame behavior). To access a value by position, use `ser.iloc[pos]`
  confusion_matrix_df["apoptosis"] = confusion_matrix_df["apoptosis"] / sum_of_columns[0]
/gpfs/alpine1/scratch/mlippincott@xsede.org/Interstellar_Analysis/4.sc_Morphology_Neural_Network_MLP_Model/1.model_training/scripts/train_multiclass_model.py:1305: FutureWarning: Series.__getitem__ treating keys as positions is deprecated. In a future version, integer keys will always be treated as labels (consistent with DataFrame behavior). To access a value by position, use `ser.iloc[pos]`
  confusion_matrix_df["healthy"] = confusion_matrix_df["healthy"] / sum_of_columns[1]
/gpfs/alpine1/scratch/mlippincott@xsede.org/Interstellar_Analysis/4.sc_Morphology_Neural_Network_MLP_Model/1.model_training/scripts/train_multiclass_model.py:1308: FutureWarning: Series.__getitem__ treating keys as positions is deprecated. In a future version, integer keys will always be treated as labels (consistent with DataFrame behavior). To access a value by position, use `ser.iloc[pos]`
  confusion_matrix_df["pyroptosis"] / sum_of_columns[2]
/gpfs/alpine1/scratch/mlippincott@xsede.org/Interstellar_Analysis/4.sc_Morphology_Neural_Network_MLP_Model/1.model_training/scripts/train_multiclass_model.py:1333: FutureWarning: The behavior of DataFrame concatenation with empty or all-NA entries is deprecated. In a future version, this will no longer exclude empty or all-NA columns when determining the result dtypes. To retain the old behavior, exclude the relevant entries before the concat operation.
  data_split_conf_mat_df_all = pd.concat(
/projects/mlippincott@xsede.org/software/anaconda/envs/Interstellar_python/lib/python3.10/site-packages/sklearn/metrics/_classification.py:1471: UndefinedMetricWarning: Precision and F-score are ill-defined and being set to 0.0 in labels with no predicted samples. Use `zero_division` parameter to control this behavior.
  _warn_prf(average, modifier, msg_start, len(result))
/projects/mlippincott@xsede.org/software/anaconda/envs/Interstellar_python/lib/python3.10/site-packages/sklearn/metrics/_classification.py:1471: UndefinedMetricWarning: Precision and F-score are ill-defined and being set to 0.0 in labels with no predicted samples. Use `zero_division` parameter to control this behavior.
  _warn_prf(average, modifier, msg_start, len(result))
/projects/mlippincott@xsede.org/software/anaconda/envs/Interstellar_python/lib/python3.10/site-packages/sklearn/metrics/_classification.py:1471: UndefinedMetricWarning: Precision and F-score are ill-defined and being set to 0.0 in labels with no predicted samples. Use `zero_division` parameter to control this behavior.
  _warn_prf(average, modifier, msg_start, len(result))
/projects/mlippincott@xsede.org/software/anaconda/envs/Interstellar_python/lib/python3.10/site-packages/sklearn/metrics/_classification.py:1471: UndefinedMetricWarning: Precision and F-score are ill-defined and being set to 0.0 in labels with no predicted samples. Use `zero_division` parameter to control this behavior.
  _warn_prf(average, modifier, msg_start, len(result))
/projects/mlippincott@xsede.org/software/anaconda/envs/Interstellar_python/lib/python3.10/site-packages/sklearn/metrics/_classification.py:1471: UndefinedMetricWarning: Precision and F-score are ill-defined and being set to 0.0 in labels with no predicted samples. Use `zero_division` parameter to control this behavior.
  _warn_prf(average, modifier, msg_start, len(result))
/projects/mlippincott@xsede.org/software/anaconda/envs/Interstellar_python/lib/python3.10/site-packages/sklearn/metrics/_classification.py:1471: UndefinedMetricWarning: Precision and F-score are ill-defined and being set to 0.0 in labels with no predicted samples. Use `zero_division` parameter to control this behavior.
  _warn_prf(average, modifier, msg_start, len(result))
/gpfs/alpine1/scratch/mlippincott@xsede.org/Interstellar_Analysis/4.sc_Morphology_Neural_Network_MLP_Model/1.model_training/scripts/train_multiclass_model.py:1369: SettingWithCopyWarning:
A value is trying to be set on a copy of a slice from a DataFrame.
Try using .loc[row_indexer,col_indexer] = value instead

See the caveats in the documentation: https://pandas.pydata.org/pandas-docs/stable/user_guide/indexing.html#returning-a-view-versus-a-copy
  df_labels["new_labels"] = df_labels["new_labels"].astype(str)
/projects/mlippincott@xsede.org/software/anaconda/envs/Interstellar_python/lib/python3.10/site-packages/sklearn/metrics/_ranking.py:980: UserWarning: No positive class found in y_true, recall is set to one for all thresholds.
  warnings.warn(
/projects/mlippincott@xsede.org/software/anaconda/envs/Interstellar_python/lib/python3.10/site-packages/sklearn/metrics/_ranking.py:980: UserWarning: No positive class found in y_true, recall is set to one for all thresholds.
  warnings.warn(
/gpfs/alpine1/scratch/mlippincott@xsede.org/Interstellar_Analysis/4.sc_Morphology_Neural_Network_MLP_Model/1.model_training/scripts/train_multiclass_model.py:1489: FutureWarning: The behavior of DataFrame concatenation with empty or all-NA entries is deprecated. In a future version, this will no longer exclude empty or all-NA columns when determining the result dtypes. To retain the old behavior, exclude the relevant entries before the concat operation.
  pr_curve_df = pd.concat([pr_curve_df, pr_curve_0, pr_curve_1, pr_curve_2])
/gpfs/alpine1/scratch/mlippincott@xsede.org/Interstellar_Analysis/4.sc_Morphology_Neural_Network_MLP_Model/1.model_training/scripts/train_multiclass_model.py:1495: SettingWithCopyWarning:
A value is trying to be set on a copy of a slice from a DataFrame

See the caveats in the documentation: https://pandas.pydata.org/pandas-docs/stable/user_guide/indexing.html#returning-a-view-versus-a-copy
  tmp_df.drop_duplicates(inplace=True)
/projects/mlippincott@xsede.org/software/anaconda/envs/Interstellar_python/lib/python3.10/site-packages/sklearn/metrics/_classification.py:1471: UndefinedMetricWarning: Precision and F-score are ill-defined and being set to 0.0 in labels with no predicted samples. Use `zero_division` parameter to control this behavior.
  _warn_prf(average, modifier, msg_start, len(result))
/projects/mlippincott@xsede.org/software/anaconda/envs/Interstellar_python/lib/python3.10/site-packages/sklearn/metrics/_classification.py:1471: UndefinedMetricWarning: Recall and F-score are ill-defined and being set to 0.0 in labels with no true samples. Use `zero_division` parameter to control this behavior.
  _warn_prf(average, modifier, msg_start, len(result))
/projects/mlippincott@xsede.org/software/anaconda/envs/Interstellar_python/lib/python3.10/site-packages/sklearn/metrics/_classification.py:1471: UndefinedMetricWarning: Precision and F-score are ill-defined and being set to 0.0 in labels with no predicted samples. Use `zero_division` parameter to control this behavior.
  _warn_prf(average, modifier, msg_start, len(result))
/projects/mlippincott@xsede.org/software/anaconda/envs/Interstellar_python/lib/python3.10/site-packages/sklearn/metrics/_classification.py:1471: UndefinedMetricWarning: Recall and F-score are ill-defined and being set to 0.0 in labels with no true samples. Use `zero_division` parameter to control this behavior.
  _warn_prf(average, modifier, msg_start, len(result))
/projects/mlippincott@xsede.org/software/anaconda/envs/Interstellar_python/lib/python3.10/site-packages/sklearn/metrics/_classification.py:1471: UndefinedMetricWarning: Precision and F-score are ill-defined and being set to 0.0 in labels with no predicted samples. Use `zero_division` parameter to control this behavior.
  _warn_prf(average, modifier, msg_start, len(result))
/projects/mlippincott@xsede.org/software/anaconda/envs/Interstellar_python/lib/python3.10/site-packages/sklearn/metrics/_classification.py:1471: UndefinedMetricWarning: Recall and F-score are ill-defined and being set to 0.0 in labels with no true samples. Use `zero_division` parameter to control this behavior.
  _warn_prf(average, modifier, msg_start, len(result))
/projects/mlippincott@xsede.org/software/anaconda/envs/Interstellar_python/lib/python3.10/site-packages/sklearn/metrics/_classification.py:1471: UndefinedMetricWarning: Precision is ill-defined and being set to 0.0 due to no predicted samples. Use `zero_division` parameter to control this behavior.
  _warn_prf(average, modifier, msg_start, len(result))
/projects/mlippincott@xsede.org/software/anaconda/envs/Interstellar_python/lib/python3.10/site-packages/sklearn/metrics/_classification.py:1471: UndefinedMetricWarning: Recall is ill-defined and being set to 0.0 due to no true samples. Use `zero_division` parameter to control this behavior.
  _warn_prf(average, modifier, msg_start, len(result))
/projects/mlippincott@xsede.org/software/anaconda/envs/Interstellar_python/lib/python3.10/site-packages/sklearn/metrics/_classification.py:1471: UndefinedMetricWarning: Recall is ill-defined and being set to 0.0 due to no true samples. Use `zero_division` parameter to control this behavior.
  _warn_prf(average, modifier, msg_start, len(result))
/projects/mlippincott@xsede.org/software/anaconda/envs/Interstellar_python/lib/python3.10/site-packages/sklearn/metrics/_classification.py:1471: UndefinedMetricWarning: Precision is ill-defined and being set to 0.0 due to no predicted samples. Use `zero_division` parameter to control this behavior.
  _warn_prf(average, modifier, msg_start, len(result))
/projects/mlippincott@xsede.org/software/anaconda/envs/Interstellar_python/lib/python3.10/site-packages/sklearn/metrics/_ranking.py:1133: UndefinedMetricWarning: No positive samples in y_true, true positive value should be meaningless
  warnings.warn(
/projects/mlippincott@xsede.org/software/anaconda/envs/Interstellar_python/lib/python3.10/site-packages/sklearn/metrics/_ranking.py:1133: UndefinedMetricWarning: No positive samples in y_true, true positive value should be meaningless
  warnings.warn(
/projects/mlippincott@xsede.org/software/anaconda/envs/Interstellar_python/lib/python3.10/site-packages/sklearn/metrics/_ranking.py:1124: UndefinedMetricWarning: No negative samples in y_true, false positive value should be meaningless
  warnings.warn(
/projects/mlippincott@xsede.org/software/anaconda/envs/Interstellar_python/lib/python3.10/site-packages/sklearn/metrics/_classification.py:1471: UndefinedMetricWarning: Precision and F-score are ill-defined and being set to 0.0 in labels with no predicted samples. Use `zero_division` parameter to control this behavior.
  _warn_prf(average, modifier, msg_start, len(result))
/projects/mlippincott@xsede.org/software/anaconda/envs/Interstellar_python/lib/python3.10/site-packages/sklearn/metrics/_classification.py:1471: UndefinedMetricWarning: Recall and F-score are ill-defined and being set to 0.0 in labels with no true samples. Use `zero_division` parameter to control this behavior.
  _warn_prf(average, modifier, msg_start, len(result))
/projects/mlippincott@xsede.org/software/anaconda/envs/Interstellar_python/lib/python3.10/site-packages/sklearn/metrics/_classification.py:1471: UndefinedMetricWarning: Precision and F-score are ill-defined and being set to 0.0 in labels with no predicted samples. Use `zero_division` parameter to control this behavior.
  _warn_prf(average, modifier, msg_start, len(result))
/projects/mlippincott@xsede.org/software/anaconda/envs/Interstellar_python/lib/python3.10/site-packages/sklearn/metrics/_classification.py:1471: UndefinedMetricWarning: Recall and F-score are ill-defined and being set to 0.0 in labels with no true samples. Use `zero_division` parameter to control this behavior.
  _warn_prf(average, modifier, msg_start, len(result))
/projects/mlippincott@xsede.org/software/anaconda/envs/Interstellar_python/lib/python3.10/site-packages/sklearn/metrics/_classification.py:1471: UndefinedMetricWarning: Precision and F-score are ill-defined and being set to 0.0 in labels with no predicted samples. Use `zero_division` parameter to control this behavior.
  _warn_prf(average, modifier, msg_start, len(result))
/projects/mlippincott@xsede.org/software/anaconda/envs/Interstellar_python/lib/python3.10/site-packages/sklearn/metrics/_classification.py:1471: UndefinedMetricWarning: Recall and F-score are ill-defined and being set to 0.0 in labels with no true samples. Use `zero_division` parameter to control this behavior.
  _warn_prf(average, modifier, msg_start, len(result))
/projects/mlippincott@xsede.org/software/anaconda/envs/Interstellar_python/lib/python3.10/site-packages/sklearn/metrics/_classification.py:1471: UndefinedMetricWarning: Precision and F-score are ill-defined and being set to 0.0 in labels with no predicted samples. Use `zero_division` parameter to control this behavior.
  _warn_prf(average, modifier, msg_start, len(result))
/projects/mlippincott@xsede.org/software/anaconda/envs/Interstellar_python/lib/python3.10/site-packages/sklearn/metrics/_classification.py:1471: UndefinedMetricWarning: Recall and F-score are ill-defined and being set to 0.0 in labels with no true samples. Use `zero_division` parameter to control this behavior.
  _warn_prf(average, modifier, msg_start, len(result))
/projects/mlippincott@xsede.org/software/anaconda/envs/Interstellar_python/lib/python3.10/site-packages/sklearn/metrics/_classification.py:1471: UndefinedMetricWarning: Precision and F-score are ill-defined and being set to 0.0 in labels with no predicted samples. Use `zero_division` parameter to control this behavior.
  _warn_prf(average, modifier, msg_start, len(result))
/projects/mlippincott@xsede.org/software/anaconda/envs/Interstellar_python/lib/python3.10/site-packages/sklearn/metrics/_classification.py:1471: UndefinedMetricWarning: Recall and F-score are ill-defined and being set to 0.0 in labels with no true samples. Use `zero_division` parameter to control this behavior.
  _warn_prf(average, modifier, msg_start, len(result))
/projects/mlippincott@xsede.org/software/anaconda/envs/Interstellar_python/lib/python3.10/site-packages/sklearn/metrics/_classification.py:1471: UndefinedMetricWarning: Precision and F-score are ill-defined and being set to 0.0 in labels with no predicted samples. Use `zero_division` parameter to control this behavior.
  _warn_prf(average, modifier, msg_start, len(result))
/projects/mlippincott@xsede.org/software/anaconda/envs/Interstellar_python/lib/python3.10/site-packages/sklearn/metrics/_classification.py:1471: UndefinedMetricWarning: Recall and F-score are ill-defined and being set to 0.0 in labels with no true samples. Use `zero_division` parameter to control this behavior.
  _warn_prf(average, modifier, msg_start, len(result))
/gpfs/alpine1/scratch/mlippincott@xsede.org/Interstellar_Analysis/4.sc_Morphology_Neural_Network_MLP_Model/1.model_training/scripts/train_multiclass_model.py:1705: SettingWithCopyWarning:
A value is trying to be set on a copy of a slice from a DataFrame.
Try using .loc[row_indexer,col_indexer] = value instead

See the caveats in the documentation: https://pandas.pydata.org/pandas-docs/stable/user_guide/indexing.html#returning-a-view-versus-a-copy
  df_labels["new_labels"] = df_labels["new_labels"].astype(str)
/gpfs/alpine1/scratch/mlippincott@xsede.org/Interstellar_Analysis/4.sc_Morphology_Neural_Network_MLP_Model/1.model_training/scripts/train_multiclass_model.py:1822: FutureWarning: The behavior of DataFrame concatenation with empty or all-NA entries is deprecated. In a future version, this will no longer exclude empty or all-NA columns when determining the result dtypes. To retain the old behavior, exclude the relevant entries before the concat operation.
  pr_curve_df = pd.concat([pr_curve_df, pr_curve_0, pr_curve_1, pr_curve_2])
/gpfs/alpine1/scratch/mlippincott@xsede.org/Interstellar_Analysis/4.sc_Morphology_Neural_Network_MLP_Model/1.model_training/scripts/train_multiclass_model.py:1828: SettingWithCopyWarning:
A value is trying to be set on a copy of a slice from a DataFrame

See the caveats in the documentation: https://pandas.pydata.org/pandas-docs/stable/user_guide/indexing.html#returning-a-view-versus-a-copy
  tmp_df.drop_duplicates(inplace=True)
/projects/mlippincott@xsede.org/software/anaconda/envs/Interstellar_python/lib/python3.10/site-packages/sklearn/metrics/_classification.py:1471: UndefinedMetricWarning: Recall and F-score are ill-defined and being set to 0.0 in labels with no true samples. Use `zero_division` parameter to control this behavior.
  _warn_prf(average, modifier, msg_start, len(result))
/projects/mlippincott@xsede.org/software/anaconda/envs/Interstellar_python/lib/python3.10/site-packages/sklearn/metrics/_classification.py:1471: UndefinedMetricWarning: Recall and F-score are ill-defined and being set to 0.0 in labels with no true samples. Use `zero_division` parameter to control this behavior.
  _warn_prf(average, modifier, msg_start, len(result))
/projects/mlippincott@xsede.org/software/anaconda/envs/Interstellar_python/lib/python3.10/site-packages/sklearn/metrics/_classification.py:1471: UndefinedMetricWarning: Recall and F-score are ill-defined and being set to 0.0 in labels with no true samples. Use `zero_division` parameter to control this behavior.
  _warn_prf(average, modifier, msg_start, len(result))
/projects/mlippincott@xsede.org/software/anaconda/envs/Interstellar_python/lib/python3.10/site-packages/sklearn/metrics/_classification.py:1471: UndefinedMetricWarning: Precision is ill-defined and being set to 0.0 due to no predicted samples. Use `zero_division` parameter to control this behavior.
  _warn_prf(average, modifier, msg_start, len(result))
/projects/mlippincott@xsede.org/software/anaconda/envs/Interstellar_python/lib/python3.10/site-packages/sklearn/metrics/_classification.py:1471: UndefinedMetricWarning: Precision is ill-defined and being set to 0.0 due to no predicted samples. Use `zero_division` parameter to control this behavior.
  _warn_prf(average, modifier, msg_start, len(result))
/gpfs/alpine1/scratch/mlippincott@xsede.org/Interstellar_Analysis/4.sc_Morphology_Neural_Network_MLP_Model/1.model_training/scripts/train_multiclass_model.py:2005: FutureWarning: Series.__getitem__ treating keys as positions is deprecated. In a future version, integer keys will always be treated as labels (consistent with DataFrame behavior). To access a value by position, use `ser.iloc[pos]`
  confusion_matrix_df["apoptosis"] = confusion_matrix_df["apoptosis"] / sum_of_columns[0]
/gpfs/alpine1/scratch/mlippincott@xsede.org/Interstellar_Analysis/4.sc_Morphology_Neural_Network_MLP_Model/1.model_training/scripts/train_multiclass_model.py:2007: FutureWarning: Series.__getitem__ treating keys as positions is deprecated. In a future version, integer keys will always be treated as labels (consistent with DataFrame behavior). To access a value by position, use `ser.iloc[pos]`
  confusion_matrix_df["healthy"] = confusion_matrix_df["healthy"] / sum_of_columns[1]
/gpfs/alpine1/scratch/mlippincott@xsede.org/Interstellar_Analysis/4.sc_Morphology_Neural_Network_MLP_Model/1.model_training/scripts/train_multiclass_model.py:2010: FutureWarning: Series.__getitem__ treating keys as positions is deprecated. In a future version, integer keys will always be treated as labels (consistent with DataFrame behavior). To access a value by position, use `ser.iloc[pos]`
  confusion_matrix_df["pyroptosis"] / sum_of_columns[2]
/projects/mlippincott@xsede.org/software/anaconda/envs/Interstellar_python/lib/python3.10/site-packages/sklearn/metrics/_classification.py:1471: UndefinedMetricWarning: Precision and F-score are ill-defined and being set to 0.0 in labels with no predicted samples. Use `zero_division` parameter to control this behavior.
  _warn_prf(average, modifier, msg_start, len(result))
/projects/mlippincott@xsede.org/software/anaconda/envs/Interstellar_python/lib/python3.10/site-packages/sklearn/metrics/_classification.py:1471: UndefinedMetricWarning: Precision and F-score are ill-defined and being set to 0.0 in labels with no predicted samples. Use `zero_division` parameter to control this behavior.
  _warn_prf(average, modifier, msg_start, len(result))
/projects/mlippincott@xsede.org/software/anaconda/envs/Interstellar_python/lib/python3.10/site-packages/sklearn/metrics/_classification.py:1471: UndefinedMetricWarning: Precision and F-score are ill-defined and being set to 0.0 in labels with no predicted samples. Use `zero_division` parameter to control this behavior.
  _warn_prf(average, modifier, msg_start, len(result))
/projects/mlippincott@xsede.org/software/anaconda/envs/Interstellar_python/lib/python3.10/site-packages/sklearn/metrics/_classification.py:1471: UndefinedMetricWarning: Precision and F-score are ill-defined and being set to 0.0 in labels with no predicted samples. Use `zero_division` parameter to control this behavior.
  _warn_prf(average, modifier, msg_start, len(result))
/projects/mlippincott@xsede.org/software/anaconda/envs/Interstellar_python/lib/python3.10/site-packages/sklearn/metrics/_classification.py:1471: UndefinedMetricWarning: Precision and F-score are ill-defined and being set to 0.0 in labels with no predicted samples. Use `zero_division` parameter to control this behavior.
  _warn_prf(average, modifier, msg_start, len(result))
/projects/mlippincott@xsede.org/software/anaconda/envs/Interstellar_python/lib/python3.10/site-packages/sklearn/metrics/_classification.py:1471: UndefinedMetricWarning: Precision and F-score are ill-defined and being set to 0.0 in labels with no predicted samples. Use `zero_division` parameter to control this behavior.
  _warn_prf(average, modifier, msg_start, len(result))
/gpfs/alpine1/scratch/mlippincott@xsede.org/Interstellar_Analysis/4.sc_Morphology_Neural_Network_MLP_Model/1.model_training/scripts/train_multiclass_model.py:2081: SettingWithCopyWarning:
A value is trying to be set on a copy of a slice from a DataFrame.
Try using .loc[row_indexer,col_indexer] = value instead

See the caveats in the documentation: https://pandas.pydata.org/pandas-docs/stable/user_guide/indexing.html#returning-a-view-versus-a-copy
  df_labels["new_labels"] = df_labels["new_labels"].astype(str)
SHSY5Y MultiClass_MLP True
[0.954878893196544, 0.505315252332322, 0.539805854471134]
Data Subset Is Off
(152275,) (38069,) (202050,) 392394     93196
392395     93197
392396     93198
392397     93199
392398     93200
           ...
446996    594342
446997    594343
446998    594344
446999    594345
447000    594346
Name: labeled_data_index, Length: 54607, dtype: int64 (150901,)
(152275,) (38069,) (202050,) 392394     93196
392395     93197
392396     93198
392397     93199
392398     93200
           ...
446996    594342
446997    594343
446998    594344
446999    594345
447000    594346
Name: labeled_data_index, Length: 54607, dtype: int64 (150901,)
597902
(7972,) (89086,) (55217,)
(1993,) (22273,) (13803,)
(9965,) (111360,) (80725,)
(0,) (0,) (54607,)
(7048,) (73054,) (70799,)
(152275, 1251) (38069, 1251) (202050, 1251) (54607, 1251) (150901, 1251)
(152275,) (38069,) (202050,) (54607,) (150901,)
Shuffling Data
3
Number of in features:  1251
Number of out features:  3
Multi_Class
SGD
Epoch 0: Validation loss decreased (inf --> 0.498110).  Saving model ...
	 Train_Loss: 0.4990 Train_Acc: 0.000 Val_Loss: 0.4981  BEST VAL Loss: 0.4981  Val_Acc: 0.000

Epoch 1: Validation loss did not decrease
	 Train_Loss: 0.4972 Train_Acc: 0.000 Val_Loss: 0.4997  BEST VAL Loss: 0.4981  Val_Acc: 0.000

Epoch 2: Validation loss did not decrease
	 Train_Loss: 0.4956 Train_Acc: 0.000 Val_Loss: 0.5012  BEST VAL Loss: 0.4981  Val_Acc: 0.000

Epoch 3: Validation loss did not decrease
	 Train_Loss: 0.4938 Train_Acc: 0.000 Val_Loss: 0.5023  BEST VAL Loss: 0.4981  Val_Acc: 0.000

Epoch 4: Validation loss did not decrease
	 Train_Loss: 0.4918 Train_Acc: 0.000 Val_Loss: 0.5047  BEST VAL Loss: 0.4981  Val_Acc: 0.000

Epoch 5: Validation loss did not decrease
	 Train_Loss: 0.4895 Train_Acc: 0.000 Val_Loss: 0.5080  BEST VAL Loss: 0.4981  Val_Acc: 0.000

Epoch 6: Validation loss did not decrease
	 Train_Loss: 0.4872 Train_Acc: 0.000 Val_Loss: 0.5110  BEST VAL Loss: 0.4981  Val_Acc: 0.000

Epoch 7: Validation loss did not decrease
	 Train_Loss: 0.4848 Train_Acc: 0.000 Val_Loss: 0.5151  BEST VAL Loss: 0.4981  Val_Acc: 0.000

Epoch 8: Validation loss did not decrease
	 Train_Loss: 0.4822 Train_Acc: 0.000 Val_Loss: 0.5212  BEST VAL Loss: 0.4981  Val_Acc: 0.000

Epoch 9: Validation loss did not decrease
	 Train_Loss: 0.4796 Train_Acc: 0.000 Val_Loss: 0.5267  BEST VAL Loss: 0.4981  Val_Acc: 0.000

Epoch 10: Validation loss did not decrease
	 Train_Loss: 0.4770 Train_Acc: 0.000 Val_Loss: 0.5330  BEST VAL Loss: 0.4981  Val_Acc: 0.000

Epoch 11: Validation loss did not decrease
	 Train_Loss: 0.4746 Train_Acc: 0.000 Val_Loss: 0.5391  BEST VAL Loss: 0.4981  Val_Acc: 0.000

Epoch 12: Validation loss did not decrease
	 Train_Loss: 0.4721 Train_Acc: 0.000 Val_Loss: 0.5461  BEST VAL Loss: 0.4981  Val_Acc: 0.000

Epoch 13: Validation loss did not decrease
	 Train_Loss: 0.4698 Train_Acc: 0.000 Val_Loss: 0.5533  BEST VAL Loss: 0.4981  Val_Acc: 0.000

Epoch 14: Validation loss did not decrease
	 Train_Loss: 0.4675 Train_Acc: 0.000 Val_Loss: 0.5609  BEST VAL Loss: 0.4981  Val_Acc: 0.000

Epoch 15: Validation loss did not decrease
	 Train_Loss: 0.4653 Train_Acc: 0.000 Val_Loss: 0.5690  BEST VAL Loss: 0.4981  Val_Acc: 0.000

Epoch 16: Validation loss did not decrease
Early stopped at epoch : 16
MultiClass_MLP_shuffle
              precision    recall  f1-score   support

           0       0.00      0.00      0.00      7972
           1       0.59      1.00      0.74     89086
           2       0.00      0.00      0.00     55217

    accuracy                           0.59    152275
   macro avg       0.20      0.33      0.25    152275
weighted avg       0.34      0.59      0.43    152275

MultiClass_MLP_shuffle
              precision    recall  f1-score   support

           0       0.00      0.00      0.00      1993
           1       0.59      1.00      0.74     22273
           2       0.00      0.00      0.00     13803

    accuracy                           0.59     38069
   macro avg       0.20      0.33      0.25     38069
weighted avg       0.34      0.59      0.43     38069

MultiClass_MLP_shuffle
              precision    recall  f1-score   support

           0       0.00      0.00      0.00         0
           1       1.00      0.55      0.71    202049
           2       0.00      0.00      0.00         1

    accuracy                           0.55    202050
   macro avg       0.33      0.18      0.24    202050
weighted avg       1.00      0.55      0.71    202050

Precision for class 0: 0.0
Recall for class 0: 0.0
Precision for class 1: 0.5511484837836367
Recall for class 1: 0.9999910201149426
Precision for class 2: 0.0
Recall for class 2: 0.0
3
              precision    recall  f1-score   support

           0       0.00      0.00      0.00      9965
           1       0.55      1.00      0.71    111360
           2       0.00      0.00      0.00     80725

    accuracy                           0.55    202050
   macro avg       0.18      0.33      0.24    202050
weighted avg       0.30      0.55      0.39    202050

MultiClass_MLP_shuffle
              precision    recall  f1-score   support

           1       0.00      0.00      0.00   54607.0
           2       0.00      0.00      0.00       0.0

    accuracy                           0.00   54607.0
   macro avg       0.00      0.00      0.00   54607.0
weighted avg       0.00      0.00      0.00   54607.0

Precision for class 0: 0.0
Recall for class 0: 0.0
Precision for class 1: 0.0
Recall for class 1: 0.0
Precision for class 2: 0.0
Recall for class 2: 0.0
3
              precision    recall  f1-score   support

           1       0.00      0.00      0.00       0.0
           2       0.00      0.00      0.00   54607.0

    accuracy                           0.00   54607.0
   macro avg       0.00      0.00      0.00   54607.0
weighted avg       0.00      0.00      0.00   54607.0

MultiClass_MLP_shuffle
              precision    recall  f1-score   support

           0       0.00      0.00      0.00         0
           1       1.00      0.48      0.65    150901
           2       0.00      0.00      0.00         0

    accuracy                           0.48    150901
   macro avg       0.33      0.16      0.22    150901
weighted avg       1.00      0.48      0.65    150901

Precision for class 0: 0.0
Recall for class 0: 0.0
Precision for class 1: 0.4841187268474032
Recall for class 1: 1.0
Precision for class 2: 0.0
Recall for class 2: 0.0
3
              precision    recall  f1-score   support

           0       0.00      0.00      0.00      7048
           1       0.48      1.00      0.65     73054
           2       0.00      0.00      0.00     70799

    accuracy                           0.48    150901
   macro avg       0.16      0.33      0.22    150901
weighted avg       0.23      0.48      0.32    150901

Done
